#
# There is insufficient memory for the Java Runtime Environment to continue.
# Native memory allocation (malloc) failed to allocate 1540976 bytes for Chunk::new
# Possible reasons:
#   The system is out of physical RAM or swap space
#   The process is running with CompressedOops enabled, and the Java Heap may be blocking the growth of the native heap
# Possible solutions:
#   Reduce memory load on the system
#   Increase physical memory or swap space
#   Check if swap backing store is full
#   Decrease Java heap size (-Xmx/-Xms)
#   Decrease number of Java threads
#   Decrease Java thread stack sizes (-Xss)
#   Set larger code cache with -XX:ReservedCodeCacheSize=
#   JVM is running with Unscaled Compressed Oops mode in which the Java heap is
#     placed in the first 4GB address space. The Java Heap base address is the
#     maximum limit for the native heap growth. Please use -XX:HeapBaseMinAddress
#     to set the Java Heap base and to place the Java Heap above 4GB virtual address.
# This output file may be truncated or incomplete.
#
#  Out of Memory Error (./src/hotspot/share/memory/arena.cpp:197), pid=20692, tid=7472
#
# JRE version: OpenJDK Runtime Environment Microsoft-7208460 (11.0.18+10) (build 11.0.18+10-LTS)
# Java VM: OpenJDK 64-Bit Server VM Microsoft-7208460 (11.0.18+10-LTS, mixed mode, tiered, compressed oops, g1 gc, windows-amd64)
# No core dump will be written. Minidumps are not enabled by default on client versions of Windows
#

---------------  S U M M A R Y ------------

Command Line: -XX:MaxMetaspaceSize=512m --add-opens=java.base/java.util=ALL-UNNAMED --add-opens=java.base/java.lang=ALL-UNNAMED --add-opens=java.base/java.lang.invoke=ALL-UNNAMED --add-opens=java.base/java.util=ALL-UNNAMED --add-opens=java.prefs/java.util.prefs=ALL-UNNAMED --add-opens=java.prefs/java.util.prefs=ALL-UNNAMED --add-opens=java.base/java.nio.charset=ALL-UNNAMED --add-opens=java.base/java.net=ALL-UNNAMED --add-opens=java.base/java.util.concurrent.atomic=ALL-UNNAMED -Xmx2048m -Dfile.encoding=windows-1252 -Duser.country=IN -Duser.language=en -Duser.variant org.gradle.launcher.daemon.bootstrap.GradleDaemon 7.5.1

Host: Intel(R) Core(TM) i5-9300H CPU @ 2.40GHz, 8 cores, 7G,  Windows 11 , 64 bit Build 22621 (10.0.22621.1485)
Time: Fri Apr 28 19:16:00 2023 India Standard Time elapsed time: 1149.639116 seconds (0d 0h 19m 9s)

---------------  T H R E A D  ---------------

Current thread (0x0000019f214be000):  JavaThread "C2 CompilerThread0" daemon [_thread_in_native, id=7472, stack(0x00000033d1800000,0x00000033d1900000)]


Current CompileTask:
C2:1149639 15551       4       org.gradle.internal.component.model.ComponentAttributeMatcher::match (259 bytes)

Stack: [0x00000033d1800000,0x00000033d1900000]
Native frames: (J=compiled Java code, j=interpreted, Vv=VM code, C=native code)
V  [jvm.dll+0x62bf8a]
V  [jvm.dll+0x7b8fb9]
V  [jvm.dll+0x7ba6a8]
V  [jvm.dll+0x7bad83]
V  [jvm.dll+0x250248]
V  [jvm.dll+0xc260c]
V  [jvm.dll+0xc2bcc]
V  [jvm.dll+0x35e182]
V  [jvm.dll+0x32a373]
V  [jvm.dll+0x3296aa]
V  [jvm.dll+0x2093b3]
V  [jvm.dll+0x20850d]
V  [jvm.dll+0x18a4b1]
V  [jvm.dll+0x217eec]
V  [jvm.dll+0x21612b]
V  [jvm.dll+0x77bac0]
V  [jvm.dll+0x7749f4]
V  [jvm.dll+0x62adf5]
C  [ucrtbase.dll+0x29363]
C  [KERNEL32.DLL+0x1269d]
C  [ntdll.dll+0x5a9f8]


---------------  P R O C E S S  ---------------

Threads class SMR info:
_java_thread_list=0x0000019f282142f0, length=133, elements={
0x0000019f023a1800, 0x0000019f21499000, 0x0000019f2149a000, 0x0000019f214b9000,
0x0000019f214ba000, 0x0000019f214bb000, 0x0000019f214be000, 0x0000019f214bf000,
0x0000019f214c0000, 0x0000019f21f18800, 0x0000019f2285f800, 0x0000019f228d6000,
0x0000019f22a4f800, 0x0000019f2287d800, 0x0000019f22cac000, 0x0000019f23501800,
0x0000019f23502800, 0x0000019f2231c800, 0x0000019f23979000, 0x0000019f2286e000,
0x0000019f22868800, 0x0000019f2286b000, 0x0000019f2286c800, 0x0000019f2286a000,
0x0000019f2286f000, 0x0000019f2286b800, 0x0000019f22869000, 0x0000019f2447d000,
0x0000019f24479800, 0x0000019f24478800, 0x0000019f24478000, 0x0000019f2447a800,
0x0000019f2447d800, 0x0000019f2447f800, 0x0000019f24481800, 0x0000019f2447c000,
0x0000019f24483800, 0x0000019f24485000, 0x0000019f24482800, 0x0000019f24484000,
0x0000019f24486000, 0x0000019f24486800, 0x0000019f24481000, 0x0000019f2286d000,
0x0000019f28160000, 0x0000019f28163000, 0x0000019f28160800, 0x0000019f28164000,
0x0000019f28162800, 0x0000019f28165000, 0x0000019f2815f000, 0x0000019f28165800,
0x0000019f28166800, 0x0000019f28161800, 0x0000019f28169800, 0x0000019f2816a800,
0x0000019f2816d000, 0x0000019f28169000, 0x0000019f2816b800, 0x0000019f2816c000,
0x0000019f28167800, 0x0000019f28168000, 0x0000019f2816e000, 0x0000019f24c7e000,
0x0000019f24c79000, 0x0000019f24c7f000, 0x0000019f24c7c800, 0x0000019f24c7d800,
0x0000019f24c7b800, 0x0000019f24c7f800, 0x0000019f24c7a000, 0x0000019f24c80800,
0x0000019f24c7b000, 0x0000019f24c82000, 0x0000019f24c87000, 0x0000019f24c86800,
0x0000019f24c88000, 0x0000019f24c84000, 0x0000019f24c84800, 0x0000019f24c85800,
0x0000019f265ef000, 0x0000019f265ec800, 0x0000019f265ee000, 0x0000019f265ea000,
0x0000019f265eb800, 0x0000019f265ed800, 0x0000019f265f0000, 0x0000019f265f0800,
0x0000019f265eb000, 0x0000019f265f2000, 0x0000019f265f4800, 0x0000019f265f5800,
0x0000019f265f1800, 0x0000019f265f6800, 0x0000019f265f7000, 0x0000019f265f9000,
0x0000019f265f8000, 0x0000019f265f3000, 0x0000019f265f4000, 0x0000019f27f68000,
0x0000019f27f67000, 0x0000019f27f62800, 0x0000019f27f65800, 0x0000019f27f66800,
0x0000019f27f69000, 0x0000019f27f63000, 0x0000019f27f69800, 0x0000019f27f64000,
0x0000019f27f6a800, 0x0000019f27f64800, 0x0000019f27f6d000, 0x0000019f27f6e800,
0x0000019f27f6c000, 0x0000019f27f6d800, 0x0000019f27f71000, 0x0000019f27f6f800,
0x0000019f27f70000, 0x0000019f27f6b800, 0x0000019f25e7d000, 0x0000019f25e83800,
0x0000019f25e80800, 0x0000019f25e7e000, 0x0000019f25e82800, 0x0000019f25e84800,
0x0000019f25e7e800, 0x0000019f25e85000, 0x0000019f25e7f800, 0x0000019f25e86000,
0x0000019f25e87000, 0x0000019f25e81000, 0x0000019f25e87800, 0x0000019f25e82000,
0x0000019f25e8a000
}

Java Threads: ( => current thread )
  0x0000019f023a1800 JavaThread "main" [_thread_blocked, id=5272, stack(0x00000033d0c00000,0x00000033d0d00000)]
  0x0000019f21499000 JavaThread "Reference Handler" daemon [_thread_blocked, id=13388, stack(0x00000033d1300000,0x00000033d1400000)]
  0x0000019f2149a000 JavaThread "Finalizer" daemon [_thread_blocked, id=21524, stack(0x00000033d1400000,0x00000033d1500000)]
  0x0000019f214b9000 JavaThread "Signal Dispatcher" daemon [_thread_blocked, id=21528, stack(0x00000033d1500000,0x00000033d1600000)]
  0x0000019f214ba000 JavaThread "Attach Listener" daemon [_thread_blocked, id=19968, stack(0x00000033d1600000,0x00000033d1700000)]
  0x0000019f214bb000 JavaThread "Service Thread" daemon [_thread_blocked, id=19120, stack(0x00000033d1700000,0x00000033d1800000)]
=>0x0000019f214be000 JavaThread "C2 CompilerThread0" daemon [_thread_in_native, id=7472, stack(0x00000033d1800000,0x00000033d1900000)]
  0x0000019f214bf000 JavaThread "C1 CompilerThread0" daemon [_thread_blocked, id=10008, stack(0x00000033d1900000,0x00000033d1a00000)]
  0x0000019f214c0000 JavaThread "Sweeper thread" daemon [_thread_blocked, id=25064, stack(0x00000033d1a00000,0x00000033d1b00000)]
  0x0000019f21f18800 JavaThread "Common-Cleaner" daemon [_thread_blocked, id=13328, stack(0x00000033d1b00000,0x00000033d1c00000)]
  0x0000019f2285f800 JavaThread "Daemon health stats" [_thread_blocked, id=660, stack(0x00000033d1f00000,0x00000033d2000000)]
  0x0000019f228d6000 JavaThread "Incoming local TCP Connector on port 59930" [_thread_in_native, id=27616, stack(0x00000033d2000000,0x00000033d2100000)]
  0x0000019f22a4f800 JavaThread "Daemon periodic checks" [_thread_blocked, id=26996, stack(0x00000033d2100000,0x00000033d2200000)]
  0x0000019f2287d800 JavaThread "Daemon" [_thread_blocked, id=26264, stack(0x00000033d2200000,0x00000033d2300000)]
  0x0000019f22cac000 JavaThread "Handler for socket connection from /127.0.0.1:59930 to /127.0.0.1:59955" [_thread_in_native, id=21160, stack(0x00000033d2300000,0x00000033d2400000)]
  0x0000019f23501800 JavaThread "Cancel handler" [_thread_blocked, id=15596, stack(0x00000033d2400000,0x00000033d2500000)]
  0x0000019f23502800 JavaThread "Daemon worker" [_thread_in_vm, id=27820, stack(0x00000033d2500000,0x00000033d2600000)]
  0x0000019f2231c800 JavaThread "Asynchronous log dispatcher for DefaultDaemonConnection: socket connection from /127.0.0.1:59930 to /127.0.0.1:59955" [_thread_blocked, id=12876, stack(0x00000033d2600000,0x00000033d2700000)]
  0x0000019f23979000 JavaThread "Daemon client event forwarder" [_thread_blocked, id=6660, stack(0x00000033d2800000,0x00000033d2900000)]
  0x0000019f2286e000 JavaThread "Cache worker for journal cache (C:\Users\Hp gaming\.gradle\caches\journal-1)" [_thread_blocked, id=13944, stack(0x00000033d2f00000,0x00000033d3000000)]
  0x0000019f22868800 JavaThread "File lock request listener" [_thread_in_native, id=20968, stack(0x00000033d3000000,0x00000033d3100000)]
  0x0000019f2286b000 JavaThread "Cache worker for file hash cache (C:\Users\Hp gaming\.gradle\caches\7.5.1\fileHashes)" [_thread_blocked, id=23872, stack(0x00000033d3200000,0x00000033d3300000)]
  0x0000019f2286c800 JavaThread "File watcher server" daemon [_thread_in_native, id=13692, stack(0x00000033d0a00000,0x00000033d0b00000)]
  0x0000019f2286a000 JavaThread "File watcher consumer" daemon [_thread_blocked, id=2884, stack(0x00000033d3400000,0x00000033d3500000)]
  0x0000019f2286f000 JavaThread "Cache worker for checksums cache (C:\Users\Hp gaming\Desktop\hibeeappm\Hibbe-Mobile-App\android\.gradle\7.5.1\checksums)" [_thread_blocked, id=18872, stack(0x00000033d3500000,0x00000033d3600000)]
  0x0000019f2286b800 JavaThread "Cache worker for cache directory md-rule (C:\Users\Hp gaming\.gradle\caches\7.5.1\md-rule)" [_thread_blocked, id=26068, stack(0x00000033d3600000,0x00000033d3700000)]
  0x0000019f22869000 JavaThread "Cache worker for file content cache (C:\Users\Hp gaming\.gradle\caches\7.5.1\fileContent)" [_thread_blocked, id=17708, stack(0x00000033d3700000,0x00000033d3800000)]
  0x0000019f2447d000 JavaThread "Cache worker for file hash cache (C:\Users\Hp gaming\Desktop\hibeeappm\Hibbe-Mobile-App\android\.gradle\7.5.1\fileHashes)" [_thread_blocked, id=17124, stack(0x00000033d3800000,0x00000033d3900000)]
  0x0000019f24479800 JavaThread "Cache worker for cache directory md-supplier (C:\Users\Hp gaming\.gradle\caches\7.5.1\md-supplier)" [_thread_blocked, id=14208, stack(0x00000033d3900000,0x00000033d3a00000)]
  0x0000019f24478800 JavaThread "Cache worker for execution history cache (C:\Users\Hp gaming\.gradle\caches\7.5.1\executionHistory)" [_thread_blocked, id=16340, stack(0x00000033d3a00000,0x00000033d3b00000)]
  0x0000019f24478000 JavaThread "jar transforms" [_thread_blocked, id=23592, stack(0x00000033d3b00000,0x00000033d3c00000)]
  0x0000019f2447a800 JavaThread "jar transforms Thread 2" [_thread_blocked, id=8912, stack(0x00000033d3c00000,0x00000033d3d00000)]
  0x0000019f2447d800 JavaThread "jar transforms Thread 3" [_thread_blocked, id=20916, stack(0x00000033d3f00000,0x00000033d4000000)]
  0x0000019f2447f800 JavaThread "jar transforms Thread 4" [_thread_blocked, id=23576, stack(0x00000033d4000000,0x00000033d4100000)]
  0x0000019f24481800 JavaThread "Cache worker for kotlin-dsl (C:\Users\Hp gaming\.gradle\caches\7.5.1\kotlin-dsl)" [_thread_blocked, id=29668, stack(0x00000033d0b00000,0x00000033d0c00000)]
  0x0000019f2447c000 JavaThread "jar transforms Thread 5" [_thread_blocked, id=23504, stack(0x00000033d0900000,0x00000033d0a00000)]
  0x0000019f24483800 JavaThread "jar transforms Thread 6" [_thread_blocked, id=26012, stack(0x00000033d3100000,0x00000033d3200000)]
  0x0000019f24485000 JavaThread "Cache worker for dependencies-accessors (C:\Users\Hp gaming\Desktop\hibeeappm\Hibbe-Mobile-App\android\.gradle\7.5.1\dependencies-accessors)" [_thread_blocked, id=19612, stack(0x00000033d3d00000,0x00000033d3e00000)]
  0x0000019f24482800 JavaThread "Cache worker for Build Output Cleanup Cache (C:\Users\Hp gaming\Desktop\hibeeappm\Hibbe-Mobile-App\node_modules\react-native-gradle-plugin\.gradle\buildOutputCleanup)" [_thread_blocked, id=28356, stack(0x00000033d3e00000,0x00000033d3f00000)]
  0x0000019f24484000 JavaThread "jar transforms Thread 7" [_thread_blocked, id=6572, stack(0x00000033d4100000,0x00000033d4200000)]
  0x0000019f24486000 JavaThread "Unconstrained build operations" [_thread_blocked, id=2244, stack(0x00000033d4200000,0x00000033d4300000)]
  0x0000019f24486800 JavaThread "Unconstrained build operations Thread 2" [_thread_blocked, id=24968, stack(0x00000033d4300000,0x00000033d4400000)]
  0x0000019f24481000 JavaThread "Unconstrained build operations Thread 3" [_thread_blocked, id=17100, stack(0x00000033d4400000,0x00000033d4500000)]
  0x0000019f2286d000 JavaThread "Unconstrained build operations Thread 4" [_thread_blocked, id=25124, stack(0x00000033d4500000,0x00000033d4600000)]
  0x0000019f28160000 JavaThread "Unconstrained build operations Thread 5" [_thread_blocked, id=19528, stack(0x00000033d4600000,0x00000033d4700000)]
  0x0000019f28163000 JavaThread "Unconstrained build operations Thread 6" [_thread_blocked, id=23648, stack(0x00000033d4700000,0x00000033d4800000)]
  0x0000019f28160800 JavaThread "Unconstrained build operations Thread 7" [_thread_blocked, id=700, stack(0x00000033d4800000,0x00000033d4900000)]
  0x0000019f28164000 JavaThread "Unconstrained build operations Thread 8" [_thread_blocked, id=22024, stack(0x00000033d4900000,0x00000033d4a00000)]
  0x0000019f28162800 JavaThread "Unconstrained build operations Thread 9" [_thread_blocked, id=14868, stack(0x00000033d4a00000,0x00000033d4b00000)]
  0x0000019f28165000 JavaThread "Unconstrained build operations Thread 10" [_thread_blocked, id=16704, stack(0x00000033d4b00000,0x00000033d4c00000)]
  0x0000019f2815f000 JavaThread "Unconstrained build operations Thread 11" [_thread_blocked, id=14380, stack(0x00000033d4c00000,0x00000033d4d00000)]
  0x0000019f28165800 JavaThread "Unconstrained build operations Thread 12" [_thread_blocked, id=11600, stack(0x00000033d4d00000,0x00000033d4e00000)]
  0x0000019f28166800 JavaThread "Unconstrained build operations Thread 13" [_thread_blocked, id=21360, stack(0x00000033d4e00000,0x00000033d4f00000)]
  0x0000019f28161800 JavaThread "Unconstrained build operations Thread 14" [_thread_blocked, id=8284, stack(0x00000033d4f00000,0x00000033d5000000)]
  0x0000019f28169800 JavaThread "Unconstrained build operations Thread 15" [_thread_blocked, id=23176, stack(0x00000033d5000000,0x00000033d5100000)]
  0x0000019f2816a800 JavaThread "Unconstrained build operations Thread 16" [_thread_blocked, id=19100, stack(0x00000033d5100000,0x00000033d5200000)]
  0x0000019f2816d000 JavaThread "Unconstrained build operations Thread 17" [_thread_blocked, id=1148, stack(0x00000033d5200000,0x00000033d5300000)]
  0x0000019f28169000 JavaThread "Unconstrained build operations Thread 18" [_thread_blocked, id=23288, stack(0x00000033d5300000,0x00000033d5400000)]
  0x0000019f2816b800 JavaThread "Unconstrained build operations Thread 19" [_thread_blocked, id=15416, stack(0x00000033d5400000,0x00000033d5500000)]
  0x0000019f2816c000 JavaThread "Unconstrained build operations Thread 20" [_thread_blocked, id=26952, stack(0x00000033d5500000,0x00000033d5600000)]
  0x0000019f28167800 JavaThread "Unconstrained build operations Thread 21" [_thread_blocked, id=2212, stack(0x00000033d5600000,0x00000033d5700000)]
  0x0000019f28168000 JavaThread "Unconstrained build operations Thread 22" [_thread_blocked, id=13436, stack(0x00000033d5700000,0x00000033d5800000)]
  0x0000019f2816e000 JavaThread "Unconstrained build operations Thread 23" [_thread_blocked, id=3780, stack(0x00000033d5800000,0x00000033d5900000)]
  0x0000019f24c7e000 JavaThread "Unconstrained build operations Thread 24" [_thread_blocked, id=22752, stack(0x00000033d5900000,0x00000033d5a00000)]
  0x0000019f24c79000 JavaThread "Unconstrained build operations Thread 25" [_thread_blocked, id=14088, stack(0x00000033d5a00000,0x00000033d5b00000)]
  0x0000019f24c7f000 JavaThread "Unconstrained build operations Thread 26" [_thread_blocked, id=18888, stack(0x00000033d5b00000,0x00000033d5c00000)]
  0x0000019f24c7c800 JavaThread "Unconstrained build operations Thread 27" [_thread_blocked, id=5500, stack(0x00000033d5c00000,0x00000033d5d00000)]
  0x0000019f24c7d800 JavaThread "Unconstrained build operations Thread 28" [_thread_blocked, id=28192, stack(0x00000033d5d00000,0x00000033d5e00000)]
  0x0000019f24c7b800 JavaThread "Unconstrained build operations Thread 29" [_thread_blocked, id=9808, stack(0x00000033d5e00000,0x00000033d5f00000)]
  0x0000019f24c7f800 JavaThread "Unconstrained build operations Thread 30" [_thread_blocked, id=14576, stack(0x00000033d5f00000,0x00000033d6000000)]
  0x0000019f24c7a000 JavaThread "Unconstrained build operations Thread 31" [_thread_blocked, id=3328, stack(0x00000033d6000000,0x00000033d6100000)]
  0x0000019f24c80800 JavaThread "Unconstrained build operations Thread 32" [_thread_blocked, id=23128, stack(0x00000033d6100000,0x00000033d6200000)]
  0x0000019f24c7b000 JavaThread "Unconstrained build operations Thread 33" [_thread_blocked, id=12956, stack(0x00000033d6200000,0x00000033d6300000)]
  0x0000019f24c82000 JavaThread "jar transforms Thread 8" [_thread_blocked, id=28480, stack(0x00000033d6300000,0x00000033d6400000)]
  0x0000019f24c87000 JavaThread "build event listener" [_thread_blocked, id=15288, stack(0x00000033d6400000,0x00000033d6500000)]
  0x0000019f24c86800 JavaThread "Memory manager" [_thread_blocked, id=24736, stack(0x00000033d6500000,0x00000033d6600000)]
  0x0000019f24c88000 JavaThread "Cache worker for Build Output Cleanup Cache (C:\Users\Hp gaming\Desktop\hibeeappm\Hibbe-Mobile-App\android\.gradle\buildOutputCleanup)" [_thread_blocked, id=17864, stack(0x00000033d6600000,0x00000033d6700000)]
  0x0000019f24c84000 JavaThread "Execution worker" [_thread_blocked, id=27172, stack(0x00000033d6800000,0x00000033d6900000)]
  0x0000019f24c84800 JavaThread "Execution worker Thread 2" [_thread_blocked, id=29500, stack(0x00000033d6900000,0x00000033d6a00000)]
  0x0000019f24c85800 JavaThread "Execution worker Thread 3" [_thread_blocked, id=9036, stack(0x00000033d6a00000,0x00000033d6b00000)]
  0x0000019f265ef000 JavaThread "Execution worker Thread 4" [_thread_blocked, id=8944, stack(0x00000033d6b00000,0x00000033d6c00000)]
  0x0000019f265ec800 JavaThread "Execution worker Thread 5" [_thread_blocked, id=15228, stack(0x00000033d6c00000,0x00000033d6d00000)]
  0x0000019f265ee000 JavaThread "Execution worker Thread 6" [_thread_blocked, id=8800, stack(0x00000033d6d00000,0x00000033d6e00000)]
  0x0000019f265ea000 JavaThread "Execution worker Thread 7" [_thread_blocked, id=12728, stack(0x00000033d6e00000,0x00000033d6f00000)]
  0x0000019f265eb800 JavaThread "Cache worker for execution history cache (C:\Users\Hp gaming\Desktop\hibeeappm\Hibbe-Mobile-App\node_modules\react-native-gradle-plugin\.gradle\7.5.1\executionHistory)" [_thread_blocked, id=21856, stack(0x00000033d6f00000,0x00000033d7000000)]
  0x0000019f265ed800 JavaThread "Unconstrained build operations Thread 34" [_thread_blocked, id=28132, stack(0x00000033d7000000,0x00000033d7100000)]
  0x0000019f265f0000 JavaThread "Unconstrained build operations Thread 35" [_thread_blocked, id=16444, stack(0x00000033d7100000,0x00000033d7200000)]
  0x0000019f265f0800 JavaThread "Unconstrained build operations Thread 36" [_thread_blocked, id=24880, stack(0x00000033d7200000,0x00000033d7300000)]
  0x0000019f265eb000 JavaThread "Unconstrained build operations Thread 37" [_thread_blocked, id=10340, stack(0x00000033d7300000,0x00000033d7400000)]
  0x0000019f265f2000 JavaThread "Unconstrained build operations Thread 38" [_thread_blocked, id=17612, stack(0x00000033d7400000,0x00000033d7500000)]
  0x0000019f265f4800 JavaThread "Unconstrained build operations Thread 39" [_thread_blocked, id=17076, stack(0x00000033d7500000,0x00000033d7600000)]
  0x0000019f265f5800 JavaThread "Unconstrained build operations Thread 40" [_thread_blocked, id=26000, stack(0x00000033d7600000,0x00000033d7700000)]
  0x0000019f265f1800 JavaThread "Unconstrained build operations Thread 41" [_thread_blocked, id=9904, stack(0x00000033d7700000,0x00000033d7800000)]
  0x0000019f265f6800 JavaThread "Unconstrained build operations Thread 42" [_thread_blocked, id=15060, stack(0x00000033d7800000,0x00000033d7900000)]
  0x0000019f265f7000 JavaThread "Unconstrained build operations Thread 43" [_thread_blocked, id=1700, stack(0x00000033d7900000,0x00000033d7a00000)]
  0x0000019f265f9000 JavaThread "Unconstrained build operations Thread 44" [_thread_blocked, id=28384, stack(0x00000033d7a00000,0x00000033d7b00000)]
  0x0000019f265f8000 JavaThread "Unconstrained build operations Thread 45" [_thread_blocked, id=13900, stack(0x00000033d7b00000,0x00000033d7c00000)]
  0x0000019f265f3000 JavaThread "Unconstrained build operations Thread 46" [_thread_blocked, id=27992, stack(0x00000033d7c00000,0x00000033d7d00000)]
  0x0000019f265f4000 JavaThread "Unconstrained build operations Thread 47" [_thread_blocked, id=4028, stack(0x00000033d7d00000,0x00000033d7e00000)]
  0x0000019f27f68000 JavaThread "Unconstrained build operations Thread 48" [_thread_blocked, id=1644, stack(0x00000033d7e00000,0x00000033d7f00000)]
  0x0000019f27f67000 JavaThread "Unconstrained build operations Thread 49" [_thread_blocked, id=27244, stack(0x00000033d7f00000,0x00000033d8000000)]
  0x0000019f27f62800 JavaThread "Unconstrained build operations Thread 50" [_thread_blocked, id=20216, stack(0x00000033d8000000,0x00000033d8100000)]
  0x0000019f27f65800 JavaThread "Unconstrained build operations Thread 51" [_thread_blocked, id=16668, stack(0x00000033d8100000,0x00000033d8200000)]
  0x0000019f27f66800 JavaThread "Unconstrained build operations Thread 52" [_thread_blocked, id=17252, stack(0x00000033d8200000,0x00000033d8300000)]
  0x0000019f27f69000 JavaThread "Unconstrained build operations Thread 53" [_thread_blocked, id=5144, stack(0x00000033d8300000,0x00000033d8400000)]
  0x0000019f27f63000 JavaThread "Unconstrained build operations Thread 54" [_thread_blocked, id=18712, stack(0x00000033d8400000,0x00000033d8500000)]
  0x0000019f27f69800 JavaThread "Unconstrained build operations Thread 55" [_thread_blocked, id=6800, stack(0x00000033d8500000,0x00000033d8600000)]
  0x0000019f27f64000 JavaThread "Unconstrained build operations Thread 56" [_thread_blocked, id=3196, stack(0x00000033d8600000,0x00000033d8700000)]
  0x0000019f27f6a800 JavaThread "Unconstrained build operations Thread 57" [_thread_blocked, id=18896, stack(0x00000033d8700000,0x00000033d8800000)]
  0x0000019f27f64800 JavaThread "Unconstrained build operations Thread 58" [_thread_blocked, id=27280, stack(0x00000033d8800000,0x00000033d8900000)]
  0x0000019f27f6d000 JavaThread "Unconstrained build operations Thread 59" [_thread_blocked, id=19048, stack(0x00000033d8900000,0x00000033d8a00000)]
  0x0000019f27f6e800 JavaThread "Unconstrained build operations Thread 60" [_thread_blocked, id=18740, stack(0x00000033d8a00000,0x00000033d8b00000)]
  0x0000019f27f6c000 JavaThread "Unconstrained build operations Thread 61" [_thread_blocked, id=3228, stack(0x00000033d8b00000,0x00000033d8c00000)]
  0x0000019f27f6d800 JavaThread "Unconstrained build operations Thread 62" [_thread_blocked, id=29572, stack(0x00000033d8c00000,0x00000033d8d00000)]
  0x0000019f27f71000 JavaThread "Unconstrained build operations Thread 63" [_thread_blocked, id=20088, stack(0x00000033d8d00000,0x00000033d8e00000)]
  0x0000019f27f6f800 JavaThread "Unconstrained build operations Thread 64" [_thread_blocked, id=15064, stack(0x00000033d8e00000,0x00000033d8f00000)]
  0x0000019f27f70000 JavaThread "Unconstrained build operations Thread 65" [_thread_blocked, id=27816, stack(0x00000033d8f00000,0x00000033d9000000)]
  0x0000019f27f6b800 JavaThread "Unconstrained build operations Thread 66" [_thread_blocked, id=25764, stack(0x00000033d9000000,0x00000033d9100000)]
  0x0000019f25e7d000 JavaThread "Unconstrained build operations Thread 67" [_thread_blocked, id=26380, stack(0x00000033d9100000,0x00000033d9200000)]
  0x0000019f25e83800 JavaThread "Unconstrained build operations Thread 68" [_thread_blocked, id=22444, stack(0x00000033d9200000,0x00000033d9300000)]
  0x0000019f25e80800 JavaThread "Unconstrained build operations Thread 69" [_thread_blocked, id=26684, stack(0x00000033d9300000,0x00000033d9400000)]
  0x0000019f25e7e000 JavaThread "Unconstrained build operations Thread 70" [_thread_blocked, id=24132, stack(0x00000033d9400000,0x00000033d9500000)]
  0x0000019f25e82800 JavaThread "Unconstrained build operations Thread 71" [_thread_blocked, id=25360, stack(0x00000033d9500000,0x00000033d9600000)]
  0x0000019f25e84800 JavaThread "Unconstrained build operations Thread 72" [_thread_blocked, id=4260, stack(0x00000033d9600000,0x00000033d9700000)]
  0x0000019f25e7e800 JavaThread "Unconstrained build operations Thread 73" [_thread_blocked, id=25680, stack(0x00000033d9700000,0x00000033d9800000)]
  0x0000019f25e85000 JavaThread "Unconstrained build operations Thread 74" [_thread_blocked, id=25768, stack(0x00000033d9800000,0x00000033d9900000)]
  0x0000019f25e7f800 JavaThread "Unconstrained build operations Thread 75" [_thread_blocked, id=29592, stack(0x00000033d9900000,0x00000033d9a00000)]
  0x0000019f25e86000 JavaThread "Unconstrained build operations Thread 76" [_thread_blocked, id=23916, stack(0x00000033d9a00000,0x00000033d9b00000)]
  0x0000019f25e87000 JavaThread "Unconstrained build operations Thread 77" [_thread_blocked, id=27840, stack(0x00000033d9b00000,0x00000033d9c00000)]
  0x0000019f25e81000 JavaThread "Unconstrained build operations Thread 78" [_thread_blocked, id=24912, stack(0x00000033d9c00000,0x00000033d9d00000)]
  0x0000019f25e87800 JavaThread "Unconstrained build operations Thread 79" [_thread_blocked, id=1920, stack(0x00000033d9d00000,0x00000033d9e00000)]
  0x0000019f25e82000 JavaThread "Unconstrained build operations Thread 80" [_thread_blocked, id=22812, stack(0x00000033d9e00000,0x00000033d9f00000)]
  0x0000019f25e8a000 JavaThread "File lock release action executor Thread 4" [_thread_blocked, id=27668, stack(0x00000033d2700000,0x00000033d2800000)]

Other Threads:
  0x0000019f21494800 VMThread "VM Thread" [stack: 0x00000033d1200000,0x00000033d1300000] [id=13712]
  0x0000019f21f91000 WatcherThread [stack: 0x00000033d1c00000,0x00000033d1d00000] [id=28644]
  0x0000019f023bc000 GCTaskThread "GC Thread#0" [stack: 0x00000033d0d00000,0x00000033d0e00000] [id=10352]
  0x0000019f22cc6800 GCTaskThread "GC Thread#1" [stack: 0x00000033d1d00000,0x00000033d1e00000] [id=17888]
  0x0000019f2211c800 GCTaskThread "GC Thread#2" [stack: 0x00000033d1e00000,0x00000033d1f00000] [id=16844]
  0x0000019f22643800 GCTaskThread "GC Thread#3" [stack: 0x00000033d2900000,0x00000033d2a00000] [id=21984]
  0x0000019f23602800 GCTaskThread "GC Thread#4" [stack: 0x00000033d2a00000,0x00000033d2b00000] [id=13024]
  0x0000019f23603800 GCTaskThread "GC Thread#5" [stack: 0x00000033d2b00000,0x00000033d2c00000] [id=22052]
  0x0000019f23604000 GCTaskThread "GC Thread#6" [stack: 0x00000033d2c00000,0x00000033d2d00000] [id=18364]
  0x0000019f23604800 GCTaskThread "GC Thread#7" [stack: 0x00000033d2d00000,0x00000033d2e00000] [id=25796]
  0x0000019f023ed000 ConcurrentGCThread "G1 Main Marker" [stack: 0x00000033d0e00000,0x00000033d0f00000] [id=12996]
  0x0000019f023ee000 ConcurrentGCThread "G1 Conc#0" [stack: 0x00000033d0f00000,0x00000033d1000000] [id=12356]
  0x0000019f2220a800 ConcurrentGCThread "G1 Conc#1" [stack: 0x00000033d3300000,0x00000033d3400000] [id=2712]
  0x0000019f0246d800 ConcurrentGCThread "G1 Refine#0" [stack: 0x00000033d1000000,0x00000033d1100000] [id=20876]
  0x0000019f22daa800 ConcurrentGCThread "G1 Refine#1" [stack: 0x00000033d2e00000,0x00000033d2f00000] [id=3644]
  0x0000019f0246e800 ConcurrentGCThread "G1 Young RemSet Sampling" [stack: 0x00000033d1100000,0x00000033d1200000] [id=19028]

Threads with active compile tasks:
C2 CompilerThread0  1149699 15551       4       org.gradle.internal.component.model.ComponentAttributeMatcher::match (259 bytes)

VM state:not at safepoint (normal execution)

VM Mutex/Monitor currently owned by a thread: None

Heap address: 0x0000000080000000, size: 2048 MB, Compressed Oops mode: 32-bit
Narrow klass base: 0x0000000000000000, Narrow klass shift: 3
Compressed class space size: 528482304 Address: 0x0000000100000000

Heap:
 garbage-first heap   total 278528K, used 204072K [0x0000000080000000, 0x0000000100000000)
  region size 1024K, 31 young (31744K), 7 survivors (7168K)
 Metaspace       used 113208K, capacity 117743K, committed 118052K, reserved 618496K
  class space    used 14747K, capacity 16452K, committed 16536K, reserved 516096K
Heap Regions: E=young(eden), S=young(survivor), O=old, HS=humongous(starts), HC=humongous(continues), CS=collection set, F=free, A=archive, TAMS=top-at-mark-start (previous, next)
|   0|0x0000000080000000, 0x0000000080100000, 0x0000000080100000|100%| O|  |TAMS 0x0000000080100000, 0x0000000080000000| Untracked 
|   1|0x0000000080100000, 0x0000000080200000, 0x0000000080200000|100%| O|  |TAMS 0x0000000080200000, 0x0000000080100000| Untracked 
|   2|0x0000000080200000, 0x0000000080300000, 0x0000000080300000|100%| O|  |TAMS 0x0000000080300000, 0x0000000080200000| Untracked 
|   3|0x0000000080300000, 0x0000000080400000, 0x0000000080400000|100%|HS|  |TAMS 0x0000000080400000, 0x0000000080300000| Complete 
|   4|0x0000000080400000, 0x0000000080500000, 0x0000000080500000|100%|HC|  |TAMS 0x0000000080500000, 0x0000000080400000| Complete 
|   5|0x0000000080500000, 0x0000000080600000, 0x0000000080600000|100%|HC|  |TAMS 0x0000000080600000, 0x0000000080500000| Complete 
|   6|0x0000000080600000, 0x0000000080700000, 0x0000000080700000|100%| O|  |TAMS 0x0000000080700000, 0x0000000080600000| Untracked 
|   7|0x0000000080700000, 0x0000000080800000, 0x0000000080800000|100%| O|  |TAMS 0x0000000080800000, 0x0000000080700000| Untracked 
|   8|0x0000000080800000, 0x0000000080900000, 0x0000000080900000|100%| O|  |TAMS 0x0000000080900000, 0x0000000080800000| Untracked 
|   9|0x0000000080900000, 0x0000000080a00000, 0x0000000080a00000|100%| O|  |TAMS 0x0000000080a00000, 0x0000000080900000| Untracked 
|  10|0x0000000080a00000, 0x0000000080b00000, 0x0000000080b00000|100%| O|  |TAMS 0x0000000080b00000, 0x0000000080a00000| Untracked 
|  11|0x0000000080b00000, 0x0000000080c00000, 0x0000000080c00000|100%| O|  |TAMS 0x0000000080c00000, 0x0000000080b00000| Untracked 
|  12|0x0000000080c00000, 0x0000000080d00000, 0x0000000080d00000|100%| O|  |TAMS 0x0000000080d00000, 0x0000000080c00000| Untracked 
|  13|0x0000000080d00000, 0x0000000080e00000, 0x0000000080e00000|100%| O|  |TAMS 0x0000000080e00000, 0x0000000080d00000| Untracked 
|  14|0x0000000080e00000, 0x0000000080f00000, 0x0000000080f00000|100%| O|  |TAMS 0x0000000080f00000, 0x0000000080e00000| Untracked 
|  15|0x0000000080f00000, 0x0000000081000000, 0x0000000081000000|100%| O|  |TAMS 0x0000000081000000, 0x0000000080f00000| Untracked 
|  16|0x0000000081000000, 0x0000000081100000, 0x0000000081100000|100%| O|  |TAMS 0x0000000081100000, 0x0000000081000000| Untracked 
|  17|0x0000000081100000, 0x0000000081200000, 0x0000000081200000|100%| O|  |TAMS 0x0000000081200000, 0x0000000081100000| Untracked 
|  18|0x0000000081200000, 0x0000000081300000, 0x0000000081300000|100%| O|  |TAMS 0x0000000081300000, 0x0000000081200000| Untracked 
|  19|0x0000000081300000, 0x0000000081400000, 0x0000000081400000|100%| O|  |TAMS 0x0000000081400000, 0x0000000081300000| Untracked 
|  20|0x0000000081400000, 0x0000000081500000, 0x0000000081500000|100%| O|  |TAMS 0x0000000081500000, 0x0000000081400000| Untracked 
|  21|0x0000000081500000, 0x0000000081600000, 0x0000000081600000|100%| O|  |TAMS 0x0000000081600000, 0x0000000081500000| Untracked 
|  22|0x0000000081600000, 0x0000000081700000, 0x0000000081700000|100%| O|  |TAMS 0x0000000081700000, 0x0000000081600000| Untracked 
|  23|0x0000000081700000, 0x0000000081800000, 0x0000000081800000|100%| O|  |TAMS 0x0000000081800000, 0x0000000081700000| Untracked 
|  24|0x0000000081800000, 0x0000000081900000, 0x0000000081900000|100%| O|  |TAMS 0x0000000081900000, 0x0000000081800000| Untracked 
|  25|0x0000000081900000, 0x0000000081a00000, 0x0000000081a00000|100%| O|  |TAMS 0x0000000081a00000, 0x0000000081900000| Untracked 
|  26|0x0000000081a00000, 0x0000000081b00000, 0x0000000081b00000|100%|HS|  |TAMS 0x0000000081b00000, 0x0000000081a00000| Complete 
|  27|0x0000000081b00000, 0x0000000081c00000, 0x0000000081c00000|100%|HS|  |TAMS 0x0000000081c00000, 0x0000000081b00000| Complete 
|  28|0x0000000081c00000, 0x0000000081d00000, 0x0000000081d00000|100%|HC|  |TAMS 0x0000000081d00000, 0x0000000081c00000| Complete 
|  29|0x0000000081d00000, 0x0000000081e00000, 0x0000000081e00000|100%|HC|  |TAMS 0x0000000081e00000, 0x0000000081d00000| Complete 
|  30|0x0000000081e00000, 0x0000000081f00000, 0x0000000081f00000|100%| O|  |TAMS 0x0000000081f00000, 0x0000000081e00000| Untracked 
|  31|0x0000000081f00000, 0x0000000082000000, 0x0000000082000000|100%| O|  |TAMS 0x0000000082000000, 0x0000000081f00000| Untracked 
|  32|0x0000000082000000, 0x0000000082100000, 0x0000000082100000|100%| O|  |TAMS 0x0000000082100000, 0x0000000082000000| Untracked 
|  33|0x0000000082100000, 0x0000000082200000, 0x0000000082200000|100%| O|  |TAMS 0x0000000082200000, 0x0000000082100000| Untracked 
|  34|0x0000000082200000, 0x0000000082300000, 0x0000000082300000|100%| O|  |TAMS 0x0000000082300000, 0x0000000082200000| Untracked 
|  35|0x0000000082300000, 0x0000000082400000, 0x0000000082400000|100%| O|  |TAMS 0x0000000082400000, 0x0000000082300000| Untracked 
|  36|0x0000000082400000, 0x0000000082500000, 0x0000000082500000|100%| O|  |TAMS 0x0000000082500000, 0x0000000082400000| Untracked 
|  37|0x0000000082500000, 0x0000000082600000, 0x0000000082600000|100%| O|  |TAMS 0x0000000082600000, 0x0000000082500000| Untracked 
|  38|0x0000000082600000, 0x0000000082700000, 0x0000000082700000|100%| O|  |TAMS 0x0000000082700000, 0x0000000082600000| Untracked 
|  39|0x0000000082700000, 0x0000000082800000, 0x0000000082800000|100%| O|  |TAMS 0x0000000082800000, 0x0000000082700000| Untracked 
|  40|0x0000000082800000, 0x0000000082900000, 0x0000000082900000|100%| O|  |TAMS 0x0000000082900000, 0x0000000082800000| Untracked 
|  41|0x0000000082900000, 0x0000000082a00000, 0x0000000082a00000|100%| O|  |TAMS 0x0000000082a00000, 0x0000000082900000| Untracked 
|  42|0x0000000082a00000, 0x0000000082b00000, 0x0000000082b00000|100%| O|  |TAMS 0x0000000082b00000, 0x0000000082a00000| Untracked 
|  43|0x0000000082b00000, 0x0000000082c00000, 0x0000000082c00000|100%| O|  |TAMS 0x0000000082c00000, 0x0000000082b00000| Untracked 
|  44|0x0000000082c00000, 0x0000000082d00000, 0x0000000082d00000|100%| O|  |TAMS 0x0000000082d00000, 0x0000000082c00000| Untracked 
|  45|0x0000000082d00000, 0x0000000082e00000, 0x0000000082e00000|100%| O|  |TAMS 0x0000000082e00000, 0x0000000082d00000| Untracked 
|  46|0x0000000082e00000, 0x0000000082f00000, 0x0000000082f00000|100%| O|  |TAMS 0x0000000082f00000, 0x0000000082e00000| Untracked 
|  47|0x0000000082f00000, 0x0000000083000000, 0x0000000083000000|100%| O|  |TAMS 0x0000000083000000, 0x0000000082f00000| Untracked 
|  48|0x0000000083000000, 0x0000000083100000, 0x0000000083100000|100%|HS|  |TAMS 0x0000000083100000, 0x0000000083000000| Complete 
|  49|0x0000000083100000, 0x0000000083200000, 0x0000000083200000|100%|HS|  |TAMS 0x0000000083200000, 0x0000000083100000| Complete 
|  50|0x0000000083200000, 0x0000000083300000, 0x0000000083300000|100%| O|  |TAMS 0x0000000083300000, 0x0000000083200000| Untracked 
|  51|0x0000000083300000, 0x0000000083400000, 0x0000000083400000|100%| O|  |TAMS 0x0000000083400000, 0x0000000083300000| Untracked 
|  52|0x0000000083400000, 0x0000000083500000, 0x0000000083500000|100%| O|  |TAMS 0x0000000083500000, 0x0000000083400000| Untracked 
|  53|0x0000000083500000, 0x0000000083600000, 0x0000000083600000|100%| O|  |TAMS 0x0000000083600000, 0x0000000083500000| Untracked 
|  54|0x0000000083600000, 0x0000000083700000, 0x0000000083700000|100%| O|  |TAMS 0x0000000083700000, 0x0000000083600000| Untracked 
|  55|0x0000000083700000, 0x0000000083800000, 0x0000000083800000|100%| O|  |TAMS 0x0000000083800000, 0x0000000083700000| Untracked 
|  56|0x0000000083800000, 0x0000000083900000, 0x0000000083900000|100%| O|  |TAMS 0x0000000083900000, 0x0000000083800000| Untracked 
|  57|0x0000000083900000, 0x0000000083a00000, 0x0000000083a00000|100%| O|  |TAMS 0x0000000083a00000, 0x0000000083900000| Untracked 
|  58|0x0000000083a00000, 0x0000000083b00000, 0x0000000083b00000|100%| O|  |TAMS 0x0000000083b00000, 0x0000000083a00000| Untracked 
|  59|0x0000000083b00000, 0x0000000083c00000, 0x0000000083c00000|100%| O|  |TAMS 0x0000000083c00000, 0x0000000083b00000| Untracked 
|  60|0x0000000083c00000, 0x0000000083d00000, 0x0000000083d00000|100%| O|  |TAMS 0x0000000083d00000, 0x0000000083c00000| Untracked 
|  61|0x0000000083d00000, 0x0000000083e00000, 0x0000000083e00000|100%| O|  |TAMS 0x0000000083e00000, 0x0000000083d00000| Untracked 
|  62|0x0000000083e00000, 0x0000000083f00000, 0x0000000083f00000|100%| O|  |TAMS 0x0000000083f00000, 0x0000000083e00000| Untracked 
|  63|0x0000000083f00000, 0x0000000084000000, 0x0000000084000000|100%| O|  |TAMS 0x0000000084000000, 0x0000000083f00000| Untracked 
|  64|0x0000000084000000, 0x0000000084100000, 0x0000000084100000|100%| O|  |TAMS 0x0000000084100000, 0x0000000084000000| Untracked 
|  65|0x0000000084100000, 0x0000000084200000, 0x0000000084200000|100%| O|  |TAMS 0x0000000084200000, 0x0000000084100000| Untracked 
|  66|0x0000000084200000, 0x0000000084300000, 0x0000000084300000|100%| O|  |TAMS 0x0000000084300000, 0x0000000084200000| Untracked 
|  67|0x0000000084300000, 0x0000000084400000, 0x0000000084400000|100%| O|  |TAMS 0x0000000084400000, 0x0000000084300000| Untracked 
|  68|0x0000000084400000, 0x0000000084500000, 0x0000000084500000|100%| O|  |TAMS 0x0000000084500000, 0x0000000084400000| Untracked 
|  69|0x0000000084500000, 0x0000000084600000, 0x0000000084600000|100%| O|  |TAMS 0x0000000084600000, 0x0000000084500000| Untracked 
|  70|0x0000000084600000, 0x0000000084700000, 0x0000000084700000|100%| O|  |TAMS 0x0000000084700000, 0x0000000084600000| Untracked 
|  71|0x0000000084700000, 0x0000000084800000, 0x0000000084800000|100%| O|  |TAMS 0x0000000084800000, 0x0000000084700000| Untracked 
|  72|0x0000000084800000, 0x0000000084900000, 0x0000000084900000|100%| O|  |TAMS 0x0000000084900000, 0x0000000084800000| Untracked 
|  73|0x0000000084900000, 0x0000000084a00000, 0x0000000084a00000|100%| O|  |TAMS 0x0000000084a00000, 0x0000000084900000| Untracked 
|  74|0x0000000084a00000, 0x0000000084b00000, 0x0000000084b00000|100%| O|  |TAMS 0x0000000084b00000, 0x0000000084a00000| Untracked 
|  75|0x0000000084b00000, 0x0000000084c00000, 0x0000000084c00000|100%|HS|  |TAMS 0x0000000084c00000, 0x0000000084b00000| Complete 
|  76|0x0000000084c00000, 0x0000000084d00000, 0x0000000084d00000|100%|HC|  |TAMS 0x0000000084d00000, 0x0000000084c00000| Complete 
|  77|0x0000000084d00000, 0x0000000084e00000, 0x0000000084e00000|100%|HS|  |TAMS 0x0000000084e00000, 0x0000000084d00000| Complete 
|  78|0x0000000084e00000, 0x0000000084f00000, 0x0000000084f00000|100%|HC|  |TAMS 0x0000000084f00000, 0x0000000084e00000| Complete 
|  79|0x0000000084f00000, 0x0000000085000000, 0x0000000085000000|100%|HC|  |TAMS 0x0000000085000000, 0x0000000084f00000| Complete 
|  80|0x0000000085000000, 0x0000000085100000, 0x0000000085100000|100%|HC|  |TAMS 0x0000000085100000, 0x0000000085000000| Complete 
|  81|0x0000000085100000, 0x0000000085200000, 0x0000000085200000|100%| O|  |TAMS 0x0000000085200000, 0x0000000085100000| Untracked 
|  82|0x0000000085200000, 0x0000000085300000, 0x0000000085300000|100%| O|  |TAMS 0x0000000085300000, 0x0000000085200000| Untracked 
|  83|0x0000000085300000, 0x0000000085400000, 0x0000000085400000|100%| O|  |TAMS 0x0000000085400000, 0x0000000085300000| Untracked 
|  84|0x0000000085400000, 0x0000000085500000, 0x0000000085500000|100%| O|  |TAMS 0x0000000085500000, 0x0000000085400000| Untracked 
|  85|0x0000000085500000, 0x0000000085600000, 0x0000000085600000|100%| O|  |TAMS 0x0000000085600000, 0x0000000085500000| Untracked 
|  86|0x0000000085600000, 0x0000000085700000, 0x0000000085700000|100%| O|  |TAMS 0x0000000085700000, 0x0000000085600000| Untracked 
|  87|0x0000000085700000, 0x0000000085800000, 0x0000000085800000|100%| O|  |TAMS 0x0000000085800000, 0x0000000085700000| Untracked 
|  88|0x0000000085800000, 0x0000000085900000, 0x0000000085900000|100%| O|  |TAMS 0x0000000085900000, 0x0000000085800000| Untracked 
|  89|0x0000000085900000, 0x0000000085a00000, 0x0000000085a00000|100%| O|  |TAMS 0x0000000085a00000, 0x0000000085900000| Untracked 
|  90|0x0000000085a00000, 0x0000000085b00000, 0x0000000085b00000|100%| O|  |TAMS 0x0000000085b00000, 0x0000000085a00000| Untracked 
|  91|0x0000000085b00000, 0x0000000085c00000, 0x0000000085c00000|100%| O|  |TAMS 0x0000000085c00000, 0x0000000085b00000| Untracked 
|  92|0x0000000085c00000, 0x0000000085d00000, 0x0000000085d00000|100%|HS|  |TAMS 0x0000000085d00000, 0x0000000085c00000| Complete 
|  93|0x0000000085d00000, 0x0000000085e00000, 0x0000000085e00000|100%|HC|  |TAMS 0x0000000085e00000, 0x0000000085d00000| Complete 
|  94|0x0000000085e00000, 0x0000000085f00000, 0x0000000085f00000|100%| O|  |TAMS 0x0000000085f00000, 0x0000000085e00000| Untracked 
|  95|0x0000000085f00000, 0x0000000086000000, 0x0000000086000000|100%| O|  |TAMS 0x0000000086000000, 0x0000000085f00000| Untracked 
|  96|0x0000000086000000, 0x0000000086100000, 0x0000000086100000|100%| O|  |TAMS 0x0000000086100000, 0x0000000086000000| Untracked 
|  97|0x0000000086100000, 0x0000000086200000, 0x0000000086200000|100%| O|  |TAMS 0x0000000086200000, 0x0000000086100000| Untracked 
|  98|0x0000000086200000, 0x0000000086300000, 0x0000000086300000|100%| O|  |TAMS 0x0000000086300000, 0x0000000086200000| Untracked 
|  99|0x0000000086300000, 0x0000000086400000, 0x0000000086400000|100%| O|  |TAMS 0x0000000086400000, 0x0000000086300000| Untracked 
| 100|0x0000000086400000, 0x0000000086500000, 0x0000000086500000|100%| O|  |TAMS 0x0000000086500000, 0x0000000086400000| Untracked 
| 101|0x0000000086500000, 0x0000000086600000, 0x0000000086600000|100%| O|  |TAMS 0x0000000086600000, 0x0000000086500000| Untracked 
| 102|0x0000000086600000, 0x0000000086700000, 0x0000000086700000|100%| O|  |TAMS 0x0000000086700000, 0x0000000086600000| Untracked 
| 103|0x0000000086700000, 0x0000000086800000, 0x0000000086800000|100%|HS|  |TAMS 0x0000000086800000, 0x0000000086700000| Complete 
| 104|0x0000000086800000, 0x0000000086900000, 0x0000000086900000|100%|HS|  |TAMS 0x0000000086900000, 0x0000000086800000| Complete 
| 105|0x0000000086900000, 0x0000000086a00000, 0x0000000086a00000|100%|HS|  |TAMS 0x0000000086a00000, 0x0000000086900000| Complete 
| 106|0x0000000086a00000, 0x0000000086b00000, 0x0000000086b00000|100%|HS|  |TAMS 0x0000000086b00000, 0x0000000086a00000| Complete 
| 107|0x0000000086b00000, 0x0000000086c00000, 0x0000000086c00000|100%|HC|  |TAMS 0x0000000086c00000, 0x0000000086b00000| Complete 
| 108|0x0000000086c00000, 0x0000000086d00000, 0x0000000086d00000|100%|HC|  |TAMS 0x0000000086d00000, 0x0000000086c00000| Complete 
| 109|0x0000000086d00000, 0x0000000086e00000, 0x0000000086e00000|100%| O|  |TAMS 0x0000000086e00000, 0x0000000086d00000| Untracked 
| 110|0x0000000086e00000, 0x0000000086f00000, 0x0000000086f00000|100%| O|  |TAMS 0x0000000086f00000, 0x0000000086e00000| Untracked 
| 111|0x0000000086f00000, 0x0000000087000000, 0x0000000087000000|100%| O|  |TAMS 0x0000000087000000, 0x0000000086f00000| Untracked 
| 112|0x0000000087000000, 0x0000000087100000, 0x0000000087100000|100%| O|  |TAMS 0x0000000087100000, 0x0000000087000000| Untracked 
| 113|0x0000000087100000, 0x0000000087200000, 0x0000000087200000|100%|HS|  |TAMS 0x0000000087200000, 0x0000000087100000| Complete 
| 114|0x0000000087200000, 0x0000000087300000, 0x0000000087300000|100%|HC|  |TAMS 0x0000000087300000, 0x0000000087200000| Complete 
| 115|0x0000000087300000, 0x0000000087400000, 0x0000000087400000|100%| O|  |TAMS 0x0000000087400000, 0x0000000087300000| Untracked 
| 116|0x0000000087400000, 0x0000000087500000, 0x0000000087500000|100%| O|  |TAMS 0x0000000087500000, 0x0000000087400000| Untracked 
| 117|0x0000000087500000, 0x0000000087600000, 0x0000000087600000|100%| O|  |TAMS 0x0000000087600000, 0x0000000087500000| Untracked 
| 118|0x0000000087600000, 0x0000000087700000, 0x0000000087700000|100%| O|  |TAMS 0x0000000087700000, 0x0000000087600000| Untracked 
| 119|0x0000000087700000, 0x0000000087800000, 0x0000000087800000|100%| O|  |TAMS 0x0000000087800000, 0x0000000087700000| Untracked 
| 120|0x0000000087800000, 0x0000000087900000, 0x0000000087900000|100%| O|  |TAMS 0x0000000087900000, 0x0000000087800000| Untracked 
| 121|0x0000000087900000, 0x0000000087a00000, 0x0000000087a00000|100%| O|  |TAMS 0x0000000087a00000, 0x0000000087900000| Untracked 
| 122|0x0000000087a00000, 0x0000000087b00000, 0x0000000087b00000|100%| O|  |TAMS 0x0000000087b00000, 0x0000000087a00000| Untracked 
| 123|0x0000000087b00000, 0x0000000087c00000, 0x0000000087c00000|100%|HS|  |TAMS 0x0000000087c00000, 0x0000000087b00000| Complete 
| 124|0x0000000087c00000, 0x0000000087d00000, 0x0000000087d00000|100%|HS|  |TAMS 0x0000000087d00000, 0x0000000087c00000| Complete 
| 125|0x0000000087d00000, 0x0000000087e00000, 0x0000000087e00000|100%| O|  |TAMS 0x0000000087e00000, 0x0000000087d00000| Untracked 
| 126|0x0000000087e00000, 0x0000000087f00000, 0x0000000087f00000|100%| O|  |TAMS 0x0000000087f00000, 0x0000000087e00000| Untracked 
| 127|0x0000000087f00000, 0x0000000088000000, 0x0000000088000000|100%| O|  |TAMS 0x0000000088000000, 0x0000000087f00000| Untracked 
| 128|0x0000000088000000, 0x0000000088100000, 0x0000000088100000|100%| O|  |TAMS 0x0000000088100000, 0x0000000088000000| Untracked 
| 129|0x0000000088100000, 0x0000000088200000, 0x0000000088200000|100%| O|  |TAMS 0x0000000088200000, 0x0000000088100000| Untracked 
| 130|0x0000000088200000, 0x0000000088300000, 0x0000000088300000|100%| O|  |TAMS 0x0000000088300000, 0x0000000088200000| Untracked 
| 131|0x0000000088300000, 0x0000000088400000, 0x0000000088400000|100%|HS|  |TAMS 0x0000000088400000, 0x0000000088300000| Complete 
| 132|0x0000000088400000, 0x0000000088500000, 0x0000000088500000|100%|HS|  |TAMS 0x0000000088500000, 0x0000000088400000| Complete 
| 133|0x0000000088500000, 0x0000000088600000, 0x0000000088600000|100%|HC|  |TAMS 0x0000000088600000, 0x0000000088500000| Complete 
| 134|0x0000000088600000, 0x0000000088700000, 0x0000000088700000|100%|HC|  |TAMS 0x0000000088700000, 0x0000000088600000| Complete 
| 135|0x0000000088700000, 0x0000000088800000, 0x0000000088800000|100%| O|  |TAMS 0x0000000088800000, 0x0000000088700000| Untracked 
| 136|0x0000000088800000, 0x0000000088900000, 0x0000000088900000|100%| O|  |TAMS 0x0000000088900000, 0x0000000088800000| Untracked 
| 137|0x0000000088900000, 0x0000000088a00000, 0x0000000088a00000|100%| O|  |TAMS 0x0000000088a00000, 0x0000000088900000| Untracked 
| 138|0x0000000088a00000, 0x0000000088b00000, 0x0000000088b00000|100%| O|  |TAMS 0x0000000088b00000, 0x0000000088a00000| Untracked 
| 139|0x0000000088b00000, 0x0000000088c00000, 0x0000000088c00000|100%| O|  |TAMS 0x0000000088c00000, 0x0000000088b00000| Untracked 
| 140|0x0000000088c00000, 0x0000000088d00000, 0x0000000088d00000|100%|HS|  |TAMS 0x0000000088d00000, 0x0000000088c00000| Complete 
| 141|0x0000000088d00000, 0x0000000088e00000, 0x0000000088e00000|100%| O|  |TAMS 0x0000000088e00000, 0x0000000088d00000| Untracked 
| 142|0x0000000088e00000, 0x0000000088f00000, 0x0000000088f00000|100%| O|  |TAMS 0x0000000088f00000, 0x0000000088e00000| Untracked 
| 143|0x0000000088f00000, 0x0000000089000000, 0x0000000089000000|100%| O|  |TAMS 0x0000000089000000, 0x0000000088f00000| Untracked 
| 144|0x0000000089000000, 0x0000000089100000, 0x0000000089100000|100%| O|  |TAMS 0x0000000089100000, 0x0000000089000000| Untracked 
| 145|0x0000000089100000, 0x0000000089200000, 0x0000000089200000|100%| O|  |TAMS 0x0000000089200000, 0x0000000089100000| Untracked 
| 146|0x0000000089200000, 0x0000000089300000, 0x0000000089300000|100%| O|  |TAMS 0x0000000089300000, 0x0000000089200000| Untracked 
| 147|0x0000000089300000, 0x0000000089400000, 0x0000000089400000|100%| O|  |TAMS 0x0000000089400000, 0x0000000089300000| Untracked 
| 148|0x0000000089400000, 0x0000000089500000, 0x0000000089500000|100%| O|  |TAMS 0x0000000089500000, 0x0000000089400000| Untracked 
| 149|0x0000000089500000, 0x0000000089600000, 0x0000000089600000|100%| O|  |TAMS 0x0000000089600000, 0x0000000089500000| Untracked 
| 150|0x0000000089600000, 0x0000000089700000, 0x0000000089700000|100%| O|  |TAMS 0x0000000089700000, 0x0000000089600000| Untracked 
| 151|0x0000000089700000, 0x0000000089800000, 0x0000000089800000|100%| O|  |TAMS 0x0000000089800000, 0x0000000089700000| Untracked 
| 152|0x0000000089800000, 0x0000000089900000, 0x0000000089900000|100%| O|  |TAMS 0x0000000089900000, 0x0000000089800000| Untracked 
| 153|0x0000000089900000, 0x0000000089a00000, 0x0000000089a00000|100%| O|  |TAMS 0x0000000089a00000, 0x0000000089900000| Untracked 
| 154|0x0000000089a00000, 0x0000000089b00000, 0x0000000089b00000|100%| O|  |TAMS 0x0000000089b00000, 0x0000000089a00000| Untracked 
| 155|0x0000000089b00000, 0x0000000089c00000, 0x0000000089c00000|100%| O|  |TAMS 0x0000000089c00000, 0x0000000089b00000| Untracked 
| 156|0x0000000089c00000, 0x0000000089d00000, 0x0000000089d00000|100%| O|  |TAMS 0x0000000089d00000, 0x0000000089c00000| Untracked 
| 157|0x0000000089d00000, 0x0000000089e00000, 0x0000000089e00000|100%| O|  |TAMS 0x0000000089e00000, 0x0000000089d00000| Untracked 
| 158|0x0000000089e00000, 0x0000000089f00000, 0x0000000089f00000|100%| O|  |TAMS 0x0000000089f00000, 0x0000000089e00000| Untracked 
| 159|0x0000000089f00000, 0x000000008a000000, 0x000000008a000000|100%| O|  |TAMS 0x000000008a000000, 0x0000000089f00000| Untracked 
| 160|0x000000008a000000, 0x000000008a100000, 0x000000008a100000|100%| O|  |TAMS 0x000000008a100000, 0x000000008a000000| Untracked 
| 161|0x000000008a100000, 0x000000008a200000, 0x000000008a200000|100%| O|  |TAMS 0x000000008a200000, 0x000000008a100000| Untracked 
| 162|0x000000008a200000, 0x000000008a300000, 0x000000008a300000|100%| O|  |TAMS 0x000000008a300000, 0x000000008a200000| Untracked 
| 163|0x000000008a300000, 0x000000008a400000, 0x000000008a400000|100%| O|  |TAMS 0x000000008a400000, 0x000000008a300000| Untracked 
| 164|0x000000008a400000, 0x000000008a500000, 0x000000008a500000|100%| O|  |TAMS 0x000000008a500000, 0x000000008a400000| Untracked 
| 165|0x000000008a500000, 0x000000008a600000, 0x000000008a600000|100%| O|  |TAMS 0x000000008a600000, 0x000000008a500000| Untracked 
| 166|0x000000008a600000, 0x000000008a700000, 0x000000008a700000|100%| O|  |TAMS 0x000000008a700000, 0x000000008a600000| Untracked 
| 167|0x000000008a700000, 0x000000008a800000, 0x000000008a800000|100%| O|  |TAMS 0x000000008a800000, 0x000000008a700000| Untracked 
| 168|0x000000008a800000, 0x000000008a900000, 0x000000008a900000|100%| O|  |TAMS 0x000000008a900000, 0x000000008a800000| Untracked 
| 169|0x000000008a900000, 0x000000008a997600, 0x000000008aa00000| 59%| O|  |TAMS 0x000000008a997600, 0x000000008a900000| Untracked 
| 170|0x000000008aa00000, 0x000000008aa00000, 0x000000008ab00000|  0%| F|  |TAMS 0x000000008aa00000, 0x000000008aa00000| Untracked 
| 171|0x000000008ab00000, 0x000000008ab00000, 0x000000008ac00000|  0%| F|  |TAMS 0x000000008ab00000, 0x000000008ab00000| Untracked 
| 172|0x000000008ac00000, 0x000000008ac00000, 0x000000008ad00000|  0%| F|  |TAMS 0x000000008ac00000, 0x000000008ac00000| Untracked 
| 173|0x000000008ad00000, 0x000000008ad00000, 0x000000008ae00000|  0%| F|  |TAMS 0x000000008ad00000, 0x000000008ad00000| Untracked 
| 174|0x000000008ae00000, 0x000000008ae00000, 0x000000008af00000|  0%| F|  |TAMS 0x000000008ae00000, 0x000000008ae00000| Untracked 
| 175|0x000000008af00000, 0x000000008af00000, 0x000000008b000000|  0%| F|  |TAMS 0x000000008af00000, 0x000000008af00000| Untracked 
| 176|0x000000008b000000, 0x000000008b000000, 0x000000008b100000|  0%| F|  |TAMS 0x000000008b000000, 0x000000008b000000| Untracked 
| 177|0x000000008b100000, 0x000000008b100000, 0x000000008b200000|  0%| F|  |TAMS 0x000000008b100000, 0x000000008b100000| Untracked 
| 178|0x000000008b200000, 0x000000008b200000, 0x000000008b300000|  0%| F|  |TAMS 0x000000008b200000, 0x000000008b200000| Untracked 
| 179|0x000000008b300000, 0x000000008b300000, 0x000000008b400000|  0%| F|  |TAMS 0x000000008b300000, 0x000000008b300000| Untracked 
| 180|0x000000008b400000, 0x000000008b400000, 0x000000008b500000|  0%| F|  |TAMS 0x000000008b400000, 0x000000008b400000| Untracked 
| 181|0x000000008b500000, 0x000000008b500000, 0x000000008b600000|  0%| F|  |TAMS 0x000000008b500000, 0x000000008b500000| Untracked 
| 182|0x000000008b600000, 0x000000008b600000, 0x000000008b700000|  0%| F|  |TAMS 0x000000008b600000, 0x000000008b600000| Untracked 
| 183|0x000000008b700000, 0x000000008b700000, 0x000000008b800000|  0%| F|  |TAMS 0x000000008b700000, 0x000000008b700000| Untracked 
| 184|0x000000008b800000, 0x000000008b800000, 0x000000008b900000|  0%| F|  |TAMS 0x000000008b800000, 0x000000008b800000| Untracked 
| 185|0x000000008b900000, 0x000000008b900000, 0x000000008ba00000|  0%| F|  |TAMS 0x000000008b900000, 0x000000008b900000| Untracked 
| 186|0x000000008ba00000, 0x000000008ba00000, 0x000000008bb00000|  0%| F|  |TAMS 0x000000008ba00000, 0x000000008ba00000| Untracked 
| 187|0x000000008bb00000, 0x000000008bb00000, 0x000000008bc00000|  0%| F|  |TAMS 0x000000008bb00000, 0x000000008bb00000| Untracked 
| 188|0x000000008bc00000, 0x000000008bc00000, 0x000000008bd00000|  0%| F|  |TAMS 0x000000008bc00000, 0x000000008bc00000| Untracked 
| 189|0x000000008bd00000, 0x000000008bd00000, 0x000000008be00000|  0%| F|  |TAMS 0x000000008bd00000, 0x000000008bd00000| Untracked 
| 190|0x000000008be00000, 0x000000008be00000, 0x000000008bf00000|  0%| F|  |TAMS 0x000000008be00000, 0x000000008be00000| Untracked 
| 191|0x000000008bf00000, 0x000000008bf00000, 0x000000008c000000|  0%| F|  |TAMS 0x000000008bf00000, 0x000000008bf00000| Untracked 
| 192|0x000000008c000000, 0x000000008c000000, 0x000000008c100000|  0%| F|  |TAMS 0x000000008c000000, 0x000000008c000000| Untracked 
| 193|0x000000008c100000, 0x000000008c100000, 0x000000008c200000|  0%| F|  |TAMS 0x000000008c100000, 0x000000008c100000| Untracked 
| 194|0x000000008c200000, 0x000000008c200000, 0x000000008c300000|  0%| F|  |TAMS 0x000000008c200000, 0x000000008c200000| Untracked 
| 195|0x000000008c300000, 0x000000008c300000, 0x000000008c400000|  0%| F|  |TAMS 0x000000008c300000, 0x000000008c300000| Untracked 
| 196|0x000000008c400000, 0x000000008c400000, 0x000000008c500000|  0%| F|  |TAMS 0x000000008c400000, 0x000000008c400000| Untracked 
| 197|0x000000008c500000, 0x000000008c500000, 0x000000008c600000|  0%| F|  |TAMS 0x000000008c500000, 0x000000008c500000| Untracked 
| 198|0x000000008c600000, 0x000000008c600000, 0x000000008c700000|  0%| F|  |TAMS 0x000000008c600000, 0x000000008c600000| Untracked 
| 199|0x000000008c700000, 0x000000008c700000, 0x000000008c800000|  0%| F|  |TAMS 0x000000008c700000, 0x000000008c700000| Untracked 
| 200|0x000000008c800000, 0x000000008c800000, 0x000000008c900000|  0%| F|  |TAMS 0x000000008c800000, 0x000000008c800000| Untracked 
| 201|0x000000008c900000, 0x000000008c900000, 0x000000008ca00000|  0%| F|  |TAMS 0x000000008c900000, 0x000000008c900000| Untracked 
| 202|0x000000008ca00000, 0x000000008ca00000, 0x000000008cb00000|  0%| F|  |TAMS 0x000000008ca00000, 0x000000008ca00000| Untracked 
| 203|0x000000008cb00000, 0x000000008cb00000, 0x000000008cc00000|  0%| F|  |TAMS 0x000000008cb00000, 0x000000008cb00000| Untracked 
| 204|0x000000008cc00000, 0x000000008cc00000, 0x000000008cd00000|  0%| F|  |TAMS 0x000000008cc00000, 0x000000008cc00000| Untracked 
| 205|0x000000008cd00000, 0x000000008cd00000, 0x000000008ce00000|  0%| F|  |TAMS 0x000000008cd00000, 0x000000008cd00000| Untracked 
| 206|0x000000008ce00000, 0x000000008ce00000, 0x000000008cf00000|  0%| F|  |TAMS 0x000000008ce00000, 0x000000008ce00000| Untracked 
| 207|0x000000008cf00000, 0x000000008cf00000, 0x000000008d000000|  0%| F|  |TAMS 0x000000008cf00000, 0x000000008cf00000| Untracked 
| 208|0x000000008d000000, 0x000000008d000000, 0x000000008d100000|  0%| F|  |TAMS 0x000000008d000000, 0x000000008d000000| Untracked 
| 209|0x000000008d100000, 0x000000008d100000, 0x000000008d200000|  0%| F|  |TAMS 0x000000008d100000, 0x000000008d100000| Untracked 
| 210|0x000000008d200000, 0x000000008d200000, 0x000000008d300000|  0%| F|  |TAMS 0x000000008d200000, 0x000000008d200000| Untracked 
| 211|0x000000008d300000, 0x000000008d3b2aa0, 0x000000008d400000| 69%| S|CS|TAMS 0x000000008d300000, 0x000000008d300000| Complete 
| 212|0x000000008d400000, 0x000000008d500000, 0x000000008d500000|100%| S|CS|TAMS 0x000000008d400000, 0x000000008d400000| Complete 
| 213|0x000000008d500000, 0x000000008d500000, 0x000000008d600000|  0%| F|  |TAMS 0x000000008d500000, 0x000000008d500000| Untracked 
| 214|0x000000008d600000, 0x000000008d700000, 0x000000008d700000|100%| S|CS|TAMS 0x000000008d600000, 0x000000008d600000| Complete 
| 215|0x000000008d700000, 0x000000008d800000, 0x000000008d800000|100%| S|CS|TAMS 0x000000008d700000, 0x000000008d700000| Complete 
| 216|0x000000008d800000, 0x000000008d900000, 0x000000008d900000|100%| S|CS|TAMS 0x000000008d800000, 0x000000008d800000| Complete 
| 217|0x000000008d900000, 0x000000008da00000, 0x000000008da00000|100%| S|CS|TAMS 0x000000008d900000, 0x000000008d900000| Complete 
| 218|0x000000008da00000, 0x000000008db00000, 0x000000008db00000|100%| S|CS|TAMS 0x000000008da00000, 0x000000008da00000| Complete 
| 219|0x000000008db00000, 0x000000008db00000, 0x000000008dc00000|  0%| F|  |TAMS 0x000000008db00000, 0x000000008db00000| Untracked 
| 220|0x000000008dc00000, 0x000000008dc00000, 0x000000008dd00000|  0%| F|  |TAMS 0x000000008dc00000, 0x000000008dc00000| Untracked 
| 221|0x000000008dd00000, 0x000000008dd00000, 0x000000008de00000|  0%| F|  |TAMS 0x000000008dd00000, 0x000000008dd00000| Untracked 
| 222|0x000000008de00000, 0x000000008de00000, 0x000000008df00000|  0%| F|  |TAMS 0x000000008de00000, 0x000000008de00000| Untracked 
| 223|0x000000008df00000, 0x000000008df00000, 0x000000008e000000|  0%| F|  |TAMS 0x000000008df00000, 0x000000008df00000| Untracked 
| 224|0x000000008e000000, 0x000000008e000000, 0x000000008e100000|  0%| F|  |TAMS 0x000000008e000000, 0x000000008e000000| Untracked 
| 225|0x000000008e100000, 0x000000008e100000, 0x000000008e200000|  0%| F|  |TAMS 0x000000008e100000, 0x000000008e100000| Untracked 
| 226|0x000000008e200000, 0x000000008e200000, 0x000000008e300000|  0%| F|  |TAMS 0x000000008e200000, 0x000000008e200000| Untracked 
| 227|0x000000008e300000, 0x000000008e300000, 0x000000008e400000|  0%| F|  |TAMS 0x000000008e300000, 0x000000008e300000| Untracked 
| 228|0x000000008e400000, 0x000000008e400000, 0x000000008e500000|  0%| F|  |TAMS 0x000000008e400000, 0x000000008e400000| Untracked 
| 229|0x000000008e500000, 0x000000008e500000, 0x000000008e600000|  0%| F|  |TAMS 0x000000008e500000, 0x000000008e500000| Untracked 
| 230|0x000000008e600000, 0x000000008e600000, 0x000000008e700000|  0%| F|  |TAMS 0x000000008e600000, 0x000000008e600000| Untracked 
| 231|0x000000008e700000, 0x000000008e700000, 0x000000008e800000|  0%| F|  |TAMS 0x000000008e700000, 0x000000008e700000| Untracked 
| 232|0x000000008e800000, 0x000000008e800000, 0x000000008e900000|  0%| F|  |TAMS 0x000000008e800000, 0x000000008e800000| Untracked 
| 233|0x000000008e900000, 0x000000008e900000, 0x000000008ea00000|  0%| F|  |TAMS 0x000000008e900000, 0x000000008e900000| Untracked 
| 234|0x000000008ea00000, 0x000000008ea00000, 0x000000008eb00000|  0%| F|  |TAMS 0x000000008ea00000, 0x000000008ea00000| Untracked 
| 235|0x000000008eb00000, 0x000000008eb00000, 0x000000008ec00000|  0%| F|  |TAMS 0x000000008eb00000, 0x000000008eb00000| Untracked 
| 236|0x000000008ec00000, 0x000000008ec00000, 0x000000008ed00000|  0%| F|  |TAMS 0x000000008ec00000, 0x000000008ec00000| Untracked 
| 237|0x000000008ed00000, 0x000000008ed00000, 0x000000008ee00000|  0%| F|  |TAMS 0x000000008ed00000, 0x000000008ed00000| Untracked 
| 238|0x000000008ee00000, 0x000000008ee00000, 0x000000008ef00000|  0%| F|  |TAMS 0x000000008ee00000, 0x000000008ee00000| Untracked 
| 239|0x000000008ef00000, 0x000000008ef00000, 0x000000008f000000|  0%| F|  |TAMS 0x000000008ef00000, 0x000000008ef00000| Untracked 
| 240|0x000000008f000000, 0x000000008f000000, 0x000000008f100000|  0%| F|  |TAMS 0x000000008f000000, 0x000000008f000000| Untracked 
| 241|0x000000008f100000, 0x000000008f100000, 0x000000008f200000|  0%| F|  |TAMS 0x000000008f100000, 0x000000008f100000| Untracked 
| 242|0x000000008f200000, 0x000000008f200000, 0x000000008f300000|  0%| F|  |TAMS 0x000000008f200000, 0x000000008f200000| Untracked 
| 243|0x000000008f300000, 0x000000008f300000, 0x000000008f400000|  0%| F|  |TAMS 0x000000008f300000, 0x000000008f300000| Untracked 
| 244|0x000000008f400000, 0x000000008f400000, 0x000000008f500000|  0%| F|  |TAMS 0x000000008f400000, 0x000000008f400000| Untracked 
| 245|0x000000008f500000, 0x000000008f500000, 0x000000008f600000|  0%| F|  |TAMS 0x000000008f500000, 0x000000008f500000| Untracked 
| 246|0x000000008f600000, 0x000000008f600000, 0x000000008f700000|  0%| F|  |TAMS 0x000000008f600000, 0x000000008f600000| Untracked 
| 247|0x000000008f700000, 0x000000008f700000, 0x000000008f800000|  0%| F|  |TAMS 0x000000008f700000, 0x000000008f700000| Untracked 
| 248|0x000000008f800000, 0x000000008f900000, 0x000000008f900000|100%| E|  |TAMS 0x000000008f800000, 0x000000008f800000| Complete 
| 249|0x000000008f900000, 0x000000008fa00000, 0x000000008fa00000|100%| E|CS|TAMS 0x000000008f900000, 0x000000008f900000| Complete 
| 250|0x000000008fa00000, 0x000000008fb00000, 0x000000008fb00000|100%| E|CS|TAMS 0x000000008fa00000, 0x000000008fa00000| Complete 
| 251|0x000000008fb00000, 0x000000008fc00000, 0x000000008fc00000|100%| E|CS|TAMS 0x000000008fb00000, 0x000000008fb00000| Complete 
| 252|0x000000008fc00000, 0x000000008fd00000, 0x000000008fd00000|100%| E|CS|TAMS 0x000000008fc00000, 0x000000008fc00000| Complete 
| 253|0x000000008fd00000, 0x000000008fe00000, 0x000000008fe00000|100%| E|CS|TAMS 0x000000008fd00000, 0x000000008fd00000| Complete 
| 254|0x000000008fe00000, 0x000000008ff00000, 0x000000008ff00000|100%| E|CS|TAMS 0x000000008fe00000, 0x000000008fe00000| Complete 
| 255|0x000000008ff00000, 0x0000000090000000, 0x0000000090000000|100%| E|CS|TAMS 0x000000008ff00000, 0x000000008ff00000| Complete 
| 256|0x0000000090000000, 0x0000000090100000, 0x0000000090100000|100%| E|CS|TAMS 0x0000000090000000, 0x0000000090000000| Complete 
| 257|0x0000000090100000, 0x0000000090200000, 0x0000000090200000|100%| E|CS|TAMS 0x0000000090100000, 0x0000000090100000| Complete 
| 258|0x0000000090200000, 0x0000000090300000, 0x0000000090300000|100%| E|CS|TAMS 0x0000000090200000, 0x0000000090200000| Complete 
| 259|0x0000000090300000, 0x0000000090400000, 0x0000000090400000|100%| E|CS|TAMS 0x0000000090300000, 0x0000000090300000| Complete 
| 260|0x0000000090400000, 0x0000000090500000, 0x0000000090500000|100%| E|CS|TAMS 0x0000000090400000, 0x0000000090400000| Complete 
| 261|0x0000000090500000, 0x0000000090600000, 0x0000000090600000|100%| E|CS|TAMS 0x0000000090500000, 0x0000000090500000| Complete 
| 262|0x0000000090600000, 0x0000000090700000, 0x0000000090700000|100%| E|CS|TAMS 0x0000000090600000, 0x0000000090600000| Complete 
| 263|0x0000000090700000, 0x0000000090800000, 0x0000000090800000|100%| E|CS|TAMS 0x0000000090700000, 0x0000000090700000| Complete 
| 264|0x0000000090800000, 0x0000000090900000, 0x0000000090900000|100%| E|CS|TAMS 0x0000000090800000, 0x0000000090800000| Complete 
| 265|0x0000000090900000, 0x0000000090a00000, 0x0000000090a00000|100%| E|CS|TAMS 0x0000000090900000, 0x0000000090900000| Complete 
| 266|0x0000000090a00000, 0x0000000090b00000, 0x0000000090b00000|100%| E|CS|TAMS 0x0000000090a00000, 0x0000000090a00000| Complete 
| 267|0x0000000090b00000, 0x0000000090c00000, 0x0000000090c00000|100%| E|CS|TAMS 0x0000000090b00000, 0x0000000090b00000| Complete 
| 268|0x0000000090c00000, 0x0000000090d00000, 0x0000000090d00000|100%| E|CS|TAMS 0x0000000090c00000, 0x0000000090c00000| Complete 
| 269|0x0000000090d00000, 0x0000000090e00000, 0x0000000090e00000|100%| E|CS|TAMS 0x0000000090d00000, 0x0000000090d00000| Complete 
| 270|0x0000000090e00000, 0x0000000090f00000, 0x0000000090f00000|100%| E|CS|TAMS 0x0000000090e00000, 0x0000000090e00000| Complete 
| 271|0x0000000090f00000, 0x0000000091000000, 0x0000000091000000|100%| E|CS|TAMS 0x0000000090f00000, 0x0000000090f00000| Complete 

Card table byte_map: [0x0000019f1a250000,0x0000019f1a650000] _byte_map_base: 0x0000019f19e50000

Marking Bits (Prev, Next): (CMBitMap*) 0x0000019f023e43c8, (CMBitMap*) 0x0000019f023e4400
 Prev Bits: [0x0000019f1aa50000, 0x0000019f1ca50000)
 Next Bits: [0x0000019f1ca50000, 0x0000019f1ea50000)

Polling page: 0x0000019f01b70000

Metaspace:

Usage:
  Non-class:     98.98 MB capacity,    96.18 MB ( 97%) used,     2.44 MB (  2%) free+waste,   370.13 KB ( <1%) overhead. 
      Class:     16.10 MB capacity,    14.41 MB ( 89%) used,     1.52 MB (  9%) free+waste,   172.19 KB (  1%) overhead. 
       Both:    115.08 MB capacity,   110.59 MB ( 96%) used,     3.96 MB (  3%) free+waste,   542.31 KB ( <1%) overhead. 

Virtual space:
  Non-class space:      100.00 MB reserved,      99.14 MB (>99%) committed 
      Class space:      504.00 MB reserved,      16.15 MB (  3%) committed 
             Both:      604.00 MB reserved,     115.29 MB ( 19%) committed 

Chunk freelists:
   Non-Class:  33.00 KB
       Class:  28.00 KB
        Both:  61.00 KB

MaxMetaspaceSize: 512.00 MB
CompressedClassSpaceSize: 504.00 MB
Initial GC threshold: 20.80 MB
Current GC threshold: 191.10 MB
CDS: off

CodeHeap 'non-profiled nmethods': size=120000Kb used=10124Kb max_used=10124Kb free=109875Kb
 bounds [0x0000019f125e0000, 0x0000019f12fd0000, 0x0000019f19b10000]
CodeHeap 'profiled nmethods': size=120000Kb used=34966Kb max_used=34966Kb free=85033Kb
 bounds [0x0000019f0b0b0000, 0x0000019f0d2e0000, 0x0000019f125e0000]
CodeHeap 'non-nmethods': size=5760Kb used=2427Kb max_used=2478Kb free=3332Kb
 bounds [0x0000019f0ab10000, 0x0000019f0ad90000, 0x0000019f0b0b0000]
 total_blobs=16216 nmethods=15253 adapters=874
 compilation: enabled
              stopped_count=0, restarted_count=0
 full_count=0

Compilation events (20 events):
Event: 1149.344 Thread 0x0000019f214bf000 15561       3       java.util.TreeMap$NavigableSubMap::tooLow (39 bytes)
Event: 1149.345 Thread 0x0000019f214bf000 nmethod 15561 0x0000019f0d2d1d90 code [0x0000019f0d2d1f80, 0x0000019f0d2d24d8]
Event: 1149.348 Thread 0x0000019f214bf000 15562       3       java.util.TreeMap::getLastEntry (26 bytes)
Event: 1149.349 Thread 0x0000019f214bf000 nmethod 15562 0x0000019f0d2d2690 code [0x0000019f0d2d2840, 0x0000019f0d2d2a38]
Event: 1149.359 Thread 0x0000019f214bf000 15563       3       org.gradle.internal.serialize.kryo.KryoBackedEncoder::writeSmallLong (11 bytes)
Event: 1149.360 Thread 0x0000019f214bf000 nmethod 15563 0x0000019f0d2d2b10 code [0x0000019f0d2d2ce0, 0x0000019f0d2d2e88]
Event: 1149.375 Thread 0x0000019f214bf000 15564       3       java.nio.Buffer::checkBounds (25 bytes)
Event: 1149.383 Thread 0x0000019f214bf000 nmethod 15564 0x0000019f0d2d2f90 code [0x0000019f0d2d3160, 0x0000019f0d2d3348]
Event: 1149.383 Thread 0x0000019f214be000 nmethod 15534 0x0000019f12fc1190 code [0x0000019f12fc1340, 0x0000019f12fc18f8]
Event: 1149.384 Thread 0x0000019f214be000 15535       4       com.android.build.gradle.internal.dependency.ModelArtifactCompatibilityRule::execute (9 bytes)
Event: 1149.392 Thread 0x0000019f214be000 nmethod 15535 0x0000019f12fc1c90 code [0x0000019f12fc1e40, 0x0000019f12fc23f8]
Event: 1149.392 Thread 0x0000019f214be000 15489       4       org.gradle.api.internal.artifacts.transform.TransformationChain::requiresDependencies (30 bytes)
Event: 1149.417 Thread 0x0000019f214be000 nmethod 15489 0x0000019f12fc2790 code [0x0000019f12fc2980, 0x0000019f12fc2c08]
Event: 1149.417 Thread 0x0000019f214be000 15551       4       org.gradle.internal.component.model.ComponentAttributeMatcher::match (259 bytes)
Event: 1149.594 Thread 0x0000019f214bf000 15565   !   3       java.lang.ClassLoader$ParallelLoaders::isRegistered (23 bytes)
Event: 1149.594 Thread 0x0000019f214bf000 nmethod 15565 0x0000019f0d2d3410 code [0x0000019f0d2d35e0, 0x0000019f0d2d39c8]
Event: 1149.595 Thread 0x0000019f214bf000 15566       3       java.lang.ClassLoader::nameAndId (86 bytes)
Event: 1149.596 Thread 0x0000019f214bf000 nmethod 15566 0x0000019f0d2d3b90 code [0x0000019f0d2d3f20, 0x0000019f0d2d52c8]
Event: 1149.603 Thread 0x0000019f214bf000 15567       1       org.gradle.internal.service.DefaultServiceRegistry$ThisAsService::get (5 bytes)
Event: 1149.603 Thread 0x0000019f214bf000 nmethod 15567 0x0000019f12fc2f10 code [0x0000019f12fc30c0, 0x0000019f12fc3178]

GC Heap History (20 events):
Event: 1092.950 GC heap before
{Heap before GC invocations=79 (full 0):
 garbage-first heap   total 278528K, used 146312K [0x0000000080000000, 0x0000000100000000)
  region size 1024K, 22 young (22528K), 2 survivors (2048K)
 Metaspace       used 96785K, capacity 100157K, committed 100516K, reserved 604160K
  class space    used 12645K, capacity 13959K, committed 14104K, reserved 516096K
}
Event: 1093.128 GC heap after
{Heap after GC invocations=80 (full 0):
 garbage-first heap   total 278528K, used 128293K [0x0000000080000000, 0x0000000100000000)
  region size 1024K, 3 young (3072K), 3 survivors (3072K)
 Metaspace       used 96785K, capacity 100157K, committed 100516K, reserved 604160K
  class space    used 12645K, capacity 13959K, committed 14104K, reserved 516096K
}
Event: 1094.752 GC heap before
{Heap before GC invocations=81 (full 0):
 garbage-first heap   total 278528K, used 157989K [0x0000000080000000, 0x0000000100000000)
  region size 1024K, 30 young (30720K), 3 survivors (3072K)
 Metaspace       used 97416K, capacity 100937K, committed 101156K, reserved 604160K
  class space    used 12759K, capacity 14133K, committed 14232K, reserved 516096K
}
Event: 1094.762 GC heap after
{Heap after GC invocations=82 (full 0):
 garbage-first heap   total 278528K, used 133680K [0x0000000080000000, 0x0000000100000000)
  region size 1024K, 4 young (4096K), 4 survivors (4096K)
 Metaspace       used 97416K, capacity 100937K, committed 101156K, reserved 604160K
  class space    used 12759K, capacity 14133K, committed 14232K, reserved 516096K
}
Event: 1097.838 GC heap before
{Heap before GC invocations=82 (full 0):
 garbage-first heap   total 278528K, used 174640K [0x0000000080000000, 0x0000000100000000)
  region size 1024K, 44 young (45056K), 4 survivors (4096K)
 Metaspace       used 99842K, capacity 103533K, committed 103844K, reserved 606208K
  class space    used 13069K, capacity 14507K, committed 14616K, reserved 516096K
}
Event: 1097.860 GC heap after
{Heap after GC invocations=83 (full 0):
 garbage-first heap   total 278528K, used 137299K [0x0000000080000000, 0x0000000100000000)
  region size 1024K, 4 young (4096K), 4 survivors (4096K)
 Metaspace       used 99842K, capacity 103533K, committed 103844K, reserved 606208K
  class space    used 13069K, capacity 14507K, committed 14616K, reserved 516096K
}
Event: 1103.090 GC heap before
{Heap before GC invocations=84 (full 0):
 garbage-first heap   total 278528K, used 156755K [0x0000000080000000, 0x0000000100000000)
  region size 1024K, 24 young (24576K), 4 survivors (4096K)
 Metaspace       used 100207K, capacity 103944K, committed 104100K, reserved 606208K
  class space    used 13121K, capacity 14591K, committed 14616K, reserved 516096K
}
Event: 1103.100 GC heap after
{Heap after GC invocations=85 (full 0):
 garbage-first heap   total 278528K, used 139070K [0x0000000080000000, 0x0000000100000000)
  region size 1024K, 5 young (5120K), 5 survivors (5120K)
 Metaspace       used 100207K, capacity 103944K, committed 104100K, reserved 606208K
  class space    used 13121K, capacity 14591K, committed 14616K, reserved 516096K
}
Event: 1116.318 GC heap before
{Heap before GC invocations=86 (full 0):
 garbage-first heap   total 278528K, used 205630K [0x0000000080000000, 0x0000000100000000)
  region size 1024K, 66 young (67584K), 5 survivors (5120K)
 Metaspace       used 102379K, capacity 106377K, committed 106532K, reserved 608256K
  class space    used 13396K, capacity 14948K, committed 15000K, reserved 516096K
}
Event: 1116.343 GC heap after
{Heap after GC invocations=87 (full 0):
 garbage-first heap   total 278528K, used 147467K [0x0000000080000000, 0x0000000100000000)
  region size 1024K, 7 young (7168K), 7 survivors (7168K)
 Metaspace       used 102379K, capacity 106377K, committed 106532K, reserved 608256K
  class space    used 13396K, capacity 14948K, committed 15000K, reserved 516096K
}
Event: 1117.079 GC heap before
{Heap before GC invocations=87 (full 0):
 garbage-first heap   total 278528K, used 149515K [0x0000000080000000, 0x0000000100000000)
  region size 1024K, 11 young (11264K), 7 survivors (7168K)
 Metaspace       used 102396K, capacity 106393K, committed 106532K, reserved 608256K
  class space    used 13398K, capacity 14951K, committed 15000K, reserved 516096K
}
Event: 1117.099 GC heap after
{Heap after GC invocations=88 (full 0):
 garbage-first heap   total 278528K, used 149530K [0x0000000080000000, 0x0000000100000000)
  region size 1024K, 7 young (7168K), 7 survivors (7168K)
 Metaspace       used 102396K, capacity 106393K, committed 106532K, reserved 608256K
  class space    used 13398K, capacity 14951K, committed 15000K, reserved 516096K
}
Event: 1130.429 GC heap before
{Heap before GC invocations=89 (full 0):
 garbage-first heap   total 278528K, used 215066K [0x0000000080000000, 0x0000000100000000)
  region size 1024K, 70 young (71680K), 7 survivors (7168K)
 Metaspace       used 104964K, capacity 109184K, committed 109220K, reserved 610304K
  class space    used 13728K, capacity 15371K, committed 15384K, reserved 516096K
}
Event: 1130.449 GC heap after
{Heap after GC invocations=90 (full 0):
 garbage-first heap   total 278528K, used 159530K [0x0000000080000000, 0x0000000100000000)
  region size 1024K, 9 young (9216K), 9 survivors (9216K)
 Metaspace       used 104964K, capacity 109184K, committed 109220K, reserved 610304K
  class space    used 13728K, capacity 15371K, committed 15384K, reserved 516096K
}
Event: 1141.966 GC heap before
{Heap before GC invocations=90 (full 0):
 garbage-first heap   total 278528K, used 219946K [0x0000000080000000, 0x0000000100000000)
  region size 1024K, 68 young (69632K), 9 survivors (9216K)
 Metaspace       used 110642K, capacity 114949K, committed 115236K, reserved 616448K
  class space    used 14490K, capacity 16182K, committed 16280K, reserved 516096K
}
Event: 1142.020 GC heap after
{Heap after GC invocations=91 (full 0):
 garbage-first heap   total 278528K, used 164401K [0x0000000080000000, 0x0000000100000000)
  region size 1024K, 5 young (5120K), 5 survivors (5120K)
 Metaspace       used 110642K, capacity 114949K, committed 115236K, reserved 616448K
  class space    used 14490K, capacity 16182K, committed 16280K, reserved 516096K
}
Event: 1146.385 GC heap before
{Heap before GC invocations=92 (full 0):
 garbage-first heap   total 278528K, used 223793K [0x0000000080000000, 0x0000000100000000)
  region size 1024K, 63 young (64512K), 5 survivors (5120K)
 Metaspace       used 112160K, capacity 116654K, committed 116900K, reserved 618496K
  class space    used 14660K, capacity 16376K, committed 16408K, reserved 516096K
}
Event: 1146.422 GC heap after
{Heap after GC invocations=93 (full 0):
 garbage-first heap   total 278528K, used 173056K [0x0000000080000000, 0x0000000100000000)
  region size 1024K, 8 young (8192K), 8 survivors (8192K)
 Metaspace       used 112160K, capacity 116654K, committed 116900K, reserved 618496K
  class space    used 14660K, capacity 16376K, committed 16408K, reserved 516096K
}
Event: 1148.751 GC heap before
{Heap before GC invocations=93 (full 0):
 garbage-first heap   total 278528K, used 227328K [0x0000000080000000, 0x0000000100000000)
  region size 1024K, 61 young (62464K), 8 survivors (8192K)
 Metaspace       used 112507K, capacity 117128K, committed 117412K, reserved 618496K
  class space    used 14678K, capacity 16379K, committed 16408K, reserved 516096K
}
Event: 1148.801 GC heap after
{Heap after GC invocations=94 (full 0):
 garbage-first heap   total 278528K, used 180520K [0x0000000080000000, 0x0000000100000000)
  region size 1024K, 7 young (7168K), 7 survivors (7168K)
 Metaspace       used 112507K, capacity 117128K, committed 117412K, reserved 618496K
  class space    used 14678K, capacity 16379K, committed 16408K, reserved 516096K
}

Deoptimization events (20 events):
Event: 1148.418 Thread 0x0000019f23502800 Uncommon trap: trap_request=0xffffffd6 fr.pc=0x0000019f12f5fb6c relative=0x00000000000007ac
Event: 1148.418 Thread 0x0000019f23502800 Uncommon trap: reason=array_check action=maybe_recompile pc=0x0000019f12f5fb6c method=java.util.TimSort.binarySort([Ljava/lang/Object;IIILjava/util/Comparator;)V @ 193 c2
Event: 1148.418 Thread 0x0000019f23502800 DEOPT PACKING pc=0x0000019f12f5fb6c sp=0x00000033d25f9b70
Event: 1148.418 Thread 0x0000019f23502800 DEOPT UNPACKING pc=0x0000019f0ab5a1af sp=0x00000033d25f9b18 mode 2
Event: 1148.436 Thread 0x0000019f23502800 Uncommon trap: trap_request=0xffffffd6 fr.pc=0x0000019f12f5fb6c relative=0x00000000000007ac
Event: 1148.436 Thread 0x0000019f23502800 Uncommon trap: reason=array_check action=maybe_recompile pc=0x0000019f12f5fb6c method=java.util.TimSort.binarySort([Ljava/lang/Object;IIILjava/util/Comparator;)V @ 193 c2
Event: 1148.436 Thread 0x0000019f23502800 DEOPT PACKING pc=0x0000019f12f5fb6c sp=0x00000033d25f9750
Event: 1148.436 Thread 0x0000019f23502800 DEOPT UNPACKING pc=0x0000019f0ab5a1af sp=0x00000033d25f96f8 mode 2
Event: 1148.437 Thread 0x0000019f23502800 Uncommon trap: trap_request=0xffffffd6 fr.pc=0x0000019f12f5fb6c relative=0x00000000000007ac
Event: 1148.437 Thread 0x0000019f23502800 Uncommon trap: reason=array_check action=maybe_recompile pc=0x0000019f12f5fb6c method=java.util.TimSort.binarySort([Ljava/lang/Object;IIILjava/util/Comparator;)V @ 193 c2
Event: 1148.437 Thread 0x0000019f23502800 DEOPT PACKING pc=0x0000019f12f5fb6c sp=0x00000033d25f9ba0
Event: 1148.437 Thread 0x0000019f23502800 DEOPT UNPACKING pc=0x0000019f0ab5a1af sp=0x00000033d25f9b48 mode 2
Event: 1148.519 Thread 0x0000019f23502800 DEOPT PACKING pc=0x0000019f0cbe15d5 sp=0x00000033d25fa200
Event: 1148.519 Thread 0x0000019f23502800 DEOPT UNPACKING pc=0x0000019f0ab5a95e sp=0x00000033d25f9720 mode 0
Event: 1148.594 Thread 0x0000019f23502800 DEOPT PACKING pc=0x0000019f0cbe15d5 sp=0x00000033d25f9dd0
Event: 1148.594 Thread 0x0000019f23502800 DEOPT UNPACKING pc=0x0000019f0ab5a95e sp=0x00000033d25f92f0 mode 0
Event: 1149.596 Thread 0x0000019f23502800 Uncommon trap: trap_request=0xfffffff4 fr.pc=0x0000019f12e2af54 relative=0x0000000000001634
Event: 1149.596 Thread 0x0000019f23502800 Uncommon trap: reason=null_check action=make_not_entrant pc=0x0000019f12e2af54 method=org.gradle.internal.instantiation.generator.AbstractClassGenerator.isLazyAttachProperty(Lorg/gradle/internal/instantiation/generator/AbstractClassGenerator$PropertyMetad
Event: 1149.596 Thread 0x0000019f23502800 DEOPT PACKING pc=0x0000019f12e2af54 sp=0x00000033d25f8bb0
Event: 1149.596 Thread 0x0000019f23502800 DEOPT UNPACKING pc=0x0000019f0ab5a1af sp=0x00000033d25f8bf0 mode 2

Classes redefined (0 events):
No events

Internal exceptions (20 events):
Event: 1129.447 Thread 0x0000019f23502800 Exception <a 'java/lang/ClassNotFoundException'{0x000000008d3adbd0}: build_93cj1x16e3939jr061amq0fao$_run_closure1BeanInfo> (0x000000008d3adbd0) thrown at [./src/hotspot/share/classfile/systemDictionary.cpp, line 230]
Event: 1129.448 Thread 0x0000019f23502800 Exception <a 'java/lang/ClassNotFoundException'{0x000000008d3bd888}: build_93cj1x16e3939jr061amq0fao$_run_closure1Customizer> (0x000000008d3bd888) thrown at [./src/hotspot/share/classfile/systemDictionary.cpp, line 230]
Event: 1129.622 Thread 0x0000019f23502800 Exception <a 'java/lang/NoClassDefFoundError'{0x000000008d01d748}: org/jetbrains/kotlin/gradle/plugin/KotlinBasePluginWrapper> (0x000000008d01d748) thrown at [./src/hotspot/share/oops/constantPool.cpp, line 775]
Event: 1129.641 Thread 0x0000019f23502800 Implicit null exception at 0x0000019f12c6f319 to 0x0000019f12c6f9d8
Event: 1129.643 Thread 0x0000019f23502800 Implicit null exception at 0x0000019f12c706db to 0x0000019f12c70768
Event: 1131.147 Thread 0x0000019f23502800 Implicit null exception at 0x0000019f12eabab0 to 0x0000019f12eabb70
Event: 1131.516 Thread 0x0000019f23502800 Implicit null exception at 0x0000019f12eb23bd to 0x0000019f12eb2acc
Event: 1132.514 Thread 0x0000019f23502800 Exception <a 'java/lang/NullPointerException'{0x000000008fa0efc8}> (0x000000008fa0efc8) thrown at [./src/hotspot/share/interpreter/linkResolver.cpp, line 1440]
Event: 1133.130 Thread 0x0000019f23502800 Implicit null exception at 0x0000019f12b023ec to 0x0000019f12b045fc
Event: 1138.690 Thread 0x0000019f23502800 Exception <a 'sun/nio/fs/WindowsException'{0x000000008e9c86b0}> (0x000000008e9c86b0) thrown at [./src/hotspot/share/prims/jni.cpp, line 617]
Event: 1138.692 Thread 0x0000019f23502800 Exception <a 'sun/nio/fs/WindowsException'{0x000000008e9c9a38}> (0x000000008e9c9a38) thrown at [./src/hotspot/share/prims/jni.cpp, line 617]
Event: 1138.693 Thread 0x0000019f23502800 Exception <a 'sun/nio/fs/WindowsException'{0x000000008e9cae10}> (0x000000008e9cae10) thrown at [./src/hotspot/share/prims/jni.cpp, line 617]
Event: 1138.693 Thread 0x0000019f23502800 Exception <a 'sun/nio/fs/WindowsException'{0x000000008e9cc1e8}> (0x000000008e9cc1e8) thrown at [./src/hotspot/share/prims/jni.cpp, line 617]
Event: 1142.223 Thread 0x0000019f23502800 Implicit null exception at 0x0000019f12ef23de to 0x0000019f12ef2940
Event: 1142.223 Thread 0x0000019f23502800 Implicit null exception at 0x0000019f12ef2fb4 to 0x0000019f12ef3878
Event: 1142.223 Thread 0x0000019f23502800 Implicit null exception at 0x0000019f12ef134e to 0x0000019f12ef1a54
Event: 1142.251 Thread 0x0000019f23502800 Implicit null exception at 0x0000019f12ef74c0 to 0x0000019f12ef7574
Event: 1144.064 Thread 0x0000019f23502800 Implicit null exception at 0x0000019f12a9f114 to 0x0000019f12a9f6e8
Event: 1145.839 Thread 0x0000019f23502800 Exception <a 'java/lang/NoSuchMethodError'{0x000000008dd07f98}: 'int java.lang.invoke.DirectMethodHandle$Holder.invokeStatic(java.lang.Object, int, int, java.lang.Object)'> (0x000000008dd07f98) thrown at [./src/hotspot/share/interpreter/linkResolver.cpp, line 773]
Event: 1149.596 Thread 0x0000019f23502800 Implicit null exception at 0x0000019f12e29994 to 0x0000019f12e2af40

Events (20 events):
Event: 1148.900 loading class com/android/build/gradle/tasks/CompatibleScreensManifest$CreationAction$configure$2
Event: 1148.900 loading class com/android/build/gradle/tasks/CompatibleScreensManifest$CreationAction$configure$2 done
Event: 1148.911 loading class com/android/manifmerger/ManifestMerger2$Invoker
Event: 1148.911 loading class com/android/manifmerger/ManifestMerger2$Invoker done
Event: 1148.917 loading class com/android/manifmerger/ManifestMerger2
Event: 1148.917 loading class com/android/manifmerger/ManifestMerger2 done
Event: 1148.931 loading class com/android/build/gradle/internal/core/VariantSources$manifestOverlays$gatherManifest$1
Event: 1148.931 loading class com/android/build/gradle/internal/core/VariantSources$manifestOverlays$gatherManifest$1 done
Event: 1148.951 loading class javax/annotation/CheckForNull
Event: 1148.952 loading class javax/annotation/CheckForNull done
Event: 1148.953 loading class javax/annotation/CheckForNull
Event: 1148.953 loading class javax/annotation/CheckForNull done
Event: 1149.075 loading class com/android/build/gradle/internal/TaskManager$createMockableJarTask$1$1
Event: 1149.075 loading class com/android/build/gradle/internal/TaskManager$createMockableJarTask$1$1 done
Event: 1149.099 Executing VM operation: CGC_Operation
Event: 1149.135 Executing VM operation: CGC_Operation done
Event: 1149.375 Executing VM operation: CGC_Operation
Event: 1149.380 Executing VM operation: CGC_Operation done
Event: 1149.566 loading class org/jetbrains/kotlin/gradle/tasks/KotlinCompilerExecutionStrategy
Event: 1149.566 loading class org/jetbrains/kotlin/gradle/tasks/KotlinCompilerExecutionStrategy done


Dynamic libraries:
0x00007ff755f40000 - 0x00007ff755f4d000 	C:\Program Files\Microsoft\jdk-11.0.18.10-hotspot\bin\java.exe
0x00007ffa50dd0000 - 0x00007ffa50fe4000 	C:\WINDOWS\SYSTEM32\ntdll.dll
0x00007ffa4f1d0000 - 0x00007ffa4f292000 	C:\WINDOWS\System32\KERNEL32.DLL
0x00007ffa4e380000 - 0x00007ffa4e71c000 	C:\WINDOWS\System32\KERNELBASE.dll
0x00007ffa4e840000 - 0x00007ffa4e951000 	C:\WINDOWS\System32\ucrtbase.dll
0x00007ffa278d0000 - 0x00007ffa278e7000 	C:\Program Files\Microsoft\jdk-11.0.18.10-hotspot\bin\jli.dll
0x00007ffa27250000 - 0x00007ffa27265000 	C:\Program Files\Microsoft\jdk-11.0.18.10-hotspot\bin\VCRUNTIME140.dll
0x00007ffa507b0000 - 0x00007ffa5095b000 	C:\WINDOWS\System32\USER32.dll
0x00007ffa2bcd0000 - 0x00007ffa2bf5e000 	C:\WINDOWS\WinSxS\amd64_microsoft.windows.common-controls_6595b64144ccf1df_6.0.22621.608_none_a9444ca7c10bb01d\COMCTL32.dll
0x00007ffa4e350000 - 0x00007ffa4e376000 	C:\WINDOWS\System32\win32u.dll
0x00007ffa50b80000 - 0x00007ffa50c27000 	C:\WINDOWS\System32\msvcrt.dll
0x00007ffa4f8e0000 - 0x00007ffa4f909000 	C:\WINDOWS\System32\GDI32.dll
0x00007ffa4e720000 - 0x00007ffa4e833000 	C:\WINDOWS\System32\gdi32full.dll
0x00007ffa4eb40000 - 0x00007ffa4ebda000 	C:\WINDOWS\System32\msvcp_win.dll
0x00007ffa50770000 - 0x00007ffa507a1000 	C:\WINDOWS\System32\IMM32.DLL
0x00007ff9fa240000 - 0x00007ff9fa2db000 	C:\Program Files\Microsoft\jdk-11.0.18.10-hotspot\bin\msvcp140.dll
0x00007ff9c7820000 - 0x00007ff9c83b2000 	C:\Program Files\Microsoft\jdk-11.0.18.10-hotspot\bin\server\jvm.dll
0x00007ffa50ad0000 - 0x00007ffa50b7e000 	C:\WINDOWS\System32\ADVAPI32.dll
0x00007ffa4ed30000 - 0x00007ffa4edd4000 	C:\WINDOWS\System32\sechost.dll
0x00007ffa4ec10000 - 0x00007ffa4ed27000 	C:\WINDOWS\System32\RPCRT4.dll
0x00007ffa4f910000 - 0x00007ffa4f918000 	C:\WINDOWS\System32\PSAPI.DLL
0x00007ffa28c10000 - 0x00007ffa28c19000 	C:\WINDOWS\SYSTEM32\WSOCK32.dll
0x00007ffa46d60000 - 0x00007ffa46d94000 	C:\WINDOWS\SYSTEM32\WINMM.dll
0x00007ffa4be20000 - 0x00007ffa4be2a000 	C:\WINDOWS\SYSTEM32\VERSION.dll
0x00007ffa4efd0000 - 0x00007ffa4f041000 	C:\WINDOWS\System32\WS2_32.dll
0x00007ffa4d2c0000 - 0x00007ffa4d2d8000 	C:\WINDOWS\SYSTEM32\kernel.appcore.dll
0x00007ffa28bd0000 - 0x00007ffa28be0000 	C:\Program Files\Microsoft\jdk-11.0.18.10-hotspot\bin\verify.dll
0x00007ffa48e50000 - 0x00007ffa4907e000 	C:\WINDOWS\SYSTEM32\DBGHELP.DLL
0x00007ffa4f550000 - 0x00007ffa4f8d9000 	C:\WINDOWS\System32\combase.dll
0x00007ffa50960000 - 0x00007ffa50a37000 	C:\WINDOWS\System32\OLEAUT32.dll
0x00007ffa30020000 - 0x00007ffa30052000 	C:\WINDOWS\SYSTEM32\dbgcore.DLL
0x00007ffa4e210000 - 0x00007ffa4e28b000 	C:\WINDOWS\System32\bcryptPrimitives.dll
0x00007ffa13970000 - 0x00007ffa13998000 	C:\Program Files\Microsoft\jdk-11.0.18.10-hotspot\bin\java.dll
0x00007ffa28270000 - 0x00007ffa2827a000 	C:\Program Files\Microsoft\jdk-11.0.18.10-hotspot\bin\jimage.dll
0x00007ffa26520000 - 0x00007ffa26538000 	C:\Program Files\Microsoft\jdk-11.0.18.10-hotspot\bin\zip.dll
0x00007ffa4f920000 - 0x00007ffa50110000 	C:\WINDOWS\System32\SHELL32.dll
0x00007ffa4c1e0000 - 0x00007ffa4caad000 	C:\WINDOWS\SYSTEM32\windows.storage.dll
0x00007ffa4c090000 - 0x00007ffa4c1ce000 	C:\WINDOWS\SYSTEM32\wintypes.dll
0x00007ffa4f050000 - 0x00007ffa4f141000 	C:\WINDOWS\System32\SHCORE.dll
0x00007ffa50d30000 - 0x00007ffa50d8e000 	C:\WINDOWS\System32\shlwapi.dll
0x00007ffa4e140000 - 0x00007ffa4e161000 	C:\WINDOWS\SYSTEM32\profapi.dll
0x00007ffa1dcf0000 - 0x00007ffa1dd09000 	C:\Program Files\Microsoft\jdk-11.0.18.10-hotspot\bin\net.dll
0x00007ffa45700000 - 0x00007ffa45837000 	C:\WINDOWS\SYSTEM32\WINHTTP.dll
0x00007ffa4d780000 - 0x00007ffa4d7e9000 	C:\WINDOWS\system32\mswsock.dll
0x00007ffa13640000 - 0x00007ffa13653000 	C:\Program Files\Microsoft\jdk-11.0.18.10-hotspot\bin\nio.dll
0x00007ffa0d500000 - 0x00007ffa0d527000 	C:\Users\Hp gaming\.gradle\native\e1d6ef7f7dcc3fd88c89a11ec53ec762bb8ba0a96d01ffa2cd45eb1d1d8dd5c5\windows-amd64\native-platform.dll
0x00007ff9d32c0000 - 0x00007ff9d3404000 	C:\Users\Hp gaming\.gradle\native\0d407fdbe67a94daf76414ababcb853783967236a71b16ec16e742cd7a986fd3\windows-amd64\native-platform-file-events.dll
0x00007ffa27fb0000 - 0x00007ffa27fb9000 	C:\Program Files\Microsoft\jdk-11.0.18.10-hotspot\bin\management.dll
0x00007ffa27ed0000 - 0x00007ffa27edb000 	C:\Program Files\Microsoft\jdk-11.0.18.10-hotspot\bin\management_ext.dll
0x00007ffa4da10000 - 0x00007ffa4da2b000 	C:\WINDOWS\SYSTEM32\CRYPTSP.dll
0x00007ffa4d280000 - 0x00007ffa4d2b5000 	C:\WINDOWS\system32\rsaenh.dll
0x00007ffa4d850000 - 0x00007ffa4d878000 	C:\WINDOWS\SYSTEM32\USERENV.dll
0x00007ffa4dbe0000 - 0x00007ffa4dc08000 	C:\WINDOWS\SYSTEM32\bcrypt.dll
0x00007ffa4da00000 - 0x00007ffa4da0c000 	C:\WINDOWS\SYSTEM32\CRYPTBASE.dll
0x00007ffa4cd70000 - 0x00007ffa4cd9d000 	C:\WINDOWS\SYSTEM32\IPHLPAPI.DLL
0x00007ffa4efc0000 - 0x00007ffa4efc9000 	C:\WINDOWS\System32\NSI.dll
0x00007ffa456e0000 - 0x00007ffa456f9000 	C:\WINDOWS\SYSTEM32\dhcpcsvc6.DLL
0x00007ffa456c0000 - 0x00007ffa456df000 	C:\WINDOWS\SYSTEM32\dhcpcsvc.DLL
0x00007ffa4cde0000 - 0x00007ffa4ced3000 	C:\WINDOWS\SYSTEM32\DNSAPI.dll

dbghelp: loaded successfully - version: 4.0.5 - missing functions: none
symbol engine: initialized successfully - sym options: 0x614 - pdb path: .;C:\Program Files\Microsoft\jdk-11.0.18.10-hotspot\bin;C:\WINDOWS\SYSTEM32;C:\WINDOWS\WinSxS\amd64_microsoft.windows.common-controls_6595b64144ccf1df_6.0.22621.608_none_a9444ca7c10bb01d;C:\Program Files\Microsoft\jdk-11.0.18.10-hotspot\bin\server;C:\Users\Hp gaming\.gradle\native\e1d6ef7f7dcc3fd88c89a11ec53ec762bb8ba0a96d01ffa2cd45eb1d1d8dd5c5\windows-amd64;C:\Users\Hp gaming\.gradle\native\0d407fdbe67a94daf76414ababcb853783967236a71b16ec16e742cd7a986fd3\windows-amd64

VM Arguments:
jvm_args: -XX:MaxMetaspaceSize=512m --add-opens=java.base/java.util=ALL-UNNAMED --add-opens=java.base/java.lang=ALL-UNNAMED --add-opens=java.base/java.lang.invoke=ALL-UNNAMED --add-opens=java.base/java.util=ALL-UNNAMED --add-opens=java.prefs/java.util.prefs=ALL-UNNAMED --add-opens=java.prefs/java.util.prefs=ALL-UNNAMED --add-opens=java.base/java.nio.charset=ALL-UNNAMED --add-opens=java.base/java.net=ALL-UNNAMED --add-opens=java.base/java.util.concurrent.atomic=ALL-UNNAMED -Xmx2048m -Dfile.encoding=windows-1252 -Duser.country=IN -Duser.language=en -Duser.variant 
java_command: org.gradle.launcher.daemon.bootstrap.GradleDaemon 7.5.1
java_class_path (initial): C:\Users\Hp gaming\.gradle\wrapper\dists\gradle-7.5.1-all\1ehga6e77gqps5uk2kc5kf1vc\gradle-7.5.1\lib\gradle-launcher-7.5.1.jar
Launcher Type: SUN_STANDARD

[Global flags]
     intx CICompilerCount                          = 4                                         {product} {ergonomic}
   size_t CompressedClassSpaceSize                 = 528482304                                 {product} {ergonomic}
     uint ConcGCThreads                            = 2                                         {product} {ergonomic}
     uint G1ConcRefinementThreads                  = 8                                         {product} {ergonomic}
   size_t G1HeapRegionSize                         = 1048576                                   {product} {ergonomic}
    uintx GCDrainStackTargetSize                   = 64                                        {product} {ergonomic}
   size_t InitialHeapSize                          = 132120576                                 {product} {ergonomic}
   size_t MarkStackSize                            = 4194304                                   {product} {ergonomic}
   size_t MaxHeapSize                              = 2147483648                                {product} {command line}
   size_t MaxMetaspaceSize                         = 536870912                                 {product} {command line}
   size_t MaxNewSize                               = 1287651328                                {product} {ergonomic}
   size_t MinHeapDeltaBytes                        = 1048576                                   {product} {ergonomic}
    uintx NonNMethodCodeHeapSize                   = 5836300                                {pd product} {ergonomic}
    uintx NonProfiledCodeHeapSize                  = 122910970                              {pd product} {ergonomic}
    uintx ProfiledCodeHeapSize                     = 122910970                              {pd product} {ergonomic}
    uintx ReservedCodeCacheSize                    = 251658240                              {pd product} {ergonomic}
     bool SegmentedCodeCache                       = true                                      {product} {ergonomic}
     bool UseCompressedClassPointers               = true                                 {lp64_product} {ergonomic}
     bool UseCompressedOops                        = true                                 {lp64_product} {ergonomic}
     bool UseG1GC                                  = true                                      {product} {ergonomic}
     bool UseLargePagesIndividualAllocation        = false                                  {pd product} {ergonomic}

Logging:
Log output configuration:
 #0: stdout all=warning uptime,level,tags
 #1: stderr all=off uptime,level,tags

Environment Variables:
JAVA_HOME=C:\Program Files\Microsoft\jdk-11.0.18.10-hotspot\
CLASSPATH=C:\Users\Hp gaming\Desktop\hibeeappm\Hibbe-Mobile-App\android\\gradle\wrapper\gradle-wrapper.jar
PATH=C:\Users\Hp gaming\Desktop\hibeeappm\Hibbe-Mobile-App\android\node_modules\.bin;C:\Users\Hp gaming\Desktop\hibeeappm\Hibbe-Mobile-App\node_modules\.bin;C:\Users\Hp gaming\Desktop\hibeeappm\node_modules\.bin;C:\Users\Hp gaming\Desktop\node_modules\.bin;C:\Users\Hp gaming\node_modules\.bin;C:\Users\node_modules\.bin;C:\node_modules\.bin;C:\Program Files\nodejs;C:\Users\Hp gaming\Desktop\hibeeappm\Hibbe-Mobile-App\node_modules\.bin;C:\Users\Hp gaming\Desktop\hibeeappm\Hibbe-Mobile-App\node_modules\.bin;C:\Users\Hp gaming\Desktop\hibeeappm\node_modules\.bin;C:\Users\Hp gaming\Desktop\node_modules\.bin;C:\Users\Hp gaming\node_modules\.bin;C:\Users\node_modules\.bin;C:\node_modules\.bin;C:\Users\Hp gaming\Desktop\hibeeappm\Hibbe-Mobile-App\node_modules\npm\node_modules\@npmcli\run-script\lib\node-gyp-bin;C:\Users\Hp gaming\Desktop\hibeeappm\Hibbe-Mobile-App\node_modules\.bin;C:\Users\Hp gaming\Desktop\hibeeappm\node_modules\.bin;C:\Users\Hp gaming\Desktop\node_modules\.bin;C:\Users\Hp gaming\node_modules\.bin;C:\Users\node_modules\.bin;C:\node_modules\.bin;C:\Program Files\nodejs;C:\Users\Hp gaming\Desktop\hibeeappm\Hibbe-Mobile-App\node_modules\.bin;C:\Users\Hp gaming\Desktop\hibeeappm\node_modules\.bin;C:\Users\Hp gaming\Desktop\node_modules\.bin;C:\Users\Hp gaming\node_modules\.bin;C:\Users\node_modules\.bin;C:\node_modules\.bin;C:\Users\Hp gaming\AppData\Roaming\npm\node_modules\npm\node_modules\@npmcli\run-script\lib\node-gyp-bin;C:\Program Files\Microsoft\jdk-11.0.18.10-hotspot\bin;C:\Program Files\Common Files\Oracle\Java\javapath;C:\WINDOWS\system32;C:\WINDOWS;C:\WINDOWS\System32\Wbem;C:\WINDOWS\System32\WindowsPowerShell\v1.0\;C:\WINDOWS\System32\OpenSSH\;C:\Program Files\Java\jdk-18.0.1.1\bin;C:\Program Files\Git\cmd;C:\ProgramData\chocolatey\bin;C:\Program Files\nodejs\;C:\Users\Hp gaming\AppData\Local\Programs\Microsoft VS Code\bin;C:\Program Files\heroku\bin;C:\Program Files\heroku\bin;C:\Users\Hp gaming\AppData\Roaming\npm;C:\Users\Hp gaming\AppData\Local\
USERNAME=Hp gaming
LANG=en_US.UTF-8
OS=Windows_NT
PROCESSOR_IDENTIFIER=Intel64 Family 6 Model 158 Stepping 10, GenuineIntel
TMP=C:\WINDOWS\TEMP
TEMP=C:\Users\HPGAMI~1\AppData\Local\Temp



---------------  S Y S T E M  ---------------

OS: Windows 11 , 64 bit Build 22621 (10.0.22621.1485)
OS uptime: 7 days 7:41 hours
Hyper-V role detected

CPU:total 8 (initial active 8) (4 cores per cpu, 2 threads per core) family 6 model 158 stepping 10 microcode 0xea, cmov, cx8, fxsr, mmx, sse, sse2, sse3, ssse3, sse4.1, sse4.2, popcnt, avx, avx2, aes, clmul, erms, 3dnowpref, lzcnt, ht, tsc, tscinvbit, bmi1, bmi2, adx, fma

Memory: 4k page, system-wide physical 8033M (44M free)
TotalPageFile size 32609M (AvailPageFile size 5M)
current process WorkingSet (physical memory assigned to process): 374M, peak: 393M
current process commit charge ("private bytes"): 642M, peak: 644M

vm_info: OpenJDK 64-Bit Server VM (11.0.18+10-LTS) for windows-amd64 JRE (11.0.18+10-LTS), built on Jan 18 2023 15:56:47 by "MicrosoftCorporation" with MS VC++ 15.9 (VS2017)

END.
