#
# There is insufficient memory for the Java Runtime Environment to continue.
# Native memory allocation (malloc) failed to allocate 380096 bytes for Chunk::new
# Possible reasons:
#   The system is out of physical RAM or swap space
#   The process is running with CompressedOops enabled, and the Java Heap may be blocking the growth of the native heap
# Possible solutions:
#   Reduce memory load on the system
#   Increase physical memory or swap space
#   Check if swap backing store is full
#   Decrease Java heap size (-Xmx/-Xms)
#   Decrease number of Java threads
#   Decrease Java thread stack sizes (-Xss)
#   Set larger code cache with -XX:ReservedCodeCacheSize=
#   JVM is running with Unscaled Compressed Oops mode in which the Java heap is
#     placed in the first 4GB address space. The Java Heap base address is the
#     maximum limit for the native heap growth. Please use -XX:HeapBaseMinAddress
#     to set the Java Heap base and to place the Java Heap above 4GB virtual address.
# This output file may be truncated or incomplete.
#
#  Out of Memory Error (./src/hotspot/share/memory/arena.cpp:197), pid=22820, tid=28764
#
# JRE version: OpenJDK Runtime Environment Microsoft-7208460 (11.0.18+10) (build 11.0.18+10-LTS)
# Java VM: OpenJDK 64-Bit Server VM Microsoft-7208460 (11.0.18+10-LTS, mixed mode, tiered, compressed oops, g1 gc, windows-amd64)
# No core dump will be written. Minidumps are not enabled by default on client versions of Windows
#

---------------  S U M M A R Y ------------

Command Line: -XX:MaxMetaspaceSize=512m --add-opens=java.base/java.util=ALL-UNNAMED --add-opens=java.base/java.lang=ALL-UNNAMED --add-opens=java.base/java.lang.invoke=ALL-UNNAMED --add-opens=java.base/java.util=ALL-UNNAMED --add-opens=java.prefs/java.util.prefs=ALL-UNNAMED --add-opens=java.prefs/java.util.prefs=ALL-UNNAMED --add-opens=java.base/java.nio.charset=ALL-UNNAMED --add-opens=java.base/java.net=ALL-UNNAMED --add-opens=java.base/java.util.concurrent.atomic=ALL-UNNAMED -Xmx2048m -Dfile.encoding=windows-1252 -Duser.country=IN -Duser.language=en -Duser.variant org.gradle.launcher.daemon.bootstrap.GradleDaemon 7.5.1

Host: Intel(R) Core(TM) i5-9300H CPU @ 2.40GHz, 8 cores, 7G,  Windows 11 , 64 bit Build 22621 (10.0.22621.1485)
Time: Fri Apr 28 19:16:01 2023 India Standard Time elapsed time: 1164.138029 seconds (0d 0h 19m 24s)

---------------  T H R E A D  ---------------

Current thread (0x00000135db6ec000):  JavaThread "C2 CompilerThread0" daemon [_thread_in_native, id=28764, stack(0x000000040a400000,0x000000040a500000)]


Current CompileTask:
C2:1164139 9949   !   4       java.io.BufferedReader::readLine (304 bytes)

Stack: [0x000000040a400000,0x000000040a500000]
Native frames: (J=compiled Java code, j=interpreted, Vv=VM code, C=native code)
V  [jvm.dll+0x62bf8a]
V  [jvm.dll+0x7b8fb9]
V  [jvm.dll+0x7ba6a8]
V  [jvm.dll+0x7bad83]
V  [jvm.dll+0x250248]
V  [jvm.dll+0xc260c]
V  [jvm.dll+0xc2bcc]
V  [jvm.dll+0x2c4e64]
V  [jvm.dll+0x533dcc]
V  [jvm.dll+0x21177b]
V  [jvm.dll+0x20b39a]
V  [jvm.dll+0x2083eb]
V  [jvm.dll+0x18a4b1]
V  [jvm.dll+0x217eec]
V  [jvm.dll+0x21612b]
V  [jvm.dll+0x77bac0]
V  [jvm.dll+0x7749f4]
V  [jvm.dll+0x62adf5]
C  [ucrtbase.dll+0x29363]
C  [KERNEL32.DLL+0x1269d]
C  [ntdll.dll+0x5a9f8]


---------------  P R O C E S S  ---------------

Threads class SMR info:
_java_thread_list=0x00000135def5aff0, length=132, elements={
0x00000135bc5c2000, 0x00000135db6db000, 0x00000135db6c9000, 0x00000135db6e8000,
0x00000135db6e9000, 0x00000135db6ea000, 0x00000135db6ec000, 0x00000135db6ee000,
0x00000135db70d800, 0x00000135dc1a1000, 0x00000135dcaae800, 0x00000135dcd56000,
0x00000135dcfdc800, 0x00000135de1a2000, 0x00000135dc9d5800, 0x00000135dcfad800,
0x00000135dd134000, 0x00000135dd9dd000, 0x00000135dcbd7000, 0x00000135dd3d7800,
0x00000135dd3da000, 0x00000135dd3db000, 0x00000135dd3d9800, 0x00000135dd3db800,
0x00000135dd3d6000, 0x00000135dd3dc800, 0x00000135dd3d7000, 0x00000135dc41a000,
0x00000135dc41d000, 0x00000135dc41e000, 0x00000135dc419000, 0x00000135dc41b800,
0x00000135dc41f800, 0x00000135dc422000, 0x00000135dc420800, 0x00000135dc41c800,
0x00000135dc425800, 0x00000135dc423800, 0x00000135dc423000, 0x00000135dc424800,
0x00000135dc427000, 0x00000135dd3d8800, 0x00000135de9ac800, 0x00000135de9ab800,
0x00000135de9ab000, 0x00000135de9a9800, 0x00000135de9ae000, 0x00000135de9b0000,
0x00000135de9ad800, 0x00000135de9af000, 0x00000135de9aa000, 0x00000135de9b5800,
0x00000135de9b6800, 0x00000135de9b0800, 0x00000135de9b7000, 0x00000135de9b1800,
0x00000135de9b8000, 0x00000135de9b2800, 0x00000135de9b4000, 0x00000135de9b3000,
0x00000135de9b4800, 0x00000135dee9a800, 0x00000135dee97800, 0x00000135dee9b800,
0x00000135dee95800, 0x00000135dee9c000, 0x00000135dee96800, 0x00000135dee9d000,
0x00000135dee98000, 0x00000135dee9e000, 0x00000135dee9a000, 0x00000135dee9e800,
0x00000135dee99000, 0x00000135deea1000, 0x00000135deea4800, 0x00000135deea2800,
0x00000135dee9f800, 0x00000135dc426000, 0x00000135e0f42800, 0x00000135e0f44000,
0x00000135e0f3e800, 0x00000135e0f45000, 0x00000135e0f3f000, 0x00000135e0f45800,
0x00000135e0f43800, 0x00000135e0f40000, 0x00000135e0f46800, 0x00000135e0f41000,
0x00000135e0f47800, 0x00000135e0f41800, 0x00000135e0f4a000, 0x00000135e0f48000,
0x00000135e0f49000, 0x00000135e0f4a800, 0x00000135e0f4b800, 0x00000135e0f4c800,
0x00000135e0f4d000, 0x00000135e059d000, 0x00000135e059b000, 0x00000135e059c000,
0x00000135e0599800, 0x00000135e0598800, 0x00000135e0597000, 0x00000135e059a800,
0x00000135e059d800, 0x00000135e0598000, 0x00000135e05a3800, 0x00000135e05a0000,
0x00000135e05a1800, 0x00000135e05a2800, 0x00000135e05a4000, 0x00000135e059e800,
0x00000135e05a5000, 0x00000135e059f000, 0x00000135e05a6000, 0x00000135e05a1000,
0x00000135e34a2000, 0x00000135e349e000, 0x00000135e349f000, 0x00000135e349f800,
0x00000135e34a6000, 0x00000135e34a4800, 0x00000135e34a5800, 0x00000135e34a3000,
0x00000135e34a4000, 0x00000135e34a0800, 0x00000135e34a7000, 0x00000135e34a1800,
0x00000135e34a8000, 0x00000135e34a8800, 0x00000135e34a9800, 0x00000135e34aa800
}

Java Threads: ( => current thread )
  0x00000135bc5c2000 JavaThread "main" [_thread_blocked, id=27972, stack(0x0000000409800000,0x0000000409900000)]
  0x00000135db6db000 JavaThread "Reference Handler" daemon [_thread_blocked, id=22760, stack(0x0000000409f00000,0x000000040a000000)]
  0x00000135db6c9000 JavaThread "Finalizer" daemon [_thread_blocked, id=24812, stack(0x000000040a000000,0x000000040a100000)]
  0x00000135db6e8000 JavaThread "Signal Dispatcher" daemon [_thread_blocked, id=28752, stack(0x000000040a100000,0x000000040a200000)]
  0x00000135db6e9000 JavaThread "Attach Listener" daemon [_thread_blocked, id=28756, stack(0x000000040a200000,0x000000040a300000)]
  0x00000135db6ea000 JavaThread "Service Thread" daemon [_thread_blocked, id=28760, stack(0x000000040a300000,0x000000040a400000)]
=>0x00000135db6ec000 JavaThread "C2 CompilerThread0" daemon [_thread_in_native, id=28764, stack(0x000000040a400000,0x000000040a500000)]
  0x00000135db6ee000 JavaThread "C1 CompilerThread0" daemon [_thread_blocked, id=28776, stack(0x000000040a500000,0x000000040a600000)]
  0x00000135db70d800 JavaThread "Sweeper thread" daemon [_thread_blocked, id=28784, stack(0x000000040a600000,0x000000040a700000)]
  0x00000135dc1a1000 JavaThread "Common-Cleaner" daemon [_thread_blocked, id=28896, stack(0x000000040a700000,0x000000040a800000)]
  0x00000135dcaae800 JavaThread "Daemon health stats" [_thread_blocked, id=18672, stack(0x000000040ab00000,0x000000040ac00000)]
  0x00000135dcd56000 JavaThread "Incoming local TCP Connector on port 59920" [_thread_in_native, id=27276, stack(0x000000040ac00000,0x000000040ad00000)]
  0x00000135dcfdc800 JavaThread "Daemon periodic checks" [_thread_blocked, id=27300, stack(0x000000040ad00000,0x000000040ae00000)]
  0x00000135de1a2000 JavaThread "Daemon" [_thread_blocked, id=3792, stack(0x000000040ae00000,0x000000040af00000)]
  0x00000135dc9d5800 JavaThread "Handler for socket connection from /127.0.0.1:59920 to /127.0.0.1:59926" [_thread_in_native, id=26780, stack(0x000000040af00000,0x000000040b000000)]
  0x00000135dcfad800 JavaThread "Cancel handler" [_thread_blocked, id=26776, stack(0x000000040b000000,0x000000040b100000)]
  0x00000135dd134000 JavaThread "Daemon worker" [_thread_in_native, id=20220, stack(0x000000040b100000,0x000000040b200000)]
  0x00000135dd9dd000 JavaThread "Asynchronous log dispatcher for DefaultDaemonConnection: socket connection from /127.0.0.1:59920 to /127.0.0.1:59926" [_thread_blocked, id=23724, stack(0x0000000409700000,0x0000000409800000)]
  0x00000135dcbd7000 JavaThread "Daemon client event forwarder" [_thread_blocked, id=16008, stack(0x000000040b300000,0x000000040b400000)]
  0x00000135dd3d7800 JavaThread "Cache worker for journal cache (C:\Users\Hp gaming\.gradle\caches\journal-1)" [_thread_blocked, id=4112, stack(0x000000040b900000,0x000000040ba00000)]
  0x00000135dd3da000 JavaThread "File lock request listener" [_thread_in_native, id=23236, stack(0x000000040ba00000,0x000000040bb00000)]
  0x00000135dd3db000 JavaThread "Cache worker for file hash cache (C:\Users\Hp gaming\.gradle\caches\7.5.1\fileHashes)" [_thread_blocked, id=24796, stack(0x000000040bc00000,0x000000040bd00000)]
  0x00000135dd3d9800 JavaThread "File watcher server" daemon [_thread_in_native, id=22520, stack(0x0000000409600000,0x0000000409700000)]
  0x00000135dd3db800 JavaThread "File watcher consumer" daemon [_thread_blocked, id=23216, stack(0x000000040c000000,0x000000040c100000)]
  0x00000135dd3d6000 JavaThread "Cache worker for checksums cache (C:\Users\Hp gaming\Desktop\hibeeappm\Hibbe-Mobile-App\android\.gradle\7.5.1\checksums)" [_thread_blocked, id=6732, stack(0x000000040c100000,0x000000040c200000)]
  0x00000135dd3dc800 JavaThread "Cache worker for cache directory md-rule (C:\Users\Hp gaming\.gradle\caches\7.5.1\md-rule)" [_thread_blocked, id=8204, stack(0x000000040c200000,0x000000040c300000)]
  0x00000135dd3d7000 JavaThread "Cache worker for file content cache (C:\Users\Hp gaming\.gradle\caches\7.5.1\fileContent)" [_thread_blocked, id=19820, stack(0x000000040c300000,0x000000040c400000)]
  0x00000135dc41a000 JavaThread "Cache worker for file hash cache (C:\Users\Hp gaming\Desktop\hibeeappm\Hibbe-Mobile-App\android\.gradle\7.5.1\fileHashes)" [_thread_blocked, id=26016, stack(0x000000040c400000,0x000000040c500000)]
  0x00000135dc41d000 JavaThread "Cache worker for cache directory md-supplier (C:\Users\Hp gaming\.gradle\caches\7.5.1\md-supplier)" [_thread_blocked, id=25844, stack(0x000000040c500000,0x000000040c600000)]
  0x00000135dc41e000 JavaThread "Cache worker for execution history cache (C:\Users\Hp gaming\.gradle\caches\7.5.1\executionHistory)" [_thread_blocked, id=18616, stack(0x000000040c600000,0x000000040c700000)]
  0x00000135dc419000 JavaThread "jar transforms" [_thread_blocked, id=28108, stack(0x000000040c700000,0x000000040c800000)]
  0x00000135dc41b800 JavaThread "jar transforms Thread 2" [_thread_blocked, id=26444, stack(0x000000040c800000,0x000000040c900000)]
  0x00000135dc41f800 JavaThread "jar transforms Thread 3" [_thread_blocked, id=14940, stack(0x000000040c900000,0x000000040ca00000)]
  0x00000135dc422000 JavaThread "jar transforms Thread 4" [_thread_blocked, id=28380, stack(0x000000040ca00000,0x000000040cb00000)]
  0x00000135dc420800 JavaThread "Cache worker for kotlin-dsl (C:\Users\Hp gaming\.gradle\caches\7.5.1\kotlin-dsl)" [_thread_blocked, id=28328, stack(0x000000040b200000,0x000000040b300000)]
  0x00000135dc41c800 JavaThread "jar transforms Thread 5" [_thread_blocked, id=1092, stack(0x000000040be00000,0x000000040bf00000)]
  0x00000135dc425800 JavaThread "jar transforms Thread 6" [_thread_blocked, id=10692, stack(0x000000040bf00000,0x000000040c000000)]
  0x00000135dc423800 JavaThread "Cache worker for dependencies-accessors (C:\Users\Hp gaming\Desktop\hibeeappm\Hibbe-Mobile-App\android\.gradle\7.5.1\dependencies-accessors)" [_thread_blocked, id=29356, stack(0x000000040cb00000,0x000000040cc00000)]
  0x00000135dc423000 JavaThread "Cache worker for Build Output Cleanup Cache (C:\Users\Hp gaming\Desktop\hibeeappm\Hibbe-Mobile-App\node_modules\react-native-gradle-plugin\.gradle\buildOutputCleanup)" [_thread_blocked, id=27808, stack(0x000000040cc00000,0x000000040cd00000)]
  0x00000135dc424800 JavaThread "jar transforms Thread 7" [_thread_blocked, id=30484, stack(0x000000040ce00000,0x000000040cf00000)]
  0x00000135dc427000 JavaThread "Unconstrained build operations" [_thread_blocked, id=30412, stack(0x000000040cf00000,0x000000040d000000)]
  0x00000135dd3d8800 JavaThread "Unconstrained build operations Thread 2" [_thread_blocked, id=30400, stack(0x000000040d000000,0x000000040d100000)]
  0x00000135de9ac800 JavaThread "Unconstrained build operations Thread 3" [_thread_blocked, id=30396, stack(0x000000040d100000,0x000000040d200000)]
  0x00000135de9ab800 JavaThread "Unconstrained build operations Thread 4" [_thread_blocked, id=30364, stack(0x000000040d200000,0x000000040d300000)]
  0x00000135de9ab000 JavaThread "Unconstrained build operations Thread 5" [_thread_blocked, id=30384, stack(0x000000040d300000,0x000000040d400000)]
  0x00000135de9a9800 JavaThread "Unconstrained build operations Thread 6" [_thread_blocked, id=30376, stack(0x000000040d400000,0x000000040d500000)]
  0x00000135de9ae000 JavaThread "Unconstrained build operations Thread 7" [_thread_blocked, id=30388, stack(0x000000040d500000,0x000000040d600000)]
  0x00000135de9b0000 JavaThread "Unconstrained build operations Thread 8" [_thread_blocked, id=30392, stack(0x000000040d600000,0x000000040d700000)]
  0x00000135de9ad800 JavaThread "Unconstrained build operations Thread 9" [_thread_blocked, id=30380, stack(0x000000040d700000,0x000000040d800000)]
  0x00000135de9af000 JavaThread "Unconstrained build operations Thread 10" [_thread_blocked, id=30368, stack(0x000000040d800000,0x000000040d900000)]
  0x00000135de9aa000 JavaThread "Unconstrained build operations Thread 11" [_thread_blocked, id=26468, stack(0x000000040d900000,0x000000040da00000)]
  0x00000135de9b5800 JavaThread "Unconstrained build operations Thread 12" [_thread_blocked, id=7548, stack(0x000000040da00000,0x000000040db00000)]
  0x00000135de9b6800 JavaThread "Unconstrained build operations Thread 13" [_thread_blocked, id=30668, stack(0x000000040db00000,0x000000040dc00000)]
  0x00000135de9b0800 JavaThread "Unconstrained build operations Thread 14" [_thread_blocked, id=30540, stack(0x000000040dc00000,0x000000040dd00000)]
  0x00000135de9b7000 JavaThread "Unconstrained build operations Thread 15" [_thread_blocked, id=30548, stack(0x000000040dd00000,0x000000040de00000)]
  0x00000135de9b1800 JavaThread "Unconstrained build operations Thread 16" [_thread_blocked, id=30552, stack(0x000000040de00000,0x000000040df00000)]
  0x00000135de9b8000 JavaThread "Unconstrained build operations Thread 17" [_thread_blocked, id=30556, stack(0x000000040df00000,0x000000040e000000)]
  0x00000135de9b2800 JavaThread "Unconstrained build operations Thread 18" [_thread_blocked, id=30560, stack(0x000000040e000000,0x000000040e100000)]
  0x00000135de9b4000 JavaThread "Unconstrained build operations Thread 19" [_thread_blocked, id=30536, stack(0x000000040e100000,0x000000040e200000)]
  0x00000135de9b3000 JavaThread "Unconstrained build operations Thread 20" [_thread_blocked, id=30532, stack(0x000000040e200000,0x000000040e300000)]
  0x00000135de9b4800 JavaThread "Unconstrained build operations Thread 21" [_thread_blocked, id=30492, stack(0x000000040e300000,0x000000040e400000)]
  0x00000135dee9a800 JavaThread "Unconstrained build operations Thread 22" [_thread_blocked, id=30488, stack(0x000000040e400000,0x000000040e500000)]
  0x00000135dee97800 JavaThread "Unconstrained build operations Thread 23" [_thread_blocked, id=30444, stack(0x000000040e500000,0x000000040e600000)]
  0x00000135dee9b800 JavaThread "Unconstrained build operations Thread 24" [_thread_blocked, id=30468, stack(0x000000040e600000,0x000000040e700000)]
  0x00000135dee95800 JavaThread "Unconstrained build operations Thread 25" [_thread_blocked, id=30480, stack(0x000000040e700000,0x000000040e800000)]
  0x00000135dee9c000 JavaThread "Unconstrained build operations Thread 26" [_thread_blocked, id=30528, stack(0x000000040e800000,0x000000040e900000)]
  0x00000135dee96800 JavaThread "Unconstrained build operations Thread 27" [_thread_blocked, id=30476, stack(0x000000040e900000,0x000000040ea00000)]
  0x00000135dee9d000 JavaThread "Unconstrained build operations Thread 28" [_thread_blocked, id=30448, stack(0x000000040ea00000,0x000000040eb00000)]
  0x00000135dee98000 JavaThread "Unconstrained build operations Thread 29" [_thread_blocked, id=22368, stack(0x000000040eb00000,0x000000040ec00000)]
  0x00000135dee9e000 JavaThread "Unconstrained build operations Thread 30" [_thread_blocked, id=29764, stack(0x000000040ec00000,0x000000040ed00000)]
  0x00000135dee9a000 JavaThread "Unconstrained build operations Thread 31" [_thread_blocked, id=4708, stack(0x000000040ed00000,0x000000040ee00000)]
  0x00000135dee9e800 JavaThread "Unconstrained build operations Thread 32" [_thread_blocked, id=24596, stack(0x000000040ee00000,0x000000040ef00000)]
  0x00000135dee99000 JavaThread "Unconstrained build operations Thread 33" [_thread_blocked, id=7608, stack(0x000000040ef00000,0x000000040f000000)]
  0x00000135deea1000 JavaThread "jar transforms Thread 8" [_thread_blocked, id=17956, stack(0x000000040f000000,0x000000040f100000)]
  0x00000135deea4800 JavaThread "build event listener" [_thread_blocked, id=31020, stack(0x000000040f100000,0x000000040f200000)]
  0x00000135deea2800 JavaThread "Memory manager" [_thread_blocked, id=31048, stack(0x000000040f200000,0x000000040f300000)]
  0x00000135dee9f800 JavaThread "Cache worker for Build Output Cleanup Cache (C:\Users\Hp gaming\Desktop\hibeeappm\Hibbe-Mobile-App\android\.gradle\buildOutputCleanup)" [_thread_blocked, id=11472, stack(0x000000040cd00000,0x000000040ce00000)]
  0x00000135dc426000 JavaThread "Execution worker" [_thread_blocked, id=3004, stack(0x000000040f600000,0x000000040f700000)]
  0x00000135e0f42800 JavaThread "Execution worker Thread 2" [_thread_blocked, id=30904, stack(0x000000040f700000,0x000000040f800000)]
  0x00000135e0f44000 JavaThread "Execution worker Thread 3" [_thread_blocked, id=9492, stack(0x000000040f800000,0x000000040f900000)]
  0x00000135e0f3e800 JavaThread "Execution worker Thread 4" [_thread_blocked, id=31440, stack(0x000000040f900000,0x000000040fa00000)]
  0x00000135e0f45000 JavaThread "Execution worker Thread 5" [_thread_blocked, id=19660, stack(0x000000040fa00000,0x000000040fb00000)]
  0x00000135e0f3f000 JavaThread "Execution worker Thread 6" [_thread_blocked, id=9520, stack(0x000000040fb00000,0x000000040fc00000)]
  0x00000135e0f45800 JavaThread "Execution worker Thread 7" [_thread_blocked, id=31052, stack(0x000000040fc00000,0x000000040fd00000)]
  0x00000135e0f43800 JavaThread "Cache worker for execution history cache (C:\Users\Hp gaming\Desktop\hibeeappm\Hibbe-Mobile-App\node_modules\react-native-gradle-plugin\.gradle\7.5.1\executionHistory)" [_thread_blocked, id=8004, stack(0x000000040fd00000,0x000000040fe00000)]
  0x00000135e0f40000 JavaThread "Unconstrained build operations Thread 34" [_thread_blocked, id=24192, stack(0x000000040fe00000,0x000000040ff00000)]
  0x00000135e0f46800 JavaThread "Unconstrained build operations Thread 35" [_thread_blocked, id=23636, stack(0x000000040ff00000,0x0000000410000000)]
  0x00000135e0f41000 JavaThread "Unconstrained build operations Thread 36" [_thread_blocked, id=25328, stack(0x0000000410000000,0x0000000410100000)]
  0x00000135e0f47800 JavaThread "Unconstrained build operations Thread 37" [_thread_blocked, id=31716, stack(0x0000000410100000,0x0000000410200000)]
  0x00000135e0f41800 JavaThread "Unconstrained build operations Thread 38" [_thread_blocked, id=20300, stack(0x0000000410200000,0x0000000410300000)]
  0x00000135e0f4a000 JavaThread "Unconstrained build operations Thread 39" [_thread_blocked, id=15176, stack(0x0000000410300000,0x0000000410400000)]
  0x00000135e0f48000 JavaThread "Unconstrained build operations Thread 40" [_thread_blocked, id=9504, stack(0x0000000410400000,0x0000000410500000)]
  0x00000135e0f49000 JavaThread "Unconstrained build operations Thread 41" [_thread_blocked, id=31468, stack(0x0000000410500000,0x0000000410600000)]
  0x00000135e0f4a800 JavaThread "Unconstrained build operations Thread 42" [_thread_blocked, id=23828, stack(0x0000000410600000,0x0000000410700000)]
  0x00000135e0f4b800 JavaThread "Unconstrained build operations Thread 43" [_thread_blocked, id=31244, stack(0x0000000410700000,0x0000000410800000)]
  0x00000135e0f4c800 JavaThread "Unconstrained build operations Thread 44" [_thread_blocked, id=31008, stack(0x0000000410800000,0x0000000410900000)]
  0x00000135e0f4d000 JavaThread "Unconstrained build operations Thread 45" [_thread_blocked, id=30628, stack(0x0000000410900000,0x0000000410a00000)]
  0x00000135e059d000 JavaThread "Unconstrained build operations Thread 46" [_thread_blocked, id=31524, stack(0x0000000410a00000,0x0000000410b00000)]
  0x00000135e059b000 JavaThread "Unconstrained build operations Thread 47" [_thread_blocked, id=25024, stack(0x0000000410b00000,0x0000000410c00000)]
  0x00000135e059c000 JavaThread "Unconstrained build operations Thread 48" [_thread_blocked, id=31336, stack(0x0000000410c00000,0x0000000410d00000)]
  0x00000135e0599800 JavaThread "Unconstrained build operations Thread 49" [_thread_blocked, id=22184, stack(0x0000000410d00000,0x0000000410e00000)]
  0x00000135e0598800 JavaThread "Unconstrained build operations Thread 50" [_thread_blocked, id=24664, stack(0x0000000410e00000,0x0000000410f00000)]
  0x00000135e0597000 JavaThread "Unconstrained build operations Thread 51" [_thread_blocked, id=31204, stack(0x0000000410f00000,0x0000000411000000)]
  0x00000135e059a800 JavaThread "Unconstrained build operations Thread 52" [_thread_blocked, id=7828, stack(0x0000000411000000,0x0000000411100000)]
  0x00000135e059d800 JavaThread "Unconstrained build operations Thread 53" [_thread_blocked, id=31736, stack(0x0000000411100000,0x0000000411200000)]
  0x00000135e0598000 JavaThread "Unconstrained build operations Thread 54" [_thread_blocked, id=20784, stack(0x0000000411200000,0x0000000411300000)]
  0x00000135e05a3800 JavaThread "Unconstrained build operations Thread 55" [_thread_blocked, id=31756, stack(0x0000000411300000,0x0000000411400000)]
  0x00000135e05a0000 JavaThread "Unconstrained build operations Thread 56" [_thread_blocked, id=32352, stack(0x0000000411400000,0x0000000411500000)]
  0x00000135e05a1800 JavaThread "Unconstrained build operations Thread 57" [_thread_blocked, id=32356, stack(0x0000000411500000,0x0000000411600000)]
  0x00000135e05a2800 JavaThread "Unconstrained build operations Thread 58" [_thread_blocked, id=32360, stack(0x0000000411600000,0x0000000411700000)]
  0x00000135e05a4000 JavaThread "Unconstrained build operations Thread 59" [_thread_blocked, id=32364, stack(0x0000000411700000,0x0000000411800000)]
  0x00000135e059e800 JavaThread "Unconstrained build operations Thread 60" [_thread_blocked, id=32368, stack(0x0000000411800000,0x0000000411900000)]
  0x00000135e05a5000 JavaThread "Unconstrained build operations Thread 61" [_thread_blocked, id=32372, stack(0x0000000411900000,0x0000000411a00000)]
  0x00000135e059f000 JavaThread "Unconstrained build operations Thread 62" [_thread_blocked, id=32376, stack(0x0000000411a00000,0x0000000411b00000)]
  0x00000135e05a6000 JavaThread "Unconstrained build operations Thread 63" [_thread_blocked, id=32380, stack(0x0000000411b00000,0x0000000411c00000)]
  0x00000135e05a1000 JavaThread "Unconstrained build operations Thread 64" [_thread_blocked, id=32384, stack(0x0000000411c00000,0x0000000411d00000)]
  0x00000135e34a2000 JavaThread "Unconstrained build operations Thread 65" [_thread_blocked, id=32388, stack(0x0000000411d00000,0x0000000411e00000)]
  0x00000135e349e000 JavaThread "Unconstrained build operations Thread 66" [_thread_blocked, id=32392, stack(0x0000000411e00000,0x0000000411f00000)]
  0x00000135e349f000 JavaThread "Unconstrained build operations Thread 67" [_thread_blocked, id=32396, stack(0x0000000411f00000,0x0000000412000000)]
  0x00000135e349f800 JavaThread "Unconstrained build operations Thread 68" [_thread_blocked, id=32400, stack(0x0000000412000000,0x0000000412100000)]
  0x00000135e34a6000 JavaThread "Unconstrained build operations Thread 69" [_thread_blocked, id=32404, stack(0x0000000412100000,0x0000000412200000)]
  0x00000135e34a4800 JavaThread "Unconstrained build operations Thread 70" [_thread_blocked, id=32408, stack(0x0000000412200000,0x0000000412300000)]
  0x00000135e34a5800 JavaThread "Unconstrained build operations Thread 71" [_thread_blocked, id=32412, stack(0x0000000412300000,0x0000000412400000)]
  0x00000135e34a3000 JavaThread "Unconstrained build operations Thread 72" [_thread_blocked, id=32416, stack(0x0000000412400000,0x0000000412500000)]
  0x00000135e34a4000 JavaThread "Unconstrained build operations Thread 73" [_thread_blocked, id=32420, stack(0x0000000412500000,0x0000000412600000)]
  0x00000135e34a0800 JavaThread "Unconstrained build operations Thread 74" [_thread_blocked, id=32424, stack(0x0000000412600000,0x0000000412700000)]
  0x00000135e34a7000 JavaThread "Unconstrained build operations Thread 75" [_thread_blocked, id=32428, stack(0x0000000412700000,0x0000000412800000)]
  0x00000135e34a1800 JavaThread "Unconstrained build operations Thread 76" [_thread_blocked, id=32432, stack(0x0000000412800000,0x0000000412900000)]
  0x00000135e34a8000 JavaThread "Unconstrained build operations Thread 77" [_thread_blocked, id=32436, stack(0x0000000412900000,0x0000000412a00000)]
  0x00000135e34a8800 JavaThread "Unconstrained build operations Thread 78" [_thread_blocked, id=32440, stack(0x0000000412a00000,0x0000000412b00000)]
  0x00000135e34a9800 JavaThread "Unconstrained build operations Thread 79" [_thread_blocked, id=32444, stack(0x0000000412b00000,0x0000000412c00000)]
  0x00000135e34aa800 JavaThread "Unconstrained build operations Thread 80" [_thread_blocked, id=32448, stack(0x0000000412c00000,0x0000000412d00000)]

Other Threads:
  0x00000135db6c4800 VMThread "VM Thread" [stack: 0x0000000409e00000,0x0000000409f00000] [id=18664]
  0x00000135dc1bd800 WatcherThread [stack: 0x000000040a800000,0x000000040a900000] [id=28940]
  0x00000135bc5db000 GCTaskThread "GC Thread#0" [stack: 0x0000000409900000,0x0000000409a00000] [id=12052]
  0x00000135dcf24800 GCTaskThread "GC Thread#1" [stack: 0x000000040a900000,0x000000040aa00000] [id=716]
  0x00000135dc076000 GCTaskThread "GC Thread#2" [stack: 0x000000040aa00000,0x000000040ab00000] [id=6300]
  0x00000135dcbd8000 GCTaskThread "GC Thread#3" [stack: 0x000000040b400000,0x000000040b500000] [id=27156]
  0x00000135dcae7000 GCTaskThread "GC Thread#4" [stack: 0x000000040b500000,0x000000040b600000] [id=20016]
  0x00000135dcae7800 GCTaskThread "GC Thread#5" [stack: 0x000000040b600000,0x000000040b700000] [id=15712]
  0x00000135dd0fb800 GCTaskThread "GC Thread#6" [stack: 0x000000040b700000,0x000000040b800000] [id=17788]
  0x00000135de459000 GCTaskThread "GC Thread#7" [stack: 0x000000040b800000,0x000000040b900000] [id=24044]
  0x00000135bc60d800 ConcurrentGCThread "G1 Main Marker" [stack: 0x0000000409a00000,0x0000000409b00000] [id=21716]
  0x00000135bc60e800 ConcurrentGCThread "G1 Conc#0" [stack: 0x0000000409b00000,0x0000000409c00000] [id=28552]
  0x00000135dd286000 ConcurrentGCThread "G1 Conc#1" [stack: 0x000000040bd00000,0x000000040be00000] [id=7028]
  0x00000135bc68e000 ConcurrentGCThread "G1 Refine#0" [stack: 0x0000000409c00000,0x0000000409d00000] [id=8920]
  0x00000135deca2800 ConcurrentGCThread "G1 Refine#1" [stack: 0x000000040f300000,0x000000040f400000] [id=24316]
  0x00000135e31eb000 ConcurrentGCThread "G1 Refine#2" [stack: 0x000000040f400000,0x000000040f500000] [id=18680]
  0x00000135db532800 ConcurrentGCThread "G1 Young RemSet Sampling" [stack: 0x0000000409d00000,0x0000000409e00000] [id=3412]

Threads with active compile tasks:
C2 CompilerThread0  1164416 9949   !   4       java.io.BufferedReader::readLine (304 bytes)

VM state:not at safepoint (normal execution)

VM Mutex/Monitor currently owned by a thread: None

Heap address: 0x0000000080000000, size: 2048 MB, Compressed Oops mode: 32-bit
Narrow klass base: 0x0000000000000000, Narrow klass shift: 3
Compressed class space size: 528482304 Address: 0x0000000100000000

Heap:
 garbage-first heap   total 129024K, used 74001K [0x0000000080000000, 0x0000000100000000)
  region size 1024K, 5 young (5120K), 1 survivors (1024K)
 Metaspace       used 84010K, capacity 86334K, committed 86612K, reserved 591872K
  class space    used 10798K, capacity 11789K, committed 11852K, reserved 516096K
Heap Regions: E=young(eden), S=young(survivor), O=old, HS=humongous(starts), HC=humongous(continues), CS=collection set, F=free, A=archive, TAMS=top-at-mark-start (previous, next)
|   0|0x0000000080000000, 0x0000000080100000, 0x0000000080100000|100%| O|  |TAMS 0x0000000080100000, 0x0000000080000000| Untracked 
|   1|0x0000000080100000, 0x0000000080200000, 0x0000000080200000|100%| O|  |TAMS 0x0000000080200000, 0x0000000080100000| Untracked 
|   2|0x0000000080200000, 0x0000000080300000, 0x0000000080300000|100%| O|  |TAMS 0x0000000080300000, 0x0000000080200000| Untracked 
|   3|0x0000000080300000, 0x0000000080400000, 0x0000000080400000|100%|HS|  |TAMS 0x0000000080400000, 0x0000000080300000| Complete 
|   4|0x0000000080400000, 0x0000000080500000, 0x0000000080500000|100%|HC|  |TAMS 0x0000000080500000, 0x0000000080400000| Complete 
|   5|0x0000000080500000, 0x0000000080600000, 0x0000000080600000|100%|HC|  |TAMS 0x0000000080600000, 0x0000000080500000| Complete 
|   6|0x0000000080600000, 0x0000000080700000, 0x0000000080700000|100%| O|  |TAMS 0x0000000080700000, 0x0000000080600000| Untracked 
|   7|0x0000000080700000, 0x0000000080800000, 0x0000000080800000|100%| O|  |TAMS 0x0000000080800000, 0x0000000080700000| Untracked 
|   8|0x0000000080800000, 0x0000000080900000, 0x0000000080900000|100%| O|  |TAMS 0x0000000080900000, 0x0000000080800000| Untracked 
|   9|0x0000000080900000, 0x0000000080a00000, 0x0000000080a00000|100%| O|  |TAMS 0x0000000080a00000, 0x0000000080900000| Untracked 
|  10|0x0000000080a00000, 0x0000000080b00000, 0x0000000080b00000|100%| O|  |TAMS 0x0000000080b00000, 0x0000000080a00000| Untracked 
|  11|0x0000000080b00000, 0x0000000080c00000, 0x0000000080c00000|100%| O|  |TAMS 0x0000000080c00000, 0x0000000080b00000| Untracked 
|  12|0x0000000080c00000, 0x0000000080d00000, 0x0000000080d00000|100%| O|  |TAMS 0x0000000080d00000, 0x0000000080c00000| Untracked 
|  13|0x0000000080d00000, 0x0000000080e00000, 0x0000000080e00000|100%| O|  |TAMS 0x0000000080e00000, 0x0000000080d00000| Untracked 
|  14|0x0000000080e00000, 0x0000000080f00000, 0x0000000080f00000|100%| O|  |TAMS 0x0000000080f00000, 0x0000000080e00000| Untracked 
|  15|0x0000000080f00000, 0x0000000081000000, 0x0000000081000000|100%| O|  |TAMS 0x0000000081000000, 0x0000000080f00000| Untracked 
|  16|0x0000000081000000, 0x0000000081100000, 0x0000000081100000|100%| O|  |TAMS 0x0000000081100000, 0x0000000081000000| Untracked 
|  17|0x0000000081100000, 0x0000000081200000, 0x0000000081200000|100%| O|  |TAMS 0x0000000081200000, 0x0000000081100000| Untracked 
|  18|0x0000000081200000, 0x0000000081300000, 0x0000000081300000|100%| O|  |TAMS 0x0000000081300000, 0x0000000081200000| Untracked 
|  19|0x0000000081300000, 0x0000000081400000, 0x0000000081400000|100%| O|  |TAMS 0x0000000081400000, 0x0000000081300000| Untracked 
|  20|0x0000000081400000, 0x0000000081500000, 0x0000000081500000|100%|HS|  |TAMS 0x0000000081500000, 0x0000000081400000| Complete 
|  21|0x0000000081500000, 0x0000000081600000, 0x0000000081600000|100%| O|  |TAMS 0x0000000081600000, 0x0000000081500000| Untracked 
|  22|0x0000000081600000, 0x0000000081700000, 0x0000000081700000|100%| O|  |TAMS 0x0000000081700000, 0x0000000081600000| Untracked 
|  23|0x0000000081700000, 0x0000000081800000, 0x0000000081800000|100%| O|  |TAMS 0x0000000081800000, 0x0000000081700000| Untracked 
|  24|0x0000000081800000, 0x0000000081900000, 0x0000000081900000|100%| O|  |TAMS 0x0000000081900000, 0x0000000081800000| Untracked 
|  25|0x0000000081900000, 0x0000000081a00000, 0x0000000081a00000|100%| O|  |TAMS 0x0000000081a00000, 0x0000000081900000| Untracked 
|  26|0x0000000081a00000, 0x0000000081b00000, 0x0000000081b00000|100%|HS|  |TAMS 0x0000000081b00000, 0x0000000081a00000| Complete 
|  27|0x0000000081b00000, 0x0000000081c00000, 0x0000000081c00000|100%|HC|  |TAMS 0x0000000081c00000, 0x0000000081b00000| Complete 
|  28|0x0000000081c00000, 0x0000000081d00000, 0x0000000081d00000|100%|HC|  |TAMS 0x0000000081d00000, 0x0000000081c00000| Complete 
|  29|0x0000000081d00000, 0x0000000081e00000, 0x0000000081e00000|100%| O|  |TAMS 0x0000000081e00000, 0x0000000081d00000| Untracked 
|  30|0x0000000081e00000, 0x0000000081f00000, 0x0000000081f00000|100%| O|  |TAMS 0x0000000081f00000, 0x0000000081e00000| Untracked 
|  31|0x0000000081f00000, 0x0000000082000000, 0x0000000082000000|100%| O|  |TAMS 0x0000000082000000, 0x0000000081f00000| Untracked 
|  32|0x0000000082000000, 0x0000000082100000, 0x0000000082100000|100%| O|  |TAMS 0x0000000082100000, 0x0000000082000000| Untracked 
|  33|0x0000000082100000, 0x0000000082200000, 0x0000000082200000|100%| O|  |TAMS 0x0000000082200000, 0x0000000082100000| Untracked 
|  34|0x0000000082200000, 0x0000000082300000, 0x0000000082300000|100%| O|  |TAMS 0x0000000082300000, 0x0000000082200000| Untracked 
|  35|0x0000000082300000, 0x0000000082400000, 0x0000000082400000|100%| O|  |TAMS 0x0000000082400000, 0x0000000082300000| Untracked 
|  36|0x0000000082400000, 0x0000000082500000, 0x0000000082500000|100%| O|  |TAMS 0x0000000082500000, 0x0000000082400000| Untracked 
|  37|0x0000000082500000, 0x0000000082600000, 0x0000000082600000|100%| O|  |TAMS 0x0000000082600000, 0x0000000082500000| Untracked 
|  38|0x0000000082600000, 0x0000000082700000, 0x0000000082700000|100%| O|  |TAMS 0x0000000082700000, 0x0000000082600000| Untracked 
|  39|0x0000000082700000, 0x0000000082800000, 0x0000000082800000|100%| O|  |TAMS 0x0000000082800000, 0x0000000082700000| Untracked 
|  40|0x0000000082800000, 0x0000000082900000, 0x0000000082900000|100%| O|  |TAMS 0x0000000082900000, 0x0000000082800000| Untracked 
|  41|0x0000000082900000, 0x0000000082a00000, 0x0000000082a00000|100%| O|  |TAMS 0x0000000082a00000, 0x0000000082900000| Untracked 
|  42|0x0000000082a00000, 0x0000000082b00000, 0x0000000082b00000|100%| O|  |TAMS 0x0000000082b00000, 0x0000000082a00000| Untracked 
|  43|0x0000000082b00000, 0x0000000082c00000, 0x0000000082c00000|100%| O|  |TAMS 0x0000000082c00000, 0x0000000082b00000| Untracked 
|  44|0x0000000082c00000, 0x0000000082d00000, 0x0000000082d00000|100%| O|  |TAMS 0x0000000082d00000, 0x0000000082c00000| Untracked 
|  45|0x0000000082d00000, 0x0000000082e00000, 0x0000000082e00000|100%|HS|  |TAMS 0x0000000082e00000, 0x0000000082d00000| Complete 
|  46|0x0000000082e00000, 0x0000000082f00000, 0x0000000082f00000|100%|HS|  |TAMS 0x0000000082f00000, 0x0000000082e00000| Complete 
|  47|0x0000000082f00000, 0x0000000083000000, 0x0000000083000000|100%| O|  |TAMS 0x0000000082fc4c00, 0x0000000082f00000| Untracked 
|  48|0x0000000083000000, 0x0000000083100000, 0x0000000083100000|100%| O|  |TAMS 0x0000000083100000, 0x0000000083000000| Untracked 
|  49|0x0000000083100000, 0x0000000083200000, 0x0000000083200000|100%| O|  |TAMS 0x0000000083200000, 0x0000000083100000| Untracked 
|  50|0x0000000083200000, 0x0000000083300000, 0x0000000083300000|100%| O|  |TAMS 0x0000000083300000, 0x0000000083200000| Untracked 
|  51|0x0000000083300000, 0x0000000083400000, 0x0000000083400000|100%| O|  |TAMS 0x0000000083400000, 0x0000000083300000| Untracked 
|  52|0x0000000083400000, 0x0000000083500000, 0x0000000083500000|100%| O|  |TAMS 0x0000000083500000, 0x0000000083400000| Untracked 
|  53|0x0000000083500000, 0x0000000083600000, 0x0000000083600000|100%| O|  |TAMS 0x0000000083600000, 0x0000000083500000| Untracked 
|  54|0x0000000083600000, 0x0000000083700000, 0x0000000083700000|100%| O|  |TAMS 0x0000000083700000, 0x0000000083600000| Untracked 
|  55|0x0000000083700000, 0x0000000083800000, 0x0000000083800000|100%| O|  |TAMS 0x0000000083700000, 0x0000000083700000| Untracked 
|  56|0x0000000083800000, 0x0000000083900000, 0x0000000083900000|100%| O|  |TAMS 0x0000000083800000, 0x0000000083800000| Untracked 
|  57|0x0000000083900000, 0x0000000083a00000, 0x0000000083a00000|100%| O|  |TAMS 0x0000000083a00000, 0x0000000083900000| Untracked 
|  58|0x0000000083a00000, 0x0000000083b00000, 0x0000000083b00000|100%| O|  |TAMS 0x0000000083b00000, 0x0000000083a00000| Untracked 
|  59|0x0000000083b00000, 0x0000000083c00000, 0x0000000083c00000|100%| O|  |TAMS 0x0000000083c00000, 0x0000000083b00000| Untracked 
|  60|0x0000000083c00000, 0x0000000083d00000, 0x0000000083d00000|100%| O|  |TAMS 0x0000000083d00000, 0x0000000083c00000| Untracked 
|  61|0x0000000083d00000, 0x0000000083e00000, 0x0000000083e00000|100%| O|  |TAMS 0x0000000083e00000, 0x0000000083d00000| Untracked 
|  62|0x0000000083e00000, 0x0000000083f00000, 0x0000000083f00000|100%| O|  |TAMS 0x0000000083f00000, 0x0000000083e00000| Untracked 
|  63|0x0000000083f00000, 0x0000000084000000, 0x0000000084000000|100%| O|  |TAMS 0x0000000084000000, 0x0000000083f00000| Untracked 
|  64|0x0000000084000000, 0x0000000084100000, 0x0000000084100000|100%| O|  |TAMS 0x0000000084100000, 0x0000000084000000| Untracked 
|  65|0x0000000084100000, 0x0000000084200000, 0x0000000084200000|100%| O|  |TAMS 0x0000000084200000, 0x0000000084100000| Untracked 
|  66|0x0000000084200000, 0x0000000084300000, 0x0000000084300000|100%| O|  |TAMS 0x0000000084300000, 0x0000000084200000| Untracked 
|  67|0x0000000084300000, 0x0000000084400000, 0x0000000084400000|100%| O|  |TAMS 0x0000000084300000, 0x0000000084300000| Untracked 
|  68|0x0000000084400000, 0x00000000844b9c00, 0x0000000084500000| 72%| O|  |TAMS 0x0000000084400000, 0x0000000084400000| Untracked 
|  69|0x0000000084500000, 0x0000000084500000, 0x0000000084600000|  0%| F|  |TAMS 0x0000000084500000, 0x0000000084500000| Untracked 
|  70|0x0000000084600000, 0x0000000084600000, 0x0000000084700000|  0%| F|  |TAMS 0x0000000084600000, 0x0000000084600000| Untracked 
|  71|0x0000000084700000, 0x0000000084700000, 0x0000000084800000|  0%| F|  |TAMS 0x0000000084700000, 0x0000000084700000| Untracked 
|  72|0x0000000084800000, 0x0000000084800000, 0x0000000084900000|  0%| F|  |TAMS 0x0000000084800000, 0x0000000084800000| Untracked 
|  73|0x0000000084900000, 0x0000000084900000, 0x0000000084a00000|  0%| F|  |TAMS 0x0000000084900000, 0x0000000084900000| Untracked 
|  74|0x0000000084a00000, 0x0000000084a00000, 0x0000000084b00000|  0%| F|  |TAMS 0x0000000084a00000, 0x0000000084a00000| Untracked 
|  75|0x0000000084b00000, 0x0000000084b00000, 0x0000000084c00000|  0%| F|  |TAMS 0x0000000084b00000, 0x0000000084b00000| Untracked 
|  76|0x0000000084c00000, 0x0000000084c00000, 0x0000000084d00000|  0%| F|  |TAMS 0x0000000084c00000, 0x0000000084c00000| Untracked 
|  77|0x0000000084d00000, 0x0000000084d00000, 0x0000000084e00000|  0%| F|  |TAMS 0x0000000084d00000, 0x0000000084d00000| Untracked 
|  78|0x0000000084e00000, 0x0000000084e00000, 0x0000000084f00000|  0%| F|  |TAMS 0x0000000084e00000, 0x0000000084e00000| Untracked 
|  79|0x0000000084f00000, 0x0000000084f00000, 0x0000000085000000|  0%| F|  |TAMS 0x0000000084f00000, 0x0000000084f00000| Untracked 
|  80|0x0000000085000000, 0x0000000085000000, 0x0000000085100000|  0%| F|  |TAMS 0x0000000085000000, 0x0000000085000000| Untracked 
|  81|0x0000000085100000, 0x0000000085100000, 0x0000000085200000|  0%| F|  |TAMS 0x0000000085100000, 0x0000000085100000| Untracked 
|  82|0x0000000085200000, 0x0000000085200000, 0x0000000085300000|  0%| F|  |TAMS 0x0000000085200000, 0x0000000085200000| Untracked 
|  83|0x0000000085300000, 0x0000000085300000, 0x0000000085400000|  0%| F|  |TAMS 0x0000000085300000, 0x0000000085300000| Untracked 
|  84|0x0000000085400000, 0x0000000085400000, 0x0000000085500000|  0%| F|  |TAMS 0x0000000085400000, 0x0000000085400000| Untracked 
|  85|0x0000000085500000, 0x0000000085500000, 0x0000000085600000|  0%| F|  |TAMS 0x0000000085500000, 0x0000000085500000| Untracked 
|  86|0x0000000085600000, 0x0000000085600000, 0x0000000085700000|  0%| F|  |TAMS 0x0000000085600000, 0x0000000085600000| Untracked 
|  87|0x0000000085700000, 0x0000000085700000, 0x0000000085800000|  0%| F|  |TAMS 0x0000000085700000, 0x0000000085700000| Untracked 
|  88|0x0000000085800000, 0x0000000085800000, 0x0000000085900000|  0%| F|  |TAMS 0x0000000085800000, 0x0000000085800000| Untracked 
|  89|0x0000000085900000, 0x0000000085900000, 0x0000000085a00000|  0%| F|  |TAMS 0x0000000085900000, 0x0000000085900000| Untracked 
|  90|0x0000000085a00000, 0x0000000085a00000, 0x0000000085b00000|  0%| F|  |TAMS 0x0000000085a00000, 0x0000000085a00000| Untracked 
|  91|0x0000000085b00000, 0x0000000085b00000, 0x0000000085c00000|  0%| F|  |TAMS 0x0000000085b00000, 0x0000000085b00000| Untracked 
|  92|0x0000000085c00000, 0x0000000085c00000, 0x0000000085d00000|  0%| F|  |TAMS 0x0000000085c00000, 0x0000000085c00000| Untracked 
|  93|0x0000000085d00000, 0x0000000085d00000, 0x0000000085e00000|  0%| F|  |TAMS 0x0000000085d00000, 0x0000000085d00000| Untracked 
|  94|0x0000000085e00000, 0x0000000085e00000, 0x0000000085f00000|  0%| F|  |TAMS 0x0000000085e00000, 0x0000000085e00000| Untracked 
|  95|0x0000000085f00000, 0x0000000085f00000, 0x0000000086000000|  0%| F|  |TAMS 0x0000000085f00000, 0x0000000085f00000| Untracked 
|  96|0x0000000086000000, 0x0000000086000000, 0x0000000086100000|  0%| F|  |TAMS 0x0000000086000000, 0x0000000086000000| Untracked 
|  97|0x0000000086100000, 0x0000000086100000, 0x0000000086200000|  0%| F|  |TAMS 0x0000000086100000, 0x0000000086100000| Untracked 
|  98|0x0000000086200000, 0x0000000086200000, 0x0000000086300000|  0%| F|  |TAMS 0x0000000086200000, 0x0000000086200000| Untracked 
|  99|0x0000000086300000, 0x0000000086300000, 0x0000000086400000|  0%| F|  |TAMS 0x0000000086300000, 0x0000000086300000| Untracked 
| 100|0x0000000086400000, 0x0000000086400000, 0x0000000086500000|  0%| F|  |TAMS 0x0000000086400000, 0x0000000086400000| Untracked 
| 101|0x0000000086500000, 0x0000000086500000, 0x0000000086600000|  0%| F|  |TAMS 0x0000000086500000, 0x0000000086500000| Untracked 
| 102|0x0000000086600000, 0x0000000086600000, 0x0000000086700000|  0%| F|  |TAMS 0x0000000086600000, 0x0000000086600000| Untracked 
| 103|0x0000000086700000, 0x0000000086700000, 0x0000000086800000|  0%| F|  |TAMS 0x0000000086700000, 0x0000000086700000| Untracked 
| 104|0x0000000086800000, 0x0000000086800000, 0x0000000086900000|  0%| F|  |TAMS 0x0000000086800000, 0x0000000086800000| Untracked 
| 105|0x0000000086900000, 0x0000000086900000, 0x0000000086a00000|  0%| F|  |TAMS 0x0000000086900000, 0x0000000086900000| Untracked 
| 106|0x0000000086a00000, 0x0000000086a00000, 0x0000000086b00000|  0%| F|  |TAMS 0x0000000086a00000, 0x0000000086a00000| Untracked 
| 107|0x0000000086b00000, 0x0000000086b00000, 0x0000000086c00000|  0%| F|  |TAMS 0x0000000086b00000, 0x0000000086b00000| Untracked 
| 108|0x0000000086c00000, 0x0000000086c00000, 0x0000000086d00000|  0%| F|  |TAMS 0x0000000086c00000, 0x0000000086c00000| Untracked 
| 109|0x0000000086d00000, 0x0000000086d00000, 0x0000000086e00000|  0%| F|  |TAMS 0x0000000086d00000, 0x0000000086d00000| Untracked 
| 110|0x0000000086e00000, 0x0000000086e00000, 0x0000000086f00000|  0%| F|  |TAMS 0x0000000086e00000, 0x0000000086e00000| Untracked 
| 111|0x0000000086f00000, 0x0000000086f00000, 0x0000000087000000|  0%| F|  |TAMS 0x0000000086f00000, 0x0000000086f00000| Untracked 
| 112|0x0000000087000000, 0x0000000087000000, 0x0000000087100000|  0%| F|  |TAMS 0x0000000087000000, 0x0000000087000000| Untracked 
| 113|0x0000000087100000, 0x0000000087100000, 0x0000000087200000|  0%| F|  |TAMS 0x0000000087100000, 0x0000000087100000| Untracked 
| 114|0x0000000087200000, 0x0000000087200000, 0x0000000087300000|  0%| F|  |TAMS 0x0000000087200000, 0x0000000087200000| Untracked 
| 115|0x0000000087300000, 0x0000000087300000, 0x0000000087400000|  0%| F|  |TAMS 0x0000000087300000, 0x0000000087300000| Untracked 
| 116|0x0000000087400000, 0x0000000087400000, 0x0000000087500000|  0%| F|  |TAMS 0x0000000087400000, 0x0000000087400000| Untracked 
| 117|0x0000000087500000, 0x0000000087500000, 0x0000000087600000|  0%| F|  |TAMS 0x0000000087500000, 0x0000000087500000| Untracked 
| 118|0x0000000087600000, 0x0000000087600000, 0x0000000087700000|  0%| F|  |TAMS 0x0000000087600000, 0x0000000087600000| Untracked 
| 119|0x0000000087700000, 0x0000000087700000, 0x0000000087800000|  0%| F|  |TAMS 0x0000000087700000, 0x0000000087700000| Untracked 
| 120|0x0000000087800000, 0x0000000087800000, 0x0000000087900000|  0%| F|  |TAMS 0x0000000087800000, 0x0000000087800000| Untracked 
| 121|0x0000000087900000, 0x00000000879190f8, 0x0000000087a00000|  9%| E|  |TAMS 0x0000000087900000, 0x0000000087900000| Complete 
| 122|0x0000000087a00000, 0x0000000087b00000, 0x0000000087b00000|100%| E|CS|TAMS 0x0000000087a00000, 0x0000000087a00000| Complete 
| 123|0x0000000087b00000, 0x0000000087c00000, 0x0000000087c00000|100%| E|CS|TAMS 0x0000000087b00000, 0x0000000087b00000| Complete 
| 124|0x0000000087c00000, 0x0000000087c8a8d0, 0x0000000087d00000| 54%| S|CS|TAMS 0x0000000087c00000, 0x0000000087c00000| Complete 
| 125|0x0000000087d00000, 0x0000000087e00000, 0x0000000087e00000|100%| E|CS|TAMS 0x0000000087d00000, 0x0000000087d00000| Complete 

Card table byte_map: [0x00000135d4470000,0x00000135d4870000] _byte_map_base: 0x00000135d4070000

Marking Bits (Prev, Next): (CMBitMap*) 0x00000135bc6046e8, (CMBitMap*) 0x00000135bc604720
 Prev Bits: [0x00000135d4c70000, 0x00000135d6c70000)
 Next Bits: [0x00000135d6c70000, 0x00000135d8c70000)

Polling page: 0x00000135ba570000

Metaspace:

Usage:
  Non-class:     72.80 MB capacity,    71.50 MB ( 98%) used,     1.06 MB (  1%) free+waste,   252.44 KB ( <1%) overhead. 
      Class:     11.51 MB capacity,    10.55 MB ( 92%) used,   871.08 KB (  7%) free+waste,   119.31 KB (  1%) overhead. 
       Both:     84.31 MB capacity,    82.04 MB ( 97%) used,     1.91 MB (  2%) free+waste,   371.75 KB ( <1%) overhead. 

Virtual space:
  Non-class space:       74.00 MB reserved,      73.01 MB ( 99%) committed 
      Class space:      504.00 MB reserved,      11.57 MB (  2%) committed 
             Both:      578.00 MB reserved,      84.58 MB ( 15%) committed 

Chunk freelists:
   Non-Class:  23.00 KB
       Class:  19.00 KB
        Both:  42.00 KB

MaxMetaspaceSize: 512.00 MB
CompressedClassSpaceSize: 504.00 MB
Initial GC threshold: 20.80 MB
Current GC threshold: 140.97 MB
CDS: off

CodeHeap 'non-profiled nmethods': size=120000Kb used=6683Kb max_used=6683Kb free=113316Kb
 bounds [0x00000135cc800000, 0x00000135cce90000, 0x00000135d3d30000]
CodeHeap 'profiled nmethods': size=120000Kb used=21533Kb max_used=21533Kb free=98466Kb
 bounds [0x00000135c52d0000, 0x00000135c67e0000, 0x00000135cc800000]
CodeHeap 'non-nmethods': size=5760Kb used=2386Kb max_used=2435Kb free=3373Kb
 bounds [0x00000135c4d30000, 0x00000135c4fa0000, 0x00000135c52d0000]
 total_blobs=10750 nmethods=9838 adapters=824
 compilation: enabled
              stopped_count=0, restarted_count=0
 full_count=0

Compilation events (20 events):
Event: 1074.175 Thread 0x00000135db6ee000 9930       3       org.gradle.cache.internal.filelock.LockOptionsBuilder::mode (10 bytes)
Event: 1074.990 Thread 0x00000135db6ee000 nmethod 9930 0x00000135c67d1390 code [0x00000135c67d1560, 0x00000135c67d17b8]
Event: 1093.123 Thread 0x00000135db6ee000 9931   !   3       jdk.internal.reflect.GeneratedMethodAccessor5::invoke (65 bytes)
Event: 1095.089 Thread 0x00000135db6ee000 nmethod 9931 0x00000135c67d1890 code [0x00000135c67d1b20, 0x00000135c67d2548]
Event: 1103.171 Thread 0x00000135db6ee000 9933   !   3       jdk.internal.reflect.GeneratedMethodAccessor6::invoke (68 bytes)
Event: 1103.182 Thread 0x00000135db6ee000 nmethod 9933 0x00000135c67d2a90 code [0x00000135c67d2ce0, 0x00000135c67d34b8]
Event: 1104.202 Thread 0x00000135db6ec000 9934       4       java.util.HashSet::size (8 bytes)
Event: 1104.223 Thread 0x00000135db6ec000 nmethod 9934 0x00000135cce7af10 code [0x00000135cce7b0a0, 0x00000135cce7b118]
Event: 1115.409 Thread 0x00000135db6ec000 9935       4       java.lang.management.ManagementFactory$PlatformMBeanFinder$$Lambda$60/0x000000010013a440::test (12 bytes)
Event: 1115.443 Thread 0x00000135db6ec000 nmethod 9935 0x00000135cce7b210 code [0x00000135cce7b3c0, 0x00000135cce7b4f8]
Event: 1127.412 Thread 0x00000135db6ec000 9937       4       java.util.HashMap$ValueSpliterator::forEachRemaining (186 bytes)
Event: 1127.469 Thread 0x00000135db6ec000 nmethod 9937 0x00000135cce7b690 code [0x00000135cce7b840, 0x00000135cce7bb58]
Event: 1144.179 Thread 0x00000135db6ee000 9938   !   3       org.gradle.launcher.daemon.registry.PersistentDaemonRegistry::getDaemonsMatching (104 bytes)
Event: 1144.208 Thread 0x00000135db6ee000 nmethod 9938 0x00000135c67d3810 code [0x00000135c67d3aa0, 0x00000135c67d46a8]
Event: 1153.128 Thread 0x00000135db6ec000 9939       4       java.lang.reflect.Method::invoke (65 bytes)
Event: 1155.426 Thread 0x00000135db6ec000 nmethod 9939 0x00000135cce7be10 code [0x00000135cce7c420, 0x00000135cce83310]
Event: 1155.426 Thread 0x00000135db6ec000 9940       4       jdk.internal.reflect.DelegatingMethodAccessorImpl::invoke (10 bytes)
Event: 1155.427 Thread 0x00000135db6ec000 nmethod 9940 0x00000135cce86a10 code [0x00000135cce86ba0, 0x00000135cce86c38]
Event: 1163.888 Thread 0x00000135db6ee000 9941   !   3       org.codehaus.groovy.runtime.callsite.PojoMetaMethodSite::checkCall (56 bytes)
Event: 1163.910 Thread 0x00000135db6ec000 9949   !   4       java.io.BufferedReader::readLine (304 bytes)

GC Heap History (20 events):
Event: 742.531 GC heap before
{Heap before GC invocations=19 (full 0):
 garbage-first heap   total 129024K, used 101642K [0x0000000080000000, 0x0000000100000000)
  region size 1024K, 59 young (60416K), 4 survivors (4096K)
 Metaspace       used 66416K, capacity 68328K, committed 68692K, reserved 575488K
  class space    used 8643K, capacity 9422K, committed 9548K, reserved 516096K
}
Event: 742.768 GC heap after
{Heap after GC invocations=20 (full 0):
 garbage-first heap   total 129024K, used 46612K [0x0000000080000000, 0x0000000100000000)
  region size 1024K, 6 young (6144K), 6 survivors (6144K)
 Metaspace       used 66416K, capacity 68328K, committed 68692K, reserved 575488K
  class space    used 8643K, capacity 9422K, committed 9548K, reserved 516096K
}
Event: 782.572 GC heap before
{Heap before GC invocations=20 (full 0):
 garbage-first heap   total 129024K, used 94740K [0x0000000080000000, 0x0000000100000000)
  region size 1024K, 54 young (55296K), 6 survivors (6144K)
 Metaspace       used 68465K, capacity 70569K, committed 70740K, reserved 577536K
  class space    used 8927K, capacity 9795K, committed 9804K, reserved 516096K
}
Event: 782.602 GC heap after
{Heap after GC invocations=21 (full 0):
 garbage-first heap   total 129024K, used 48580K [0x0000000080000000, 0x0000000100000000)
  region size 1024K, 4 young (4096K), 4 survivors (4096K)
 Metaspace       used 68465K, capacity 70569K, committed 70740K, reserved 577536K
  class space    used 8927K, capacity 9795K, committed 9804K, reserved 516096K
}
Event: 790.615 GC heap before
{Heap before GC invocations=21 (full 0):
 garbage-first heap   total 129024K, used 102852K [0x0000000080000000, 0x0000000100000000)
  region size 1024K, 58 young (59392K), 4 survivors (4096K)
 Metaspace       used 71136K, capacity 73187K, committed 73428K, reserved 579584K
  class space    used 9250K, capacity 10130K, committed 10188K, reserved 516096K
}
Event: 790.626 GC heap after
{Heap after GC invocations=22 (full 0):
 garbage-first heap   total 129024K, used 52315K [0x0000000080000000, 0x0000000100000000)
  region size 1024K, 7 young (7168K), 7 survivors (7168K)
 Metaspace       used 71136K, capacity 73187K, committed 73428K, reserved 579584K
  class space    used 9250K, capacity 10130K, committed 10188K, reserved 516096K
}
Event: 809.584 GC heap before
{Heap before GC invocations=22 (full 0):
 garbage-first heap   total 129024K, used 106587K [0x0000000080000000, 0x0000000100000000)
  region size 1024K, 58 young (59392K), 7 survivors (7168K)
 Metaspace       used 76142K, capacity 78372K, committed 78548K, reserved 585728K
  class space    used 9773K, capacity 10680K, committed 10700K, reserved 516096K
}
Event: 809.659 GC heap after
{Heap after GC invocations=23 (full 0):
 garbage-first heap   total 129024K, used 59592K [0x0000000080000000, 0x0000000100000000)
  region size 1024K, 8 young (8192K), 8 survivors (8192K)
 Metaspace       used 76142K, capacity 78372K, committed 78548K, reserved 585728K
  class space    used 9773K, capacity 10680K, committed 10700K, reserved 516096K
}
Event: 816.402 GC heap before
{Heap before GC invocations=23 (full 0):
 garbage-first heap   total 129024K, used 89288K [0x0000000080000000, 0x0000000100000000)
  region size 1024K, 32 young (32768K), 8 survivors (8192K)
 Metaspace       used 78709K, capacity 80955K, committed 81236K, reserved 587776K
  class space    used 10067K, capacity 11010K, committed 11084K, reserved 516096K
}
Event: 816.517 GC heap after
{Heap after GC invocations=24 (full 0):
 garbage-first heap   total 129024K, used 68519K [0x0000000080000000, 0x0000000100000000)
  region size 1024K, 5 young (5120K), 5 survivors (5120K)
 Metaspace       used 78709K, capacity 80955K, committed 81236K, reserved 587776K
  class space    used 10067K, capacity 11010K, committed 11084K, reserved 516096K
}
Event: 822.439 GC heap before
{Heap before GC invocations=25 (full 0):
 garbage-first heap   total 129024K, used 99239K [0x0000000080000000, 0x0000000100000000)
  region size 1024K, 34 young (34816K), 5 survivors (5120K)
 Metaspace       used 81033K, capacity 83317K, committed 83540K, reserved 589824K
  class space    used 10367K, capacity 11301K, committed 11340K, reserved 516096K
}
Event: 822.467 GC heap after
{Heap after GC invocations=26 (full 0):
 garbage-first heap   total 129024K, used 65879K [0x0000000080000000, 0x0000000100000000)
  region size 1024K, 3 young (3072K), 3 survivors (3072K)
 Metaspace       used 81033K, capacity 83317K, committed 83540K, reserved 589824K
  class space    used 10367K, capacity 11301K, committed 11340K, reserved 516096K
}
Event: 824.365 GC heap before
{Heap before GC invocations=26 (full 0):
 garbage-first heap   total 129024K, used 83287K [0x0000000080000000, 0x0000000100000000)
  region size 1024K, 21 young (21504K), 3 survivors (3072K)
 Metaspace       used 82686K, capacity 84974K, committed 85076K, reserved 589824K
  class space    used 10599K, capacity 11532K, committed 11596K, reserved 516096K
}
Event: 824.425 GC heap after
{Heap after GC invocations=27 (full 0):
 garbage-first heap   total 129024K, used 66632K [0x0000000080000000, 0x0000000100000000)
  region size 1024K, 4 young (4096K), 4 survivors (4096K)
 Metaspace       used 82686K, capacity 84974K, committed 85076K, reserved 589824K
  class space    used 10599K, capacity 11532K, committed 11596K, reserved 516096K
}
Event: 826.575 GC heap before
{Heap before GC invocations=28 (full 0):
 garbage-first heap   total 129024K, used 99400K [0x0000000080000000, 0x0000000100000000)
  region size 1024K, 35 young (35840K), 4 survivors (4096K)
 Metaspace       used 83839K, capacity 86243K, committed 86356K, reserved 591872K
  class space    used 10784K, capacity 11780K, committed 11852K, reserved 516096K
}
Event: 826.610 GC heap after
{Heap after GC invocations=29 (full 0):
 garbage-first heap   total 129024K, used 68674K [0x0000000080000000, 0x0000000100000000)
  region size 1024K, 4 young (4096K), 4 survivors (4096K)
 Metaspace       used 83839K, capacity 86243K, committed 86356K, reserved 591872K
  class space    used 10784K, capacity 11780K, committed 11852K, reserved 516096K
}
Event: 1015.537 GC heap before
{Heap before GC invocations=29 (full 0):
 garbage-first heap   total 129024K, used 99394K [0x0000000080000000, 0x0000000100000000)
  region size 1024K, 35 young (35840K), 4 survivors (4096K)
 Metaspace       used 83993K, capacity 86333K, committed 86612K, reserved 591872K
  class space    used 10798K, capacity 11789K, committed 11852K, reserved 516096K
}
Event: 1020.261 GC heap after
{Heap after GC invocations=30 (full 0):
 garbage-first heap   total 129024K, used 70637K [0x0000000080000000, 0x0000000100000000)
  region size 1024K, 5 young (5120K), 5 survivors (5120K)
 Metaspace       used 83993K, capacity 86333K, committed 86612K, reserved 591872K
  class space    used 10798K, capacity 11789K, committed 11852K, reserved 516096K
}
Event: 1051.511 GC heap before
{Heap before GC invocations=31 (full 0):
 garbage-first heap   total 129024K, used 71661K [0x0000000080000000, 0x0000000100000000)
  region size 1024K, 6 young (6144K), 5 survivors (5120K)
 Metaspace       used 83995K, capacity 86333K, committed 86612K, reserved 591872K
  class space    used 10798K, capacity 11789K, committed 11852K, reserved 516096K
}
Event: 1052.011 GC heap after
{Heap after GC invocations=32 (full 0):
 garbage-first heap   total 129024K, used 70929K [0x0000000080000000, 0x0000000100000000)
  region size 1024K, 1 young (1024K), 1 survivors (1024K)
 Metaspace       used 83995K, capacity 86333K, committed 86612K, reserved 591872K
  class space    used 10798K, capacity 11789K, committed 11852K, reserved 516096K
}

Deoptimization events (20 events):
Event: 826.124 Thread 0x00000135dd134000 DEOPT PACKING pc=0x00000135cc9cc16c sp=0x000000040b1f5c20
Event: 826.124 Thread 0x00000135dd134000 DEOPT UNPACKING pc=0x00000135c4d7a1af sp=0x000000040b1f5bd0 mode 2
Event: 826.437 Thread 0x00000135dd134000 Uncommon trap: trap_request=0xfffffff4 fr.pc=0x00000135ccb2c0d8 relative=0x00000000000009b8
Event: 826.437 Thread 0x00000135dd134000 Uncommon trap: reason=null_check action=make_not_entrant pc=0x00000135ccb2c0d8 method=com.sun.beans.introspect.MethodInfo$MethodOrder.compare(Ljava/lang/reflect/Method;Ljava/lang/reflect/Method;)I @ 133 c2
Event: 826.437 Thread 0x00000135dd134000 DEOPT PACKING pc=0x00000135ccb2c0d8 sp=0x000000040b1f37c0
Event: 826.437 Thread 0x00000135dd134000 DEOPT UNPACKING pc=0x00000135c4d7a1af sp=0x000000040b1f36f0 mode 2
Event: 826.437 Thread 0x00000135dd134000 Uncommon trap: trap_request=0xfffffff4 fr.pc=0x00000135ccb2d40c relative=0x000000000000096c
Event: 826.437 Thread 0x00000135dd134000 Uncommon trap: reason=null_check action=make_not_entrant pc=0x00000135ccb2d40c method=com.sun.beans.introspect.MethodInfo$MethodOrder.compare(Ljava/lang/reflect/Method;Ljava/lang/reflect/Method;)I @ 133 c2
Event: 826.437 Thread 0x00000135dd134000 DEOPT PACKING pc=0x00000135ccb2d40c sp=0x000000040b1f3730
Event: 826.437 Thread 0x00000135dd134000 DEOPT UNPACKING pc=0x00000135c4d7a1af sp=0x000000040b1f36e8 mode 2
Event: 826.728 Thread 0x00000135dd134000 DEOPT PACKING pc=0x00000135c67482f5 sp=0x000000040b1f13b0
Event: 826.728 Thread 0x00000135dd134000 DEOPT UNPACKING pc=0x00000135c4d7a95e sp=0x000000040b1f0908 mode 0
Event: 828.847 Thread 0x00000135dd134000 Uncommon trap: trap_request=0xfffffff4 fr.pc=0x00000135cce2eed0 relative=0x0000000000000ab0
Event: 828.847 Thread 0x00000135dd134000 Uncommon trap: reason=null_check action=make_not_entrant pc=0x00000135cce2eed0 method=com.sun.beans.introspect.MethodInfo$MethodOrder.compare(Ljava/lang/reflect/Method;Ljava/lang/reflect/Method;)I @ 145 c2
Event: 828.847 Thread 0x00000135dd134000 DEOPT PACKING pc=0x00000135cce2eed0 sp=0x000000040b1f22f0
Event: 828.847 Thread 0x00000135dd134000 DEOPT UNPACKING pc=0x00000135c4d7a1af sp=0x000000040b1f2290 mode 2
Event: 830.841 Thread 0x00000135dd134000 Uncommon trap: trap_request=0xfffffff4 fr.pc=0x00000135cce2ca88 relative=0x0000000000003048
Event: 830.841 Thread 0x00000135dd134000 Uncommon trap: reason=null_check action=make_not_entrant pc=0x00000135cce2ca88 method=java.lang.PublicMethods$MethodList.getMostSpecific()Ljava/lang/reflect/Method; @ 41 c2
Event: 830.841 Thread 0x00000135dd134000 DEOPT PACKING pc=0x00000135cce2ca88 sp=0x000000040b1f3940
Event: 830.841 Thread 0x00000135dd134000 DEOPT UNPACKING pc=0x00000135c4d7a1af sp=0x000000040b1f3840 mode 2

Classes redefined (0 events):
No events

Internal exceptions (20 events):
Event: 831.074 Thread 0x00000135dd134000 Exception <a 'java/lang/ClassNotFoundException'{0x0000000086d8c548}: com/android/build/gradle/internal/dsl/BuildTypeBeanInfo> (0x0000000086d8c548) thrown at [./src/hotspot/share/classfile/systemDictionary.cpp, line 230]
Event: 831.176 Thread 0x00000135dd134000 Exception <a 'java/lang/ClassNotFoundException'{0x0000000086da6a30}: com/android/builder/core/AbstractBuildTypeBeanInfo> (0x0000000086da6a30) thrown at [./src/hotspot/share/classfile/systemDictionary.cpp, line 230]
Event: 831.196 Thread 0x00000135dd134000 Exception <a 'java/lang/ClassNotFoundException'{0x0000000086dc16b8}: com/android/builder/core/AbstractBuildTypeCustomizer> (0x0000000086dc16b8) thrown at [./src/hotspot/share/classfile/systemDictionary.cpp, line 230]
Event: 831.249 Thread 0x00000135dd134000 Exception <a 'java/lang/ClassNotFoundException'{0x0000000086df8e08}: com/android/build/gradle/internal/dsl/BuildTypeCustomizer> (0x0000000086df8e08) thrown at [./src/hotspot/share/classfile/systemDictionary.cpp, line 230]
Event: 831.419 Thread 0x00000135dd134000 Exception <a 'java/lang/ClassNotFoundException'{0x0000000086c921a8}: com/android/build/gradle/internal/dsl/BuildType$AgpDecoratedCustomizer> (0x0000000086c921a8) thrown at [./src/hotspot/share/classfile/systemDictionary.cpp, line 230]
Event: 831.429 Thread 0x00000135dd134000 Exception <a 'java/lang/ClassNotFoundException'{0x0000000086cf13c8}: com/android/build/gradle/internal/dsl/BuildType$AgpDecorated_DecoratedCustomizer> (0x0000000086cf13c8) thrown at [./src/hotspot/share/classfile/systemDictionary.cpp, line 230]
Event: 833.536 Thread 0x00000135dd134000 Exception <a 'java/lang/ClassNotFoundException'{0x0000000086948de8}: org/gradle/api/internal/DefaultDomainObjectSet_DecoratedBeanInfo> (0x0000000086948de8) thrown at [./src/hotspot/share/classfile/systemDictionary.cpp, line 230]
Event: 833.570 Thread 0x00000135dd134000 Exception <a 'java/lang/ClassNotFoundException'{0x0000000086979900}: org/gradle/api/internal/DefaultDomainObjectSetBeanInfo> (0x0000000086979900) thrown at [./src/hotspot/share/classfile/systemDictionary.cpp, line 230]
Event: 833.595 Thread 0x00000135dd134000 Exception <a 'java/lang/ClassNotFoundException'{0x00000000869ad968}: org/gradle/api/internal/DefaultDomainObjectSetCustomizer> (0x00000000869ad968) thrown at [./src/hotspot/share/classfile/systemDictionary.cpp, line 230]
Event: 833.670 Thread 0x00000135dd134000 Exception <a 'java/lang/ClassNotFoundException'{0x00000000869ee910}: org/gradle/api/internal/DefaultDomainObjectSet_DecoratedCustomizer> (0x00000000869ee910) thrown at [./src/hotspot/share/classfile/systemDictionary.cpp, line 230]
Event: 838.330 Thread 0x00000135dd134000 Exception <a 'java/lang/ClassNotFoundException'{0x0000000086775c88}: org/gradle/api/internal/artifacts/dependencies/DefaultExternalModuleDependency_DecoratedBeanInfo> (0x0000000086775c88) thrown at [./src/hotspot/share/classfile/systemDictionary.cpp, line 230]
Event: 838.378 Thread 0x00000135dd134000 Exception <a 'java/lang/ClassNotFoundException'{0x00000000867c4910}: org/gradle/api/internal/artifacts/dependencies/DefaultExternalModuleDependencyBeanInfo> (0x00000000867c4910) thrown at [./src/hotspot/share/classfile/systemDictionary.cpp, line 230]
Event: 838.409 Thread 0x00000135dd134000 Exception <a 'java/lang/ClassNotFoundException'{0x0000000086616980}: org/gradle/api/internal/artifacts/dependencies/AbstractExternalModuleDependencyBeanInfo> (0x0000000086616980) thrown at [./src/hotspot/share/classfile/systemDictionary.cpp, line 230]
Event: 838.445 Thread 0x00000135dd134000 Exception <a 'java/lang/ClassNotFoundException'{0x0000000086652a38}: org/gradle/api/internal/artifacts/dependencies/AbstractModuleDependencyBeanInfo> (0x0000000086652a38) thrown at [./src/hotspot/share/classfile/systemDictionary.cpp, line 230]
Event: 838.474 Thread 0x00000135dd134000 Exception <a 'java/lang/ClassNotFoundException'{0x000000008668c398}: org/gradle/api/internal/artifacts/dependencies/AbstractDependencyBeanInfo> (0x000000008668c398) thrown at [./src/hotspot/share/classfile/systemDictionary.cpp, line 230]
Event: 839.006 Thread 0x00000135dd134000 Exception <a 'java/lang/ClassNotFoundException'{0x00000000866c7c38}: org/gradle/api/internal/artifacts/dependencies/AbstractDependencyCustomizer> (0x00000000866c7c38) thrown at [./src/hotspot/share/classfile/systemDictionary.cpp, line 230]
Event: 839.391 Thread 0x00000135dd134000 Exception <a 'java/lang/ClassNotFoundException'{0x0000000086507d00}: org/gradle/api/internal/artifacts/dependencies/AbstractModuleDependencyCustomizer> (0x0000000086507d00) thrown at [./src/hotspot/share/classfile/systemDictionary.cpp, line 230]
Event: 840.193 Thread 0x00000135dd134000 Exception <a 'java/lang/ClassNotFoundException'{0x000000008656f1f0}: org/gradle/api/internal/artifacts/dependencies/AbstractExternalModuleDependencyCustomizer> (0x000000008656f1f0) thrown at [./src/hotspot/share/classfile/systemDictionary.cpp, line 230]
Event: 840.517 Thread 0x00000135dd134000 Exception <a 'java/lang/ClassNotFoundException'{0x00000000865d1348}: org/gradle/api/internal/artifacts/dependencies/DefaultExternalModuleDependencyCustomizer> (0x00000000865d1348) thrown at [./src/hotspot/share/classfile/systemDictionary.cpp, line 230]
Event: 842.333 Thread 0x00000135dd134000 Exception <a 'java/lang/ClassNotFoundException'{0x0000000086437338}: org/gradle/api/internal/artifacts/dependencies/DefaultExternalModuleDependency_DecoratedCustomizer> (0x0000000086437338) thrown at [./src/hotspot/share/classfile/systemDictionary.cpp, line 230]

Events (20 events):
Event: 842.333 loading class org/gradle/api/internal/artifacts/dependencies/DefaultExternalModuleDependency_DecoratedCustomizer
Event: 842.333 loading class org/gradle/api/internal/artifacts/dependencies/DefaultExternalModuleDependency_DecoratedCustomizer done
Event: 843.697 loading class org/gradle/api/internal/artifacts/DefaultExcludeRule
Event: 843.699 loading class org/gradle/api/internal/artifacts/DefaultExcludeRule done
Event: 844.565 loading class org/codehaus/groovy/runtime/dgm$1301
Event: 844.565 loading class org/codehaus/groovy/runtime/dgm$1301 done
Event: 846.766 Executing VM operation: RevokeBias
Event: 846.780 Executing VM operation: RevokeBias done
Event: 846.781 Thread 0x00000135dc421800 Thread exited: 0x00000135dc421800
Event: 861.648 Executing VM operation: RevokeBias
Event: 861.680 Executing VM operation: RevokeBias done
Event: 861.699 Thread 0x00000135deea3800 Thread exited: 0x00000135deea3800
Event: 1015.506 Executing VM operation: G1CollectForAllocation
Event: 1020.270 Executing VM operation: G1CollectForAllocation done
Event: 1030.226 Executing VM operation: CGC_Operation
Event: 1036.789 Executing VM operation: CGC_Operation done
Event: 1040.240 Executing VM operation: CGC_Operation
Event: 1040.255 Executing VM operation: CGC_Operation done
Event: 1051.493 Executing VM operation: G1CollectForAllocation
Event: 1052.011 Executing VM operation: G1CollectForAllocation done


Dynamic libraries:
0x00007ff755f40000 - 0x00007ff755f4d000 	C:\Program Files\Microsoft\jdk-11.0.18.10-hotspot\bin\java.exe
0x00007ffa50dd0000 - 0x00007ffa50fe4000 	C:\WINDOWS\SYSTEM32\ntdll.dll
0x00007ffa4f1d0000 - 0x00007ffa4f292000 	C:\WINDOWS\System32\KERNEL32.DLL
0x00007ffa4e380000 - 0x00007ffa4e71c000 	C:\WINDOWS\System32\KERNELBASE.dll
0x00007ffa4e840000 - 0x00007ffa4e951000 	C:\WINDOWS\System32\ucrtbase.dll
0x00007ffa278d0000 - 0x00007ffa278e7000 	C:\Program Files\Microsoft\jdk-11.0.18.10-hotspot\bin\jli.dll
0x00007ffa27250000 - 0x00007ffa27265000 	C:\Program Files\Microsoft\jdk-11.0.18.10-hotspot\bin\VCRUNTIME140.dll
0x00007ffa507b0000 - 0x00007ffa5095b000 	C:\WINDOWS\System32\USER32.dll
0x00007ffa4e350000 - 0x00007ffa4e376000 	C:\WINDOWS\System32\win32u.dll
0x00007ffa4f8e0000 - 0x00007ffa4f909000 	C:\WINDOWS\System32\GDI32.dll
0x00007ffa4e720000 - 0x00007ffa4e833000 	C:\WINDOWS\System32\gdi32full.dll
0x00007ffa4eb40000 - 0x00007ffa4ebda000 	C:\WINDOWS\System32\msvcp_win.dll
0x00007ffa2bcd0000 - 0x00007ffa2bf5e000 	C:\WINDOWS\WinSxS\amd64_microsoft.windows.common-controls_6595b64144ccf1df_6.0.22621.608_none_a9444ca7c10bb01d\COMCTL32.dll
0x00007ffa50b80000 - 0x00007ffa50c27000 	C:\WINDOWS\System32\msvcrt.dll
0x00007ffa50770000 - 0x00007ffa507a1000 	C:\WINDOWS\System32\IMM32.DLL
0x00007ff9fa240000 - 0x00007ff9fa2db000 	C:\Program Files\Microsoft\jdk-11.0.18.10-hotspot\bin\msvcp140.dll
0x00007ff9c7820000 - 0x00007ff9c83b2000 	C:\Program Files\Microsoft\jdk-11.0.18.10-hotspot\bin\server\jvm.dll
0x00007ffa50ad0000 - 0x00007ffa50b7e000 	C:\WINDOWS\System32\ADVAPI32.dll
0x00007ffa4ed30000 - 0x00007ffa4edd4000 	C:\WINDOWS\System32\sechost.dll
0x00007ffa4ec10000 - 0x00007ffa4ed27000 	C:\WINDOWS\System32\RPCRT4.dll
0x00007ffa4f910000 - 0x00007ffa4f918000 	C:\WINDOWS\System32\PSAPI.DLL
0x00007ffa28c10000 - 0x00007ffa28c19000 	C:\WINDOWS\SYSTEM32\WSOCK32.dll
0x00007ffa4efd0000 - 0x00007ffa4f041000 	C:\WINDOWS\System32\WS2_32.dll
0x00007ffa46d60000 - 0x00007ffa46d94000 	C:\WINDOWS\SYSTEM32\WINMM.dll
0x00007ffa4be20000 - 0x00007ffa4be2a000 	C:\WINDOWS\SYSTEM32\VERSION.dll
0x00007ffa4d2c0000 - 0x00007ffa4d2d8000 	C:\WINDOWS\SYSTEM32\kernel.appcore.dll
0x00007ffa28bd0000 - 0x00007ffa28be0000 	C:\Program Files\Microsoft\jdk-11.0.18.10-hotspot\bin\verify.dll
0x00007ffa48e50000 - 0x00007ffa4907e000 	C:\WINDOWS\SYSTEM32\DBGHELP.DLL
0x00007ffa4f550000 - 0x00007ffa4f8d9000 	C:\WINDOWS\System32\combase.dll
0x00007ffa50960000 - 0x00007ffa50a37000 	C:\WINDOWS\System32\OLEAUT32.dll
0x00007ffa30020000 - 0x00007ffa30052000 	C:\WINDOWS\SYSTEM32\dbgcore.DLL
0x00007ffa4e210000 - 0x00007ffa4e28b000 	C:\WINDOWS\System32\bcryptPrimitives.dll
0x00007ffa13970000 - 0x00007ffa13998000 	C:\Program Files\Microsoft\jdk-11.0.18.10-hotspot\bin\java.dll
0x00007ffa28270000 - 0x00007ffa2827a000 	C:\Program Files\Microsoft\jdk-11.0.18.10-hotspot\bin\jimage.dll
0x00007ffa26520000 - 0x00007ffa26538000 	C:\Program Files\Microsoft\jdk-11.0.18.10-hotspot\bin\zip.dll
0x00007ffa4f920000 - 0x00007ffa50110000 	C:\WINDOWS\System32\SHELL32.dll
0x00007ffa4c1e0000 - 0x00007ffa4caad000 	C:\WINDOWS\SYSTEM32\windows.storage.dll
0x00007ffa4c090000 - 0x00007ffa4c1ce000 	C:\WINDOWS\SYSTEM32\wintypes.dll
0x00007ffa4f050000 - 0x00007ffa4f141000 	C:\WINDOWS\System32\SHCORE.dll
0x00007ffa50d30000 - 0x00007ffa50d8e000 	C:\WINDOWS\System32\shlwapi.dll
0x00007ffa4e140000 - 0x00007ffa4e161000 	C:\WINDOWS\SYSTEM32\profapi.dll
0x00007ffa1dcf0000 - 0x00007ffa1dd09000 	C:\Program Files\Microsoft\jdk-11.0.18.10-hotspot\bin\net.dll
0x00007ffa45700000 - 0x00007ffa45837000 	C:\WINDOWS\SYSTEM32\WINHTTP.dll
0x00007ffa4d780000 - 0x00007ffa4d7e9000 	C:\WINDOWS\system32\mswsock.dll
0x00007ffa13640000 - 0x00007ffa13653000 	C:\Program Files\Microsoft\jdk-11.0.18.10-hotspot\bin\nio.dll
0x00007ffa0d500000 - 0x00007ffa0d527000 	C:\Users\Hp gaming\.gradle\native\e1d6ef7f7dcc3fd88c89a11ec53ec762bb8ba0a96d01ffa2cd45eb1d1d8dd5c5\windows-amd64\native-platform.dll
0x00007ff9d32c0000 - 0x00007ff9d3404000 	C:\Users\Hp gaming\.gradle\native\0d407fdbe67a94daf76414ababcb853783967236a71b16ec16e742cd7a986fd3\windows-amd64\native-platform-file-events.dll
0x00007ffa27fb0000 - 0x00007ffa27fb9000 	C:\Program Files\Microsoft\jdk-11.0.18.10-hotspot\bin\management.dll
0x00007ffa27ed0000 - 0x00007ffa27edb000 	C:\Program Files\Microsoft\jdk-11.0.18.10-hotspot\bin\management_ext.dll
0x00007ffa4da10000 - 0x00007ffa4da2b000 	C:\WINDOWS\SYSTEM32\CRYPTSP.dll
0x00007ffa4d280000 - 0x00007ffa4d2b5000 	C:\WINDOWS\system32\rsaenh.dll
0x00007ffa4d850000 - 0x00007ffa4d878000 	C:\WINDOWS\SYSTEM32\USERENV.dll
0x00007ffa4dbe0000 - 0x00007ffa4dc08000 	C:\WINDOWS\SYSTEM32\bcrypt.dll
0x00007ffa4da00000 - 0x00007ffa4da0c000 	C:\WINDOWS\SYSTEM32\CRYPTBASE.dll
0x00007ffa4cd70000 - 0x00007ffa4cd9d000 	C:\WINDOWS\SYSTEM32\IPHLPAPI.DLL
0x00007ffa4efc0000 - 0x00007ffa4efc9000 	C:\WINDOWS\System32\NSI.dll
0x00007ffa456e0000 - 0x00007ffa456f9000 	C:\WINDOWS\SYSTEM32\dhcpcsvc6.DLL
0x00007ffa456c0000 - 0x00007ffa456df000 	C:\WINDOWS\SYSTEM32\dhcpcsvc.DLL
0x00007ffa4cde0000 - 0x00007ffa4ced3000 	C:\WINDOWS\SYSTEM32\DNSAPI.dll

dbghelp: loaded successfully - version: 4.0.5 - missing functions: none
symbol engine: initialized successfully - sym options: 0x614 - pdb path: .;C:\Program Files\Microsoft\jdk-11.0.18.10-hotspot\bin;C:\WINDOWS\SYSTEM32;C:\WINDOWS\WinSxS\amd64_microsoft.windows.common-controls_6595b64144ccf1df_6.0.22621.608_none_a9444ca7c10bb01d;C:\Program Files\Microsoft\jdk-11.0.18.10-hotspot\bin\server;C:\Users\Hp gaming\.gradle\native\e1d6ef7f7dcc3fd88c89a11ec53ec762bb8ba0a96d01ffa2cd45eb1d1d8dd5c5\windows-amd64;C:\Users\Hp gaming\.gradle\native\0d407fdbe67a94daf76414ababcb853783967236a71b16ec16e742cd7a986fd3\windows-amd64

VM Arguments:
jvm_args: -XX:MaxMetaspaceSize=512m --add-opens=java.base/java.util=ALL-UNNAMED --add-opens=java.base/java.lang=ALL-UNNAMED --add-opens=java.base/java.lang.invoke=ALL-UNNAMED --add-opens=java.base/java.util=ALL-UNNAMED --add-opens=java.prefs/java.util.prefs=ALL-UNNAMED --add-opens=java.prefs/java.util.prefs=ALL-UNNAMED --add-opens=java.base/java.nio.charset=ALL-UNNAMED --add-opens=java.base/java.net=ALL-UNNAMED --add-opens=java.base/java.util.concurrent.atomic=ALL-UNNAMED -Xmx2048m -Dfile.encoding=windows-1252 -Duser.country=IN -Duser.language=en -Duser.variant 
java_command: org.gradle.launcher.daemon.bootstrap.GradleDaemon 7.5.1
java_class_path (initial): C:\Users\Hp gaming\.gradle\wrapper\dists\gradle-7.5.1-all\1ehga6e77gqps5uk2kc5kf1vc\gradle-7.5.1\lib\gradle-launcher-7.5.1.jar
Launcher Type: SUN_STANDARD

[Global flags]
     intx CICompilerCount                          = 4                                         {product} {ergonomic}
   size_t CompressedClassSpaceSize                 = 528482304                                 {product} {ergonomic}
     uint ConcGCThreads                            = 2                                         {product} {ergonomic}
     uint G1ConcRefinementThreads                  = 8                                         {product} {ergonomic}
   size_t G1HeapRegionSize                         = 1048576                                   {product} {ergonomic}
    uintx GCDrainStackTargetSize                   = 64                                        {product} {ergonomic}
   size_t InitialHeapSize                          = 132120576                                 {product} {ergonomic}
   size_t MarkStackSize                            = 4194304                                   {product} {ergonomic}
   size_t MaxHeapSize                              = 2147483648                                {product} {command line}
   size_t MaxMetaspaceSize                         = 536870912                                 {product} {command line}
   size_t MaxNewSize                               = 1287651328                                {product} {ergonomic}
   size_t MinHeapDeltaBytes                        = 1048576                                   {product} {ergonomic}
    uintx NonNMethodCodeHeapSize                   = 5836300                                {pd product} {ergonomic}
    uintx NonProfiledCodeHeapSize                  = 122910970                              {pd product} {ergonomic}
    uintx ProfiledCodeHeapSize                     = 122910970                              {pd product} {ergonomic}
    uintx ReservedCodeCacheSize                    = 251658240                              {pd product} {ergonomic}
     bool SegmentedCodeCache                       = true                                      {product} {ergonomic}
     bool UseCompressedClassPointers               = true                                 {lp64_product} {ergonomic}
     bool UseCompressedOops                        = true                                 {lp64_product} {ergonomic}
     bool UseG1GC                                  = true                                      {product} {ergonomic}
     bool UseLargePagesIndividualAllocation        = false                                  {pd product} {ergonomic}

Logging:
Log output configuration:
 #0: stdout all=warning uptime,level,tags
 #1: stderr all=off uptime,level,tags

Environment Variables:
JAVA_HOME=C:\Program Files\Microsoft\jdk-11.0.18.10-hotspot\
CLASSPATH=C:\Users\Hp gaming\Desktop\hibeeappm\Hibbe-Mobile-App\android\\gradle\wrapper\gradle-wrapper.jar
PATH=C:\Users\Hp gaming\Desktop\hibeeappm\Hibbe-Mobile-App\android\node_modules\.bin;C:\Users\Hp gaming\Desktop\hibeeappm\Hibbe-Mobile-App\node_modules\.bin;C:\Users\Hp gaming\Desktop\hibeeappm\node_modules\.bin;C:\Users\Hp gaming\Desktop\node_modules\.bin;C:\Users\Hp gaming\node_modules\.bin;C:\Users\node_modules\.bin;C:\node_modules\.bin;C:\Program Files\nodejs;C:\Users\Hp gaming\Desktop\hibeeappm\Hibbe-Mobile-App\node_modules\.bin;C:\Users\Hp gaming\Desktop\hibeeappm\Hibbe-Mobile-App\node_modules\.bin;C:\Users\Hp gaming\Desktop\hibeeappm\node_modules\.bin;C:\Users\Hp gaming\Desktop\node_modules\.bin;C:\Users\Hp gaming\node_modules\.bin;C:\Users\node_modules\.bin;C:\node_modules\.bin;C:\Users\Hp gaming\Desktop\hibeeappm\Hibbe-Mobile-App\node_modules\npm\node_modules\@npmcli\run-script\lib\node-gyp-bin;C:\Users\Hp gaming\Desktop\hibeeappm\Hibbe-Mobile-App\node_modules\.bin;C:\Users\Hp gaming\Desktop\hibeeappm\node_modules\.bin;C:\Users\Hp gaming\Desktop\node_modules\.bin;C:\Users\Hp gaming\node_modules\.bin;C:\Users\node_modules\.bin;C:\node_modules\.bin;C:\Program Files\nodejs;C:\Users\Hp gaming\Desktop\hibeeappm\Hibbe-Mobile-App\node_modules\.bin;C:\Users\Hp gaming\Desktop\hibeeappm\node_modules\.bin;C:\Users\Hp gaming\Desktop\node_modules\.bin;C:\Users\Hp gaming\node_modules\.bin;C:\Users\node_modules\.bin;C:\node_modules\.bin;C:\Users\Hp gaming\AppData\Roaming\npm\node_modules\npm\node_modules\@npmcli\run-script\lib\node-gyp-bin;C:\Program Files\Microsoft\jdk-11.0.18.10-hotspot\bin;C:\Program Files\Common Files\Oracle\Java\javapath;C:\WINDOWS\system32;C:\WINDOWS;C:\WINDOWS\System32\Wbem;C:\WINDOWS\System32\WindowsPowerShell\v1.0\;C:\WINDOWS\System32\OpenSSH\;C:\Program Files\Java\jdk-18.0.1.1\bin;C:\Program Files\Git\cmd;C:\ProgramData\chocolatey\bin;C:\Program Files\nodejs\;C:\Users\Hp gaming\AppData\Local\Programs\Microsoft VS Code\bin;C:\Program Files\heroku\bin;C:\Program Files\heroku\bin;C:\Users\Hp gaming\AppData\Roaming\npm;C:\Users\Hp gaming\AppData\Local\
USERNAME=Hp gaming
LANG=en_US.UTF-8
OS=Windows_NT
PROCESSOR_IDENTIFIER=Intel64 Family 6 Model 158 Stepping 10, GenuineIntel
TMP=C:\WINDOWS\TEMP
TEMP=C:\Users\HPGAMI~1\AppData\Local\Temp



---------------  S Y S T E M  ---------------

OS: Windows 11 , 64 bit Build 22621 (10.0.22621.1485)
OS uptime: 7 days 7:41 hours
Hyper-V role detected

CPU:total 8 (initial active 8) (4 cores per cpu, 2 threads per core) family 6 model 158 stepping 10 microcode 0xea, cmov, cx8, fxsr, mmx, sse, sse2, sse3, ssse3, sse4.1, sse4.2, popcnt, avx, avx2, aes, clmul, erms, 3dnowpref, lzcnt, ht, tsc, tscinvbit, bmi1, bmi2, adx, fma

Memory: 4k page, system-wide physical 8033M (17M free)
TotalPageFile size 32609M (AvailPageFile size 1M)
current process WorkingSet (physical memory assigned to process): 28M, peak: 198M
current process commit charge ("private bytes"): 380M, peak: 408M

vm_info: OpenJDK 64-Bit Server VM (11.0.18+10-LTS) for windows-amd64 JRE (11.0.18+10-LTS), built on Jan 18 2023 15:56:47 by "MicrosoftCorporation" with MS VC++ 15.9 (VS2017)

END.
