#
# There is insufficient memory for the Java Runtime Environment to continue.
# Native memory allocation (malloc) failed to allocate 493296 bytes for Chunk::new
# Possible reasons:
#   The system is out of physical RAM or swap space
#   The process is running with CompressedOops enabled, and the Java Heap may be blocking the growth of the native heap
# Possible solutions:
#   Reduce memory load on the system
#   Increase physical memory or swap space
#   Check if swap backing store is full
#   Decrease Java heap size (-Xmx/-Xms)
#   Decrease number of Java threads
#   Decrease Java thread stack sizes (-Xss)
#   Set larger code cache with -XX:ReservedCodeCacheSize=
#   JVM is running with Unscaled Compressed Oops mode in which the Java heap is
#     placed in the first 4GB address space. The Java Heap base address is the
#     maximum limit for the native heap growth. Please use -XX:HeapBaseMinAddress
#     to set the Java Heap base and to place the Java Heap above 4GB virtual address.
# This output file may be truncated or incomplete.
#
#  Out of Memory Error (./src/hotspot/share/memory/arena.cpp:197), pid=17780, tid=5216
#
# JRE version: OpenJDK Runtime Environment Microsoft-7208460 (11.0.18+10) (build 11.0.18+10-LTS)
# Java VM: OpenJDK 64-Bit Server VM Microsoft-7208460 (11.0.18+10-LTS, mixed mode, tiered, compressed oops, g1 gc, windows-amd64)
# No core dump will be written. Minidumps are not enabled by default on client versions of Windows
#

---------------  S U M M A R Y ------------

Command Line: -XX:MaxMetaspaceSize=512m --add-opens=java.base/java.util=ALL-UNNAMED --add-opens=java.base/java.lang=ALL-UNNAMED --add-opens=java.base/java.lang.invoke=ALL-UNNAMED --add-opens=java.base/java.util=ALL-UNNAMED --add-opens=java.prefs/java.util.prefs=ALL-UNNAMED --add-opens=java.prefs/java.util.prefs=ALL-UNNAMED --add-opens=java.base/java.nio.charset=ALL-UNNAMED --add-opens=java.base/java.net=ALL-UNNAMED --add-opens=java.base/java.util.concurrent.atomic=ALL-UNNAMED -Xmx2048m -Dfile.encoding=windows-1252 -Duser.country=IN -Duser.language=en -Duser.variant org.gradle.launcher.daemon.bootstrap.GradleDaemon 7.5.1

Host: Intel(R) Core(TM) i5-9300H CPU @ 2.40GHz, 8 cores, 7G,  Windows 11 , 64 bit Build 22621 (10.0.22621.1485)
Time: Fri Apr 28 19:16:01 2023 India Standard Time elapsed time: 1146.206693 seconds (0d 0h 19m 6s)

---------------  T H R E A D  ---------------

Current thread (0x000001a3aa30a800):  JavaThread "C2 CompilerThread0" daemon [_thread_in_native, id=5216, stack(0x0000005bc2100000,0x0000005bc2200000)]


Current CompileTask:
C2:1146208 9855   !   4       java.io.BufferedReader::readLine (304 bytes)

Stack: [0x0000005bc2100000,0x0000005bc2200000]
Native frames: (J=compiled Java code, j=interpreted, Vv=VM code, C=native code)
V  [jvm.dll+0x62bf8a]
V  [jvm.dll+0x7b8fb9]
V  [jvm.dll+0x7ba6a8]
V  [jvm.dll+0x7bad83]
V  [jvm.dll+0x250248]
V  [jvm.dll+0xc260c]
V  [jvm.dll+0xc2bcc]
V  [jvm.dll+0x35e182]
V  [jvm.dll+0x32a373]
V  [jvm.dll+0x3296aa]
V  [jvm.dll+0x2093b3]
V  [jvm.dll+0x20850d]
V  [jvm.dll+0x18a4b1]
V  [jvm.dll+0x217eec]
V  [jvm.dll+0x21612b]
V  [jvm.dll+0x77bac0]
V  [jvm.dll+0x7749f4]
V  [jvm.dll+0x62adf5]
C  [ucrtbase.dll+0x29363]
C  [KERNEL32.DLL+0x1269d]
C  [ntdll.dll+0x5a9f8]


---------------  P R O C E S S  ---------------

Threads class SMR info:
_java_thread_list=0x000001a3af2aa9e0, length=132, elements={
0x000001a38b211800, 0x000001a3aa2f5800, 0x000001a3aa2ef800, 0x000001a3aa307800,
0x000001a3aa308800, 0x000001a3aa309800, 0x000001a3aa30a800, 0x000001a3aa30c800,
0x000001a3aa310000, 0x000001a3aad4f800, 0x000001a3abc83000, 0x000001a3ac5ea800,
0x000001a3ab16d000, 0x000001a3ab156000, 0x000001a3ac30e800, 0x000001a3abe32800,
0x000001a3ac466000, 0x000001a3ac466800, 0x000001a3ac468800, 0x000001a3ab8be000,
0x000001a3ab8be800, 0x000001a3ab8ba800, 0x000001a3ab8bd000, 0x000001a3ab8b9000,
0x000001a3ab8bf800, 0x000001a3ab8bb800, 0x000001a3ab8bc000, 0x000001a3ada9d000,
0x000001a3ada9c000, 0x000001a3ada97000, 0x000001a3ada9a800, 0x000001a3ada9d800,
0x000001a3ada9e800, 0x000001a3ada9f800, 0x000001a3ada9b000, 0x000001a3adaa4000,
0x000001a3adaa6000, 0x000001a3adaa0000, 0x000001a3adaa3800, 0x000001a3adaa1800,
0x000001a3adaa5000, 0x000001a3adaa2800, 0x000001a3adaa1000, 0x000001a3ab8b9800,
0x000001a3ab1ef000, 0x000001a3ab1ef800, 0x000001a3ab1f3000, 0x000001a3ab1ed000,
0x000001a3ab1f0800, 0x000001a3ab1f4000, 0x000001a3ab1ee000, 0x000001a3ab1f2000,
0x000001a3ab1f4800, 0x000001a3ab1f7000, 0x000001a3ab1f5800, 0x000001a3ab1f6000,
0x000001a3ab1f1800, 0x000001a3ab1fa800, 0x000001a3ab1fb000, 0x000001a3ab1fc000,
0x000001a3ab1f8000, 0x000001a3ab1f9800, 0x000001a3ab1f8800, 0x000001a3ad822000,
0x000001a3ad822800, 0x000001a3ad823800, 0x000001a3ad820800, 0x000001a3ad821000,
0x000001a3ad826000, 0x000001a3ad825000, 0x000001a3ad827000, 0x000001a3ad824800,
0x000001a3ad827800, 0x000001a3ad82a000, 0x000001a3ad82b800, 0x000001a3ad82e000,
0x000001a3ad82b000, 0x000001a3ad829000, 0x000001a3ad828800, 0x000001a3ad82d800,
0x000001a3ad82f000, 0x000001a3af3c3800, 0x000001a3af3c5000, 0x000001a3af3c6000,
0x000001a3af3c0000, 0x000001a3af3c6800, 0x000001a3af3c2800, 0x000001a3af3c1000,
0x000001a3af3c4000, 0x000001a3af3c7800, 0x000001a3af3c2000, 0x000001a3af3c8800,
0x000001a3af3ca000, 0x000001a3af3cb800, 0x000001a3af3cc800, 0x000001a3af3cd000,
0x000001a3af3cb000, 0x000001a3af3ce000, 0x000001a3af3cf000, 0x000001a3af3c9000,
0x000001a3adb96000, 0x000001a3adb97000, 0x000001a3adb99800, 0x000001a3adb9a000,
0x000001a3adb98800, 0x000001a3adb95800, 0x000001a3adb94800, 0x000001a3adb9c800,
0x000001a3adb9d800, 0x000001a3adb97800, 0x000001a3adb9e800, 0x000001a3adb9f000,
0x000001a3adba0000, 0x000001a3adba0800, 0x000001a3adb9b000, 0x000001a3adba1800,
0x000001a3adb9c000, 0x000001a3adba2800, 0x000001a3adba3000, 0x000001a3b1661000,
0x000001a3b1663000, 0x000001a3b1662800, 0x000001a3b1661800, 0x000001a3b1664000,
0x000001a3b1660000, 0x000001a3b1665000, 0x000001a3b165f000, 0x000001a3b166b800,
0x000001a3b1669000, 0x000001a3b1667800, 0x000001a3b166a000, 0x000001a3b1665800
}

Java Threads: ( => current thread )
  0x000001a38b211800 JavaThread "main" [_thread_blocked, id=8568, stack(0x0000005bc1500000,0x0000005bc1600000)]
  0x000001a3aa2f5800 JavaThread "Reference Handler" daemon [_thread_blocked, id=28828, stack(0x0000005bc1c00000,0x0000005bc1d00000)]
  0x000001a3aa2ef800 JavaThread "Finalizer" daemon [_thread_blocked, id=29376, stack(0x0000005bc1d00000,0x0000005bc1e00000)]
  0x000001a3aa307800 JavaThread "Signal Dispatcher" daemon [_thread_blocked, id=20508, stack(0x0000005bc1e00000,0x0000005bc1f00000)]
  0x000001a3aa308800 JavaThread "Attach Listener" daemon [_thread_blocked, id=5288, stack(0x0000005bc1f00000,0x0000005bc2000000)]
  0x000001a3aa309800 JavaThread "Service Thread" daemon [_thread_blocked, id=16220, stack(0x0000005bc2000000,0x0000005bc2100000)]
=>0x000001a3aa30a800 JavaThread "C2 CompilerThread0" daemon [_thread_in_native, id=5216, stack(0x0000005bc2100000,0x0000005bc2200000)]
  0x000001a3aa30c800 JavaThread "C1 CompilerThread0" daemon [_thread_blocked, id=11388, stack(0x0000005bc2200000,0x0000005bc2300000)]
  0x000001a3aa310000 JavaThread "Sweeper thread" daemon [_thread_blocked, id=19588, stack(0x0000005bc2300000,0x0000005bc2400000)]
  0x000001a3aad4f800 JavaThread "Common-Cleaner" daemon [_thread_blocked, id=6832, stack(0x0000005bc2400000,0x0000005bc2500000)]
  0x000001a3abc83000 JavaThread "Daemon health stats" [_thread_blocked, id=18204, stack(0x0000005bc1300000,0x0000005bc1400000)]
  0x000001a3ac5ea800 JavaThread "Incoming local TCP Connector on port 59929" [_thread_in_native, id=27124, stack(0x0000005bc2800000,0x0000005bc2900000)]
  0x000001a3ab16d000 JavaThread "Daemon periodic checks" [_thread_blocked, id=4536, stack(0x0000005bc2900000,0x0000005bc2a00000)]
  0x000001a3ab156000 JavaThread "Daemon" [_thread_blocked, id=21200, stack(0x0000005bc2a00000,0x0000005bc2b00000)]
  0x000001a3ac30e800 JavaThread "Handler for socket connection from /127.0.0.1:59929 to /127.0.0.1:59940" [_thread_in_native, id=19000, stack(0x0000005bc2b00000,0x0000005bc2c00000)]
  0x000001a3abe32800 JavaThread "Cancel handler" [_thread_blocked, id=9528, stack(0x0000005bc2c00000,0x0000005bc2d00000)]
  0x000001a3ac466000 JavaThread "Daemon worker" [_thread_in_native, id=21028, stack(0x0000005bc2d00000,0x0000005bc2e00000)]
  0x000001a3ac466800 JavaThread "Asynchronous log dispatcher for DefaultDaemonConnection: socket connection from /127.0.0.1:59929 to /127.0.0.1:59940" [_thread_blocked, id=26944, stack(0x0000005bc2e00000,0x0000005bc2f00000)]
  0x000001a3ac468800 JavaThread "Daemon client event forwarder" [_thread_blocked, id=26660, stack(0x0000005bc3000000,0x0000005bc3100000)]
  0x000001a3ab8be000 JavaThread "Cache worker for journal cache (C:\Users\Hp gaming\.gradle\caches\journal-1)" [_thread_blocked, id=27976, stack(0x0000005bc3600000,0x0000005bc3700000)]
  0x000001a3ab8be800 JavaThread "File lock request listener" [_thread_in_native, id=28600, stack(0x0000005bc3700000,0x0000005bc3800000)]
  0x000001a3ab8ba800 JavaThread "Cache worker for file hash cache (C:\Users\Hp gaming\.gradle\caches\7.5.1\fileHashes)" [_thread_blocked, id=25644, stack(0x0000005bc3900000,0x0000005bc3a00000)]
  0x000001a3ab8bd000 JavaThread "File watcher server" daemon [_thread_in_native, id=26368, stack(0x0000005bc3b00000,0x0000005bc3c00000)]
  0x000001a3ab8b9000 JavaThread "File watcher consumer" daemon [_thread_blocked, id=12860, stack(0x0000005bc3c00000,0x0000005bc3d00000)]
  0x000001a3ab8bf800 JavaThread "Cache worker for checksums cache (C:\Users\Hp gaming\Desktop\hibeeappm\Hibbe-Mobile-App\android\.gradle\7.5.1\checksums)" [_thread_blocked, id=8100, stack(0x0000005bc3d00000,0x0000005bc3e00000)]
  0x000001a3ab8bb800 JavaThread "Cache worker for cache directory md-rule (C:\Users\Hp gaming\.gradle\caches\7.5.1\md-rule)" [_thread_blocked, id=28208, stack(0x0000005bc3e00000,0x0000005bc3f00000)]
  0x000001a3ab8bc000 JavaThread "Cache worker for file content cache (C:\Users\Hp gaming\.gradle\caches\7.5.1\fileContent)" [_thread_blocked, id=28172, stack(0x0000005bc3f00000,0x0000005bc4000000)]
  0x000001a3ada9d000 JavaThread "Cache worker for file hash cache (C:\Users\Hp gaming\Desktop\hibeeappm\Hibbe-Mobile-App\android\.gradle\7.5.1\fileHashes)" [_thread_blocked, id=17064, stack(0x0000005bc4000000,0x0000005bc4100000)]
  0x000001a3ada9c000 JavaThread "Cache worker for cache directory md-supplier (C:\Users\Hp gaming\.gradle\caches\7.5.1\md-supplier)" [_thread_blocked, id=22676, stack(0x0000005bc4100000,0x0000005bc4200000)]
  0x000001a3ada97000 JavaThread "Cache worker for execution history cache (C:\Users\Hp gaming\.gradle\caches\7.5.1\executionHistory)" [_thread_blocked, id=18488, stack(0x0000005bc4200000,0x0000005bc4300000)]
  0x000001a3ada9a800 JavaThread "jar transforms" [_thread_blocked, id=2396, stack(0x0000005bc4400000,0x0000005bc4500000)]
  0x000001a3ada9d800 JavaThread "jar transforms Thread 2" [_thread_blocked, id=22344, stack(0x0000005bc4300000,0x0000005bc4400000)]
  0x000001a3ada9e800 JavaThread "jar transforms Thread 3" [_thread_blocked, id=17764, stack(0x0000005bc4600000,0x0000005bc4700000)]
  0x000001a3ada9f800 JavaThread "jar transforms Thread 4" [_thread_blocked, id=16012, stack(0x0000005bc4700000,0x0000005bc4800000)]
  0x000001a3ada9b000 JavaThread "Cache worker for kotlin-dsl (C:\Users\Hp gaming\.gradle\caches\7.5.1\kotlin-dsl)" [_thread_blocked, id=27796, stack(0x0000005bc1200000,0x0000005bc1300000)]
  0x000001a3adaa4000 JavaThread "jar transforms Thread 5" [_thread_blocked, id=30948, stack(0x0000005bc2f00000,0x0000005bc3000000)]
  0x000001a3adaa6000 JavaThread "jar transforms Thread 6" [_thread_blocked, id=30232, stack(0x0000005bc3800000,0x0000005bc3900000)]
  0x000001a3adaa0000 JavaThread "Cache worker for dependencies-accessors (C:\Users\Hp gaming\Desktop\hibeeappm\Hibbe-Mobile-App\android\.gradle\7.5.1\dependencies-accessors)" [_thread_blocked, id=31000, stack(0x0000005bc4500000,0x0000005bc4600000)]
  0x000001a3adaa3800 JavaThread "Cache worker for Build Output Cleanup Cache (C:\Users\Hp gaming\Desktop\hibeeappm\Hibbe-Mobile-App\node_modules\react-native-gradle-plugin\.gradle\buildOutputCleanup)" [_thread_blocked, id=3364, stack(0x0000005bc4800000,0x0000005bc4900000)]
  0x000001a3adaa1800 JavaThread "jar transforms Thread 7" [_thread_blocked, id=23508, stack(0x0000005bc4900000,0x0000005bc4a00000)]
  0x000001a3adaa5000 JavaThread "Unconstrained build operations" [_thread_blocked, id=2820, stack(0x0000005bc4a00000,0x0000005bc4b00000)]
  0x000001a3adaa2800 JavaThread "Unconstrained build operations Thread 2" [_thread_blocked, id=8384, stack(0x0000005bc4b00000,0x0000005bc4c00000)]
  0x000001a3adaa1000 JavaThread "Unconstrained build operations Thread 3" [_thread_blocked, id=18936, stack(0x0000005bc4c00000,0x0000005bc4d00000)]
  0x000001a3ab8b9800 JavaThread "Unconstrained build operations Thread 4" [_thread_blocked, id=31576, stack(0x0000005bc4d00000,0x0000005bc4e00000)]
  0x000001a3ab1ef000 JavaThread "Unconstrained build operations Thread 5" [_thread_blocked, id=25048, stack(0x0000005bc4e00000,0x0000005bc4f00000)]
  0x000001a3ab1ef800 JavaThread "Unconstrained build operations Thread 6" [_thread_blocked, id=30020, stack(0x0000005bc4f00000,0x0000005bc5000000)]
  0x000001a3ab1f3000 JavaThread "Unconstrained build operations Thread 7" [_thread_blocked, id=31676, stack(0x0000005bc5000000,0x0000005bc5100000)]
  0x000001a3ab1ed000 JavaThread "Unconstrained build operations Thread 8" [_thread_blocked, id=30744, stack(0x0000005bc5100000,0x0000005bc5200000)]
  0x000001a3ab1f0800 JavaThread "Unconstrained build operations Thread 9" [_thread_blocked, id=23172, stack(0x0000005bc5200000,0x0000005bc5300000)]
  0x000001a3ab1f4000 JavaThread "Unconstrained build operations Thread 10" [_thread_blocked, id=15408, stack(0x0000005bc5300000,0x0000005bc5400000)]
  0x000001a3ab1ee000 JavaThread "Unconstrained build operations Thread 11" [_thread_blocked, id=30996, stack(0x0000005bc5400000,0x0000005bc5500000)]
  0x000001a3ab1f2000 JavaThread "Unconstrained build operations Thread 12" [_thread_blocked, id=27496, stack(0x0000005bc5500000,0x0000005bc5600000)]
  0x000001a3ab1f4800 JavaThread "Unconstrained build operations Thread 13" [_thread_blocked, id=26828, stack(0x0000005bc5600000,0x0000005bc5700000)]
  0x000001a3ab1f7000 JavaThread "Unconstrained build operations Thread 14" [_thread_blocked, id=31168, stack(0x0000005bc5700000,0x0000005bc5800000)]
  0x000001a3ab1f5800 JavaThread "Unconstrained build operations Thread 15" [_thread_blocked, id=19572, stack(0x0000005bc5800000,0x0000005bc5900000)]
  0x000001a3ab1f6000 JavaThread "Unconstrained build operations Thread 16" [_thread_blocked, id=22644, stack(0x0000005bc5900000,0x0000005bc5a00000)]
  0x000001a3ab1f1800 JavaThread "Unconstrained build operations Thread 17" [_thread_blocked, id=17448, stack(0x0000005bc5a00000,0x0000005bc5b00000)]
  0x000001a3ab1fa800 JavaThread "Unconstrained build operations Thread 18" [_thread_blocked, id=28376, stack(0x0000005bc5b00000,0x0000005bc5c00000)]
  0x000001a3ab1fb000 JavaThread "Unconstrained build operations Thread 19" [_thread_blocked, id=15944, stack(0x0000005bc5c00000,0x0000005bc5d00000)]
  0x000001a3ab1fc000 JavaThread "Unconstrained build operations Thread 20" [_thread_blocked, id=30044, stack(0x0000005bc5d00000,0x0000005bc5e00000)]
  0x000001a3ab1f8000 JavaThread "Unconstrained build operations Thread 21" [_thread_blocked, id=27956, stack(0x0000005bc5e00000,0x0000005bc5f00000)]
  0x000001a3ab1f9800 JavaThread "Unconstrained build operations Thread 22" [_thread_blocked, id=9232, stack(0x0000005bc5f00000,0x0000005bc6000000)]
  0x000001a3ab1f8800 JavaThread "Unconstrained build operations Thread 23" [_thread_blocked, id=5668, stack(0x0000005bc6000000,0x0000005bc6100000)]
  0x000001a3ad822000 JavaThread "Unconstrained build operations Thread 24" [_thread_blocked, id=16100, stack(0x0000005bc6100000,0x0000005bc6200000)]
  0x000001a3ad822800 JavaThread "Unconstrained build operations Thread 25" [_thread_blocked, id=16968, stack(0x0000005bc6200000,0x0000005bc6300000)]
  0x000001a3ad823800 JavaThread "Unconstrained build operations Thread 26" [_thread_blocked, id=22788, stack(0x0000005bc6300000,0x0000005bc6400000)]
  0x000001a3ad820800 JavaThread "Unconstrained build operations Thread 27" [_thread_blocked, id=17060, stack(0x0000005bc6400000,0x0000005bc6500000)]
  0x000001a3ad821000 JavaThread "Unconstrained build operations Thread 28" [_thread_blocked, id=26280, stack(0x0000005bc6500000,0x0000005bc6600000)]
  0x000001a3ad826000 JavaThread "Unconstrained build operations Thread 29" [_thread_blocked, id=18008, stack(0x0000005bc6600000,0x0000005bc6700000)]
  0x000001a3ad825000 JavaThread "Unconstrained build operations Thread 30" [_thread_blocked, id=2888, stack(0x0000005bc6700000,0x0000005bc6800000)]
  0x000001a3ad827000 JavaThread "Unconstrained build operations Thread 31" [_thread_blocked, id=31464, stack(0x0000005bc6800000,0x0000005bc6900000)]
  0x000001a3ad824800 JavaThread "Unconstrained build operations Thread 32" [_thread_blocked, id=12556, stack(0x0000005bc6900000,0x0000005bc6a00000)]
  0x000001a3ad827800 JavaThread "Unconstrained build operations Thread 33" [_thread_blocked, id=12208, stack(0x0000005bc6a00000,0x0000005bc6b00000)]
  0x000001a3ad82a000 JavaThread "jar transforms Thread 8" [_thread_blocked, id=28548, stack(0x0000005bc6b00000,0x0000005bc6c00000)]
  0x000001a3ad82b800 JavaThread "build event listener" [_thread_blocked, id=30100, stack(0x0000005bc6c00000,0x0000005bc6d00000)]
  0x000001a3ad82e000 JavaThread "Memory manager" [_thread_blocked, id=9728, stack(0x0000005bc6d00000,0x0000005bc6e00000)]
  0x000001a3ad82b000 JavaThread "Cache worker for Build Output Cleanup Cache (C:\Users\Hp gaming\Desktop\hibeeappm\Hibbe-Mobile-App\android\.gradle\buildOutputCleanup)" [_thread_blocked, id=26116, stack(0x0000005bc6e00000,0x0000005bc6f00000)]
  0x000001a3ad829000 JavaThread "Execution worker" [_thread_blocked, id=28352, stack(0x0000005bc7000000,0x0000005bc7100000)]
  0x000001a3ad828800 JavaThread "Execution worker Thread 2" [_thread_blocked, id=7964, stack(0x0000005bc7100000,0x0000005bc7200000)]
  0x000001a3ad82d800 JavaThread "Execution worker Thread 3" [_thread_blocked, id=13704, stack(0x0000005bc7200000,0x0000005bc7300000)]
  0x000001a3ad82f000 JavaThread "Execution worker Thread 4" [_thread_blocked, id=25892, stack(0x0000005bc7300000,0x0000005bc7400000)]
  0x000001a3af3c3800 JavaThread "Execution worker Thread 5" [_thread_blocked, id=31556, stack(0x0000005bc7400000,0x0000005bc7500000)]
  0x000001a3af3c5000 JavaThread "Execution worker Thread 6" [_thread_blocked, id=16604, stack(0x0000005bc7500000,0x0000005bc7600000)]
  0x000001a3af3c6000 JavaThread "Execution worker Thread 7" [_thread_blocked, id=30764, stack(0x0000005bc7600000,0x0000005bc7700000)]
  0x000001a3af3c0000 JavaThread "Cache worker for execution history cache (C:\Users\Hp gaming\Desktop\hibeeappm\Hibbe-Mobile-App\node_modules\react-native-gradle-plugin\.gradle\7.5.1\executionHistory)" [_thread_blocked, id=10848, stack(0x0000005bc7700000,0x0000005bc7800000)]
  0x000001a3af3c6800 JavaThread "Unconstrained build operations Thread 34" [_thread_blocked, id=21652, stack(0x0000005bc7800000,0x0000005bc7900000)]
  0x000001a3af3c2800 JavaThread "Unconstrained build operations Thread 35" [_thread_blocked, id=5196, stack(0x0000005bc7900000,0x0000005bc7a00000)]
  0x000001a3af3c1000 JavaThread "Unconstrained build operations Thread 36" [_thread_blocked, id=2896, stack(0x0000005bc7a00000,0x0000005bc7b00000)]
  0x000001a3af3c4000 JavaThread "Unconstrained build operations Thread 37" [_thread_blocked, id=27804, stack(0x0000005bc7b00000,0x0000005bc7c00000)]
  0x000001a3af3c7800 JavaThread "Unconstrained build operations Thread 38" [_thread_blocked, id=32480, stack(0x0000005bc7c00000,0x0000005bc7d00000)]
  0x000001a3af3c2000 JavaThread "Unconstrained build operations Thread 39" [_thread_blocked, id=32484, stack(0x0000005bc7d00000,0x0000005bc7e00000)]
  0x000001a3af3c8800 JavaThread "Unconstrained build operations Thread 40" [_thread_blocked, id=32488, stack(0x0000005bc7e00000,0x0000005bc7f00000)]
  0x000001a3af3ca000 JavaThread "Unconstrained build operations Thread 41" [_thread_blocked, id=32492, stack(0x0000005bc7f00000,0x0000005bc8000000)]
  0x000001a3af3cb800 JavaThread "Unconstrained build operations Thread 42" [_thread_blocked, id=32496, stack(0x0000005bc8000000,0x0000005bc8100000)]
  0x000001a3af3cc800 JavaThread "Unconstrained build operations Thread 43" [_thread_blocked, id=32500, stack(0x0000005bc8100000,0x0000005bc8200000)]
  0x000001a3af3cd000 JavaThread "Unconstrained build operations Thread 44" [_thread_blocked, id=32504, stack(0x0000005bc8200000,0x0000005bc8300000)]
  0x000001a3af3cb000 JavaThread "Unconstrained build operations Thread 45" [_thread_blocked, id=32508, stack(0x0000005bc8300000,0x0000005bc8400000)]
  0x000001a3af3ce000 JavaThread "Unconstrained build operations Thread 46" [_thread_blocked, id=32512, stack(0x0000005bc8400000,0x0000005bc8500000)]
  0x000001a3af3cf000 JavaThread "Unconstrained build operations Thread 47" [_thread_blocked, id=32516, stack(0x0000005bc8500000,0x0000005bc8600000)]
  0x000001a3af3c9000 JavaThread "Unconstrained build operations Thread 48" [_thread_blocked, id=32520, stack(0x0000005bc8600000,0x0000005bc8700000)]
  0x000001a3adb96000 JavaThread "Unconstrained build operations Thread 49" [_thread_blocked, id=32524, stack(0x0000005bc8700000,0x0000005bc8800000)]
  0x000001a3adb97000 JavaThread "Unconstrained build operations Thread 50" [_thread_blocked, id=32528, stack(0x0000005bc8800000,0x0000005bc8900000)]
  0x000001a3adb99800 JavaThread "Unconstrained build operations Thread 51" [_thread_blocked, id=32532, stack(0x0000005bc8900000,0x0000005bc8a00000)]
  0x000001a3adb9a000 JavaThread "Unconstrained build operations Thread 52" [_thread_blocked, id=32536, stack(0x0000005bc8a00000,0x0000005bc8b00000)]
  0x000001a3adb98800 JavaThread "Unconstrained build operations Thread 53" [_thread_blocked, id=32540, stack(0x0000005bc8b00000,0x0000005bc8c00000)]
  0x000001a3adb95800 JavaThread "Unconstrained build operations Thread 54" [_thread_blocked, id=32544, stack(0x0000005bc8c00000,0x0000005bc8d00000)]
  0x000001a3adb94800 JavaThread "Unconstrained build operations Thread 55" [_thread_blocked, id=32552, stack(0x0000005bc8d00000,0x0000005bc8e00000)]
  0x000001a3adb9c800 JavaThread "Unconstrained build operations Thread 56" [_thread_blocked, id=32568, stack(0x0000005bc8e00000,0x0000005bc8f00000)]
  0x000001a3adb9d800 JavaThread "Unconstrained build operations Thread 57" [_thread_blocked, id=32572, stack(0x0000005bc8f00000,0x0000005bc9000000)]
  0x000001a3adb97800 JavaThread "Unconstrained build operations Thread 58" [_thread_blocked, id=32576, stack(0x0000005bc9000000,0x0000005bc9100000)]
  0x000001a3adb9e800 JavaThread "Unconstrained build operations Thread 59" [_thread_blocked, id=32580, stack(0x0000005bc9100000,0x0000005bc9200000)]
  0x000001a3adb9f000 JavaThread "Unconstrained build operations Thread 60" [_thread_blocked, id=32584, stack(0x0000005bc9200000,0x0000005bc9300000)]
  0x000001a3adba0000 JavaThread "Unconstrained build operations Thread 61" [_thread_blocked, id=32588, stack(0x0000005bc9300000,0x0000005bc9400000)]
  0x000001a3adba0800 JavaThread "Unconstrained build operations Thread 62" [_thread_blocked, id=32592, stack(0x0000005bc9400000,0x0000005bc9500000)]
  0x000001a3adb9b000 JavaThread "Unconstrained build operations Thread 63" [_thread_blocked, id=32596, stack(0x0000005bc9500000,0x0000005bc9600000)]
  0x000001a3adba1800 JavaThread "Unconstrained build operations Thread 64" [_thread_blocked, id=32600, stack(0x0000005bc9600000,0x0000005bc9700000)]
  0x000001a3adb9c000 JavaThread "Unconstrained build operations Thread 65" [_thread_blocked, id=32604, stack(0x0000005bc9700000,0x0000005bc9800000)]
  0x000001a3adba2800 JavaThread "Unconstrained build operations Thread 66" [_thread_blocked, id=32608, stack(0x0000005bc9800000,0x0000005bc9900000)]
  0x000001a3adba3000 JavaThread "Unconstrained build operations Thread 67" [_thread_blocked, id=32612, stack(0x0000005bc9900000,0x0000005bc9a00000)]
  0x000001a3b1661000 JavaThread "Unconstrained build operations Thread 68" [_thread_blocked, id=32616, stack(0x0000005bc9a00000,0x0000005bc9b00000)]
  0x000001a3b1663000 JavaThread "Unconstrained build operations Thread 69" [_thread_blocked, id=32620, stack(0x0000005bc9b00000,0x0000005bc9c00000)]
  0x000001a3b1662800 JavaThread "Unconstrained build operations Thread 70" [_thread_blocked, id=32624, stack(0x0000005bc9c00000,0x0000005bc9d00000)]
  0x000001a3b1661800 JavaThread "Unconstrained build operations Thread 71" [_thread_blocked, id=32628, stack(0x0000005bc9d00000,0x0000005bc9e00000)]
  0x000001a3b1664000 JavaThread "Unconstrained build operations Thread 72" [_thread_blocked, id=32632, stack(0x0000005bc9e00000,0x0000005bc9f00000)]
  0x000001a3b1660000 JavaThread "Unconstrained build operations Thread 73" [_thread_blocked, id=32636, stack(0x0000005bc9f00000,0x0000005bca000000)]
  0x000001a3b1665000 JavaThread "Unconstrained build operations Thread 74" [_thread_blocked, id=32640, stack(0x0000005bca000000,0x0000005bca100000)]
  0x000001a3b165f000 JavaThread "Unconstrained build operations Thread 75" [_thread_blocked, id=32644, stack(0x0000005bca100000,0x0000005bca200000)]
  0x000001a3b166b800 JavaThread "Unconstrained build operations Thread 76" [_thread_blocked, id=32648, stack(0x0000005bca200000,0x0000005bca300000)]
  0x000001a3b1669000 JavaThread "Unconstrained build operations Thread 77" [_thread_blocked, id=32652, stack(0x0000005bca300000,0x0000005bca400000)]
  0x000001a3b1667800 JavaThread "Unconstrained build operations Thread 78" [_thread_blocked, id=32656, stack(0x0000005bca400000,0x0000005bca500000)]
  0x000001a3b166a000 JavaThread "Unconstrained build operations Thread 79" [_thread_blocked, id=32660, stack(0x0000005bca500000,0x0000005bca600000)]
  0x000001a3b1665800 JavaThread "Unconstrained build operations Thread 80" [_thread_blocked, id=32664, stack(0x0000005bca600000,0x0000005bca700000)]

Other Threads:
  0x000001a3aa2e1000 VMThread "VM Thread" [stack: 0x0000005bc1b00000,0x0000005bc1c00000] [id=28136]
  0x000001a3aae22000 WatcherThread [stack: 0x0000005bc2500000,0x0000005bc2600000] [id=29484]
  0x000001a38b22b000 GCTaskThread "GC Thread#0" [stack: 0x0000005bc1600000,0x0000005bc1700000] [id=11068]
  0x000001a3abd05800 GCTaskThread "GC Thread#1" [stack: 0x0000005bc2600000,0x0000005bc2700000] [id=16256]
  0x000001a3ab597000 GCTaskThread "GC Thread#2" [stack: 0x0000005bc2700000,0x0000005bc2800000] [id=13512]
  0x000001a3ab236800 GCTaskThread "GC Thread#3" [stack: 0x0000005bc3100000,0x0000005bc3200000] [id=11692]
  0x000001a3ab586800 GCTaskThread "GC Thread#4" [stack: 0x0000005bc3200000,0x0000005bc3300000] [id=28372]
  0x000001a3ab587800 GCTaskThread "GC Thread#5" [stack: 0x0000005bc3300000,0x0000005bc3400000] [id=28636]
  0x000001a3ac7ed000 GCTaskThread "GC Thread#6" [stack: 0x0000005bc3400000,0x0000005bc3500000] [id=28368]
  0x000001a3ac7ee000 GCTaskThread "GC Thread#7" [stack: 0x0000005bc3500000,0x0000005bc3600000] [id=18076]
  0x000001a38b25b800 ConcurrentGCThread "G1 Main Marker" [stack: 0x0000005bc1700000,0x0000005bc1800000] [id=28648]
  0x000001a38b260000 ConcurrentGCThread "G1 Conc#0" [stack: 0x0000005bc1800000,0x0000005bc1900000] [id=23980]
  0x000001a3ab7c0000 ConcurrentGCThread "G1 Conc#1" [stack: 0x0000005bc3a00000,0x0000005bc3b00000] [id=7916]
  0x000001a38b2de000 ConcurrentGCThread "G1 Refine#0" [stack: 0x0000005bc1900000,0x0000005bc1a00000] [id=28840]
  0x000001a3aa152800 ConcurrentGCThread "G1 Young RemSet Sampling" [stack: 0x0000005bc1a00000,0x0000005bc1b00000] [id=8852]

Threads with active compile tasks:
C2 CompilerThread0  1146472 9855   !   4       java.io.BufferedReader::readLine (304 bytes)

VM state:not at safepoint (normal execution)

VM Mutex/Monitor currently owned by a thread: None

Heap address: 0x0000000080000000, size: 2048 MB, Compressed Oops mode: 32-bit
Narrow klass base: 0x0000000000000000, Narrow klass shift: 3
Compressed class space size: 528482304 Address: 0x0000000100000000

Heap:
 garbage-first heap   total 129024K, used 88182K [0x0000000080000000, 0x0000000100000000)
  region size 1024K, 20 young (20480K), 4 survivors (4096K)
 Metaspace       used 83963K, capacity 86271K, committed 86408K, reserved 591872K
  class space    used 10794K, capacity 11789K, committed 11904K, reserved 516096K
Heap Regions: E=young(eden), S=young(survivor), O=old, HS=humongous(starts), HC=humongous(continues), CS=collection set, F=free, A=archive, TAMS=top-at-mark-start (previous, next)
|   0|0x0000000080000000, 0x0000000080100000, 0x0000000080100000|100%| O|  |TAMS 0x0000000080100000, 0x0000000080000000| Untracked 
|   1|0x0000000080100000, 0x0000000080200000, 0x0000000080200000|100%| O|  |TAMS 0x0000000080200000, 0x0000000080100000| Untracked 
|   2|0x0000000080200000, 0x0000000080300000, 0x0000000080300000|100%| O|  |TAMS 0x0000000080300000, 0x0000000080200000| Untracked 
|   3|0x0000000080300000, 0x0000000080400000, 0x0000000080400000|100%|HS|  |TAMS 0x0000000080400000, 0x0000000080300000| Complete 
|   4|0x0000000080400000, 0x0000000080500000, 0x0000000080500000|100%|HC|  |TAMS 0x0000000080500000, 0x0000000080400000| Complete 
|   5|0x0000000080500000, 0x0000000080600000, 0x0000000080600000|100%|HC|  |TAMS 0x0000000080600000, 0x0000000080500000| Complete 
|   6|0x0000000080600000, 0x0000000080700000, 0x0000000080700000|100%| O|  |TAMS 0x0000000080700000, 0x0000000080600000| Untracked 
|   7|0x0000000080700000, 0x0000000080800000, 0x0000000080800000|100%| O|  |TAMS 0x0000000080800000, 0x0000000080700000| Untracked 
|   8|0x0000000080800000, 0x0000000080900000, 0x0000000080900000|100%| O|  |TAMS 0x0000000080900000, 0x0000000080800000| Untracked 
|   9|0x0000000080900000, 0x0000000080a00000, 0x0000000080a00000|100%| O|  |TAMS 0x0000000080a00000, 0x0000000080900000| Untracked 
|  10|0x0000000080a00000, 0x0000000080b00000, 0x0000000080b00000|100%| O|  |TAMS 0x0000000080b00000, 0x0000000080a00000| Untracked 
|  11|0x0000000080b00000, 0x0000000080c00000, 0x0000000080c00000|100%| O|  |TAMS 0x0000000080c00000, 0x0000000080b00000| Untracked 
|  12|0x0000000080c00000, 0x0000000080d00000, 0x0000000080d00000|100%| O|  |TAMS 0x0000000080d00000, 0x0000000080c00000| Untracked 
|  13|0x0000000080d00000, 0x0000000080e00000, 0x0000000080e00000|100%| O|  |TAMS 0x0000000080e00000, 0x0000000080d00000| Untracked 
|  14|0x0000000080e00000, 0x0000000080f00000, 0x0000000080f00000|100%| O|  |TAMS 0x0000000080f00000, 0x0000000080e00000| Untracked 
|  15|0x0000000080f00000, 0x0000000081000000, 0x0000000081000000|100%| O|  |TAMS 0x0000000081000000, 0x0000000080f00000| Untracked 
|  16|0x0000000081000000, 0x0000000081100000, 0x0000000081100000|100%| O|  |TAMS 0x0000000081100000, 0x0000000081000000| Untracked 
|  17|0x0000000081100000, 0x0000000081200000, 0x0000000081200000|100%| O|  |TAMS 0x0000000081200000, 0x0000000081100000| Untracked 
|  18|0x0000000081200000, 0x0000000081300000, 0x0000000081300000|100%| O|  |TAMS 0x0000000081300000, 0x0000000081200000| Untracked 
|  19|0x0000000081300000, 0x0000000081400000, 0x0000000081400000|100%| O|  |TAMS 0x0000000081400000, 0x0000000081300000| Untracked 
|  20|0x0000000081400000, 0x0000000081500000, 0x0000000081500000|100%| O|  |TAMS 0x0000000081500000, 0x0000000081400000| Untracked 
|  21|0x0000000081500000, 0x0000000081600000, 0x0000000081600000|100%| O|  |TAMS 0x0000000081600000, 0x0000000081500000| Untracked 
|  22|0x0000000081600000, 0x0000000081700000, 0x0000000081700000|100%| O|  |TAMS 0x0000000081700000, 0x0000000081600000| Untracked 
|  23|0x0000000081700000, 0x0000000081800000, 0x0000000081800000|100%| O|  |TAMS 0x0000000081800000, 0x0000000081700000| Untracked 
|  24|0x0000000081800000, 0x0000000081900000, 0x0000000081900000|100%| O|  |TAMS 0x0000000081900000, 0x0000000081800000| Untracked 
|  25|0x0000000081900000, 0x0000000081a00000, 0x0000000081a00000|100%| O|  |TAMS 0x0000000081a00000, 0x0000000081900000| Untracked 
|  26|0x0000000081a00000, 0x0000000081b00000, 0x0000000081b00000|100%| O|  |TAMS 0x0000000081b00000, 0x0000000081a00000| Untracked 
|  27|0x0000000081b00000, 0x0000000081c00000, 0x0000000081c00000|100%| O|  |TAMS 0x0000000081c00000, 0x0000000081b00000| Untracked 
|  28|0x0000000081c00000, 0x0000000081d00000, 0x0000000081d00000|100%| O|  |TAMS 0x0000000081d00000, 0x0000000081c00000| Untracked 
|  29|0x0000000081d00000, 0x0000000081e00000, 0x0000000081e00000|100%| O|  |TAMS 0x0000000081e00000, 0x0000000081d00000| Untracked 
|  30|0x0000000081e00000, 0x0000000081f00000, 0x0000000081f00000|100%|HS|  |TAMS 0x0000000081f00000, 0x0000000081e00000| Complete 
|  31|0x0000000081f00000, 0x0000000082000000, 0x0000000082000000|100%|HS|  |TAMS 0x0000000082000000, 0x0000000081f00000| Complete 
|  32|0x0000000082000000, 0x0000000082100000, 0x0000000082100000|100%|HC|  |TAMS 0x0000000082100000, 0x0000000082000000| Complete 
|  33|0x0000000082100000, 0x0000000082200000, 0x0000000082200000|100%|HC|  |TAMS 0x0000000082200000, 0x0000000082100000| Complete 
|  34|0x0000000082200000, 0x0000000082300000, 0x0000000082300000|100%| O|  |TAMS 0x0000000082300000, 0x0000000082200000| Untracked 
|  35|0x0000000082300000, 0x0000000082400000, 0x0000000082400000|100%| O|  |TAMS 0x0000000082400000, 0x0000000082300000| Untracked 
|  36|0x0000000082400000, 0x0000000082500000, 0x0000000082500000|100%| O|  |TAMS 0x0000000082500000, 0x0000000082400000| Untracked 
|  37|0x0000000082500000, 0x0000000082600000, 0x0000000082600000|100%| O|  |TAMS 0x0000000082600000, 0x0000000082500000| Untracked 
|  38|0x0000000082600000, 0x0000000082700000, 0x0000000082700000|100%| O|  |TAMS 0x0000000082700000, 0x0000000082600000| Untracked 
|  39|0x0000000082700000, 0x0000000082800000, 0x0000000082800000|100%| O|  |TAMS 0x0000000082800000, 0x0000000082700000| Untracked 
|  40|0x0000000082800000, 0x0000000082900000, 0x0000000082900000|100%| O|  |TAMS 0x0000000082900000, 0x0000000082800000| Untracked 
|  41|0x0000000082900000, 0x0000000082a00000, 0x0000000082a00000|100%| O|  |TAMS 0x0000000082a00000, 0x0000000082900000| Untracked 
|  42|0x0000000082a00000, 0x0000000082b00000, 0x0000000082b00000|100%| O|  |TAMS 0x0000000082b00000, 0x0000000082a00000| Untracked 
|  43|0x0000000082b00000, 0x0000000082c00000, 0x0000000082c00000|100%| O|  |TAMS 0x0000000082c00000, 0x0000000082b00000| Untracked 
|  44|0x0000000082c00000, 0x0000000082d00000, 0x0000000082d00000|100%| O|  |TAMS 0x0000000082d00000, 0x0000000082c00000| Untracked 
|  45|0x0000000082d00000, 0x0000000082e00000, 0x0000000082e00000|100%| O|  |TAMS 0x0000000082e00000, 0x0000000082d00000| Untracked 
|  46|0x0000000082e00000, 0x0000000082f00000, 0x0000000082f00000|100%|HS|  |TAMS 0x0000000082f00000, 0x0000000082e00000| Complete 
|  47|0x0000000082f00000, 0x0000000083000000, 0x0000000083000000|100%| O|  |TAMS 0x0000000083000000, 0x0000000082f00000| Untracked 
|  48|0x0000000083000000, 0x0000000083100000, 0x0000000083100000|100%| O|  |TAMS 0x0000000083100000, 0x0000000083000000| Untracked 
|  49|0x0000000083100000, 0x0000000083200000, 0x0000000083200000|100%|HS|  |TAMS 0x0000000083200000, 0x0000000083100000| Complete 
|  50|0x0000000083200000, 0x0000000083300000, 0x0000000083300000|100%| O|  |TAMS 0x0000000083300000, 0x0000000083200000| Untracked 
|  51|0x0000000083300000, 0x0000000083400000, 0x0000000083400000|100%| O|  |TAMS 0x0000000083400000, 0x0000000083300000| Untracked 
|  52|0x0000000083400000, 0x0000000083500000, 0x0000000083500000|100%| O|  |TAMS 0x0000000083500000, 0x0000000083400000| Untracked 
|  53|0x0000000083500000, 0x0000000083600000, 0x0000000083600000|100%| O|  |TAMS 0x0000000083600000, 0x0000000083500000| Untracked 
|  54|0x0000000083600000, 0x0000000083700000, 0x0000000083700000|100%| O|  |TAMS 0x0000000083700000, 0x0000000083600000| Untracked 
|  55|0x0000000083700000, 0x0000000083800000, 0x0000000083800000|100%| O|  |TAMS 0x0000000083800000, 0x0000000083700000| Untracked 
|  56|0x0000000083800000, 0x0000000083861800, 0x0000000083900000| 38%| O|  |TAMS 0x0000000083861800, 0x0000000083800000| Untracked 
|  57|0x0000000083900000, 0x0000000083a00000, 0x0000000083a00000|100%| O|  |TAMS 0x0000000083a00000, 0x0000000083900000| Untracked 
|  58|0x0000000083a00000, 0x0000000083b00000, 0x0000000083b00000|100%| O|  |TAMS 0x0000000083b00000, 0x0000000083a00000| Untracked 
|  59|0x0000000083b00000, 0x0000000083c00000, 0x0000000083c00000|100%| O|  |TAMS 0x0000000083c00000, 0x0000000083b00000| Untracked 
|  60|0x0000000083c00000, 0x0000000083d00000, 0x0000000083d00000|100%| O|  |TAMS 0x0000000083d00000, 0x0000000083c00000| Untracked 
|  61|0x0000000083d00000, 0x0000000083e00000, 0x0000000083e00000|100%| O|  |TAMS 0x0000000083e00000, 0x0000000083d00000| Untracked 
|  62|0x0000000083e00000, 0x0000000083f00000, 0x0000000083f00000|100%| O|  |TAMS 0x0000000083f00000, 0x0000000083e00000| Untracked 
|  63|0x0000000083f00000, 0x0000000084000000, 0x0000000084000000|100%| O|  |TAMS 0x0000000084000000, 0x0000000083f00000| Untracked 
|  64|0x0000000084000000, 0x0000000084100000, 0x0000000084100000|100%| O|  |TAMS 0x0000000084100000, 0x0000000084000000| Untracked 
|  65|0x0000000084100000, 0x0000000084100000, 0x0000000084200000|  0%| F|  |TAMS 0x0000000084100000, 0x0000000084100000| Untracked 
|  66|0x0000000084200000, 0x0000000084200000, 0x0000000084300000|  0%| F|  |TAMS 0x0000000084200000, 0x0000000084200000| Untracked 
|  67|0x0000000084300000, 0x0000000084300000, 0x0000000084400000|  0%| F|  |TAMS 0x0000000084300000, 0x0000000084300000| Untracked 
|  68|0x0000000084400000, 0x0000000084500000, 0x0000000084500000|100%| O|  |TAMS 0x0000000084500000, 0x0000000084400000| Untracked 
|  69|0x0000000084500000, 0x0000000084600000, 0x0000000084600000|100%| O|  |TAMS 0x0000000084600000, 0x0000000084500000| Untracked 
|  70|0x0000000084600000, 0x0000000084700000, 0x0000000084700000|100%| O|  |TAMS 0x0000000084700000, 0x0000000084600000| Untracked 
|  71|0x0000000084700000, 0x0000000084700000, 0x0000000084800000|  0%| F|  |TAMS 0x0000000084700000, 0x0000000084700000| Untracked 
|  72|0x0000000084800000, 0x0000000084800000, 0x0000000084900000|  0%| F|  |TAMS 0x0000000084800000, 0x0000000084800000| Untracked 
|  73|0x0000000084900000, 0x0000000084900000, 0x0000000084a00000|  0%| F|  |TAMS 0x0000000084900000, 0x0000000084900000| Untracked 
|  74|0x0000000084a00000, 0x0000000084a00000, 0x0000000084b00000|  0%| F|  |TAMS 0x0000000084a00000, 0x0000000084a00000| Untracked 
|  75|0x0000000084b00000, 0x0000000084b00000, 0x0000000084c00000|  0%| F|  |TAMS 0x0000000084b00000, 0x0000000084b00000| Untracked 
|  76|0x0000000084c00000, 0x0000000084c00000, 0x0000000084d00000|  0%| F|  |TAMS 0x0000000084c00000, 0x0000000084c00000| Untracked 
|  77|0x0000000084d00000, 0x0000000084d00000, 0x0000000084e00000|  0%| F|  |TAMS 0x0000000084d00000, 0x0000000084d00000| Untracked 
|  78|0x0000000084e00000, 0x0000000084e00000, 0x0000000084f00000|  0%| F|  |TAMS 0x0000000084e00000, 0x0000000084e00000| Untracked 
|  79|0x0000000084f00000, 0x0000000084f00000, 0x0000000085000000|  0%| F|  |TAMS 0x0000000084f00000, 0x0000000084f00000| Untracked 
|  80|0x0000000085000000, 0x0000000085000000, 0x0000000085100000|  0%| F|  |TAMS 0x0000000085000000, 0x0000000085000000| Untracked 
|  81|0x0000000085100000, 0x0000000085100000, 0x0000000085200000|  0%| F|  |TAMS 0x0000000085100000, 0x0000000085100000| Untracked 
|  82|0x0000000085200000, 0x0000000085200000, 0x0000000085300000|  0%| F|  |TAMS 0x0000000085200000, 0x0000000085200000| Untracked 
|  83|0x0000000085300000, 0x0000000085300000, 0x0000000085400000|  0%| F|  |TAMS 0x0000000085300000, 0x0000000085300000| Untracked 
|  84|0x0000000085400000, 0x0000000085400000, 0x0000000085500000|  0%| F|  |TAMS 0x0000000085400000, 0x0000000085400000| Untracked 
|  85|0x0000000085500000, 0x0000000085500000, 0x0000000085600000|  0%| F|  |TAMS 0x0000000085500000, 0x0000000085500000| Untracked 
|  86|0x0000000085600000, 0x0000000085600000, 0x0000000085700000|  0%| F|  |TAMS 0x0000000085600000, 0x0000000085600000| Untracked 
|  87|0x0000000085700000, 0x0000000085700000, 0x0000000085800000|  0%| F|  |TAMS 0x0000000085700000, 0x0000000085700000| Untracked 
|  88|0x0000000085800000, 0x0000000085800000, 0x0000000085900000|  0%| F|  |TAMS 0x0000000085800000, 0x0000000085800000| Untracked 
|  89|0x0000000085900000, 0x0000000085900000, 0x0000000085a00000|  0%| F|  |TAMS 0x0000000085900000, 0x0000000085900000| Untracked 
|  90|0x0000000085a00000, 0x0000000085a00000, 0x0000000085b00000|  0%| F|  |TAMS 0x0000000085a00000, 0x0000000085a00000| Untracked 
|  91|0x0000000085b00000, 0x0000000085b00000, 0x0000000085c00000|  0%| F|  |TAMS 0x0000000085b00000, 0x0000000085b00000| Untracked 
|  92|0x0000000085c00000, 0x0000000085cbc3f0, 0x0000000085d00000| 73%| S|CS|TAMS 0x0000000085c00000, 0x0000000085c00000| Complete 
|  93|0x0000000085d00000, 0x0000000085d00000, 0x0000000085e00000|  0%| F|  |TAMS 0x0000000085d00000, 0x0000000085d00000| Untracked 
|  94|0x0000000085e00000, 0x0000000085e00000, 0x0000000085f00000|  0%| F|  |TAMS 0x0000000085e00000, 0x0000000085e00000| Untracked 
|  95|0x0000000085f00000, 0x0000000086000000, 0x0000000086000000|100%| S|CS|TAMS 0x0000000085f00000, 0x0000000085f00000| Complete 
|  96|0x0000000086000000, 0x0000000086000000, 0x0000000086100000|  0%| F|  |TAMS 0x0000000086000000, 0x0000000086000000| Untracked 
|  97|0x0000000086100000, 0x0000000086200000, 0x0000000086200000|100%| S|CS|TAMS 0x0000000086100000, 0x0000000086100000| Complete 
|  98|0x0000000086200000, 0x0000000086300000, 0x0000000086300000|100%| S|CS|TAMS 0x0000000086200000, 0x0000000086200000| Complete 
|  99|0x0000000086300000, 0x0000000086300000, 0x0000000086400000|  0%| F|  |TAMS 0x0000000086300000, 0x0000000086300000| Untracked 
| 100|0x0000000086400000, 0x0000000086400000, 0x0000000086500000|  0%| F|  |TAMS 0x0000000086400000, 0x0000000086400000| Untracked 
| 101|0x0000000086500000, 0x0000000086500000, 0x0000000086600000|  0%| F|  |TAMS 0x0000000086500000, 0x0000000086500000| Untracked 
| 102|0x0000000086600000, 0x0000000086600000, 0x0000000086700000|  0%| F|  |TAMS 0x0000000086600000, 0x0000000086600000| Untracked 
| 103|0x0000000086700000, 0x0000000086700000, 0x0000000086800000|  0%| F|  |TAMS 0x0000000086700000, 0x0000000086700000| Untracked 
| 104|0x0000000086800000, 0x0000000086800000, 0x0000000086900000|  0%| F|  |TAMS 0x0000000086800000, 0x0000000086800000| Untracked 
| 105|0x0000000086900000, 0x0000000086900000, 0x0000000086a00000|  0%| F|  |TAMS 0x0000000086900000, 0x0000000086900000| Untracked 
| 106|0x0000000086a00000, 0x0000000086a00000, 0x0000000086b00000|  0%| F|  |TAMS 0x0000000086a00000, 0x0000000086a00000| Untracked 
| 107|0x0000000086b00000, 0x0000000086b00000, 0x0000000086c00000|  0%| F|  |TAMS 0x0000000086b00000, 0x0000000086b00000| Untracked 
| 108|0x0000000086c00000, 0x0000000086c00000, 0x0000000086d00000|  0%| F|  |TAMS 0x0000000086c00000, 0x0000000086c00000| Untracked 
| 109|0x0000000086d00000, 0x0000000086d00000, 0x0000000086e00000|  0%| F|  |TAMS 0x0000000086d00000, 0x0000000086d00000| Untracked 
| 110|0x0000000086e00000, 0x0000000086e03bc0, 0x0000000086f00000|  1%| E|  |TAMS 0x0000000086e00000, 0x0000000086e00000| Complete 
| 111|0x0000000086f00000, 0x0000000087000000, 0x0000000087000000|100%| E|CS|TAMS 0x0000000086f00000, 0x0000000086f00000| Complete 
| 112|0x0000000087000000, 0x0000000087100000, 0x0000000087100000|100%| E|CS|TAMS 0x0000000087000000, 0x0000000087000000| Complete 
| 113|0x0000000087100000, 0x0000000087200000, 0x0000000087200000|100%| E|CS|TAMS 0x0000000087100000, 0x0000000087100000| Complete 
| 114|0x0000000087200000, 0x0000000087300000, 0x0000000087300000|100%| E|CS|TAMS 0x0000000087200000, 0x0000000087200000| Complete 
| 115|0x0000000087300000, 0x0000000087400000, 0x0000000087400000|100%| E|CS|TAMS 0x0000000087300000, 0x0000000087300000| Complete 
| 116|0x0000000087400000, 0x0000000087500000, 0x0000000087500000|100%| E|CS|TAMS 0x0000000087400000, 0x0000000087400000| Complete 
| 117|0x0000000087500000, 0x0000000087600000, 0x0000000087600000|100%| E|CS|TAMS 0x0000000087500000, 0x0000000087500000| Complete 
| 118|0x0000000087600000, 0x0000000087700000, 0x0000000087700000|100%| E|CS|TAMS 0x0000000087600000, 0x0000000087600000| Complete 
| 119|0x0000000087700000, 0x0000000087800000, 0x0000000087800000|100%| E|CS|TAMS 0x0000000087700000, 0x0000000087700000| Complete 
| 120|0x0000000087800000, 0x0000000087900000, 0x0000000087900000|100%| E|CS|TAMS 0x0000000087800000, 0x0000000087800000| Complete 
| 121|0x0000000087900000, 0x0000000087a00000, 0x0000000087a00000|100%| E|CS|TAMS 0x0000000087900000, 0x0000000087900000| Complete 
| 122|0x0000000087a00000, 0x0000000087b00000, 0x0000000087b00000|100%| E|CS|TAMS 0x0000000087a00000, 0x0000000087a00000| Complete 
| 123|0x0000000087b00000, 0x0000000087c00000, 0x0000000087c00000|100%| E|CS|TAMS 0x0000000087b00000, 0x0000000087b00000| Complete 
| 124|0x0000000087c00000, 0x0000000087d00000, 0x0000000087d00000|100%| E|CS|TAMS 0x0000000087c00000, 0x0000000087c00000| Complete 
| 125|0x0000000087d00000, 0x0000000087e00000, 0x0000000087e00000|100%| E|CS|TAMS 0x0000000087d00000, 0x0000000087d00000| Complete 

Card table byte_map: [0x000001a3a30b0000,0x000001a3a34b0000] _byte_map_base: 0x000001a3a2cb0000

Marking Bits (Prev, Next): (CMBitMap*) 0x000001a38b252c48, (CMBitMap*) 0x000001a38b252c80
 Prev Bits: [0x000001a3a38b0000, 0x000001a3a58b0000)
 Next Bits: [0x000001a3a58b0000, 0x000001a3a78b0000)

Polling page: 0x000001a3891c0000

Metaspace:

Usage:
  Non-class:     72.74 MB capacity,    71.45 MB ( 98%) used,     1.04 MB (  1%) free+waste,   252.44 KB ( <1%) overhead. 
      Class:     11.51 MB capacity,    10.54 MB ( 92%) used,   875.33 KB (  7%) free+waste,   119.31 KB (  1%) overhead. 
       Both:     84.25 MB capacity,    82.00 MB ( 97%) used,     1.89 MB (  2%) free+waste,   371.75 KB ( <1%) overhead. 

Virtual space:
  Non-class space:       74.00 MB reserved,      72.76 MB ( 98%) committed 
      Class space:      504.00 MB reserved,      11.63 MB (  2%) committed 
             Both:      578.00 MB reserved,      84.38 MB ( 15%) committed 

Chunk freelists:
   Non-Class:  22.00 KB
       Class:  19.00 KB
        Both:  41.00 KB

MaxMetaspaceSize: 512.00 MB
CompressedClassSpaceSize: 504.00 MB
Initial GC threshold: 20.80 MB
Current GC threshold: 140.64 MB
CDS: off

CodeHeap 'non-profiled nmethods': size=120000Kb used=6309Kb max_used=6309Kb free=113690Kb
 bounds [0x000001a39b450000, 0x000001a39ba80000, 0x000001a3a2980000]
CodeHeap 'profiled nmethods': size=120000Kb used=21399Kb max_used=21399Kb free=98600Kb
 bounds [0x000001a393f20000, 0x000001a395410000, 0x000001a39b450000]
CodeHeap 'non-nmethods': size=5760Kb used=2386Kb max_used=2439Kb free=3373Kb
 bounds [0x000001a393980000, 0x000001a393bf0000, 0x000001a393f20000]
 total_blobs=10641 nmethods=9729 adapters=824
 compilation: enabled
              stopped_count=0, restarted_count=0
 full_count=0

Compilation events (20 events):
Event: 1112.953 Thread 0x000001a3aa30a800 nmethod 9840 0x000001a39ba78f90 code [0x000001a39ba79140, 0x000001a39ba79458]
Event: 1119.977 Thread 0x000001a3aa30c800 9841       3       org.gradle.internal.event.DefaultListenerManager$EventBroadcast::dispatch (9 bytes)
Event: 1122.703 Thread 0x000001a3aa30c800 nmethod 9841 0x000001a3953fef10 code [0x000001a3953ff0e0, 0x000001a3953ff388]
Event: 1122.703 Thread 0x000001a3aa30c800 9842       3       org.gradle.internal.event.DefaultListenerManager$EventBroadcast::dispatch (9 bytes)
Event: 1122.710 Thread 0x000001a3aa30c800 nmethod 9842 0x000001a3953ff490 code [0x000001a3953ff640, 0x000001a3953ff788]
Event: 1130.006 Thread 0x000001a3aa30c800 9843   !   3       org.gradle.launcher.daemon.registry.PersistentDaemonRegistry::getDaemonsMatching (104 bytes)
Event: 1133.366 Thread 0x000001a3aa30c800 nmethod 9843 0x000001a3953ff890 code [0x000001a3953ffb20, 0x000001a395400728]
Event: 1135.881 Thread 0x000001a3aa30c800 9845 % !   3       org.gradle.launcher.daemon.server.exec.LogToClient$AsynchronousLogDispatcher::run @ 0 (62 bytes)
Event: 1136.076 Thread 0x000001a3aa30c800 nmethod 9845% 0x000001a395400c90 code [0x000001a395400f40, 0x000001a395401ca8]
Event: 1139.991 Thread 0x000001a3aa30c800 9846       3       com.sun.jmx.interceptor.DefaultMBeanServerInterceptor::nonDefaultDomain (32 bytes)
Event: 1140.006 Thread 0x000001a3aa30c800 nmethod 9846 0x000001a395402290 code [0x000001a3954024c0, 0x000001a395402b78]
Event: 1145.111 Thread 0x000001a3aa30c800 9847       3       javax.management.ObjectName::getCanonicalKeyPropertyListString (44 bytes)
Event: 1145.117 Thread 0x000001a3aa30c800 nmethod 9847 0x000001a395402f10 code [0x000001a395403100, 0x000001a395403528]
Event: 1145.748 Thread 0x000001a3aa30c800 9848   !   3       org.codehaus.groovy.runtime.callsite.PojoMetaMethodSite::checkCall (56 bytes)
Event: 1145.755 Thread 0x000001a3aa30a800 9855   !   4       java.io.BufferedReader::readLine (304 bytes)
Event: 1145.896 Thread 0x000001a3aa30c800 nmethod 9848 0x000001a395403710 code [0x000001a395403980, 0x000001a395404648]
Event: 1145.896 Thread 0x000001a3aa30c800 9849       3       org.codehaus.groovy.runtime.MetaClassHelper::sameClasses (22 bytes)
Event: 1145.898 Thread 0x000001a3aa30c800 nmethod 9849 0x000001a395404b90 code [0x000001a395404d80, 0x000001a3954052e8]
Event: 1145.899 Thread 0x000001a3aa30c800 9854   !   3       java_lang_StringBuffer$append::call (35 bytes)
Event: 1145.979 Thread 0x000001a3aa30c800 nmethod 9854 0x000001a395405490 code [0x000001a3954056a0, 0x000001a395405d08]

GC Heap History (20 events):
Event: 597.775 GC heap before
{Heap before GC invocations=17 (full 0):
 garbage-first heap   total 129024K, used 103464K [0x0000000080000000, 0x0000000100000000)
  region size 1024K, 62 young (63488K), 4 survivors (4096K)
 Metaspace       used 65645K, capacity 67630K, committed 67848K, reserved 575488K
  class space    used 8558K, capacity 9349K, committed 9472K, reserved 516096K
}
Event: 597.801 GC heap after
{Heap after GC invocations=18 (full 0):
 garbage-first heap   total 129024K, used 49369K [0x0000000080000000, 0x0000000100000000)
  region size 1024K, 8 young (8192K), 8 survivors (8192K)
 Metaspace       used 65645K, capacity 67630K, committed 67848K, reserved 575488K
  class space    used 8558K, capacity 9349K, committed 9472K, reserved 516096K
}
Event: 724.104 GC heap before
{Heap before GC invocations=18 (full 0):
 garbage-first heap   total 129024K, used 103641K [0x0000000080000000, 0x0000000100000000)
  region size 1024K, 61 young (62464K), 8 survivors (8192K)
 Metaspace       used 66428K, capacity 68413K, committed 68616K, reserved 575488K
  class space    used 8647K, capacity 9431K, committed 9472K, reserved 516096K
}
Event: 724.324 GC heap after
{Heap after GC invocations=19 (full 0):
 garbage-first heap   total 129024K, used 48976K [0x0000000080000000, 0x0000000100000000)
  region size 1024K, 2 young (2048K), 2 survivors (2048K)
 Metaspace       used 66428K, capacity 68413K, committed 68616K, reserved 575488K
  class space    used 8647K, capacity 9431K, committed 9472K, reserved 516096K
}
Event: 770.369 GC heap before
{Heap before GC invocations=19 (full 0):
 garbage-first heap   total 129024K, used 104272K [0x0000000080000000, 0x0000000100000000)
  region size 1024K, 57 young (58368K), 2 survivors (2048K)
 Metaspace       used 69071K, capacity 71105K, committed 71432K, reserved 579584K
  class space    used 8998K, capacity 9869K, committed 9984K, reserved 516096K
}
Event: 770.382 GC heap after
{Heap after GC invocations=20 (full 0):
 garbage-first heap   total 129024K, used 51787K [0x0000000080000000, 0x0000000100000000)
  region size 1024K, 5 young (5120K), 5 survivors (5120K)
 Metaspace       used 69071K, capacity 71105K, committed 71432K, reserved 579584K
  class space    used 8998K, capacity 9869K, committed 9984K, reserved 516096K
}
Event: 786.186 GC heap before
{Heap before GC invocations=20 (full 0):
 garbage-first heap   total 129024K, used 105035K [0x0000000080000000, 0x0000000100000000)
  region size 1024K, 57 young (58368K), 5 survivors (5120K)
 Metaspace       used 71224K, capacity 73437K, committed 73736K, reserved 581632K
  class space    used 9265K, capacity 10151K, committed 10240K, reserved 516096K
}
Event: 786.221 GC heap after
{Heap after GC invocations=21 (full 0):
 garbage-first heap   total 129024K, used 55709K [0x0000000080000000, 0x0000000100000000)
  region size 1024K, 7 young (7168K), 7 survivors (7168K)
 Metaspace       used 71224K, capacity 73437K, committed 73736K, reserved 581632K
  class space    used 9265K, capacity 10151K, committed 10240K, reserved 516096K
}
Event: 790.295 GC heap before
{Heap before GC invocations=21 (full 0):
 garbage-first heap   total 129024K, used 106909K [0x0000000080000000, 0x0000000100000000)
  region size 1024K, 56 young (57344K), 7 survivors (7168K)
 Metaspace       used 77062K, capacity 79343K, committed 79496K, reserved 585728K
  class space    used 9898K, capacity 10859K, committed 10880K, reserved 516096K
}
Event: 790.328 GC heap after
{Heap after GC invocations=22 (full 0):
 garbage-first heap   total 129024K, used 62320K [0x0000000080000000, 0x0000000100000000)
  region size 1024K, 7 young (7168K), 7 survivors (7168K)
 Metaspace       used 77062K, capacity 79343K, committed 79496K, reserved 585728K
  class space    used 9898K, capacity 10859K, committed 10880K, reserved 516096K
}
Event: 791.252 GC heap before
{Heap before GC invocations=22 (full 0):
 garbage-first heap   total 129024K, used 75632K [0x0000000080000000, 0x0000000100000000)
  region size 1024K, 18 young (18432K), 7 survivors (7168K)
 Metaspace       used 78704K, capacity 81042K, committed 81288K, reserved 587776K
  class space    used 10074K, capacity 11020K, committed 11136K, reserved 516096K
}
Event: 791.346 GC heap after
{Heap after GC invocations=23 (full 0):
 garbage-first heap   total 129024K, used 68031K [0x0000000080000000, 0x0000000100000000)
  region size 1024K, 3 young (3072K), 3 survivors (3072K)
 Metaspace       used 78704K, capacity 81042K, committed 81288K, reserved 587776K
  class space    used 10074K, capacity 11020K, committed 11136K, reserved 516096K
}
Event: 793.235 GC heap before
{Heap before GC invocations=24 (full 0):
 garbage-first heap   total 129024K, used 97727K [0x0000000080000000, 0x0000000100000000)
  region size 1024K, 28 young (28672K), 3 survivors (3072K)
 Metaspace       used 80279K, capacity 82500K, committed 82696K, reserved 587776K
  class space    used 10284K, capacity 11202K, committed 11264K, reserved 516096K
}
Event: 793.242 GC heap after
{Heap after GC invocations=25 (full 0):
 garbage-first heap   total 129024K, used 67746K [0x0000000080000000, 0x0000000100000000)
  region size 1024K, 2 young (2048K), 2 survivors (2048K)
 Metaspace       used 80279K, capacity 82500K, committed 82696K, reserved 587776K
  class space    used 10284K, capacity 11202K, committed 11264K, reserved 516096K
}
Event: 794.297 GC heap before
{Heap before GC invocations=25 (full 0):
 garbage-first heap   total 129024K, used 93346K [0x0000000080000000, 0x0000000100000000)
  region size 1024K, 28 young (28672K), 2 survivors (2048K)
 Metaspace       used 82548K, capacity 84815K, committed 85000K, reserved 589824K
  class space    used 10582K, capacity 11500K, committed 11520K, reserved 516096K
}
Event: 794.305 GC heap after
{Heap after GC invocations=26 (full 0):
 garbage-first heap   total 129024K, used 68903K [0x0000000080000000, 0x0000000100000000)
  region size 1024K, 3 young (3072K), 3 survivors (3072K)
 Metaspace       used 82548K, capacity 84815K, committed 85000K, reserved 589824K
  class space    used 10582K, capacity 11500K, committed 11520K, reserved 516096K
}
Event: 795.986 GC heap before
{Heap before GC invocations=27 (full 0):
 garbage-first heap   total 129024K, used 97575K [0x0000000080000000, 0x0000000100000000)
  region size 1024K, 30 young (30720K), 3 survivors (3072K)
 Metaspace       used 83779K, capacity 86211K, committed 86280K, reserved 591872K
  class space    used 10775K, capacity 11748K, committed 11776K, reserved 516096K
}
Event: 795.995 GC heap after
{Heap after GC invocations=28 (full 0):
 garbage-first heap   total 129024K, used 70551K [0x0000000080000000, 0x0000000100000000)
  region size 1024K, 3 young (3072K), 3 survivors (3072K)
 Metaspace       used 83779K, capacity 86211K, committed 86280K, reserved 591872K
  class space    used 10775K, capacity 11748K, committed 11776K, reserved 516096K
}
Event: 796.349 GC heap before
{Heap before GC invocations=28 (full 0):
 garbage-first heap   total 129024K, used 98199K [0x0000000080000000, 0x0000000100000000)
  region size 1024K, 30 young (30720K), 3 survivors (3072K)
 Metaspace       used 83909K, capacity 86259K, committed 86408K, reserved 591872K
  class space    used 10789K, capacity 11786K, committed 11904K, reserved 516096K
}
Event: 796.357 GC heap after
{Heap after GC invocations=29 (full 0):
 garbage-first heap   total 129024K, used 72822K [0x0000000080000000, 0x0000000100000000)
  region size 1024K, 4 young (4096K), 4 survivors (4096K)
 Metaspace       used 83909K, capacity 86259K, committed 86408K, reserved 591872K
  class space    used 10789K, capacity 11786K, committed 11904K, reserved 516096K
}

Deoptimization events (20 events):
Event: 794.880 Thread 0x000001a3ac466000 DEOPT PACKING pc=0x000001a39b96d75c sp=0x0000005bc2df8530
Event: 794.880 Thread 0x000001a3ac466000 DEOPT UNPACKING pc=0x000001a3939ca1af sp=0x0000005bc2df84e0 mode 2
Event: 795.717 Thread 0x000001a3ac466000 Uncommon trap: trap_request=0xffffff4d fr.pc=0x000001a39b6bd914 relative=0x0000000000000254
Event: 795.717 Thread 0x000001a3ac466000 Uncommon trap: reason=unstable_if action=reinterpret pc=0x000001a39b6bd914 method=jdk.internal.org.objectweb.asm.Type.getType([CI)Ljdk/internal/org/objectweb/asm/Type; @ 3 c2
Event: 795.717 Thread 0x000001a3ac466000 DEOPT PACKING pc=0x000001a39b6bd914 sp=0x0000005bc2df7a30
Event: 795.717 Thread 0x000001a3ac466000 DEOPT UNPACKING pc=0x000001a3939ca1af sp=0x0000005bc2df79f8 mode 2
Event: 795.871 Thread 0x000001a3ac466000 Uncommon trap: trap_request=0xffffff4d fr.pc=0x000001a39b5ddb80 relative=0x0000000000000340
Event: 795.871 Thread 0x000001a3ac466000 Uncommon trap: reason=unstable_if action=reinterpret pc=0x000001a39b5ddb80 method=java.util.StringJoiner.add(Ljava/lang/CharSequence;)Ljava/util/StringJoiner; @ 33 c2
Event: 795.871 Thread 0x000001a3ac466000 DEOPT PACKING pc=0x000001a39b5ddb80 sp=0x0000005bc2df5ba0
Event: 795.872 Thread 0x000001a3ac466000 DEOPT UNPACKING pc=0x000001a3939ca1af sp=0x0000005bc2df5b50 mode 2
Event: 796.022 Thread 0x000001a3ac466000 Uncommon trap: trap_request=0xfffffff4 fr.pc=0x000001a39b78e6ec relative=0x00000000000009cc
Event: 796.022 Thread 0x000001a3ac466000 Uncommon trap: reason=null_check action=make_not_entrant pc=0x000001a39b78e6ec method=com.sun.beans.introspect.MethodInfo$MethodOrder.compare(Ljava/lang/reflect/Method;Ljava/lang/reflect/Method;)I @ 133 c2
Event: 796.022 Thread 0x000001a3ac466000 DEOPT PACKING pc=0x000001a39b78e6ec sp=0x0000005bc2df3740
Event: 796.022 Thread 0x000001a3ac466000 DEOPT UNPACKING pc=0x000001a3939ca1af sp=0x0000005bc2df3670 mode 2
Event: 796.080 Thread 0x000001a3ac466000 DEOPT PACKING pc=0x000001a395379bf5 sp=0x0000005bc2df0f40
Event: 796.080 Thread 0x000001a3ac466000 DEOPT UNPACKING pc=0x000001a3939ca95e sp=0x0000005bc2df0498 mode 0
Event: 796.310 Thread 0x000001a3ac466000 Uncommon trap: trap_request=0xfffffff4 fr.pc=0x000001a39ba55ae8 relative=0x00000000000009c8
Event: 796.310 Thread 0x000001a3ac466000 Uncommon trap: reason=null_check action=make_not_entrant pc=0x000001a39ba55ae8 method=com.sun.beans.introspect.MethodInfo$MethodOrder.compare(Ljava/lang/reflect/Method;Ljava/lang/reflect/Method;)I @ 145 c2
Event: 796.310 Thread 0x000001a3ac466000 DEOPT PACKING pc=0x000001a39ba55ae8 sp=0x0000005bc2df24f0
Event: 796.310 Thread 0x000001a3ac466000 DEOPT UNPACKING pc=0x000001a3939ca1af sp=0x0000005bc2df2420 mode 2

Classes redefined (0 events):
No events

Internal exceptions (20 events):
Event: 796.307 Thread 0x000001a3ac466000 Exception <a 'java/lang/ClassNotFoundException'{0x0000000086797fe8}: com/android/build/gradle/internal/dsl/BuildTypeBeanInfo> (0x0000000086797fe8) thrown at [./src/hotspot/share/classfile/systemDictionary.cpp, line 230]
Event: 796.308 Thread 0x000001a3ac466000 Exception <a 'java/lang/ClassNotFoundException'{0x00000000867b24d0}: com/android/builder/core/AbstractBuildTypeBeanInfo> (0x00000000867b24d0) thrown at [./src/hotspot/share/classfile/systemDictionary.cpp, line 230]
Event: 796.310 Thread 0x000001a3ac466000 Exception <a 'java/lang/ClassNotFoundException'{0x00000000867cd158}: com/android/builder/core/AbstractBuildTypeCustomizer> (0x00000000867cd158) thrown at [./src/hotspot/share/classfile/systemDictionary.cpp, line 230]
Event: 796.312 Thread 0x000001a3ac466000 Exception <a 'java/lang/ClassNotFoundException'{0x0000000086605078}: com/android/build/gradle/internal/dsl/BuildTypeCustomizer> (0x0000000086605078) thrown at [./src/hotspot/share/classfile/systemDictionary.cpp, line 230]
Event: 796.319 Thread 0x000001a3ac466000 Exception <a 'java/lang/ClassNotFoundException'{0x000000008669a570}: com/android/build/gradle/internal/dsl/BuildType$AgpDecoratedCustomizer> (0x000000008669a570) thrown at [./src/hotspot/share/classfile/systemDictionary.cpp, line 230]
Event: 796.321 Thread 0x000001a3ac466000 Exception <a 'java/lang/ClassNotFoundException'{0x00000000866f9770}: com/android/build/gradle/internal/dsl/BuildType$AgpDecorated_DecoratedCustomizer> (0x00000000866f9770) thrown at [./src/hotspot/share/classfile/systemDictionary.cpp, line 230]
Event: 796.341 Thread 0x000001a3ac466000 Exception <a 'java/lang/ClassNotFoundException'{0x000000008634d518}: org/gradle/api/internal/DefaultDomainObjectSet_DecoratedBeanInfo> (0x000000008634d518) thrown at [./src/hotspot/share/classfile/systemDictionary.cpp, line 230]
Event: 796.343 Thread 0x000001a3ac466000 Exception <a 'java/lang/ClassNotFoundException'{0x000000008637e030}: org/gradle/api/internal/DefaultDomainObjectSetBeanInfo> (0x000000008637e030) thrown at [./src/hotspot/share/classfile/systemDictionary.cpp, line 230]
Event: 796.344 Thread 0x000001a3ac466000 Exception <a 'java/lang/ClassNotFoundException'{0x00000000863aed70}: org/gradle/api/internal/DefaultDomainObjectSetCustomizer> (0x00000000863aed70) thrown at [./src/hotspot/share/classfile/systemDictionary.cpp, line 230]
Event: 796.347 Thread 0x000001a3ac466000 Exception <a 'java/lang/ClassNotFoundException'{0x00000000863efd48}: org/gradle/api/internal/DefaultDomainObjectSet_DecoratedCustomizer> (0x00000000863efd48) thrown at [./src/hotspot/share/classfile/systemDictionary.cpp, line 230]
Event: 796.392 Thread 0x000001a3ac466000 Exception <a 'java/lang/ClassNotFoundException'{0x0000000087c44960}: org/gradle/api/internal/artifacts/dependencies/DefaultExternalModuleDependency_DecoratedBeanInfo> (0x0000000087c44960) thrown at [./src/hotspot/share/classfile/systemDictionary.cpp, line 230]
Event: 796.394 Thread 0x000001a3ac466000 Exception <a 'java/lang/ClassNotFoundException'{0x0000000087c92b08}: org/gradle/api/internal/artifacts/dependencies/DefaultExternalModuleDependencyBeanInfo> (0x0000000087c92b08) thrown at [./src/hotspot/share/classfile/systemDictionary.cpp, line 230]
Event: 796.400 Thread 0x000001a3ac466000 Exception <a 'java/lang/ClassNotFoundException'{0x0000000087ce0c90}: org/gradle/api/internal/artifacts/dependencies/AbstractExternalModuleDependencyBeanInfo> (0x0000000087ce0c90) thrown at [./src/hotspot/share/classfile/systemDictionary.cpp, line 230]
Event: 796.401 Thread 0x000001a3ac466000 Exception <a 'java/lang/ClassNotFoundException'{0x0000000087b1d238}: org/gradle/api/internal/artifacts/dependencies/AbstractModuleDependencyBeanInfo> (0x0000000087b1d238) thrown at [./src/hotspot/share/classfile/systemDictionary.cpp, line 230]
Event: 796.402 Thread 0x000001a3ac466000 Exception <a 'java/lang/ClassNotFoundException'{0x0000000087b568e8}: org/gradle/api/internal/artifacts/dependencies/AbstractDependencyBeanInfo> (0x0000000087b568e8) thrown at [./src/hotspot/share/classfile/systemDictionary.cpp, line 230]
Event: 796.404 Thread 0x000001a3ac466000 Exception <a 'java/lang/ClassNotFoundException'{0x0000000087b92420}: org/gradle/api/internal/artifacts/dependencies/AbstractDependencyCustomizer> (0x0000000087b92420) thrown at [./src/hotspot/share/classfile/systemDictionary.cpp, line 230]
Event: 796.405 Thread 0x000001a3ac466000 Exception <a 'java/lang/ClassNotFoundException'{0x0000000087bd1ac0}: org/gradle/api/internal/artifacts/dependencies/AbstractModuleDependencyCustomizer> (0x0000000087bd1ac0) thrown at [./src/hotspot/share/classfile/systemDictionary.cpp, line 230]
Event: 796.408 Thread 0x000001a3ac466000 Exception <a 'java/lang/ClassNotFoundException'{0x0000000087a394c0}: org/gradle/api/internal/artifacts/dependencies/AbstractExternalModuleDependencyCustomizer> (0x0000000087a394c0) thrown at [./src/hotspot/share/classfile/systemDictionary.cpp, line 230]
Event: 796.409 Thread 0x000001a3ac466000 Exception <a 'java/lang/ClassNotFoundException'{0x0000000087a98238}: org/gradle/api/internal/artifacts/dependencies/DefaultExternalModuleDependencyCustomizer> (0x0000000087a98238) thrown at [./src/hotspot/share/classfile/systemDictionary.cpp, line 230]
Event: 796.411 Thread 0x000001a3ac466000 Exception <a 'java/lang/ClassNotFoundException'{0x0000000087af6198}: org/gradle/api/internal/artifacts/dependencies/DefaultExternalModuleDependency_DecoratedCustomizer> (0x0000000087af6198) thrown at [./src/hotspot/share/classfile/systemDictionary.cpp, line 230]

Events (20 events):
Event: 796.410 loading class org/gradle/api/internal/artifacts/dependencies/DefaultExternalModuleDependency_DecoratedCustomizer
Event: 796.410 loading class org/gradle/api/internal/artifacts/dependencies/DefaultExternalModuleDependency_DecoratedCustomizer done
Event: 796.410 loading class org/gradle/api/internal/artifacts/dependencies/DefaultExternalModuleDependency_DecoratedCustomizer
Event: 796.410 loading class org/gradle/api/internal/artifacts/dependencies/DefaultExternalModuleDependency_DecoratedCustomizer done
Event: 796.411 loading class org/gradle/api/internal/artifacts/dependencies/DefaultExternalModuleDependency_DecoratedCustomizer
Event: 796.411 loading class org/gradle/api/internal/artifacts/dependencies/DefaultExternalModuleDependency_DecoratedCustomizer done
Event: 796.413 loading class org/gradle/api/internal/artifacts/DefaultExcludeRule
Event: 796.413 loading class org/gradle/api/internal/artifacts/DefaultExcludeRule done
Event: 796.420 loading class org/codehaus/groovy/runtime/dgm$1301
Event: 796.420 loading class org/codehaus/groovy/runtime/dgm$1301 done
Event: 796.449 Executing VM operation: CGC_Operation
Event: 796.466 Executing VM operation: CGC_Operation done
Event: 796.512 Executing VM operation: CGC_Operation
Event: 796.512 Executing VM operation: CGC_Operation done
Event: 831.921 Executing VM operation: RevokeBias
Event: 831.928 Executing VM operation: RevokeBias done
Event: 831.934 Thread 0x000001a3ad82c800 Thread exited: 0x000001a3ad82c800
Event: 845.629 Executing VM operation: RevokeBias
Event: 845.637 Executing VM operation: RevokeBias done
Event: 845.659 Thread 0x000001a3ada98000 Thread exited: 0x000001a3ada98000


Dynamic libraries:
0x00007ff755f40000 - 0x00007ff755f4d000 	C:\Program Files\Microsoft\jdk-11.0.18.10-hotspot\bin\java.exe
0x00007ffa50dd0000 - 0x00007ffa50fe4000 	C:\WINDOWS\SYSTEM32\ntdll.dll
0x00007ffa4f1d0000 - 0x00007ffa4f292000 	C:\WINDOWS\System32\KERNEL32.DLL
0x00007ffa4e380000 - 0x00007ffa4e71c000 	C:\WINDOWS\System32\KERNELBASE.dll
0x00007ffa4e840000 - 0x00007ffa4e951000 	C:\WINDOWS\System32\ucrtbase.dll
0x00007ffa278d0000 - 0x00007ffa278e7000 	C:\Program Files\Microsoft\jdk-11.0.18.10-hotspot\bin\jli.dll
0x00007ffa27250000 - 0x00007ffa27265000 	C:\Program Files\Microsoft\jdk-11.0.18.10-hotspot\bin\VCRUNTIME140.dll
0x00007ffa507b0000 - 0x00007ffa5095b000 	C:\WINDOWS\System32\USER32.dll
0x00007ffa4e350000 - 0x00007ffa4e376000 	C:\WINDOWS\System32\win32u.dll
0x00007ffa2bcd0000 - 0x00007ffa2bf5e000 	C:\WINDOWS\WinSxS\amd64_microsoft.windows.common-controls_6595b64144ccf1df_6.0.22621.608_none_a9444ca7c10bb01d\COMCTL32.dll
0x00007ffa4f8e0000 - 0x00007ffa4f909000 	C:\WINDOWS\System32\GDI32.dll
0x00007ffa4e720000 - 0x00007ffa4e833000 	C:\WINDOWS\System32\gdi32full.dll
0x00007ffa50b80000 - 0x00007ffa50c27000 	C:\WINDOWS\System32\msvcrt.dll
0x00007ffa4eb40000 - 0x00007ffa4ebda000 	C:\WINDOWS\System32\msvcp_win.dll
0x00007ffa50770000 - 0x00007ffa507a1000 	C:\WINDOWS\System32\IMM32.DLL
0x00007ff9fa240000 - 0x00007ff9fa2db000 	C:\Program Files\Microsoft\jdk-11.0.18.10-hotspot\bin\msvcp140.dll
0x00007ff9c7820000 - 0x00007ff9c83b2000 	C:\Program Files\Microsoft\jdk-11.0.18.10-hotspot\bin\server\jvm.dll
0x00007ffa50ad0000 - 0x00007ffa50b7e000 	C:\WINDOWS\System32\ADVAPI32.dll
0x00007ffa4ed30000 - 0x00007ffa4edd4000 	C:\WINDOWS\System32\sechost.dll
0x00007ffa4ec10000 - 0x00007ffa4ed27000 	C:\WINDOWS\System32\RPCRT4.dll
0x00007ffa4f910000 - 0x00007ffa4f918000 	C:\WINDOWS\System32\PSAPI.DLL
0x00007ffa28c10000 - 0x00007ffa28c19000 	C:\WINDOWS\SYSTEM32\WSOCK32.dll
0x00007ffa4efd0000 - 0x00007ffa4f041000 	C:\WINDOWS\System32\WS2_32.dll
0x00007ffa46d60000 - 0x00007ffa46d94000 	C:\WINDOWS\SYSTEM32\WINMM.dll
0x00007ffa4be20000 - 0x00007ffa4be2a000 	C:\WINDOWS\SYSTEM32\VERSION.dll
0x00007ffa4d2c0000 - 0x00007ffa4d2d8000 	C:\WINDOWS\SYSTEM32\kernel.appcore.dll
0x00007ffa28bd0000 - 0x00007ffa28be0000 	C:\Program Files\Microsoft\jdk-11.0.18.10-hotspot\bin\verify.dll
0x00007ffa48e50000 - 0x00007ffa4907e000 	C:\WINDOWS\SYSTEM32\DBGHELP.DLL
0x00007ffa4f550000 - 0x00007ffa4f8d9000 	C:\WINDOWS\System32\combase.dll
0x00007ffa50960000 - 0x00007ffa50a37000 	C:\WINDOWS\System32\OLEAUT32.dll
0x00007ffa30020000 - 0x00007ffa30052000 	C:\WINDOWS\SYSTEM32\dbgcore.DLL
0x00007ffa4e210000 - 0x00007ffa4e28b000 	C:\WINDOWS\System32\bcryptPrimitives.dll
0x00007ffa13970000 - 0x00007ffa13998000 	C:\Program Files\Microsoft\jdk-11.0.18.10-hotspot\bin\java.dll
0x00007ffa28270000 - 0x00007ffa2827a000 	C:\Program Files\Microsoft\jdk-11.0.18.10-hotspot\bin\jimage.dll
0x00007ffa26520000 - 0x00007ffa26538000 	C:\Program Files\Microsoft\jdk-11.0.18.10-hotspot\bin\zip.dll
0x00007ffa4f920000 - 0x00007ffa50110000 	C:\WINDOWS\System32\SHELL32.dll
0x00007ffa4c1e0000 - 0x00007ffa4caad000 	C:\WINDOWS\SYSTEM32\windows.storage.dll
0x00007ffa4c090000 - 0x00007ffa4c1ce000 	C:\WINDOWS\SYSTEM32\wintypes.dll
0x00007ffa4f050000 - 0x00007ffa4f141000 	C:\WINDOWS\System32\SHCORE.dll
0x00007ffa50d30000 - 0x00007ffa50d8e000 	C:\WINDOWS\System32\shlwapi.dll
0x00007ffa4e140000 - 0x00007ffa4e161000 	C:\WINDOWS\SYSTEM32\profapi.dll
0x00007ffa1dcf0000 - 0x00007ffa1dd09000 	C:\Program Files\Microsoft\jdk-11.0.18.10-hotspot\bin\net.dll
0x00007ffa45700000 - 0x00007ffa45837000 	C:\WINDOWS\SYSTEM32\WINHTTP.dll
0x00007ffa4d780000 - 0x00007ffa4d7e9000 	C:\WINDOWS\system32\mswsock.dll
0x00007ffa13640000 - 0x00007ffa13653000 	C:\Program Files\Microsoft\jdk-11.0.18.10-hotspot\bin\nio.dll
0x00007ffa0d500000 - 0x00007ffa0d527000 	C:\Users\Hp gaming\.gradle\native\e1d6ef7f7dcc3fd88c89a11ec53ec762bb8ba0a96d01ffa2cd45eb1d1d8dd5c5\windows-amd64\native-platform.dll
0x00007ff9d32c0000 - 0x00007ff9d3404000 	C:\Users\Hp gaming\.gradle\native\0d407fdbe67a94daf76414ababcb853783967236a71b16ec16e742cd7a986fd3\windows-amd64\native-platform-file-events.dll
0x00007ffa27fb0000 - 0x00007ffa27fb9000 	C:\Program Files\Microsoft\jdk-11.0.18.10-hotspot\bin\management.dll
0x00007ffa27ed0000 - 0x00007ffa27edb000 	C:\Program Files\Microsoft\jdk-11.0.18.10-hotspot\bin\management_ext.dll
0x00007ffa4da10000 - 0x00007ffa4da2b000 	C:\WINDOWS\SYSTEM32\CRYPTSP.dll
0x00007ffa4d280000 - 0x00007ffa4d2b5000 	C:\WINDOWS\system32\rsaenh.dll
0x00007ffa4d850000 - 0x00007ffa4d878000 	C:\WINDOWS\SYSTEM32\USERENV.dll
0x00007ffa4dbe0000 - 0x00007ffa4dc08000 	C:\WINDOWS\SYSTEM32\bcrypt.dll
0x00007ffa4da00000 - 0x00007ffa4da0c000 	C:\WINDOWS\SYSTEM32\CRYPTBASE.dll
0x00007ffa4cd70000 - 0x00007ffa4cd9d000 	C:\WINDOWS\SYSTEM32\IPHLPAPI.DLL
0x00007ffa4efc0000 - 0x00007ffa4efc9000 	C:\WINDOWS\System32\NSI.dll
0x00007ffa456e0000 - 0x00007ffa456f9000 	C:\WINDOWS\SYSTEM32\dhcpcsvc6.DLL
0x00007ffa456c0000 - 0x00007ffa456df000 	C:\WINDOWS\SYSTEM32\dhcpcsvc.DLL
0x00007ffa4cde0000 - 0x00007ffa4ced3000 	C:\WINDOWS\SYSTEM32\DNSAPI.dll

dbghelp: loaded successfully - version: 4.0.5 - missing functions: none
symbol engine: initialized successfully - sym options: 0x614 - pdb path: .;C:\Program Files\Microsoft\jdk-11.0.18.10-hotspot\bin;C:\WINDOWS\SYSTEM32;C:\WINDOWS\WinSxS\amd64_microsoft.windows.common-controls_6595b64144ccf1df_6.0.22621.608_none_a9444ca7c10bb01d;C:\Program Files\Microsoft\jdk-11.0.18.10-hotspot\bin\server;C:\Users\Hp gaming\.gradle\native\e1d6ef7f7dcc3fd88c89a11ec53ec762bb8ba0a96d01ffa2cd45eb1d1d8dd5c5\windows-amd64;C:\Users\Hp gaming\.gradle\native\0d407fdbe67a94daf76414ababcb853783967236a71b16ec16e742cd7a986fd3\windows-amd64

VM Arguments:
jvm_args: -XX:MaxMetaspaceSize=512m --add-opens=java.base/java.util=ALL-UNNAMED --add-opens=java.base/java.lang=ALL-UNNAMED --add-opens=java.base/java.lang.invoke=ALL-UNNAMED --add-opens=java.base/java.util=ALL-UNNAMED --add-opens=java.prefs/java.util.prefs=ALL-UNNAMED --add-opens=java.prefs/java.util.prefs=ALL-UNNAMED --add-opens=java.base/java.nio.charset=ALL-UNNAMED --add-opens=java.base/java.net=ALL-UNNAMED --add-opens=java.base/java.util.concurrent.atomic=ALL-UNNAMED -Xmx2048m -Dfile.encoding=windows-1252 -Duser.country=IN -Duser.language=en -Duser.variant 
java_command: org.gradle.launcher.daemon.bootstrap.GradleDaemon 7.5.1
java_class_path (initial): C:\Users\Hp gaming\.gradle\wrapper\dists\gradle-7.5.1-all\1ehga6e77gqps5uk2kc5kf1vc\gradle-7.5.1\lib\gradle-launcher-7.5.1.jar
Launcher Type: SUN_STANDARD

[Global flags]
     intx CICompilerCount                          = 4                                         {product} {ergonomic}
   size_t CompressedClassSpaceSize                 = 528482304                                 {product} {ergonomic}
     uint ConcGCThreads                            = 2                                         {product} {ergonomic}
     uint G1ConcRefinementThreads                  = 8                                         {product} {ergonomic}
   size_t G1HeapRegionSize                         = 1048576                                   {product} {ergonomic}
    uintx GCDrainStackTargetSize                   = 64                                        {product} {ergonomic}
   size_t InitialHeapSize                          = 132120576                                 {product} {ergonomic}
   size_t MarkStackSize                            = 4194304                                   {product} {ergonomic}
   size_t MaxHeapSize                              = 2147483648                                {product} {command line}
   size_t MaxMetaspaceSize                         = 536870912                                 {product} {command line}
   size_t MaxNewSize                               = 1287651328                                {product} {ergonomic}
   size_t MinHeapDeltaBytes                        = 1048576                                   {product} {ergonomic}
    uintx NonNMethodCodeHeapSize                   = 5836300                                {pd product} {ergonomic}
    uintx NonProfiledCodeHeapSize                  = 122910970                              {pd product} {ergonomic}
    uintx ProfiledCodeHeapSize                     = 122910970                              {pd product} {ergonomic}
    uintx ReservedCodeCacheSize                    = 251658240                              {pd product} {ergonomic}
     bool SegmentedCodeCache                       = true                                      {product} {ergonomic}
     bool UseCompressedClassPointers               = true                                 {lp64_product} {ergonomic}
     bool UseCompressedOops                        = true                                 {lp64_product} {ergonomic}
     bool UseG1GC                                  = true                                      {product} {ergonomic}
     bool UseLargePagesIndividualAllocation        = false                                  {pd product} {ergonomic}

Logging:
Log output configuration:
 #0: stdout all=warning uptime,level,tags
 #1: stderr all=off uptime,level,tags

Environment Variables:
JAVA_HOME=C:\Program Files\Microsoft\jdk-11.0.18.10-hotspot\
CLASSPATH=C:\Users\Hp gaming\Desktop\hibeeappm\Hibbe-Mobile-App\android\\gradle\wrapper\gradle-wrapper.jar
PATH=C:\Users\Hp gaming\Desktop\hibeeappm\Hibbe-Mobile-App\android\node_modules\.bin;C:\Users\Hp gaming\Desktop\hibeeappm\Hibbe-Mobile-App\node_modules\.bin;C:\Users\Hp gaming\Desktop\hibeeappm\node_modules\.bin;C:\Users\Hp gaming\Desktop\node_modules\.bin;C:\Users\Hp gaming\node_modules\.bin;C:\Users\node_modules\.bin;C:\node_modules\.bin;C:\Program Files\nodejs;C:\Users\Hp gaming\Desktop\hibeeappm\Hibbe-Mobile-App\node_modules\.bin;C:\Users\Hp gaming\Desktop\hibeeappm\Hibbe-Mobile-App\node_modules\.bin;C:\Users\Hp gaming\Desktop\hibeeappm\node_modules\.bin;C:\Users\Hp gaming\Desktop\node_modules\.bin;C:\Users\Hp gaming\node_modules\.bin;C:\Users\node_modules\.bin;C:\node_modules\.bin;C:\Users\Hp gaming\Desktop\hibeeappm\Hibbe-Mobile-App\node_modules\npm\node_modules\@npmcli\run-script\lib\node-gyp-bin;C:\Users\Hp gaming\Desktop\hibeeappm\Hibbe-Mobile-App\node_modules\.bin;C:\Users\Hp gaming\Desktop\hibeeappm\node_modules\.bin;C:\Users\Hp gaming\Desktop\node_modules\.bin;C:\Users\Hp gaming\node_modules\.bin;C:\Users\node_modules\.bin;C:\node_modules\.bin;C:\Program Files\nodejs;C:\Users\Hp gaming\Desktop\hibeeappm\Hibbe-Mobile-App\node_modules\.bin;C:\Users\Hp gaming\Desktop\hibeeappm\node_modules\.bin;C:\Users\Hp gaming\Desktop\node_modules\.bin;C:\Users\Hp gaming\node_modules\.bin;C:\Users\node_modules\.bin;C:\node_modules\.bin;C:\Users\Hp gaming\AppData\Roaming\npm\node_modules\npm\node_modules\@npmcli\run-script\lib\node-gyp-bin;C:\Program Files\Microsoft\jdk-11.0.18.10-hotspot\bin;C:\Program Files\Common Files\Oracle\Java\javapath;C:\WINDOWS\system32;C:\WINDOWS;C:\WINDOWS\System32\Wbem;C:\WINDOWS\System32\WindowsPowerShell\v1.0\;C:\WINDOWS\System32\OpenSSH\;C:\Program Files\Java\jdk-18.0.1.1\bin;C:\Program Files\Git\cmd;C:\ProgramData\chocolatey\bin;C:\Program Files\nodejs\;C:\Users\Hp gaming\AppData\Local\Programs\Microsoft VS Code\bin;C:\Program Files\heroku\bin;C:\Program Files\heroku\bin;C:\Users\Hp gaming\AppData\Roaming\npm;C:\Users\Hp gaming\AppData\Local\
USERNAME=Hp gaming
LANG=en_US.UTF-8
OS=Windows_NT
PROCESSOR_IDENTIFIER=Intel64 Family 6 Model 158 Stepping 10, GenuineIntel
TMP=C:\WINDOWS\TEMP
TEMP=C:\Users\HPGAMI~1\AppData\Local\Temp



---------------  S Y S T E M  ---------------

OS: Windows 11 , 64 bit Build 22621 (10.0.22621.1485)
OS uptime: 7 days 7:41 hours
Hyper-V role detected

CPU:total 8 (initial active 8) (4 cores per cpu, 2 threads per core) family 6 model 158 stepping 10 microcode 0xea, cmov, cx8, fxsr, mmx, sse, sse2, sse3, ssse3, sse4.1, sse4.2, popcnt, avx, avx2, aes, clmul, erms, 3dnowpref, lzcnt, ht, tsc, tscinvbit, bmi1, bmi2, adx, fma

Memory: 4k page, system-wide physical 8033M (32M free)
TotalPageFile size 32609M (AvailPageFile size 0M)
current process WorkingSet (physical memory assigned to process): 32M, peak: 287M
current process commit charge ("private bytes"): 390M, peak: 409M

vm_info: OpenJDK 64-Bit Server VM (11.0.18+10-LTS) for windows-amd64 JRE (11.0.18+10-LTS), built on Jan 18 2023 15:56:47 by "MicrosoftCorporation" with MS VC++ 15.9 (VS2017)

END.
