#
# There is insufficient memory for the Java Runtime Environment to continue.
# Native memory allocation (malloc) failed to allocate 1485136 bytes for Chunk::new
# Possible reasons:
#   The system is out of physical RAM or swap space
#   The process is running with CompressedOops enabled, and the Java Heap may be blocking the growth of the native heap
# Possible solutions:
#   Reduce memory load on the system
#   Increase physical memory or swap space
#   Check if swap backing store is full
#   Decrease Java heap size (-Xmx/-Xms)
#   Decrease number of Java threads
#   Decrease Java thread stack sizes (-Xss)
#   Set larger code cache with -XX:ReservedCodeCacheSize=
#   JVM is running with Unscaled Compressed Oops mode in which the Java heap is
#     placed in the first 4GB address space. The Java Heap base address is the
#     maximum limit for the native heap growth. Please use -XX:HeapBaseMinAddress
#     to set the Java Heap base and to place the Java Heap above 4GB virtual address.
# This output file may be truncated or incomplete.
#
#  Out of Memory Error (./src/hotspot/share/memory/arena.cpp:197), pid=8924, tid=2916
#
# JRE version: OpenJDK Runtime Environment Microsoft-7208460 (11.0.18+10) (build 11.0.18+10-LTS)
# Java VM: OpenJDK 64-Bit Server VM Microsoft-7208460 (11.0.18+10-LTS, mixed mode, tiered, compressed oops, g1 gc, windows-amd64)
# No core dump will be written. Minidumps are not enabled by default on client versions of Windows
#

---------------  S U M M A R Y ------------

Command Line: -XX:MaxMetaspaceSize=512m --add-opens=java.base/java.util=ALL-UNNAMED --add-opens=java.base/java.lang=ALL-UNNAMED --add-opens=java.base/java.lang.invoke=ALL-UNNAMED --add-opens=java.base/java.util=ALL-UNNAMED --add-opens=java.prefs/java.util.prefs=ALL-UNNAMED --add-opens=java.prefs/java.util.prefs=ALL-UNNAMED --add-opens=java.base/java.nio.charset=ALL-UNNAMED --add-opens=java.base/java.net=ALL-UNNAMED --add-opens=java.base/java.util.concurrent.atomic=ALL-UNNAMED -Xmx2048m -Dfile.encoding=windows-1252 -Duser.country=IN -Duser.language=en -Duser.variant org.gradle.launcher.daemon.bootstrap.GradleDaemon 7.5.1

Host: Intel(R) Core(TM) i5-9300H CPU @ 2.40GHz, 8 cores, 7G,  Windows 11 , 64 bit Build 22621 (10.0.22621.1485)
Time: Fri Apr 28 19:16:00 2023 India Standard Time elapsed time: 1154.923181 seconds (0d 0h 19m 14s)

---------------  T H R E A D  ---------------

Current thread (0x0000024d4dbdb800):  JavaThread "C2 CompilerThread0" daemon [_thread_in_native, id=2916, stack(0x0000006e6af00000,0x0000006e6b000000)]


Current CompileTask:
C2:1154923 15277       4       org.gradle.api.internal.artifacts.ivyservice.resolveengine.result.ResolvedVariantResultSerializer::read (132 bytes)

Stack: [0x0000006e6af00000,0x0000006e6b000000]
Native frames: (J=compiled Java code, j=interpreted, Vv=VM code, C=native code)
V  [jvm.dll+0x62bf8a]
V  [jvm.dll+0x7b8fb9]
V  [jvm.dll+0x7ba6a8]
V  [jvm.dll+0x7bad83]
V  [jvm.dll+0x250248]
V  [jvm.dll+0xc260c]
V  [jvm.dll+0xc2bcc]
V  [jvm.dll+0x35e182]
V  [jvm.dll+0x19ebe9]
V  [jvm.dll+0x209495]
V  [jvm.dll+0x20850d]
V  [jvm.dll+0x18a4b1]
V  [jvm.dll+0x217eec]
V  [jvm.dll+0x21612b]
V  [jvm.dll+0x77bac0]
V  [jvm.dll+0x7749f4]
V  [jvm.dll+0x62adf5]
C  [ucrtbase.dll+0x29363]
C  [KERNEL32.DLL+0x1269d]
C  [ntdll.dll+0x5a9f8]


---------------  P R O C E S S  ---------------

Threads class SMR info:
_java_thread_list=0x0000024d56747900, length=133, elements={
0x0000024d2eae1800, 0x0000024d4dbc6000, 0x0000024d4dbb7800, 0x0000024d4dbd6800,
0x0000024d4dbd7800, 0x0000024d4dbd8800, 0x0000024d4dbdb800, 0x0000024d4dbfb000,
0x0000024d4dbfd000, 0x0000024d4e694800, 0x0000024d50981800, 0x0000024d50801800,
0x0000024d4eeed000, 0x0000024d4ff1d800, 0x0000024d4f4ba000, 0x0000024d4f4ba800,
0x0000024d4ed97800, 0x0000024d4ed0e800, 0x0000024d50017000, 0x0000024d4f25e800,
0x0000024d4f259000, 0x0000024d4f259800, 0x0000024d4f25f800, 0x0000024d4f25c000,
0x0000024d4f25d000, 0x0000024d4f25a800, 0x0000024d4f25e000, 0x0000024d50d73000,
0x0000024d50d75000, 0x0000024d50d74800, 0x0000024d50d72000, 0x0000024d50d76000,
0x0000024d50d77000, 0x0000024d50d71000, 0x0000024d50d78800, 0x0000024d50d7d800,
0x0000024d50d79800, 0x0000024d50d7a000, 0x0000024d50d77800, 0x0000024d50d7b000,
0x0000024d50d7b800, 0x0000024d50d7e000, 0x0000024d50d7f000, 0x0000024d50d80000,
0x0000024d4f25b800, 0x0000024d542a0000, 0x0000024d5429d800, 0x0000024d5429f800,
0x0000024d5429d000, 0x0000024d542a1000, 0x0000024d5429e800, 0x0000024d542a5000,
0x0000024d542a3800, 0x0000024d542a7800, 0x0000024d542a2800, 0x0000024d542a4800,
0x0000024d542a6000, 0x0000024d542a6800, 0x0000024d542a2000, 0x0000024d542a8800,
0x0000024d542a9000, 0x0000024d542aa000, 0x0000024d542ab000, 0x0000024d542ab800,
0x0000024d52561000, 0x0000024d52564800, 0x0000024d52562000, 0x0000024d52563800,
0x0000024d52566000, 0x0000024d52565000, 0x0000024d52560800, 0x0000024d52567000,
0x0000024d52567800, 0x0000024d52568800, 0x0000024d52562800, 0x0000024d5256b800,
0x0000024d5256e000, 0x0000024d5256f000, 0x0000024d5256d800, 0x0000024d52569000,
0x0000024d5256b000, 0x0000024d5256a000, 0x0000024d507a9000, 0x0000024d507af800,
0x0000024d507ae000, 0x0000024d507ac800, 0x0000024d507ad000, 0x0000024d507af000,
0x0000024d507aa000, 0x0000024d507b0800, 0x0000024d507ab800, 0x0000024d507aa800,
0x0000024d507b3000, 0x0000024d507b1000, 0x0000024d507b4800, 0x0000024d507b8000,
0x0000024d507b5800, 0x0000024d507b6000, 0x0000024d507b7000, 0x0000024d507b2000,
0x0000024d507b3800, 0x0000024d52c04000, 0x0000024d52bff800, 0x0000024d52c05000,
0x0000024d52c06000, 0x0000024d52c02800, 0x0000024d52c00000, 0x0000024d52c03800,
0x0000024d52c06800, 0x0000024d52c01800, 0x0000024d52c01000, 0x0000024d52c09000,
0x0000024d52c0a000, 0x0000024d52c0c800, 0x0000024d52c0d000, 0x0000024d52c0a800,
0x0000024d52c0b800, 0x0000024d52c07800, 0x0000024d52c0e000, 0x0000024d52c08800,
0x0000024d54b0d000, 0x0000024d54b0c000, 0x0000024d54b0f000, 0x0000024d54b0d800,
0x0000024d54b12800, 0x0000024d54b13800, 0x0000024d54b0e800, 0x0000024d54b14000,
0x0000024d54b15000, 0x0000024d54b15800, 0x0000024d54b10000, 0x0000024d54b16800,
0x0000024d54b11000
}

Java Threads: ( => current thread )
  0x0000024d2eae1800 JavaThread "main" [_thread_blocked, id=20280, stack(0x0000006e6a300000,0x0000006e6a400000)]
  0x0000024d4dbc6000 JavaThread "Reference Handler" daemon [_thread_blocked, id=27872, stack(0x0000006e6aa00000,0x0000006e6ab00000)]
  0x0000024d4dbb7800 JavaThread "Finalizer" daemon [_thread_blocked, id=2704, stack(0x0000006e6ab00000,0x0000006e6ac00000)]
  0x0000024d4dbd6800 JavaThread "Signal Dispatcher" daemon [_thread_blocked, id=19856, stack(0x0000006e6ac00000,0x0000006e6ad00000)]
  0x0000024d4dbd7800 JavaThread "Attach Listener" daemon [_thread_blocked, id=10988, stack(0x0000006e6ad00000,0x0000006e6ae00000)]
  0x0000024d4dbd8800 JavaThread "Service Thread" daemon [_thread_blocked, id=13280, stack(0x0000006e6ae00000,0x0000006e6af00000)]
=>0x0000024d4dbdb800 JavaThread "C2 CompilerThread0" daemon [_thread_in_native, id=2916, stack(0x0000006e6af00000,0x0000006e6b000000)]
  0x0000024d4dbfb000 JavaThread "C1 CompilerThread0" daemon [_thread_blocked, id=4332, stack(0x0000006e6b000000,0x0000006e6b100000)]
  0x0000024d4dbfd000 JavaThread "Sweeper thread" daemon [_thread_blocked, id=19160, stack(0x0000006e6b100000,0x0000006e6b200000)]
  0x0000024d4e694800 JavaThread "Common-Cleaner" daemon [_thread_blocked, id=20136, stack(0x0000006e6b200000,0x0000006e6b300000)]
  0x0000024d50981800 JavaThread "Daemon health stats" [_thread_blocked, id=26748, stack(0x0000006e6b600000,0x0000006e6b700000)]
  0x0000024d50801800 JavaThread "Incoming local TCP Connector on port 59968" [_thread_in_native, id=8588, stack(0x0000006e6b700000,0x0000006e6b800000)]
  0x0000024d4eeed000 JavaThread "Daemon periodic checks" [_thread_blocked, id=17844, stack(0x0000006e6b800000,0x0000006e6b900000)]
  0x0000024d4ff1d800 JavaThread "Daemon" [_thread_blocked, id=18032, stack(0x0000006e6a000000,0x0000006e6a100000)]
  0x0000024d4f4ba000 JavaThread "Handler for socket connection from /127.0.0.1:59968 to /127.0.0.1:59976" [_thread_in_native, id=19116, stack(0x0000006e6b900000,0x0000006e6ba00000)]
  0x0000024d4f4ba800 JavaThread "Cancel handler" [_thread_blocked, id=18484, stack(0x0000006e6ba00000,0x0000006e6bb00000)]
  0x0000024d4ed97800 JavaThread "Daemon worker" [_thread_in_Java, id=7744, stack(0x0000006e6bb00000,0x0000006e6bc00000)]
  0x0000024d4ed0e800 JavaThread "Asynchronous log dispatcher for DefaultDaemonConnection: socket connection from /127.0.0.1:59968 to /127.0.0.1:59976" [_thread_blocked, id=6724, stack(0x0000006e6bc00000,0x0000006e6bd00000)]
  0x0000024d50017000 JavaThread "Daemon client event forwarder" [_thread_blocked, id=8056, stack(0x0000006e6be00000,0x0000006e6bf00000)]
  0x0000024d4f25e800 JavaThread "Cache worker for journal cache (C:\Users\Hp gaming\.gradle\caches\journal-1)" [_thread_blocked, id=28592, stack(0x0000006e6c400000,0x0000006e6c500000)]
  0x0000024d4f259000 JavaThread "File lock request listener" [_thread_in_native, id=15480, stack(0x0000006e6c500000,0x0000006e6c600000)]
  0x0000024d4f259800 JavaThread "Cache worker for file hash cache (C:\Users\Hp gaming\.gradle\caches\7.5.1\fileHashes)" [_thread_blocked, id=18748, stack(0x0000006e6c700000,0x0000006e6c800000)]
  0x0000024d4f25f800 JavaThread "File watcher server" daemon [_thread_in_native, id=17300, stack(0x0000006e6c900000,0x0000006e6ca00000)]
  0x0000024d4f25c000 JavaThread "File watcher consumer" daemon [_thread_blocked, id=7500, stack(0x0000006e6ca00000,0x0000006e6cb00000)]
  0x0000024d4f25d000 JavaThread "Cache worker for checksums cache (C:\Users\Hp gaming\Desktop\hibeeappm\Hibbe-Mobile-App\android\.gradle\7.5.1\checksums)" [_thread_blocked, id=26632, stack(0x0000006e6cb00000,0x0000006e6cc00000)]
  0x0000024d4f25a800 JavaThread "Cache worker for cache directory md-rule (C:\Users\Hp gaming\.gradle\caches\7.5.1\md-rule)" [_thread_blocked, id=25672, stack(0x0000006e6cc00000,0x0000006e6cd00000)]
  0x0000024d4f25e000 JavaThread "Cache worker for file content cache (C:\Users\Hp gaming\.gradle\caches\7.5.1\fileContent)" [_thread_blocked, id=19104, stack(0x0000006e6cd00000,0x0000006e6ce00000)]
  0x0000024d50d73000 JavaThread "Cache worker for file hash cache (C:\Users\Hp gaming\Desktop\hibeeappm\Hibbe-Mobile-App\android\.gradle\7.5.1\fileHashes)" [_thread_blocked, id=10232, stack(0x0000006e6ce00000,0x0000006e6cf00000)]
  0x0000024d50d75000 JavaThread "Cache worker for cache directory md-supplier (C:\Users\Hp gaming\.gradle\caches\7.5.1\md-supplier)" [_thread_blocked, id=15452, stack(0x0000006e6cf00000,0x0000006e6d000000)]
  0x0000024d50d74800 JavaThread "Cache worker for execution history cache (C:\Users\Hp gaming\.gradle\caches\7.5.1\executionHistory)" [_thread_blocked, id=13444, stack(0x0000006e6d000000,0x0000006e6d100000)]
  0x0000024d50d72000 JavaThread "jar transforms" [_thread_blocked, id=6916, stack(0x0000006e6d300000,0x0000006e6d400000)]
  0x0000024d50d76000 JavaThread "jar transforms Thread 2" [_thread_blocked, id=21280, stack(0x0000006e6d400000,0x0000006e6d500000)]
  0x0000024d50d77000 JavaThread "jar transforms Thread 3" [_thread_blocked, id=26804, stack(0x0000006e6d500000,0x0000006e6d600000)]
  0x0000024d50d71000 JavaThread "jar transforms Thread 4" [_thread_blocked, id=29476, stack(0x0000006e6d600000,0x0000006e6d700000)]
  0x0000024d50d78800 JavaThread "Cache worker for kotlin-dsl (C:\Users\Hp gaming\.gradle\caches\7.5.1\kotlin-dsl)" [_thread_blocked, id=6804, stack(0x0000006e6a100000,0x0000006e6a200000)]
  0x0000024d50d7d800 JavaThread "jar transforms Thread 5" [_thread_blocked, id=25252, stack(0x0000006e6bd00000,0x0000006e6be00000)]
  0x0000024d50d79800 JavaThread "jar transforms Thread 6" [_thread_blocked, id=10548, stack(0x0000006e6c600000,0x0000006e6c700000)]
  0x0000024d50d7a000 JavaThread "Cache worker for dependencies-accessors (C:\Users\Hp gaming\Desktop\hibeeappm\Hibbe-Mobile-App\android\.gradle\7.5.1\dependencies-accessors)" [_thread_blocked, id=19460, stack(0x0000006e6d100000,0x0000006e6d200000)]
  0x0000024d50d77800 JavaThread "Cache worker for Build Output Cleanup Cache (C:\Users\Hp gaming\Desktop\hibeeappm\Hibbe-Mobile-App\node_modules\react-native-gradle-plugin\.gradle\buildOutputCleanup)" [_thread_blocked, id=1132, stack(0x0000006e6d200000,0x0000006e6d300000)]
  0x0000024d50d7b000 JavaThread "jar transforms Thread 7" [_thread_blocked, id=29492, stack(0x0000006e6d700000,0x0000006e6d800000)]
  0x0000024d50d7b800 JavaThread "Unconstrained build operations" [_thread_blocked, id=29496, stack(0x0000006e6d800000,0x0000006e6d900000)]
  0x0000024d50d7e000 JavaThread "Unconstrained build operations Thread 2" [_thread_blocked, id=25804, stack(0x0000006e6d900000,0x0000006e6da00000)]
  0x0000024d50d7f000 JavaThread "Unconstrained build operations Thread 3" [_thread_blocked, id=27536, stack(0x0000006e6da00000,0x0000006e6db00000)]
  0x0000024d50d80000 JavaThread "Unconstrained build operations Thread 4" [_thread_blocked, id=29320, stack(0x0000006e6db00000,0x0000006e6dc00000)]
  0x0000024d4f25b800 JavaThread "Unconstrained build operations Thread 5" [_thread_blocked, id=25304, stack(0x0000006e6dc00000,0x0000006e6dd00000)]
  0x0000024d542a0000 JavaThread "Unconstrained build operations Thread 6" [_thread_blocked, id=23068, stack(0x0000006e6dd00000,0x0000006e6de00000)]
  0x0000024d5429d800 JavaThread "Unconstrained build operations Thread 7" [_thread_blocked, id=28184, stack(0x0000006e6de00000,0x0000006e6df00000)]
  0x0000024d5429f800 JavaThread "Unconstrained build operations Thread 8" [_thread_blocked, id=27516, stack(0x0000006e6df00000,0x0000006e6e000000)]
  0x0000024d5429d000 JavaThread "Unconstrained build operations Thread 9" [_thread_blocked, id=27520, stack(0x0000006e6e000000,0x0000006e6e100000)]
  0x0000024d542a1000 JavaThread "Unconstrained build operations Thread 10" [_thread_blocked, id=27192, stack(0x0000006e6e100000,0x0000006e6e200000)]
  0x0000024d5429e800 JavaThread "Unconstrained build operations Thread 11" [_thread_blocked, id=27508, stack(0x0000006e6e200000,0x0000006e6e300000)]
  0x0000024d542a5000 JavaThread "Unconstrained build operations Thread 12" [_thread_blocked, id=26972, stack(0x0000006e6e300000,0x0000006e6e400000)]
  0x0000024d542a3800 JavaThread "Unconstrained build operations Thread 13" [_thread_blocked, id=27432, stack(0x0000006e6e400000,0x0000006e6e500000)]
  0x0000024d542a7800 JavaThread "Unconstrained build operations Thread 14" [_thread_blocked, id=14612, stack(0x0000006e6e500000,0x0000006e6e600000)]
  0x0000024d542a2800 JavaThread "Unconstrained build operations Thread 15" [_thread_blocked, id=15188, stack(0x0000006e6e600000,0x0000006e6e700000)]
  0x0000024d542a4800 JavaThread "Unconstrained build operations Thread 16" [_thread_blocked, id=29528, stack(0x0000006e6e700000,0x0000006e6e800000)]
  0x0000024d542a6000 JavaThread "Unconstrained build operations Thread 17" [_thread_blocked, id=7564, stack(0x0000006e6e800000,0x0000006e6e900000)]
  0x0000024d542a6800 JavaThread "Unconstrained build operations Thread 18" [_thread_blocked, id=29344, stack(0x0000006e6e900000,0x0000006e6ea00000)]
  0x0000024d542a2000 JavaThread "Unconstrained build operations Thread 19" [_thread_blocked, id=29292, stack(0x0000006e6ea00000,0x0000006e6eb00000)]
  0x0000024d542a8800 JavaThread "Unconstrained build operations Thread 20" [_thread_blocked, id=2240, stack(0x0000006e6eb00000,0x0000006e6ec00000)]
  0x0000024d542a9000 JavaThread "Unconstrained build operations Thread 21" [_thread_blocked, id=25744, stack(0x0000006e6ec00000,0x0000006e6ed00000)]
  0x0000024d542aa000 JavaThread "Unconstrained build operations Thread 22" [_thread_blocked, id=25992, stack(0x0000006e6ed00000,0x0000006e6ee00000)]
  0x0000024d542ab000 JavaThread "Unconstrained build operations Thread 23" [_thread_blocked, id=2852, stack(0x0000006e6ee00000,0x0000006e6ef00000)]
  0x0000024d542ab800 JavaThread "Unconstrained build operations Thread 24" [_thread_blocked, id=28092, stack(0x0000006e6ef00000,0x0000006e6f000000)]
  0x0000024d52561000 JavaThread "Unconstrained build operations Thread 25" [_thread_blocked, id=1008, stack(0x0000006e6f000000,0x0000006e6f100000)]
  0x0000024d52564800 JavaThread "Unconstrained build operations Thread 26" [_thread_blocked, id=20192, stack(0x0000006e6f100000,0x0000006e6f200000)]
  0x0000024d52562000 JavaThread "Unconstrained build operations Thread 27" [_thread_blocked, id=12904, stack(0x0000006e6f200000,0x0000006e6f300000)]
  0x0000024d52563800 JavaThread "Unconstrained build operations Thread 28" [_thread_blocked, id=15544, stack(0x0000006e6f300000,0x0000006e6f400000)]
  0x0000024d52566000 JavaThread "Unconstrained build operations Thread 29" [_thread_blocked, id=18312, stack(0x0000006e6f400000,0x0000006e6f500000)]
  0x0000024d52565000 JavaThread "Unconstrained build operations Thread 30" [_thread_blocked, id=6520, stack(0x0000006e6f500000,0x0000006e6f600000)]
  0x0000024d52560800 JavaThread "Unconstrained build operations Thread 31" [_thread_blocked, id=21068, stack(0x0000006e6f600000,0x0000006e6f700000)]
  0x0000024d52567000 JavaThread "Unconstrained build operations Thread 32" [_thread_blocked, id=18004, stack(0x0000006e6f700000,0x0000006e6f800000)]
  0x0000024d52567800 JavaThread "Unconstrained build operations Thread 33" [_thread_blocked, id=24592, stack(0x0000006e6f800000,0x0000006e6f900000)]
  0x0000024d52568800 JavaThread "jar transforms Thread 8" [_thread_blocked, id=25368, stack(0x0000006e6f900000,0x0000006e6fa00000)]
  0x0000024d52562800 JavaThread "build event listener" [_thread_blocked, id=28832, stack(0x0000006e6fa00000,0x0000006e6fb00000)]
  0x0000024d5256b800 JavaThread "Memory manager" [_thread_blocked, id=11392, stack(0x0000006e6fb00000,0x0000006e6fc00000)]
  0x0000024d5256e000 JavaThread "Cache worker for Build Output Cleanup Cache (C:\Users\Hp gaming\Desktop\hibeeappm\Hibbe-Mobile-App\android\.gradle\buildOutputCleanup)" [_thread_blocked, id=28904, stack(0x0000006e6fc00000,0x0000006e6fd00000)]
  0x0000024d5256f000 JavaThread "Execution worker" [_thread_blocked, id=29784, stack(0x0000006e6fe00000,0x0000006e6ff00000)]
  0x0000024d5256d800 JavaThread "Execution worker Thread 2" [_thread_blocked, id=29788, stack(0x0000006e6ff00000,0x0000006e70000000)]
  0x0000024d52569000 JavaThread "Execution worker Thread 3" [_thread_blocked, id=29792, stack(0x0000006e70000000,0x0000006e70100000)]
  0x0000024d5256b000 JavaThread "Execution worker Thread 4" [_thread_blocked, id=29796, stack(0x0000006e70100000,0x0000006e70200000)]
  0x0000024d5256a000 JavaThread "Execution worker Thread 5" [_thread_blocked, id=29800, stack(0x0000006e70200000,0x0000006e70300000)]
  0x0000024d507a9000 JavaThread "Execution worker Thread 6" [_thread_blocked, id=29804, stack(0x0000006e70300000,0x0000006e70400000)]
  0x0000024d507af800 JavaThread "Execution worker Thread 7" [_thread_blocked, id=29808, stack(0x0000006e70400000,0x0000006e70500000)]
  0x0000024d507ae000 JavaThread "Cache worker for execution history cache (C:\Users\Hp gaming\Desktop\hibeeappm\Hibbe-Mobile-App\node_modules\react-native-gradle-plugin\.gradle\7.5.1\executionHistory)" [_thread_blocked, id=29820, stack(0x0000006e70500000,0x0000006e70600000)]
  0x0000024d507ac800 JavaThread "Unconstrained build operations Thread 34" [_thread_blocked, id=29864, stack(0x0000006e70600000,0x0000006e70700000)]
  0x0000024d507ad000 JavaThread "Unconstrained build operations Thread 35" [_thread_blocked, id=29868, stack(0x0000006e70700000,0x0000006e70800000)]
  0x0000024d507af000 JavaThread "Unconstrained build operations Thread 36" [_thread_blocked, id=29872, stack(0x0000006e70800000,0x0000006e70900000)]
  0x0000024d507aa000 JavaThread "Unconstrained build operations Thread 37" [_thread_blocked, id=29876, stack(0x0000006e70900000,0x0000006e70a00000)]
  0x0000024d507b0800 JavaThread "Unconstrained build operations Thread 38" [_thread_blocked, id=29912, stack(0x0000006e70a00000,0x0000006e70b00000)]
  0x0000024d507ab800 JavaThread "Unconstrained build operations Thread 39" [_thread_blocked, id=29916, stack(0x0000006e70b00000,0x0000006e70c00000)]
  0x0000024d507aa800 JavaThread "Unconstrained build operations Thread 40" [_thread_blocked, id=29920, stack(0x0000006e70c00000,0x0000006e70d00000)]
  0x0000024d507b3000 JavaThread "Unconstrained build operations Thread 41" [_thread_blocked, id=29924, stack(0x0000006e70d00000,0x0000006e70e00000)]
  0x0000024d507b1000 JavaThread "Unconstrained build operations Thread 42" [_thread_blocked, id=29928, stack(0x0000006e70e00000,0x0000006e70f00000)]
  0x0000024d507b4800 JavaThread "Unconstrained build operations Thread 43" [_thread_blocked, id=29932, stack(0x0000006e70f00000,0x0000006e71000000)]
  0x0000024d507b8000 JavaThread "Unconstrained build operations Thread 44" [_thread_blocked, id=29936, stack(0x0000006e71000000,0x0000006e71100000)]
  0x0000024d507b5800 JavaThread "Unconstrained build operations Thread 45" [_thread_blocked, id=29940, stack(0x0000006e71100000,0x0000006e71200000)]
  0x0000024d507b6000 JavaThread "Unconstrained build operations Thread 46" [_thread_blocked, id=29944, stack(0x0000006e71200000,0x0000006e71300000)]
  0x0000024d507b7000 JavaThread "Unconstrained build operations Thread 47" [_thread_blocked, id=29948, stack(0x0000006e71300000,0x0000006e71400000)]
  0x0000024d507b2000 JavaThread "Unconstrained build operations Thread 48" [_thread_blocked, id=29952, stack(0x0000006e71400000,0x0000006e71500000)]
  0x0000024d507b3800 JavaThread "Unconstrained build operations Thread 49" [_thread_blocked, id=29956, stack(0x0000006e71500000,0x0000006e71600000)]
  0x0000024d52c04000 JavaThread "Unconstrained build operations Thread 50" [_thread_blocked, id=29960, stack(0x0000006e71600000,0x0000006e71700000)]
  0x0000024d52bff800 JavaThread "Unconstrained build operations Thread 51" [_thread_blocked, id=29964, stack(0x0000006e71700000,0x0000006e71800000)]
  0x0000024d52c05000 JavaThread "Unconstrained build operations Thread 52" [_thread_blocked, id=29968, stack(0x0000006e71800000,0x0000006e71900000)]
  0x0000024d52c06000 JavaThread "Unconstrained build operations Thread 53" [_thread_blocked, id=29972, stack(0x0000006e71900000,0x0000006e71a00000)]
  0x0000024d52c02800 JavaThread "Unconstrained build operations Thread 54" [_thread_blocked, id=29976, stack(0x0000006e71a00000,0x0000006e71b00000)]
  0x0000024d52c00000 JavaThread "Unconstrained build operations Thread 55" [_thread_blocked, id=30036, stack(0x0000006e71b00000,0x0000006e71c00000)]
  0x0000024d52c03800 JavaThread "Unconstrained build operations Thread 56" [_thread_blocked, id=30128, stack(0x0000006e71c00000,0x0000006e71d00000)]
  0x0000024d52c06800 JavaThread "Unconstrained build operations Thread 57" [_thread_blocked, id=30132, stack(0x0000006e71d00000,0x0000006e71e00000)]
  0x0000024d52c01800 JavaThread "Unconstrained build operations Thread 58" [_thread_blocked, id=30136, stack(0x0000006e71e00000,0x0000006e71f00000)]
  0x0000024d52c01000 JavaThread "Unconstrained build operations Thread 59" [_thread_blocked, id=30140, stack(0x0000006e71f00000,0x0000006e72000000)]
  0x0000024d52c09000 JavaThread "Unconstrained build operations Thread 60" [_thread_blocked, id=30144, stack(0x0000006e72000000,0x0000006e72100000)]
  0x0000024d52c0a000 JavaThread "Unconstrained build operations Thread 61" [_thread_blocked, id=30148, stack(0x0000006e72100000,0x0000006e72200000)]
  0x0000024d52c0c800 JavaThread "Unconstrained build operations Thread 62" [_thread_blocked, id=30152, stack(0x0000006e72200000,0x0000006e72300000)]
  0x0000024d52c0d000 JavaThread "Unconstrained build operations Thread 63" [_thread_blocked, id=30156, stack(0x0000006e72300000,0x0000006e72400000)]
  0x0000024d52c0a800 JavaThread "Unconstrained build operations Thread 64" [_thread_blocked, id=30160, stack(0x0000006e72400000,0x0000006e72500000)]
  0x0000024d52c0b800 JavaThread "Unconstrained build operations Thread 65" [_thread_blocked, id=30164, stack(0x0000006e72500000,0x0000006e72600000)]
  0x0000024d52c07800 JavaThread "Unconstrained build operations Thread 66" [_thread_blocked, id=30168, stack(0x0000006e72600000,0x0000006e72700000)]
  0x0000024d52c0e000 JavaThread "Unconstrained build operations Thread 67" [_thread_blocked, id=30172, stack(0x0000006e72700000,0x0000006e72800000)]
  0x0000024d52c08800 JavaThread "Unconstrained build operations Thread 68" [_thread_blocked, id=30176, stack(0x0000006e72800000,0x0000006e72900000)]
  0x0000024d54b0d000 JavaThread "Unconstrained build operations Thread 69" [_thread_blocked, id=30180, stack(0x0000006e72900000,0x0000006e72a00000)]
  0x0000024d54b0c000 JavaThread "Unconstrained build operations Thread 70" [_thread_blocked, id=30184, stack(0x0000006e72a00000,0x0000006e72b00000)]
  0x0000024d54b0f000 JavaThread "Unconstrained build operations Thread 71" [_thread_blocked, id=30188, stack(0x0000006e72b00000,0x0000006e72c00000)]
  0x0000024d54b0d800 JavaThread "Unconstrained build operations Thread 72" [_thread_blocked, id=30192, stack(0x0000006e72c00000,0x0000006e72d00000)]
  0x0000024d54b12800 JavaThread "Unconstrained build operations Thread 73" [_thread_blocked, id=30196, stack(0x0000006e72d00000,0x0000006e72e00000)]
  0x0000024d54b13800 JavaThread "Unconstrained build operations Thread 74" [_thread_blocked, id=30200, stack(0x0000006e72e00000,0x0000006e72f00000)]
  0x0000024d54b0e800 JavaThread "Unconstrained build operations Thread 75" [_thread_blocked, id=30204, stack(0x0000006e72f00000,0x0000006e73000000)]
  0x0000024d54b14000 JavaThread "Unconstrained build operations Thread 76" [_thread_blocked, id=30208, stack(0x0000006e73000000,0x0000006e73100000)]
  0x0000024d54b15000 JavaThread "Unconstrained build operations Thread 77" [_thread_blocked, id=30212, stack(0x0000006e73100000,0x0000006e73200000)]
  0x0000024d54b15800 JavaThread "Unconstrained build operations Thread 78" [_thread_blocked, id=30216, stack(0x0000006e73200000,0x0000006e73300000)]
  0x0000024d54b10000 JavaThread "Unconstrained build operations Thread 79" [_thread_blocked, id=30220, stack(0x0000006e73300000,0x0000006e73400000)]
  0x0000024d54b16800 JavaThread "Unconstrained build operations Thread 80" [_thread_blocked, id=30224, stack(0x0000006e73400000,0x0000006e73500000)]
  0x0000024d54b11000 JavaThread "File lock release action executor Thread 4" [_thread_blocked, id=6092, stack(0x0000006e6a200000,0x0000006e6a300000)]

Other Threads:
  0x0000024d4dbb0800 VMThread "VM Thread" [stack: 0x0000006e6a900000,0x0000006e6aa00000] [id=19056]
  0x0000024d4e6ec000 WatcherThread [stack: 0x0000006e6b300000,0x0000006e6b400000] [id=21244]
  0x0000024d2eafb800 GCTaskThread "GC Thread#0" [stack: 0x0000006e6a400000,0x0000006e6a500000] [id=18268]
  0x0000024d4f0f9800 GCTaskThread "GC Thread#1" [stack: 0x0000006e6b400000,0x0000006e6b500000] [id=27836]
  0x0000024d4f1f9800 GCTaskThread "GC Thread#2" [stack: 0x0000006e6b500000,0x0000006e6b600000] [id=17800]
  0x0000024d4ed57800 GCTaskThread "GC Thread#3" [stack: 0x0000006e6bf00000,0x0000006e6c000000] [id=27912]
  0x0000024d4f604000 GCTaskThread "GC Thread#4" [stack: 0x0000006e6c000000,0x0000006e6c100000] [id=8232]
  0x0000024d4ec32800 GCTaskThread "GC Thread#5" [stack: 0x0000006e6c100000,0x0000006e6c200000] [id=19736]
  0x0000024d4eee8000 GCTaskThread "GC Thread#6" [stack: 0x0000006e6c200000,0x0000006e6c300000] [id=8700]
  0x0000024d4fb9e800 GCTaskThread "GC Thread#7" [stack: 0x0000006e6c300000,0x0000006e6c400000] [id=13844]
  0x0000024d2eb2c800 ConcurrentGCThread "G1 Main Marker" [stack: 0x0000006e6a500000,0x0000006e6a600000] [id=18588]
  0x0000024d2eb2d800 ConcurrentGCThread "G1 Conc#0" [stack: 0x0000006e6a600000,0x0000006e6a700000] [id=14908]
  0x0000024d4f446800 ConcurrentGCThread "G1 Conc#1" [stack: 0x0000006e6c800000,0x0000006e6c900000] [id=13308]
  0x0000024d4da20800 ConcurrentGCThread "G1 Refine#0" [stack: 0x0000006e6a700000,0x0000006e6a800000] [id=29688]
  0x0000024d4da21000 ConcurrentGCThread "G1 Young RemSet Sampling" [stack: 0x0000006e6a800000,0x0000006e6a900000] [id=8036]

Threads with active compile tasks:
C2 CompilerThread0  1154971 15277       4       org.gradle.api.internal.artifacts.ivyservice.resolveengine.result.ResolvedVariantResultSerializer::read (132 bytes)

VM state:not at safepoint (normal execution)

VM Mutex/Monitor currently owned by a thread: None

Heap address: 0x0000000080000000, size: 2048 MB, Compressed Oops mode: 32-bit
Narrow klass base: 0x0000000000000000, Narrow klass shift: 3
Compressed class space size: 528482304 Address: 0x0000000100000000

Heap:
 garbage-first heap   total 204800K, used 183007K [0x0000000080000000, 0x0000000100000000)
  region size 1024K, 6 young (6144K), 1 survivors (1024K)
 Metaspace       used 112480K, capacity 116969K, committed 117076K, reserved 618496K
  class space    used 14680K, capacity 16379K, committed 16460K, reserved 516096K
Heap Regions: E=young(eden), S=young(survivor), O=old, HS=humongous(starts), HC=humongous(continues), CS=collection set, F=free, A=archive, TAMS=top-at-mark-start (previous, next)
|   0|0x0000000080000000, 0x0000000080100000, 0x0000000080100000|100%| O|  |TAMS 0x0000000080100000, 0x0000000080000000| Untracked 
|   1|0x0000000080100000, 0x0000000080200000, 0x0000000080200000|100%| O|  |TAMS 0x0000000080200000, 0x0000000080100000| Untracked 
|   2|0x0000000080200000, 0x0000000080300000, 0x0000000080300000|100%| O|  |TAMS 0x0000000080300000, 0x0000000080200000| Untracked 
|   3|0x0000000080300000, 0x0000000080400000, 0x0000000080400000|100%|HS|  |TAMS 0x0000000080400000, 0x0000000080300000| Complete 
|   4|0x0000000080400000, 0x0000000080500000, 0x0000000080500000|100%|HC|  |TAMS 0x0000000080500000, 0x0000000080400000| Complete 
|   5|0x0000000080500000, 0x0000000080600000, 0x0000000080600000|100%|HC|  |TAMS 0x0000000080600000, 0x0000000080500000| Complete 
|   6|0x0000000080600000, 0x0000000080700000, 0x0000000080700000|100%| O|  |TAMS 0x0000000080700000, 0x0000000080600000| Untracked 
|   7|0x0000000080700000, 0x0000000080800000, 0x0000000080800000|100%| O|  |TAMS 0x0000000080800000, 0x0000000080700000| Untracked 
|   8|0x0000000080800000, 0x0000000080900000, 0x0000000080900000|100%| O|  |TAMS 0x0000000080900000, 0x0000000080800000| Untracked 
|   9|0x0000000080900000, 0x0000000080a00000, 0x0000000080a00000|100%| O|  |TAMS 0x0000000080a00000, 0x0000000080900000| Untracked 
|  10|0x0000000080a00000, 0x0000000080b00000, 0x0000000080b00000|100%| O|  |TAMS 0x0000000080b00000, 0x0000000080a00000| Untracked 
|  11|0x0000000080b00000, 0x0000000080c00000, 0x0000000080c00000|100%| O|  |TAMS 0x0000000080c00000, 0x0000000080b00000| Untracked 
|  12|0x0000000080c00000, 0x0000000080d00000, 0x0000000080d00000|100%| O|  |TAMS 0x0000000080d00000, 0x0000000080c00000| Untracked 
|  13|0x0000000080d00000, 0x0000000080e00000, 0x0000000080e00000|100%| O|  |TAMS 0x0000000080e00000, 0x0000000080d00000| Untracked 
|  14|0x0000000080e00000, 0x0000000080f00000, 0x0000000080f00000|100%| O|  |TAMS 0x0000000080f00000, 0x0000000080e00000| Untracked 
|  15|0x0000000080f00000, 0x0000000081000000, 0x0000000081000000|100%| O|  |TAMS 0x0000000081000000, 0x0000000080f00000| Untracked 
|  16|0x0000000081000000, 0x0000000081100000, 0x0000000081100000|100%|HS|  |TAMS 0x0000000081100000, 0x0000000081000000| Complete 
|  17|0x0000000081100000, 0x0000000081200000, 0x0000000081200000|100%| O|  |TAMS 0x0000000081200000, 0x0000000081100000| Untracked 
|  18|0x0000000081200000, 0x0000000081300000, 0x0000000081300000|100%| O|  |TAMS 0x0000000081300000, 0x0000000081200000| Untracked 
|  19|0x0000000081300000, 0x0000000081400000, 0x0000000081400000|100%| O|  |TAMS 0x0000000081400000, 0x0000000081300000| Untracked 
|  20|0x0000000081400000, 0x0000000081500000, 0x0000000081500000|100%| O|  |TAMS 0x0000000081500000, 0x0000000081400000| Untracked 
|  21|0x0000000081500000, 0x0000000081600000, 0x0000000081600000|100%| O|  |TAMS 0x0000000081600000, 0x0000000081500000| Untracked 
|  22|0x0000000081600000, 0x0000000081700000, 0x0000000081700000|100%| O|  |TAMS 0x0000000081700000, 0x0000000081600000| Untracked 
|  23|0x0000000081700000, 0x0000000081800000, 0x0000000081800000|100%| O|  |TAMS 0x0000000081800000, 0x0000000081700000| Untracked 
|  24|0x0000000081800000, 0x0000000081900000, 0x0000000081900000|100%| O|  |TAMS 0x0000000081900000, 0x0000000081800000| Untracked 
|  25|0x0000000081900000, 0x0000000081a00000, 0x0000000081a00000|100%| O|  |TAMS 0x0000000081a00000, 0x0000000081900000| Untracked 
|  26|0x0000000081a00000, 0x0000000081b00000, 0x0000000081b00000|100%| O|  |TAMS 0x0000000081b00000, 0x0000000081a00000| Untracked 
|  27|0x0000000081b00000, 0x0000000081c00000, 0x0000000081c00000|100%| O|  |TAMS 0x0000000081c00000, 0x0000000081b00000| Untracked 
|  28|0x0000000081c00000, 0x0000000081d00000, 0x0000000081d00000|100%|HS|  |TAMS 0x0000000081d00000, 0x0000000081c00000| Complete 
|  29|0x0000000081d00000, 0x0000000081e00000, 0x0000000081e00000|100%|HC|  |TAMS 0x0000000081e00000, 0x0000000081d00000| Complete 
|  30|0x0000000081e00000, 0x0000000081f00000, 0x0000000081f00000|100%|HC|  |TAMS 0x0000000081f00000, 0x0000000081e00000| Complete 
|  31|0x0000000081f00000, 0x0000000082000000, 0x0000000082000000|100%| O|  |TAMS 0x0000000082000000, 0x0000000081f00000| Untracked 
|  32|0x0000000082000000, 0x0000000082100000, 0x0000000082100000|100%| O|  |TAMS 0x0000000082100000, 0x0000000082000000| Untracked 
|  33|0x0000000082100000, 0x0000000082200000, 0x0000000082200000|100%| O|  |TAMS 0x0000000082200000, 0x0000000082100000| Untracked 
|  34|0x0000000082200000, 0x0000000082300000, 0x0000000082300000|100%| O|  |TAMS 0x0000000082300000, 0x0000000082200000| Untracked 
|  35|0x0000000082300000, 0x0000000082400000, 0x0000000082400000|100%| O|  |TAMS 0x0000000082400000, 0x0000000082300000| Untracked 
|  36|0x0000000082400000, 0x0000000082500000, 0x0000000082500000|100%| O|  |TAMS 0x0000000082500000, 0x0000000082400000| Untracked 
|  37|0x0000000082500000, 0x0000000082600000, 0x0000000082600000|100%| O|  |TAMS 0x0000000082600000, 0x0000000082500000| Untracked 
|  38|0x0000000082600000, 0x0000000082700000, 0x0000000082700000|100%| O|  |TAMS 0x0000000082700000, 0x0000000082600000| Untracked 
|  39|0x0000000082700000, 0x0000000082800000, 0x0000000082800000|100%| O|  |TAMS 0x0000000082800000, 0x0000000082700000| Untracked 
|  40|0x0000000082800000, 0x0000000082900000, 0x0000000082900000|100%| O|  |TAMS 0x0000000082900000, 0x0000000082800000| Untracked 
|  41|0x0000000082900000, 0x0000000082a00000, 0x0000000082a00000|100%| O|  |TAMS 0x0000000082a00000, 0x0000000082900000| Untracked 
|  42|0x0000000082a00000, 0x0000000082b00000, 0x0000000082b00000|100%| O|  |TAMS 0x0000000082b00000, 0x0000000082a00000| Untracked 
|  43|0x0000000082b00000, 0x0000000082c00000, 0x0000000082c00000|100%| O|  |TAMS 0x0000000082c00000, 0x0000000082b00000| Untracked 
|  44|0x0000000082c00000, 0x0000000082d00000, 0x0000000082d00000|100%| O|  |TAMS 0x0000000082d00000, 0x0000000082c00000| Untracked 
|  45|0x0000000082d00000, 0x0000000082e00000, 0x0000000082e00000|100%| O|  |TAMS 0x0000000082e00000, 0x0000000082d00000| Untracked 
|  46|0x0000000082e00000, 0x0000000082f00000, 0x0000000082f00000|100%| O|  |TAMS 0x0000000082f00000, 0x0000000082e00000| Untracked 
|  47|0x0000000082f00000, 0x0000000083000000, 0x0000000083000000|100%| O|  |TAMS 0x0000000083000000, 0x0000000082f00000| Untracked 
|  48|0x0000000083000000, 0x0000000083100000, 0x0000000083100000|100%|HS|  |TAMS 0x0000000083100000, 0x0000000083000000| Complete 
|  49|0x0000000083100000, 0x0000000083200000, 0x0000000083200000|100%|HS|  |TAMS 0x0000000083200000, 0x0000000083100000| Complete 
|  50|0x0000000083200000, 0x0000000083300000, 0x0000000083300000|100%| O|  |TAMS 0x0000000083300000, 0x0000000083200000| Untracked 
|  51|0x0000000083300000, 0x0000000083400000, 0x0000000083400000|100%| O|  |TAMS 0x0000000083400000, 0x0000000083300000| Untracked 
|  52|0x0000000083400000, 0x0000000083500000, 0x0000000083500000|100%| O|  |TAMS 0x0000000083500000, 0x0000000083400000| Untracked 
|  53|0x0000000083500000, 0x0000000083600000, 0x0000000083600000|100%| O|  |TAMS 0x0000000083600000, 0x0000000083500000| Untracked 
|  54|0x0000000083600000, 0x0000000083700000, 0x0000000083700000|100%|HS|  |TAMS 0x0000000083700000, 0x0000000083600000| Complete 
|  55|0x0000000083700000, 0x0000000083800000, 0x0000000083800000|100%| O|  |TAMS 0x0000000083800000, 0x0000000083700000| Untracked 
|  56|0x0000000083800000, 0x0000000083900000, 0x0000000083900000|100%| O|  |TAMS 0x0000000083900000, 0x0000000083800000| Untracked 
|  57|0x0000000083900000, 0x0000000083a00000, 0x0000000083a00000|100%| O|  |TAMS 0x0000000083a00000, 0x0000000083900000| Untracked 
|  58|0x0000000083a00000, 0x0000000083b00000, 0x0000000083b00000|100%| O|  |TAMS 0x0000000083b00000, 0x0000000083a00000| Untracked 
|  59|0x0000000083b00000, 0x0000000083c00000, 0x0000000083c00000|100%| O|  |TAMS 0x0000000083c00000, 0x0000000083b00000| Untracked 
|  60|0x0000000083c00000, 0x0000000083d00000, 0x0000000083d00000|100%| O|  |TAMS 0x0000000083d00000, 0x0000000083c00000| Untracked 
|  61|0x0000000083d00000, 0x0000000083e00000, 0x0000000083e00000|100%| O|  |TAMS 0x0000000083e00000, 0x0000000083d00000| Untracked 
|  62|0x0000000083e00000, 0x0000000083f00000, 0x0000000083f00000|100%| O|  |TAMS 0x0000000083f00000, 0x0000000083e00000| Untracked 
|  63|0x0000000083f00000, 0x0000000084000000, 0x0000000084000000|100%| O|  |TAMS 0x0000000084000000, 0x0000000083f00000| Untracked 
|  64|0x0000000084000000, 0x0000000084100000, 0x0000000084100000|100%| O|  |TAMS 0x0000000084100000, 0x0000000084000000| Untracked 
|  65|0x0000000084100000, 0x0000000084200000, 0x0000000084200000|100%| O|  |TAMS 0x0000000084200000, 0x0000000084100000| Untracked 
|  66|0x0000000084200000, 0x0000000084300000, 0x0000000084300000|100%| O|  |TAMS 0x0000000084300000, 0x0000000084200000| Untracked 
|  67|0x0000000084300000, 0x0000000084400000, 0x0000000084400000|100%| O|  |TAMS 0x0000000084400000, 0x0000000084300000| Untracked 
|  68|0x0000000084400000, 0x0000000084500000, 0x0000000084500000|100%| O|  |TAMS 0x0000000084500000, 0x0000000084400000| Untracked 
|  69|0x0000000084500000, 0x0000000084600000, 0x0000000084600000|100%| O|  |TAMS 0x0000000084600000, 0x0000000084500000| Untracked 
|  70|0x0000000084600000, 0x0000000084700000, 0x0000000084700000|100%| O|  |TAMS 0x0000000084700000, 0x0000000084600000| Untracked 
|  71|0x0000000084700000, 0x0000000084800000, 0x0000000084800000|100%| O|  |TAMS 0x0000000084800000, 0x0000000084700000| Untracked 
|  72|0x0000000084800000, 0x0000000084900000, 0x0000000084900000|100%| O|  |TAMS 0x0000000084900000, 0x0000000084800000| Untracked 
|  73|0x0000000084900000, 0x0000000084a00000, 0x0000000084a00000|100%| O|  |TAMS 0x0000000084a00000, 0x0000000084900000| Untracked 
|  74|0x0000000084a00000, 0x0000000084b00000, 0x0000000084b00000|100%| O|  |TAMS 0x0000000084b00000, 0x0000000084a00000| Untracked 
|  75|0x0000000084b00000, 0x0000000084c00000, 0x0000000084c00000|100%| O|  |TAMS 0x0000000084c00000, 0x0000000084b00000| Untracked 
|  76|0x0000000084c00000, 0x0000000084d00000, 0x0000000084d00000|100%| O|  |TAMS 0x0000000084d00000, 0x0000000084c00000| Untracked 
|  77|0x0000000084d00000, 0x0000000084e00000, 0x0000000084e00000|100%|HS|  |TAMS 0x0000000084e00000, 0x0000000084d00000| Complete 
|  78|0x0000000084e00000, 0x0000000084f00000, 0x0000000084f00000|100%|HC|  |TAMS 0x0000000084f00000, 0x0000000084e00000| Complete 
|  79|0x0000000084f00000, 0x0000000085000000, 0x0000000085000000|100%|HS|  |TAMS 0x0000000085000000, 0x0000000084f00000| Complete 
|  80|0x0000000085000000, 0x0000000085100000, 0x0000000085100000|100%|HC|  |TAMS 0x0000000085100000, 0x0000000085000000| Complete 
|  81|0x0000000085100000, 0x0000000085200000, 0x0000000085200000|100%|HC|  |TAMS 0x0000000085200000, 0x0000000085100000| Complete 
|  82|0x0000000085200000, 0x0000000085300000, 0x0000000085300000|100%|HC|  |TAMS 0x0000000085300000, 0x0000000085200000| Complete 
|  83|0x0000000085300000, 0x0000000085400000, 0x0000000085400000|100%| O|  |TAMS 0x0000000085400000, 0x0000000085300000| Untracked 
|  84|0x0000000085400000, 0x0000000085500000, 0x0000000085500000|100%| O|  |TAMS 0x0000000085500000, 0x0000000085400000| Untracked 
|  85|0x0000000085500000, 0x0000000085600000, 0x0000000085600000|100%| O|  |TAMS 0x0000000085600000, 0x0000000085500000| Untracked 
|  86|0x0000000085600000, 0x0000000085700000, 0x0000000085700000|100%| O|  |TAMS 0x0000000085700000, 0x0000000085600000| Untracked 
|  87|0x0000000085700000, 0x0000000085800000, 0x0000000085800000|100%| O|  |TAMS 0x0000000085800000, 0x0000000085700000| Untracked 
|  88|0x0000000085800000, 0x0000000085900000, 0x0000000085900000|100%|HS|  |TAMS 0x0000000085900000, 0x0000000085800000| Complete 
|  89|0x0000000085900000, 0x0000000085a00000, 0x0000000085a00000|100%|HC|  |TAMS 0x0000000085a00000, 0x0000000085900000| Complete 
|  90|0x0000000085a00000, 0x0000000085b00000, 0x0000000085b00000|100%| O|  |TAMS 0x0000000085b00000, 0x0000000085a00000| Untracked 
|  91|0x0000000085b00000, 0x0000000085c00000, 0x0000000085c00000|100%| O|  |TAMS 0x0000000085c00000, 0x0000000085b00000| Untracked 
|  92|0x0000000085c00000, 0x0000000085d00000, 0x0000000085d00000|100%| O|  |TAMS 0x0000000085d00000, 0x0000000085c00000| Untracked 
|  93|0x0000000085d00000, 0x0000000085e00000, 0x0000000085e00000|100%| O|  |TAMS 0x0000000085e00000, 0x0000000085d00000| Untracked 
|  94|0x0000000085e00000, 0x0000000085f00000, 0x0000000085f00000|100%| O|  |TAMS 0x0000000085f00000, 0x0000000085e00000| Untracked 
|  95|0x0000000085f00000, 0x0000000086000000, 0x0000000086000000|100%| O|  |TAMS 0x0000000086000000, 0x0000000085f00000| Untracked 
|  96|0x0000000086000000, 0x0000000086100000, 0x0000000086100000|100%| O|  |TAMS 0x0000000086100000, 0x0000000086000000| Untracked 
|  97|0x0000000086100000, 0x0000000086200000, 0x0000000086200000|100%| O|  |TAMS 0x0000000086200000, 0x0000000086100000| Untracked 
|  98|0x0000000086200000, 0x0000000086300000, 0x0000000086300000|100%| O|  |TAMS 0x0000000086300000, 0x0000000086200000| Untracked 
|  99|0x0000000086300000, 0x0000000086400000, 0x0000000086400000|100%| O|  |TAMS 0x0000000086400000, 0x0000000086300000| Untracked 
| 100|0x0000000086400000, 0x0000000086500000, 0x0000000086500000|100%| O|  |TAMS 0x0000000086500000, 0x0000000086400000| Untracked 
| 101|0x0000000086500000, 0x0000000086600000, 0x0000000086600000|100%| O|  |TAMS 0x0000000086600000, 0x0000000086500000| Untracked 
| 102|0x0000000086600000, 0x0000000086700000, 0x0000000086700000|100%| O|  |TAMS 0x0000000086700000, 0x0000000086600000| Untracked 
| 103|0x0000000086700000, 0x0000000086800000, 0x0000000086800000|100%| O|  |TAMS 0x0000000086800000, 0x0000000086700000| Untracked 
| 104|0x0000000086800000, 0x0000000086900000, 0x0000000086900000|100%| O|  |TAMS 0x0000000086900000, 0x0000000086800000| Untracked 
| 105|0x0000000086900000, 0x0000000086a00000, 0x0000000086a00000|100%| O|  |TAMS 0x0000000086a00000, 0x0000000086900000| Untracked 
| 106|0x0000000086a00000, 0x0000000086b00000, 0x0000000086b00000|100%| O|  |TAMS 0x0000000086b00000, 0x0000000086a00000| Untracked 
| 107|0x0000000086b00000, 0x0000000086c00000, 0x0000000086c00000|100%|HS|  |TAMS 0x0000000086c00000, 0x0000000086b00000| Complete 
| 108|0x0000000086c00000, 0x0000000086d00000, 0x0000000086d00000|100%|HS|  |TAMS 0x0000000086d00000, 0x0000000086c00000| Complete 
| 109|0x0000000086d00000, 0x0000000086e00000, 0x0000000086e00000|100%|HS|  |TAMS 0x0000000086e00000, 0x0000000086d00000| Complete 
| 110|0x0000000086e00000, 0x0000000086f00000, 0x0000000086f00000|100%|HC|  |TAMS 0x0000000086f00000, 0x0000000086e00000| Complete 
| 111|0x0000000086f00000, 0x0000000087000000, 0x0000000087000000|100%|HC|  |TAMS 0x0000000087000000, 0x0000000086f00000| Complete 
| 112|0x0000000087000000, 0x0000000087100000, 0x0000000087100000|100%| O|  |TAMS 0x0000000087100000, 0x0000000087000000| Untracked 
| 113|0x0000000087100000, 0x0000000087200000, 0x0000000087200000|100%| O|  |TAMS 0x0000000087200000, 0x0000000087100000| Untracked 
| 114|0x0000000087200000, 0x0000000087300000, 0x0000000087300000|100%|HS|  |TAMS 0x0000000087300000, 0x0000000087200000| Complete 
| 115|0x0000000087300000, 0x0000000087400000, 0x0000000087400000|100%|HC|  |TAMS 0x0000000087400000, 0x0000000087300000| Complete 
| 116|0x0000000087400000, 0x0000000087500000, 0x0000000087500000|100%| O|  |TAMS 0x0000000087500000, 0x0000000087400000| Untracked 
| 117|0x0000000087500000, 0x0000000087600000, 0x0000000087600000|100%| O|  |TAMS 0x0000000087600000, 0x0000000087500000| Untracked 
| 118|0x0000000087600000, 0x0000000087700000, 0x0000000087700000|100%| O|  |TAMS 0x0000000087700000, 0x0000000087600000| Untracked 
| 119|0x0000000087700000, 0x0000000087800000, 0x0000000087800000|100%| O|  |TAMS 0x0000000087800000, 0x0000000087700000| Untracked 
| 120|0x0000000087800000, 0x0000000087900000, 0x0000000087900000|100%| O|  |TAMS 0x0000000087900000, 0x0000000087800000| Untracked 
| 121|0x0000000087900000, 0x0000000087a00000, 0x0000000087a00000|100%| O|  |TAMS 0x0000000087a00000, 0x0000000087900000| Untracked 
| 122|0x0000000087a00000, 0x0000000087b00000, 0x0000000087b00000|100%| O|  |TAMS 0x0000000087b00000, 0x0000000087a00000| Untracked 
| 123|0x0000000087b00000, 0x0000000087c00000, 0x0000000087c00000|100%|HS|  |TAMS 0x0000000087c00000, 0x0000000087b00000| Complete 
| 124|0x0000000087c00000, 0x0000000087d00000, 0x0000000087d00000|100%|HS|  |TAMS 0x0000000087d00000, 0x0000000087c00000| Complete 
| 125|0x0000000087d00000, 0x0000000087e00000, 0x0000000087e00000|100%| O|  |TAMS 0x0000000087e00000, 0x0000000087d00000| Untracked 
| 126|0x0000000087e00000, 0x0000000087f00000, 0x0000000087f00000|100%| O|  |TAMS 0x0000000087f00000, 0x0000000087e00000| Untracked 
| 127|0x0000000087f00000, 0x0000000088000000, 0x0000000088000000|100%| O|  |TAMS 0x0000000088000000, 0x0000000087f00000| Untracked 
| 128|0x0000000088000000, 0x0000000088100000, 0x0000000088100000|100%| O|  |TAMS 0x0000000088100000, 0x0000000088000000| Untracked 
| 129|0x0000000088100000, 0x0000000088200000, 0x0000000088200000|100%| O|  |TAMS 0x0000000088200000, 0x0000000088100000| Untracked 
| 130|0x0000000088200000, 0x0000000088300000, 0x0000000088300000|100%| O|  |TAMS 0x0000000088300000, 0x0000000088200000| Untracked 
| 131|0x0000000088300000, 0x0000000088400000, 0x0000000088400000|100%| O|  |TAMS 0x0000000088400000, 0x0000000088300000| Untracked 
| 132|0x0000000088400000, 0x0000000088500000, 0x0000000088500000|100%| O|  |TAMS 0x0000000088500000, 0x0000000088400000| Untracked 
| 133|0x0000000088500000, 0x0000000088600000, 0x0000000088600000|100%|HS|  |TAMS 0x0000000088600000, 0x0000000088500000| Complete 
| 134|0x0000000088600000, 0x0000000088700000, 0x0000000088700000|100%|HS|  |TAMS 0x0000000088700000, 0x0000000088600000| Complete 
| 135|0x0000000088700000, 0x0000000088800000, 0x0000000088800000|100%|HC|  |TAMS 0x0000000088800000, 0x0000000088700000| Complete 
| 136|0x0000000088800000, 0x0000000088900000, 0x0000000088900000|100%|HC|  |TAMS 0x0000000088900000, 0x0000000088800000| Complete 
| 137|0x0000000088900000, 0x0000000088a00000, 0x0000000088a00000|100%| O|  |TAMS 0x0000000088a00000, 0x0000000088900000| Untracked 
| 138|0x0000000088a00000, 0x0000000088b00000, 0x0000000088b00000|100%| O|  |TAMS 0x0000000088b00000, 0x0000000088a00000| Untracked 
| 139|0x0000000088b00000, 0x0000000088c00000, 0x0000000088c00000|100%| O|  |TAMS 0x0000000088c00000, 0x0000000088b00000| Untracked 
| 140|0x0000000088c00000, 0x0000000088d00000, 0x0000000088d00000|100%| O|  |TAMS 0x0000000088d00000, 0x0000000088c00000| Untracked 
| 141|0x0000000088d00000, 0x0000000088e00000, 0x0000000088e00000|100%| O|  |TAMS 0x0000000088e00000, 0x0000000088d00000| Untracked 
| 142|0x0000000088e00000, 0x0000000088f00000, 0x0000000088f00000|100%| O|  |TAMS 0x0000000088f00000, 0x0000000088e00000| Untracked 
| 143|0x0000000088f00000, 0x0000000089000000, 0x0000000089000000|100%| O|  |TAMS 0x0000000089000000, 0x0000000088f00000| Untracked 
| 144|0x0000000089000000, 0x0000000089100000, 0x0000000089100000|100%| O|  |TAMS 0x0000000089100000, 0x0000000089000000| Untracked 
| 145|0x0000000089100000, 0x0000000089200000, 0x0000000089200000|100%|HS|  |TAMS 0x0000000089200000, 0x0000000089100000| Complete 
| 146|0x0000000089200000, 0x0000000089300000, 0x0000000089300000|100%| O|  |TAMS 0x0000000089300000, 0x0000000089200000| Untracked 
| 147|0x0000000089300000, 0x0000000089400000, 0x0000000089400000|100%| O|  |TAMS 0x0000000089400000, 0x0000000089300000| Untracked 
| 148|0x0000000089400000, 0x0000000089500000, 0x0000000089500000|100%| O|  |TAMS 0x0000000089500000, 0x0000000089400000| Untracked 
| 149|0x0000000089500000, 0x0000000089600000, 0x0000000089600000|100%| O|  |TAMS 0x0000000089600000, 0x0000000089500000| Untracked 
| 150|0x0000000089600000, 0x0000000089700000, 0x0000000089700000|100%| O|  |TAMS 0x0000000089700000, 0x0000000089600000| Untracked 
| 151|0x0000000089700000, 0x0000000089800000, 0x0000000089800000|100%| O|  |TAMS 0x0000000089800000, 0x0000000089700000| Untracked 
| 152|0x0000000089800000, 0x0000000089900000, 0x0000000089900000|100%| O|  |TAMS 0x0000000089900000, 0x0000000089800000| Untracked 
| 153|0x0000000089900000, 0x0000000089a00000, 0x0000000089a00000|100%| O|  |TAMS 0x0000000089a00000, 0x0000000089900000| Untracked 
| 154|0x0000000089a00000, 0x0000000089b00000, 0x0000000089b00000|100%| O|  |TAMS 0x0000000089b00000, 0x0000000089a00000| Untracked 
| 155|0x0000000089b00000, 0x0000000089c00000, 0x0000000089c00000|100%| O|  |TAMS 0x0000000089c00000, 0x0000000089b00000| Untracked 
| 156|0x0000000089c00000, 0x0000000089d00000, 0x0000000089d00000|100%| O|  |TAMS 0x0000000089d00000, 0x0000000089c00000| Untracked 
| 157|0x0000000089d00000, 0x0000000089e00000, 0x0000000089e00000|100%| O|  |TAMS 0x0000000089e00000, 0x0000000089d00000| Untracked 
| 158|0x0000000089e00000, 0x0000000089f00000, 0x0000000089f00000|100%| O|  |TAMS 0x0000000089f00000, 0x0000000089e00000| Untracked 
| 159|0x0000000089f00000, 0x000000008a000000, 0x000000008a000000|100%| O|  |TAMS 0x000000008a000000, 0x0000000089f00000| Untracked 
| 160|0x000000008a000000, 0x000000008a100000, 0x000000008a100000|100%| O|  |TAMS 0x000000008a100000, 0x000000008a000000| Untracked 
| 161|0x000000008a100000, 0x000000008a200000, 0x000000008a200000|100%| O|  |TAMS 0x000000008a200000, 0x000000008a100000| Untracked 
| 162|0x000000008a200000, 0x000000008a300000, 0x000000008a300000|100%| O|  |TAMS 0x000000008a300000, 0x000000008a200000| Untracked 
| 163|0x000000008a300000, 0x000000008a400000, 0x000000008a400000|100%| O|  |TAMS 0x000000008a3aec00, 0x000000008a300000| Untracked 
| 164|0x000000008a400000, 0x000000008a500000, 0x000000008a500000|100%| O|  |TAMS 0x000000008a500000, 0x000000008a400000| Untracked 
| 165|0x000000008a500000, 0x000000008a600000, 0x000000008a600000|100%| O|  |TAMS 0x000000008a600000, 0x000000008a500000| Untracked 
| 166|0x000000008a600000, 0x000000008a700000, 0x000000008a700000|100%| O|  |TAMS 0x000000008a700000, 0x000000008a600000| Untracked 
| 167|0x000000008a700000, 0x000000008a800000, 0x000000008a800000|100%| O|  |TAMS 0x000000008a800000, 0x000000008a700000| Untracked 
| 168|0x000000008a800000, 0x000000008a900000, 0x000000008a900000|100%| O|  |TAMS 0x000000008a900000, 0x000000008a800000| Untracked 
| 169|0x000000008a900000, 0x000000008aa00000, 0x000000008aa00000|100%| O|  |TAMS 0x000000008aa00000, 0x000000008a900000| Untracked 
| 170|0x000000008aa00000, 0x000000008ab00000, 0x000000008ab00000|100%| O|  |TAMS 0x000000008ab00000, 0x000000008aa00000| Untracked 
| 171|0x000000008ab00000, 0x000000008ac00000, 0x000000008ac00000|100%| O|  |TAMS 0x000000008ac00000, 0x000000008ab00000| Untracked 
| 172|0x000000008ac00000, 0x000000008ad00000, 0x000000008ad00000|100%| O|  |TAMS 0x000000008ac00000, 0x000000008ac00000| Untracked 
| 173|0x000000008ad00000, 0x000000008adbe600, 0x000000008ae00000| 74%| O|  |TAMS 0x000000008ad00000, 0x000000008ad00000| Untracked 
| 174|0x000000008ae00000, 0x000000008ae00000, 0x000000008af00000|  0%| F|  |TAMS 0x000000008ae00000, 0x000000008ae00000| Untracked 
| 175|0x000000008af00000, 0x000000008af00000, 0x000000008b000000|  0%| F|  |TAMS 0x000000008af00000, 0x000000008af00000| Untracked 
| 176|0x000000008b000000, 0x000000008b000000, 0x000000008b100000|  0%| F|  |TAMS 0x000000008b000000, 0x000000008b000000| Untracked 
| 177|0x000000008b100000, 0x000000008b100000, 0x000000008b200000|  0%| F|  |TAMS 0x000000008b100000, 0x000000008b100000| Untracked 
| 178|0x000000008b200000, 0x000000008b200000, 0x000000008b300000|  0%| F|  |TAMS 0x000000008b200000, 0x000000008b200000| Untracked 
| 179|0x000000008b300000, 0x000000008b300000, 0x000000008b400000|  0%| F|  |TAMS 0x000000008b300000, 0x000000008b300000| Untracked 
| 180|0x000000008b400000, 0x000000008b400000, 0x000000008b500000|  0%| F|  |TAMS 0x000000008b400000, 0x000000008b400000| Untracked 
| 181|0x000000008b500000, 0x000000008b500000, 0x000000008b600000|  0%| F|  |TAMS 0x000000008b500000, 0x000000008b500000| Untracked 
| 182|0x000000008b600000, 0x000000008b600000, 0x000000008b700000|  0%| F|  |TAMS 0x000000008b600000, 0x000000008b600000| Untracked 
| 183|0x000000008b700000, 0x000000008b700000, 0x000000008b800000|  0%| F|  |TAMS 0x000000008b700000, 0x000000008b700000| Untracked 
| 184|0x000000008b800000, 0x000000008b800000, 0x000000008b900000|  0%| F|  |TAMS 0x000000008b800000, 0x000000008b800000| Untracked 
| 185|0x000000008b900000, 0x000000008b900000, 0x000000008ba00000|  0%| F|  |TAMS 0x000000008b900000, 0x000000008b900000| Untracked 
| 186|0x000000008ba00000, 0x000000008ba00000, 0x000000008bb00000|  0%| F|  |TAMS 0x000000008ba00000, 0x000000008ba00000| Untracked 
| 187|0x000000008bb00000, 0x000000008bb00000, 0x000000008bc00000|  0%| F|  |TAMS 0x000000008bb00000, 0x000000008bb00000| Untracked 
| 188|0x000000008bc00000, 0x000000008bc00000, 0x000000008bd00000|  0%| F|  |TAMS 0x000000008bc00000, 0x000000008bc00000| Untracked 
| 189|0x000000008bd00000, 0x000000008bd00000, 0x000000008be00000|  0%| F|  |TAMS 0x000000008bd00000, 0x000000008bd00000| Untracked 
| 190|0x000000008be00000, 0x000000008be00000, 0x000000008bf00000|  0%| F|  |TAMS 0x000000008be00000, 0x000000008be00000| Untracked 
| 191|0x000000008bf00000, 0x000000008bff98e0, 0x000000008c000000| 97%| S|CS|TAMS 0x000000008bf00000, 0x000000008bf00000| Complete 
| 192|0x000000008c000000, 0x000000008c000000, 0x000000008c100000|  0%| F|  |TAMS 0x000000008c000000, 0x000000008c000000| Untracked 
| 193|0x000000008c100000, 0x000000008c100000, 0x000000008c200000|  0%| F|  |TAMS 0x000000008c100000, 0x000000008c100000| Untracked 
| 194|0x000000008c200000, 0x000000008c2312c8, 0x000000008c300000| 19%| E|  |TAMS 0x000000008c200000, 0x000000008c200000| Complete 
| 195|0x000000008c300000, 0x000000008c400000, 0x000000008c400000|100%| E|CS|TAMS 0x000000008c300000, 0x000000008c300000| Complete 
| 196|0x000000008c400000, 0x000000008c500000, 0x000000008c500000|100%| E|CS|TAMS 0x000000008c400000, 0x000000008c400000| Complete 
| 197|0x000000008c500000, 0x000000008c600000, 0x000000008c600000|100%| E|CS|TAMS 0x000000008c500000, 0x000000008c500000| Complete 
| 198|0x000000008c600000, 0x000000008c700000, 0x000000008c700000|100%| E|CS|TAMS 0x000000008c600000, 0x000000008c600000| Complete 
| 199|0x000000008c700000, 0x000000008c800000, 0x000000008c800000|100%| E|CS|TAMS 0x000000008c700000, 0x000000008c700000| Complete 

Card table byte_map: [0x0000024d46980000,0x0000024d46d80000] _byte_map_base: 0x0000024d46580000

Marking Bits (Prev, Next): (CMBitMap*) 0x0000024d2eb23a80, (CMBitMap*) 0x0000024d2eb23a48
 Prev Bits: [0x0000024d49180000, 0x0000024d4b180000)
 Next Bits: [0x0000024d47180000, 0x0000024d49180000)

Polling page: 0x0000024d2ca50000

Metaspace:

Usage:
  Non-class:     98.23 MB capacity,    95.51 MB ( 97%) used,     2.36 MB (  2%) free+waste,   366.69 KB ( <1%) overhead. 
      Class:     16.00 MB capacity,    14.34 MB ( 90%) used,     1.49 MB (  9%) free+waste,   171.44 KB (  1%) overhead. 
       Both:    114.23 MB capacity,   109.85 MB ( 96%) used,     3.85 MB (  3%) free+waste,   538.13 KB ( <1%) overhead. 

Virtual space:
  Non-class space:      100.00 MB reserved,      98.26 MB ( 98%) committed 
      Class space:      504.00 MB reserved,      16.07 MB (  3%) committed 
             Both:      604.00 MB reserved,     114.33 MB ( 19%) committed 

Chunk freelists:
   Non-Class:  24.00 KB
       Class:  5.00 KB
        Both:  29.00 KB

MaxMetaspaceSize: 512.00 MB
CompressedClassSpaceSize: 504.00 MB
Initial GC threshold: 20.80 MB
Current GC threshold: 190.55 MB
CDS: off

CodeHeap 'non-profiled nmethods': size=120000Kb used=10447Kb max_used=10447Kb free=109552Kb
 bounds [0x0000024d3ed20000, 0x0000024d3f760000, 0x0000024d46250000]
CodeHeap 'profiled nmethods': size=120000Kb used=34769Kb max_used=34769Kb free=85230Kb
 bounds [0x0000024d377f0000, 0x0000024d399f0000, 0x0000024d3ed20000]
CodeHeap 'non-nmethods': size=5760Kb used=2424Kb max_used=2475Kb free=3335Kb
 bounds [0x0000024d37250000, 0x0000024d374d0000, 0x0000024d377f0000]
 total_blobs=16077 nmethods=15115 adapters=874
 compilation: enabled
              stopped_count=0, restarted_count=0
 full_count=0

Compilation events (20 events):
Event: 1154.858 Thread 0x0000024d4dbfb000 15362       2       org.gradle.api.internal.tasks.DefaultTaskOutputs::<init> (75 bytes)
Event: 1154.859 Thread 0x0000024d4dbfb000 nmethod 15362 0x0000024d399d4910 code [0x0000024d399d4b20, 0x0000024d399d5318]
Event: 1154.860 Thread 0x0000024d4dbfb000 15363       2       org.gradle.api.internal.tasks.DefaultTaskInputs::<init> (97 bytes)
Event: 1154.861 Thread 0x0000024d4dbfb000 nmethod 15363 0x0000024d399d5490 code [0x0000024d399d56c0, 0x0000024d399d5f88]
Event: 1154.861 Thread 0x0000024d4dbfb000 15364       1       com.android.build.gradle.internal.DependencyResourcesComputer_Decorated::getModelIdentityDisplayName (5 bytes)
Event: 1154.861 Thread 0x0000024d4dbfb000 nmethod 15364 0x0000024d3f752710 code [0x0000024d3f7528c0, 0x0000024d3f752978]
Event: 1154.861 Thread 0x0000024d4dbfb000 15365       2       org.gradle.api.internal.project.DefaultProject::provider (11 bytes)
Event: 1154.861 Thread 0x0000024d4dbfb000 nmethod 15365 0x0000024d399d6190 code [0x0000024d399d6360, 0x0000024d399d6638]
Event: 1154.862 Thread 0x0000024d4dbfb000 15366       2       org.gradle.api.internal.artifacts.transform.NoMatchConsumerVariantMatchResult::getMatches (4 bytes)
Event: 1154.862 Thread 0x0000024d4dbfb000 nmethod 15366 0x0000024d399d6790 code [0x0000024d399d6940, 0x0000024d399d6a38]
Event: 1154.871 Thread 0x0000024d4dbfb000 15367       2       org.gradle.internal.model.StateTransitionController$InState::hasSeenStateIgnoringTransitions (6 bytes)
Event: 1154.871 Thread 0x0000024d4dbfb000 nmethod 15367 0x0000024d399d6b10 code [0x0000024d399d6cc0, 0x0000024d399d6e48]
Event: 1154.874 Thread 0x0000024d4dbfb000 15368       2       org.gradle.execution.plan.Node::<init> (52 bytes)
Event: 1154.875 Thread 0x0000024d4dbfb000 nmethod 15368 0x0000024d399d6f90 code [0x0000024d399d71a0, 0x0000024d399d7c58]
Event: 1154.875 Thread 0x0000024d4dbfb000 15369       2       org.gradle.execution.plan.MutationInfo::<init> (31 bytes)
Event: 1154.875 Thread 0x0000024d4dbfb000 nmethod 15369 0x0000024d399d7e90 code [0x0000024d399d8060, 0x0000024d399d8638]
Event: 1154.882 Thread 0x0000024d4dbfb000 15370       2       org.gradle.api.internal.AbstractTask::compareTo (36 bytes)
Event: 1154.883 Thread 0x0000024d4dbfb000 nmethod 15370 0x0000024d399d8790 code [0x0000024d399d8980, 0x0000024d399d8b68]
Event: 1154.883 Thread 0x0000024d4dbfb000 15371       2       com.google.common.collect.Iterators$ConcatenatedIterator::next (33 bytes)
Event: 1154.883 Thread 0x0000024d4dbfb000 nmethod 15371 0x0000024d399d8c90 code [0x0000024d399d8e60, 0x0000024d399d90c8]

GC Heap History (20 events):
Event: 1149.444 GC heap before
{Heap before GC invocations=147 (full 0):
 garbage-first heap   total 204800K, used 177618K [0x0000000080000000, 0x0000000100000000)
  region size 1024K, 10 young (10240K), 2 survivors (2048K)
 Metaspace       used 111714K, capacity 116172K, committed 116436K, reserved 616448K
  class space    used 14611K, capacity 16298K, committed 16332K, reserved 516096K
}
Event: 1149.458 GC heap after
{Heap after GC invocations=148 (full 0):
 garbage-first heap   total 204800K, used 170973K [0x0000000080000000, 0x0000000100000000)
  region size 1024K, 2 young (2048K), 2 survivors (2048K)
 Metaspace       used 111714K, capacity 116172K, committed 116436K, reserved 616448K
  class space    used 14611K, capacity 16298K, committed 16332K, reserved 516096K
}
Event: 1151.014 GC heap before
{Heap before GC invocations=148 (full 0):
 garbage-first heap   total 204800K, used 179165K [0x0000000080000000, 0x0000000100000000)
  region size 1024K, 10 young (10240K), 2 survivors (2048K)
 Metaspace       used 111761K, capacity 116237K, committed 116436K, reserved 616448K
  class space    used 14616K, capacity 16298K, committed 16332K, reserved 516096K
}
Event: 1151.019 GC heap after
{Heap after GC invocations=149 (full 0):
 garbage-first heap   total 204800K, used 171574K [0x0000000080000000, 0x0000000100000000)
  region size 1024K, 1 young (1024K), 1 survivors (1024K)
 Metaspace       used 111761K, capacity 116237K, committed 116436K, reserved 616448K
  class space    used 14616K, capacity 16298K, committed 16332K, reserved 516096K
}
Event: 1151.537 GC heap before
{Heap before GC invocations=150 (full 0):
 garbage-first heap   total 204800K, used 179766K [0x0000000080000000, 0x0000000100000000)
  region size 1024K, 10 young (10240K), 1 survivors (1024K)
 Metaspace       used 111972K, capacity 116443K, committed 116820K, reserved 618496K
  class space    used 14639K, capacity 16338K, committed 16460K, reserved 516096K
}
Event: 1151.542 GC heap after
{Heap after GC invocations=151 (full 0):
 garbage-first heap   total 204800K, used 172686K [0x0000000080000000, 0x0000000100000000)
  region size 1024K, 2 young (2048K), 2 survivors (2048K)
 Metaspace       used 111972K, capacity 116443K, committed 116820K, reserved 618496K
  class space    used 14639K, capacity 16338K, committed 16460K, reserved 516096K
}
Event: 1152.486 GC heap before
{Heap before GC invocations=151 (full 0):
 garbage-first heap   total 204800K, used 180878K [0x0000000080000000, 0x0000000100000000)
  region size 1024K, 10 young (10240K), 2 survivors (2048K)
 Metaspace       used 112134K, capacity 116627K, committed 116820K, reserved 618496K
  class space    used 14659K, capacity 16376K, committed 16460K, reserved 516096K
}
Event: 1152.511 GC heap after
{Heap after GC invocations=152 (full 0):
 garbage-first heap   total 204800K, used 173868K [0x0000000080000000, 0x0000000100000000)
  region size 1024K, 2 young (2048K), 2 survivors (2048K)
 Metaspace       used 112134K, capacity 116627K, committed 116820K, reserved 618496K
  class space    used 14659K, capacity 16376K, committed 16460K, reserved 516096K
}
Event: 1152.944 GC heap before
{Heap before GC invocations=152 (full 0):
 garbage-first heap   total 204800K, used 182060K [0x0000000080000000, 0x0000000100000000)
  region size 1024K, 10 young (10240K), 2 survivors (2048K)
 Metaspace       used 112171K, capacity 116628K, committed 116820K, reserved 618496K
  class space    used 14659K, capacity 16376K, committed 16460K, reserved 516096K
}
Event: 1152.953 GC heap after
{Heap after GC invocations=153 (full 0):
 garbage-first heap   total 204800K, used 174725K [0x0000000080000000, 0x0000000100000000)
  region size 1024K, 2 young (2048K), 2 survivors (2048K)
 Metaspace       used 112171K, capacity 116628K, committed 116820K, reserved 618496K
  class space    used 14659K, capacity 16376K, committed 16460K, reserved 516096K
}
Event: 1153.176 GC heap before
{Heap before GC invocations=154 (full 0):
 garbage-first heap   total 204800K, used 182917K [0x0000000080000000, 0x0000000100000000)
  region size 1024K, 10 young (10240K), 2 survivors (2048K)
 Metaspace       used 112219K, capacity 116700K, committed 116820K, reserved 618496K
  class space    used 14660K, capacity 16377K, committed 16460K, reserved 516096K
}
Event: 1153.182 GC heap after
{Heap after GC invocations=155 (full 0):
 garbage-first heap   total 204800K, used 176011K [0x0000000080000000, 0x0000000100000000)
  region size 1024K, 2 young (2048K), 2 survivors (2048K)
 Metaspace       used 112219K, capacity 116700K, committed 116820K, reserved 618496K
  class space    used 14660K, capacity 16377K, committed 16460K, reserved 516096K
}
Event: 1153.385 GC heap before
{Heap before GC invocations=155 (full 0):
 garbage-first heap   total 204800K, used 184203K [0x0000000080000000, 0x0000000100000000)
  region size 1024K, 10 young (10240K), 2 survivors (2048K)
 Metaspace       used 112233K, capacity 116700K, committed 116820K, reserved 618496K
  class space    used 14660K, capacity 16377K, committed 16460K, reserved 516096K
}
Event: 1153.391 GC heap after
{Heap after GC invocations=156 (full 0):
 garbage-first heap   total 204800K, used 175959K [0x0000000080000000, 0x0000000100000000)
  region size 1024K, 2 young (2048K), 2 survivors (2048K)
 Metaspace       used 112233K, capacity 116700K, committed 116820K, reserved 618496K
  class space    used 14660K, capacity 16377K, committed 16460K, reserved 516096K
}
Event: 1154.189 GC heap before
{Heap before GC invocations=156 (full 0):
 garbage-first heap   total 204800K, used 184151K [0x0000000080000000, 0x0000000100000000)
  region size 1024K, 10 young (10240K), 2 survivors (2048K)
 Metaspace       used 112268K, capacity 116768K, committed 117076K, reserved 618496K
  class space    used 14661K, capacity 16378K, committed 16460K, reserved 516096K
}
Event: 1154.196 GC heap after
{Heap after GC invocations=157 (full 0):
 garbage-first heap   total 204800K, used 177426K [0x0000000080000000, 0x0000000100000000)
  region size 1024K, 2 young (2048K), 2 survivors (2048K)
 Metaspace       used 112268K, capacity 116768K, committed 117076K, reserved 618496K
  class space    used 14661K, capacity 16378K, committed 16460K, reserved 516096K
}
Event: 1154.628 GC heap before
{Heap before GC invocations=157 (full 0):
 garbage-first heap   total 204800K, used 185618K [0x0000000080000000, 0x0000000100000000)
  region size 1024K, 10 young (10240K), 2 survivors (2048K)
 Metaspace       used 112287K, capacity 116770K, committed 117076K, reserved 618496K
  class space    used 14661K, capacity 16378K, committed 16460K, reserved 516096K
}
Event: 1154.633 GC heap after
{Heap after GC invocations=158 (full 0):
 garbage-first heap   total 204800K, used 177981K [0x0000000080000000, 0x0000000100000000)
  region size 1024K, 2 young (2048K), 2 survivors (2048K)
 Metaspace       used 112287K, capacity 116770K, committed 117076K, reserved 618496K
  class space    used 14661K, capacity 16378K, committed 16460K, reserved 516096K
}
Event: 1154.863 GC heap before
{Heap before GC invocations=159 (full 0):
 garbage-first heap   total 204800K, used 186173K [0x0000000080000000, 0x0000000100000000)
  region size 1024K, 10 young (10240K), 2 survivors (2048K)
 Metaspace       used 112410K, capacity 116904K, committed 117076K, reserved 618496K
  class space    used 14673K, capacity 16379K, committed 16460K, reserved 516096K
}
Event: 1154.867 GC heap after
{Heap after GC invocations=160 (full 0):
 garbage-first heap   total 204800K, used 178911K [0x0000000080000000, 0x0000000100000000)
  region size 1024K, 1 young (1024K), 1 survivors (1024K)
 Metaspace       used 112410K, capacity 116904K, committed 117076K, reserved 618496K
  class space    used 14673K, capacity 16379K, committed 16460K, reserved 516096K
}

Deoptimization events (20 events):
Event: 1152.954 Thread 0x0000024d4ed97800 Uncommon trap: trap_request=0xffffffbe fr.pc=0x0000024d3f71a800 relative=0x0000000000000500
Event: 1152.954 Thread 0x0000024d4ed97800 Uncommon trap: reason=profile_predicate action=maybe_recompile pc=0x0000024d3f71a800 method=org.gradle.internal.Actions$CompositeAction.execute(Ljava/lang/Object;)V @ 16 c2
Event: 1152.954 Thread 0x0000024d4ed97800 DEOPT PACKING pc=0x0000024d3f71a800 sp=0x0000006e6bbf95a0
Event: 1152.954 Thread 0x0000024d4ed97800 DEOPT UNPACKING pc=0x0000024d3729a1af sp=0x0000006e6bbf9560 mode 2
Event: 1152.955 Thread 0x0000024d4ed97800 Uncommon trap: trap_request=0xffffffbe fr.pc=0x0000024d3f71a800 relative=0x0000000000000500
Event: 1152.957 Thread 0x0000024d4ed97800 Uncommon trap: reason=profile_predicate action=maybe_recompile pc=0x0000024d3f71a800 method=org.gradle.internal.Actions$CompositeAction.execute(Ljava/lang/Object;)V @ 16 c2
Event: 1152.957 Thread 0x0000024d4ed97800 DEOPT PACKING pc=0x0000024d3f71a800 sp=0x0000006e6bbf93b0
Event: 1152.957 Thread 0x0000024d4ed97800 DEOPT UNPACKING pc=0x0000024d3729a1af sp=0x0000006e6bbf9370 mode 2
Event: 1152.957 Thread 0x0000024d4ed97800 Uncommon trap: trap_request=0xffffffbe fr.pc=0x0000024d3f70add0 relative=0x00000000000002f0
Event: 1152.957 Thread 0x0000024d4ed97800 Uncommon trap: reason=profile_predicate action=maybe_recompile pc=0x0000024d3f70add0 method=org.gradle.internal.Actions$CompositeAction.execute(Ljava/lang/Object;)V @ 10 c2
Event: 1152.957 Thread 0x0000024d4ed97800 DEOPT PACKING pc=0x0000024d3f70add0 sp=0x0000006e6bbf93b0
Event: 1152.957 Thread 0x0000024d4ed97800 DEOPT UNPACKING pc=0x0000024d3729a1af sp=0x0000006e6bbf9378 mode 2
Event: 1152.957 Thread 0x0000024d4ed97800 Uncommon trap: trap_request=0xffffffbe fr.pc=0x0000024d3f71a800 relative=0x0000000000000500
Event: 1152.960 Thread 0x0000024d4ed97800 Uncommon trap: reason=profile_predicate action=maybe_recompile pc=0x0000024d3f71a800 method=org.gradle.internal.Actions$CompositeAction.execute(Ljava/lang/Object;)V @ 16 c2
Event: 1152.960 Thread 0x0000024d4ed97800 DEOPT PACKING pc=0x0000024d3f71a800 sp=0x0000006e6bbf93b0
Event: 1152.960 Thread 0x0000024d4ed97800 DEOPT UNPACKING pc=0x0000024d3729a1af sp=0x0000006e6bbf9370 mode 2
Event: 1152.960 Thread 0x0000024d4ed97800 Uncommon trap: trap_request=0xffffffbe fr.pc=0x0000024d3f70add0 relative=0x00000000000002f0
Event: 1152.960 Thread 0x0000024d4ed97800 Uncommon trap: reason=profile_predicate action=maybe_recompile pc=0x0000024d3f70add0 method=org.gradle.internal.Actions$CompositeAction.execute(Ljava/lang/Object;)V @ 10 c2
Event: 1152.960 Thread 0x0000024d4ed97800 DEOPT PACKING pc=0x0000024d3f70add0 sp=0x0000006e6bbf9390
Event: 1152.960 Thread 0x0000024d4ed97800 DEOPT UNPACKING pc=0x0000024d3729a1af sp=0x0000006e6bbf9368 mode 2

Classes redefined (0 events):
No events

Internal exceptions (20 events):
Event: 1136.399 Thread 0x0000024d4ed97800 Exception <a 'java/lang/ClassNotFoundException'{0x00000000896661d0}: build_93cj1x16e3939jr061amq0faoBeanInfo> (0x00000000896661d0) thrown at [./src/hotspot/share/classfile/systemDictionary.cpp, line 230]
Event: 1136.402 Thread 0x0000024d4ed97800 Exception <a 'java/lang/ClassNotFoundException'{0x00000000896724f0}: build_93cj1x16e3939jr061amq0faoCustomizer> (0x00000000896724f0) thrown at [./src/hotspot/share/classfile/systemDictionary.cpp, line 230]
Event: 1136.434 Thread 0x0000024d4ed97800 Exception <a 'java/lang/ClassNotFoundException'{0x00000000895e7150}: build_93cj1x16e3939jr061amq0fao$_run_closure1BeanInfo> (0x00000000895e7150) thrown at [./src/hotspot/share/classfile/systemDictionary.cpp, line 230]
Event: 1136.434 Thread 0x0000024d4ed97800 Exception <a 'java/lang/ClassNotFoundException'{0x00000000895f7080}: build_93cj1x16e3939jr061amq0fao$_run_closure1Customizer> (0x00000000895f7080) thrown at [./src/hotspot/share/classfile/systemDictionary.cpp, line 230]
Event: 1136.537 Thread 0x0000024d4ed97800 Exception <a 'java/lang/NoClassDefFoundError'{0x0000000089943448}: org/jetbrains/kotlin/gradle/plugin/KotlinBasePluginWrapper> (0x0000000089943448) thrown at [./src/hotspot/share/oops/constantPool.cpp, line 775]
Event: 1136.563 Thread 0x0000024d4ed97800 Implicit null exception at 0x0000024d3f3e4ff9 to 0x0000024d3f3e5754
Event: 1143.436 Thread 0x0000024d4ed97800 Exception <a 'java/lang/NullPointerException'{0x000000008c783cc8}> (0x000000008c783cc8) thrown at [./src/hotspot/share/interpreter/linkResolver.cpp, line 1440]
Event: 1144.023 Thread 0x0000024d4ed97800 Implicit null exception at 0x0000024d3f103a25 to 0x0000024d3f10990c
Event: 1144.401 Thread 0x0000024d4ed97800 Implicit null exception at 0x0000024d3f3673ec to 0x0000024d3f369608
Event: 1146.162 Thread 0x0000024d4ed97800 Exception <a 'sun/nio/fs/WindowsException'{0x000000008bf16328}> (0x000000008bf16328) thrown at [./src/hotspot/share/prims/jni.cpp, line 617]
Event: 1146.163 Thread 0x0000024d4ed97800 Exception <a 'sun/nio/fs/WindowsException'{0x000000008bf176b0}> (0x000000008bf176b0) thrown at [./src/hotspot/share/prims/jni.cpp, line 617]
Event: 1146.164 Thread 0x0000024d4ed97800 Exception <a 'sun/nio/fs/WindowsException'{0x000000008bf18a88}> (0x000000008bf18a88) thrown at [./src/hotspot/share/prims/jni.cpp, line 617]
Event: 1146.166 Thread 0x0000024d4ed97800 Exception <a 'sun/nio/fs/WindowsException'{0x000000008bf19e60}> (0x000000008bf19e60) thrown at [./src/hotspot/share/prims/jni.cpp, line 617]
Event: 1146.575 Thread 0x0000024d4dbb7800 Implicit null exception at 0x0000024d3f3cd3ad to 0x0000024d3f3cdaf4
Event: 1147.373 Thread 0x0000024d4ed97800 Implicit null exception at 0x0000024d3f69b1ce to 0x0000024d3f69b8d4
Event: 1147.385 Thread 0x0000024d4ed97800 Implicit null exception at 0x0000024d3f69c108 to 0x0000024d3f69c704
Event: 1147.400 Thread 0x0000024d4ed97800 Implicit null exception at 0x0000024d3f69dd07 to 0x0000024d3f69dde7
Event: 1148.700 Thread 0x0000024d4ed97800 Implicit null exception at 0x0000024d3f252b94 to 0x0000024d3f253168
Event: 1151.531 Thread 0x0000024d4ed97800 Implicit null exception at 0x0000024d3f69e740 to 0x0000024d3f69e7f4
Event: 1151.637 Thread 0x0000024d4ed97800 Exception <a 'java/lang/NoSuchMethodError'{0x000000008c7aa100}: 'int java.lang.invoke.DirectMethodHandle$Holder.invokeStatic(java.lang.Object, int, int, java.lang.Object)'> (0x000000008c7aa100) thrown at [./src/hotspot/share/interpreter/linkResolver.cpp, line 773]

Events (20 events):
Event: 1154.839 loading class com/android/build/gradle/tasks/MapSourceSetPathsTask$CreateAction$configure$6$2$asFiles$2
Event: 1154.839 loading class com/android/build/gradle/tasks/MapSourceSetPathsTask$CreateAction$configure$6$2$asFiles$2 done
Event: 1154.842 loading class com/android/build/gradle/tasks/MapSourceSetPathsTask$CreateAction$configure$7
Event: 1154.842 loading class com/android/build/gradle/tasks/MapSourceSetPathsTask$CreateAction$configure$7 done
Event: 1154.847 loading class com/android/build/gradle/tasks/MapSourceSetPathsTask$CreateAction$configure$8
Event: 1154.847 loading class com/android/build/gradle/tasks/MapSourceSetPathsTask$CreateAction$configure$8 done
Event: 1154.849 loading class com/android/build/gradle/internal/AndroidJarInput$sdkLoader$1
Event: 1154.849 loading class com/android/build/gradle/internal/AndroidJarInput$sdkLoader$1 done
Event: 1154.850 loading class com/android/build/gradle/internal/AndroidJarInput$getAndroidJar$1
Event: 1154.850 loading class com/android/build/gradle/internal/AndroidJarInput$getAndroidJar$1 done
Event: 1154.862 Executing VM operation: G1CollectForAllocation
Event: 1154.867 Executing VM operation: G1CollectForAllocation done
Event: 1154.879 loading class com/android/build/gradle/internal/tasks/CheckAarMetadataTask$CreationAction$configure$1
Event: 1154.879 loading class com/android/build/gradle/internal/tasks/CheckAarMetadataTask$CreationAction$configure$1 done
Event: 1154.880 loading class com/android/build/gradle/internal/tasks/CheckAarMetadataTask$CreationAction$configure$2
Event: 1154.880 loading class com/android/build/gradle/internal/tasks/CheckAarMetadataTask$CreationAction$configure$2 done
Event: 1154.885 loading class com/android/build/gradle/internal/tasks/CheckAarMetadataTask$CreationAction$configure$1$1
Event: 1154.885 loading class com/android/build/gradle/internal/tasks/CheckAarMetadataTask$CreationAction$configure$1$1 done
Event: 1154.886 loading class com/android/build/gradle/internal/tasks/CheckAarMetadataTask$CreationAction$configure$2$1
Event: 1154.886 loading class com/android/build/gradle/internal/tasks/CheckAarMetadataTask$CreationAction$configure$2$1 done


Dynamic libraries:
0x00007ff755f40000 - 0x00007ff755f4d000 	C:\Program Files\Microsoft\jdk-11.0.18.10-hotspot\bin\java.exe
0x00007ffa50dd0000 - 0x00007ffa50fe4000 	C:\WINDOWS\SYSTEM32\ntdll.dll
0x00007ffa4f1d0000 - 0x00007ffa4f292000 	C:\WINDOWS\System32\KERNEL32.DLL
0x00007ffa4e380000 - 0x00007ffa4e71c000 	C:\WINDOWS\System32\KERNELBASE.dll
0x00007ffa4e840000 - 0x00007ffa4e951000 	C:\WINDOWS\System32\ucrtbase.dll
0x00007ffa278d0000 - 0x00007ffa278e7000 	C:\Program Files\Microsoft\jdk-11.0.18.10-hotspot\bin\jli.dll
0x00007ffa27250000 - 0x00007ffa27265000 	C:\Program Files\Microsoft\jdk-11.0.18.10-hotspot\bin\VCRUNTIME140.dll
0x00007ffa2bcd0000 - 0x00007ffa2bf5e000 	C:\WINDOWS\WinSxS\amd64_microsoft.windows.common-controls_6595b64144ccf1df_6.0.22621.608_none_a9444ca7c10bb01d\COMCTL32.dll
0x00007ffa507b0000 - 0x00007ffa5095b000 	C:\WINDOWS\System32\USER32.dll
0x00007ffa50b80000 - 0x00007ffa50c27000 	C:\WINDOWS\System32\msvcrt.dll
0x00007ffa4f8e0000 - 0x00007ffa4f909000 	C:\WINDOWS\System32\GDI32.dll
0x00007ffa4e350000 - 0x00007ffa4e376000 	C:\WINDOWS\System32\win32u.dll
0x00007ffa4e720000 - 0x00007ffa4e833000 	C:\WINDOWS\System32\gdi32full.dll
0x00007ffa4eb40000 - 0x00007ffa4ebda000 	C:\WINDOWS\System32\msvcp_win.dll
0x00007ffa50770000 - 0x00007ffa507a1000 	C:\WINDOWS\System32\IMM32.DLL
0x00007ff9fa240000 - 0x00007ff9fa2db000 	C:\Program Files\Microsoft\jdk-11.0.18.10-hotspot\bin\msvcp140.dll
0x00007ff9c7820000 - 0x00007ff9c83b2000 	C:\Program Files\Microsoft\jdk-11.0.18.10-hotspot\bin\server\jvm.dll
0x00007ffa50ad0000 - 0x00007ffa50b7e000 	C:\WINDOWS\System32\ADVAPI32.dll
0x00007ffa4ed30000 - 0x00007ffa4edd4000 	C:\WINDOWS\System32\sechost.dll
0x00007ffa4ec10000 - 0x00007ffa4ed27000 	C:\WINDOWS\System32\RPCRT4.dll
0x00007ffa4f910000 - 0x00007ffa4f918000 	C:\WINDOWS\System32\PSAPI.DLL
0x00007ffa28c10000 - 0x00007ffa28c19000 	C:\WINDOWS\SYSTEM32\WSOCK32.dll
0x00007ffa4efd0000 - 0x00007ffa4f041000 	C:\WINDOWS\System32\WS2_32.dll
0x00007ffa46d60000 - 0x00007ffa46d94000 	C:\WINDOWS\SYSTEM32\WINMM.dll
0x00007ffa4be20000 - 0x00007ffa4be2a000 	C:\WINDOWS\SYSTEM32\VERSION.dll
0x00007ffa4d2c0000 - 0x00007ffa4d2d8000 	C:\WINDOWS\SYSTEM32\kernel.appcore.dll
0x00007ffa28bd0000 - 0x00007ffa28be0000 	C:\Program Files\Microsoft\jdk-11.0.18.10-hotspot\bin\verify.dll
0x00007ffa48e50000 - 0x00007ffa4907e000 	C:\WINDOWS\SYSTEM32\DBGHELP.DLL
0x00007ffa4f550000 - 0x00007ffa4f8d9000 	C:\WINDOWS\System32\combase.dll
0x00007ffa50960000 - 0x00007ffa50a37000 	C:\WINDOWS\System32\OLEAUT32.dll
0x00007ffa30020000 - 0x00007ffa30052000 	C:\WINDOWS\SYSTEM32\dbgcore.DLL
0x00007ffa4e210000 - 0x00007ffa4e28b000 	C:\WINDOWS\System32\bcryptPrimitives.dll
0x00007ffa13970000 - 0x00007ffa13998000 	C:\Program Files\Microsoft\jdk-11.0.18.10-hotspot\bin\java.dll
0x00007ffa28270000 - 0x00007ffa2827a000 	C:\Program Files\Microsoft\jdk-11.0.18.10-hotspot\bin\jimage.dll
0x00007ffa26520000 - 0x00007ffa26538000 	C:\Program Files\Microsoft\jdk-11.0.18.10-hotspot\bin\zip.dll
0x00007ffa4f920000 - 0x00007ffa50110000 	C:\WINDOWS\System32\SHELL32.dll
0x00007ffa4c1e0000 - 0x00007ffa4caad000 	C:\WINDOWS\SYSTEM32\windows.storage.dll
0x00007ffa4c090000 - 0x00007ffa4c1ce000 	C:\WINDOWS\SYSTEM32\wintypes.dll
0x00007ffa4f050000 - 0x00007ffa4f141000 	C:\WINDOWS\System32\SHCORE.dll
0x00007ffa50d30000 - 0x00007ffa50d8e000 	C:\WINDOWS\System32\shlwapi.dll
0x00007ffa4e140000 - 0x00007ffa4e161000 	C:\WINDOWS\SYSTEM32\profapi.dll
0x00007ffa1dcf0000 - 0x00007ffa1dd09000 	C:\Program Files\Microsoft\jdk-11.0.18.10-hotspot\bin\net.dll
0x00007ffa45700000 - 0x00007ffa45837000 	C:\WINDOWS\SYSTEM32\WINHTTP.dll
0x00007ffa4d780000 - 0x00007ffa4d7e9000 	C:\WINDOWS\system32\mswsock.dll
0x00007ffa13640000 - 0x00007ffa13653000 	C:\Program Files\Microsoft\jdk-11.0.18.10-hotspot\bin\nio.dll
0x00007ffa0d500000 - 0x00007ffa0d527000 	C:\Users\Hp gaming\.gradle\native\e1d6ef7f7dcc3fd88c89a11ec53ec762bb8ba0a96d01ffa2cd45eb1d1d8dd5c5\windows-amd64\native-platform.dll
0x00007ff9d32c0000 - 0x00007ff9d3404000 	C:\Users\Hp gaming\.gradle\native\0d407fdbe67a94daf76414ababcb853783967236a71b16ec16e742cd7a986fd3\windows-amd64\native-platform-file-events.dll
0x00007ffa27fb0000 - 0x00007ffa27fb9000 	C:\Program Files\Microsoft\jdk-11.0.18.10-hotspot\bin\management.dll
0x00007ffa27ed0000 - 0x00007ffa27edb000 	C:\Program Files\Microsoft\jdk-11.0.18.10-hotspot\bin\management_ext.dll
0x00007ffa4da10000 - 0x00007ffa4da2b000 	C:\WINDOWS\SYSTEM32\CRYPTSP.dll
0x00007ffa4d280000 - 0x00007ffa4d2b5000 	C:\WINDOWS\system32\rsaenh.dll
0x00007ffa4d850000 - 0x00007ffa4d878000 	C:\WINDOWS\SYSTEM32\USERENV.dll
0x00007ffa4dbe0000 - 0x00007ffa4dc08000 	C:\WINDOWS\SYSTEM32\bcrypt.dll
0x00007ffa4da00000 - 0x00007ffa4da0c000 	C:\WINDOWS\SYSTEM32\CRYPTBASE.dll
0x00007ffa4cd70000 - 0x00007ffa4cd9d000 	C:\WINDOWS\SYSTEM32\IPHLPAPI.DLL
0x00007ffa4efc0000 - 0x00007ffa4efc9000 	C:\WINDOWS\System32\NSI.dll
0x00007ffa456e0000 - 0x00007ffa456f9000 	C:\WINDOWS\SYSTEM32\dhcpcsvc6.DLL
0x00007ffa456c0000 - 0x00007ffa456df000 	C:\WINDOWS\SYSTEM32\dhcpcsvc.DLL
0x00007ffa4cde0000 - 0x00007ffa4ced3000 	C:\WINDOWS\SYSTEM32\DNSAPI.dll

dbghelp: loaded successfully - version: 4.0.5 - missing functions: none
symbol engine: initialized successfully - sym options: 0x614 - pdb path: .;C:\Program Files\Microsoft\jdk-11.0.18.10-hotspot\bin;C:\WINDOWS\SYSTEM32;C:\WINDOWS\WinSxS\amd64_microsoft.windows.common-controls_6595b64144ccf1df_6.0.22621.608_none_a9444ca7c10bb01d;C:\Program Files\Microsoft\jdk-11.0.18.10-hotspot\bin\server;C:\Users\Hp gaming\.gradle\native\e1d6ef7f7dcc3fd88c89a11ec53ec762bb8ba0a96d01ffa2cd45eb1d1d8dd5c5\windows-amd64;C:\Users\Hp gaming\.gradle\native\0d407fdbe67a94daf76414ababcb853783967236a71b16ec16e742cd7a986fd3\windows-amd64

VM Arguments:
jvm_args: -XX:MaxMetaspaceSize=512m --add-opens=java.base/java.util=ALL-UNNAMED --add-opens=java.base/java.lang=ALL-UNNAMED --add-opens=java.base/java.lang.invoke=ALL-UNNAMED --add-opens=java.base/java.util=ALL-UNNAMED --add-opens=java.prefs/java.util.prefs=ALL-UNNAMED --add-opens=java.prefs/java.util.prefs=ALL-UNNAMED --add-opens=java.base/java.nio.charset=ALL-UNNAMED --add-opens=java.base/java.net=ALL-UNNAMED --add-opens=java.base/java.util.concurrent.atomic=ALL-UNNAMED -Xmx2048m -Dfile.encoding=windows-1252 -Duser.country=IN -Duser.language=en -Duser.variant 
java_command: org.gradle.launcher.daemon.bootstrap.GradleDaemon 7.5.1
java_class_path (initial): C:\Users\Hp gaming\.gradle\wrapper\dists\gradle-7.5.1-all\1ehga6e77gqps5uk2kc5kf1vc\gradle-7.5.1\lib\gradle-launcher-7.5.1.jar
Launcher Type: SUN_STANDARD

[Global flags]
     intx CICompilerCount                          = 4                                         {product} {ergonomic}
   size_t CompressedClassSpaceSize                 = 528482304                                 {product} {ergonomic}
     uint ConcGCThreads                            = 2                                         {product} {ergonomic}
     uint G1ConcRefinementThreads                  = 8                                         {product} {ergonomic}
   size_t G1HeapRegionSize                         = 1048576                                   {product} {ergonomic}
    uintx GCDrainStackTargetSize                   = 64                                        {product} {ergonomic}
   size_t InitialHeapSize                          = 132120576                                 {product} {ergonomic}
   size_t MarkStackSize                            = 4194304                                   {product} {ergonomic}
   size_t MaxHeapSize                              = 2147483648                                {product} {command line}
   size_t MaxMetaspaceSize                         = 536870912                                 {product} {command line}
   size_t MaxNewSize                               = 1287651328                                {product} {ergonomic}
   size_t MinHeapDeltaBytes                        = 1048576                                   {product} {ergonomic}
    uintx NonNMethodCodeHeapSize                   = 5836300                                {pd product} {ergonomic}
    uintx NonProfiledCodeHeapSize                  = 122910970                              {pd product} {ergonomic}
    uintx ProfiledCodeHeapSize                     = 122910970                              {pd product} {ergonomic}
    uintx ReservedCodeCacheSize                    = 251658240                              {pd product} {ergonomic}
     bool SegmentedCodeCache                       = true                                      {product} {ergonomic}
     bool UseCompressedClassPointers               = true                                 {lp64_product} {ergonomic}
     bool UseCompressedOops                        = true                                 {lp64_product} {ergonomic}
     bool UseG1GC                                  = true                                      {product} {ergonomic}
     bool UseLargePagesIndividualAllocation        = false                                  {pd product} {ergonomic}

Logging:
Log output configuration:
 #0: stdout all=warning uptime,level,tags
 #1: stderr all=off uptime,level,tags

Environment Variables:
JAVA_HOME=C:\Program Files\Microsoft\jdk-11.0.18.10-hotspot\
CLASSPATH=C:\Users\Hp gaming\Desktop\hibeeappm\Hibbe-Mobile-App\android\\gradle\wrapper\gradle-wrapper.jar
PATH=C:\Users\Hp gaming\Desktop\hibeeappm\Hibbe-Mobile-App\android\node_modules\.bin;C:\Users\Hp gaming\Desktop\hibeeappm\Hibbe-Mobile-App\node_modules\.bin;C:\Users\Hp gaming\Desktop\hibeeappm\node_modules\.bin;C:\Users\Hp gaming\Desktop\node_modules\.bin;C:\Users\Hp gaming\node_modules\.bin;C:\Users\node_modules\.bin;C:\node_modules\.bin;C:\Program Files\nodejs;C:\Users\Hp gaming\Desktop\hibeeappm\Hibbe-Mobile-App\node_modules\.bin;C:\Users\Hp gaming\Desktop\hibeeappm\Hibbe-Mobile-App\node_modules\.bin;C:\Users\Hp gaming\Desktop\hibeeappm\node_modules\.bin;C:\Users\Hp gaming\Desktop\node_modules\.bin;C:\Users\Hp gaming\node_modules\.bin;C:\Users\node_modules\.bin;C:\node_modules\.bin;C:\Users\Hp gaming\Desktop\hibeeappm\Hibbe-Mobile-App\node_modules\npm\node_modules\@npmcli\run-script\lib\node-gyp-bin;C:\Users\Hp gaming\Desktop\hibeeappm\Hibbe-Mobile-App\node_modules\.bin;C:\Users\Hp gaming\Desktop\hibeeappm\node_modules\.bin;C:\Users\Hp gaming\Desktop\node_modules\.bin;C:\Users\Hp gaming\node_modules\.bin;C:\Users\node_modules\.bin;C:\node_modules\.bin;C:\Program Files\nodejs;C:\Users\Hp gaming\Desktop\hibeeappm\Hibbe-Mobile-App\node_modules\.bin;C:\Users\Hp gaming\Desktop\hibeeappm\node_modules\.bin;C:\Users\Hp gaming\Desktop\node_modules\.bin;C:\Users\Hp gaming\node_modules\.bin;C:\Users\node_modules\.bin;C:\node_modules\.bin;C:\Users\Hp gaming\AppData\Roaming\npm\node_modules\npm\node_modules\@npmcli\run-script\lib\node-gyp-bin;C:\Program Files\Microsoft\jdk-11.0.18.10-hotspot\bin;C:\Program Files\Common Files\Oracle\Java\javapath;C:\WINDOWS\system32;C:\WINDOWS;C:\WINDOWS\System32\Wbem;C:\WINDOWS\System32\WindowsPowerShell\v1.0\;C:\WINDOWS\System32\OpenSSH\;C:\Program Files\Java\jdk-18.0.1.1\bin;C:\Program Files\Git\cmd;C:\ProgramData\chocolatey\bin;C:\Program Files\nodejs\;C:\Users\Hp gaming\AppData\Local\Programs\Microsoft VS Code\bin;C:\Program Files\heroku\bin;C:\Program Files\heroku\bin;C:\Users\Hp gaming\AppData\Roaming\npm;C:\Users\Hp gaming\AppData\Local\
USERNAME=Hp gaming
LANG=en_US.UTF-8
OS=Windows_NT
PROCESSOR_IDENTIFIER=Intel64 Family 6 Model 158 Stepping 10, GenuineIntel
TMP=C:\WINDOWS\TEMP
TEMP=C:\Users\HPGAMI~1\AppData\Local\Temp



---------------  S Y S T E M  ---------------

OS: Windows 11 , 64 bit Build 22621 (10.0.22621.1485)
OS uptime: 7 days 7:41 hours
Hyper-V role detected

CPU:total 8 (initial active 8) (4 cores per cpu, 2 threads per core) family 6 model 158 stepping 10 microcode 0xea, cmov, cx8, fxsr, mmx, sse, sse2, sse3, ssse3, sse4.1, sse4.2, popcnt, avx, avx2, aes, clmul, erms, 3dnowpref, lzcnt, ht, tsc, tscinvbit, bmi1, bmi2, adx, fma

Memory: 4k page, system-wide physical 8033M (38M free)
TotalPageFile size 32609M (AvailPageFile size 4M)
current process WorkingSet (physical memory assigned to process): 338M, peak: 365M
current process commit charge ("private bytes"): 562M, peak: 565M

vm_info: OpenJDK 64-Bit Server VM (11.0.18+10-LTS) for windows-amd64 JRE (11.0.18+10-LTS), built on Jan 18 2023 15:56:47 by "MicrosoftCorporation" with MS VC++ 15.9 (VS2017)

END.
