#
# There is insufficient memory for the Java Runtime Environment to continue.
# Native memory allocation (mmap) failed to map 44040192 bytes for Failed to commit area from 0x000000008ce00000 to 0x000000008f800000 of length 44040192.
# Possible reasons:
#   The system is out of physical RAM or swap space
#   The process is running with CompressedOops enabled, and the Java Heap may be blocking the growth of the native heap
# Possible solutions:
#   Reduce memory load on the system
#   Increase physical memory or swap space
#   Check if swap backing store is full
#   Decrease Java heap size (-Xmx/-Xms)
#   Decrease number of Java threads
#   Decrease Java thread stack sizes (-Xss)
#   Set larger code cache with -XX:ReservedCodeCacheSize=
#   JVM is running with Unscaled Compressed Oops mode in which the Java heap is
#     placed in the first 4GB address space. The Java Heap base address is the
#     maximum limit for the native heap growth. Please use -XX:HeapBaseMinAddress
#     to set the Java Heap base and to place the Java Heap above 4GB virtual address.
# This output file may be truncated or incomplete.
#
#  Out of Memory Error (./src/hotspot/os/windows/os_windows.cpp:3386), pid=22592, tid=25548
#
# JRE version: OpenJDK Runtime Environment Microsoft-7208460 (11.0.18+10) (build 11.0.18+10-LTS)
# Java VM: OpenJDK 64-Bit Server VM Microsoft-7208460 (11.0.18+10-LTS, mixed mode, tiered, compressed oops, g1 gc, windows-amd64)
# No core dump will be written. Minidumps are not enabled by default on client versions of Windows
#

---------------  S U M M A R Y ------------

Command Line: -XX:MaxMetaspaceSize=512m --add-opens=java.base/java.util=ALL-UNNAMED --add-opens=java.base/java.lang=ALL-UNNAMED --add-opens=java.base/java.lang.invoke=ALL-UNNAMED --add-opens=java.base/java.util=ALL-UNNAMED --add-opens=java.prefs/java.util.prefs=ALL-UNNAMED --add-opens=java.prefs/java.util.prefs=ALL-UNNAMED --add-opens=java.base/java.nio.charset=ALL-UNNAMED --add-opens=java.base/java.net=ALL-UNNAMED --add-opens=java.base/java.util.concurrent.atomic=ALL-UNNAMED -Xmx2048m -Dfile.encoding=windows-1252 -Duser.country=IN -Duser.language=en -Duser.variant org.gradle.launcher.daemon.bootstrap.GradleDaemon 7.5.1

Host: Intel(R) Core(TM) i5-9300H CPU @ 2.40GHz, 8 cores, 7G,  Windows 11 , 64 bit Build 22621 (10.0.22621.1485)
Time: Fri Apr 28 19:15:58 2023 India Standard Time elapsed time: 1169.425625 seconds (0d 0h 19m 29s)

---------------  T H R E A D  ---------------

Current thread (0x0000029a23bbf000):  VMThread "VM Thread" [stack: 0x000000c215400000,0x000000c215500000] [id=25548]

Stack: [0x000000c215400000,0x000000c215500000]
[error occurred during error reporting (printing stack bounds), id 0xc0000005, EXCEPTION_ACCESS_VIOLATION (0xc0000005) at pc=0x0000029a0d22112d]

Native frames: (J=compiled Java code, j=interpreted, Vv=VM code, C=native code)
V  [jvm.dll+0x62bf8a]
V  [jvm.dll+0x7b8fb9]
V  [jvm.dll+0x7ba6a8]
V  [jvm.dll+0x7bace5]
V  [jvm.dll+0x7bac9b]
V  [jvm.dll+0x62b317]
V  [jvm.dll+0x62ba28]
C  [ntdll.dll+0xa3cff]
C  [ntdll.dll+0x1e456]
C  [ntdll.dll+0xa2cee]
C  0x0000029a0d22112d

VM_Operation (0x000000c2166f8050): G1CollectForAllocation, mode: safepoint, requested by thread 0x0000029a25eee000


---------------  P R O C E S S  ---------------

Threads class SMR info:
_java_thread_list=0x0000029a2d2080f0, length=134, elements={
0x0000029a04ab2800, 0x0000029a23bd8000, 0x0000029a23bd9000, 0x0000029a24552800,
0x0000029a23be7000, 0x0000029a23be8000, 0x0000029a23beb000, 0x0000029a23bec000,
0x0000029a24599800, 0x0000029a2469a000, 0x0000029a24e58800, 0x0000029a254c3000,
0x0000029a25784800, 0x0000029a25602800, 0x0000029a251e4800, 0x0000029a24879800,
0x0000029a25eee000, 0x0000029a25eee800, 0x0000029a266bb000, 0x0000029a245f2800,
0x0000029a245f0000, 0x0000029a245f1000, 0x0000029a245f2000, 0x0000029a26715000,
0x0000029a26716000, 0x0000029a2671a000, 0x0000029a26719000, 0x0000029a26717800,
0x0000029a26717000, 0x0000029a26714800, 0x0000029a2671b800, 0x0000029a2671d800,
0x0000029a2671e000, 0x0000029a2671c800, 0x0000029a26718800, 0x0000029a2671f000,
0x0000029a26722000, 0x0000029a26721800, 0x0000029a26723000, 0x0000029a27154000,
0x0000029a27159800, 0x0000029a27158800, 0x0000029a2715a800, 0x0000029a27158000,
0x0000029a27154800, 0x0000029a27155800, 0x0000029a2715b000, 0x0000029a2715c000,
0x0000029a27156000, 0x0000029a2715c800, 0x0000029a27157000, 0x0000029a2715d800,
0x0000029a2715f000, 0x0000029a2715e800, 0x0000029a27161000, 0x0000029a27162800,
0x0000029a27160000, 0x0000029a27161800, 0x0000029a287bb800, 0x0000029a287bc800,
0x0000029a287be000, 0x0000029a287ba000, 0x0000029a287bd800, 0x0000029a287bb000,
0x0000029a287bf000, 0x0000029a287b9800, 0x0000029a287c2800, 0x0000029a287c0000,
0x0000029a287c6800, 0x0000029a287c4800, 0x0000029a287c4000, 0x0000029a287c0800,
0x0000029a287c1800, 0x0000029a287c5800, 0x0000029a287c8000, 0x0000029a287c3000,
0x0000029a287c7000, 0x0000029a29ece800, 0x0000029a29ecc000, 0x0000029a29ecb000,
0x0000029a29ecc800, 0x0000029a29ecf000, 0x0000029a29ecd800, 0x0000029a29ed0000,
0x0000029a29eca800, 0x0000029a29ed1000, 0x0000029a2a487000, 0x0000029a2a489800,
0x0000029a2a486000, 0x0000029a2a48c800, 0x0000029a2a48a800, 0x0000029a2a48d800,
0x0000029a2a48c000, 0x0000029a2a488000, 0x0000029a2a48e800, 0x0000029a2a48b000,
0x0000029a2a488800, 0x0000029a2a48f000, 0x0000029a2a490000, 0x0000029a2a495000,
0x0000029a2a492800, 0x0000029a2a491000, 0x0000029a2a494000, 0x0000029a2a493800,
0x0000029a2a491800, 0x0000029a25dd0000, 0x0000029a25dcd800, 0x0000029a25dcf000,
0x0000029a25dcc000, 0x0000029a25dd0800, 0x0000029a25dd2800, 0x0000029a25dce800,
0x0000029a25dd1800, 0x0000029a25dcc800, 0x0000029a25dd5000, 0x0000029a25dd7000,
0x0000029a25dd8000, 0x0000029a25dd9000, 0x0000029a25dd5800, 0x0000029a25dd6800,
0x0000029a25dd3000, 0x0000029a25dd9800, 0x0000029a25dd4000, 0x0000029a25dda800,
0x0000029a27331800, 0x0000029a27333800, 0x0000029a27335000, 0x0000029a2732f800,
0x0000029a27334000, 0x0000029a27336000, 0x0000029a27332800, 0x0000029a27330000,
0x0000029a26720000, 0x0000029a26720800
}

Java Threads: ( => current thread )
  0x0000029a04ab2800 JavaThread "main" [_thread_blocked, id=10012, stack(0x000000c214e00000,0x000000c214f00000)]
  0x0000029a23bd8000 JavaThread "Reference Handler" daemon [_thread_blocked, id=8224, stack(0x000000c215500000,0x000000c215600000)]
  0x0000029a23bd9000 JavaThread "Finalizer" daemon [_thread_blocked, id=24604, stack(0x000000c215600000,0x000000c215700000)]
  0x0000029a24552800 JavaThread "Signal Dispatcher" daemon [_thread_blocked, id=25932, stack(0x000000c215700000,0x000000c215800000)]
  0x0000029a23be7000 JavaThread "Attach Listener" daemon [_thread_blocked, id=27928, stack(0x000000c215800000,0x000000c215900000)]
  0x0000029a23be8000 JavaThread "Service Thread" daemon [_thread_blocked, id=18932, stack(0x000000c215900000,0x000000c215a00000)]
  0x0000029a23beb000 JavaThread "C2 CompilerThread0" daemon [_thread_in_native, id=21888, stack(0x000000c215a00000,0x000000c215b00000)]
  0x0000029a23bec000 JavaThread "C1 CompilerThread0" daemon [_thread_blocked, id=27920, stack(0x000000c215b00000,0x000000c215c00000)]
  0x0000029a24599800 JavaThread "Sweeper thread" daemon [_thread_blocked, id=10544, stack(0x000000c215c00000,0x000000c215d00000)]
  0x0000029a2469a000 JavaThread "Common-Cleaner" daemon [_thread_blocked, id=25832, stack(0x000000c215d00000,0x000000c215e00000)]
  0x0000029a24e58800 JavaThread "Daemon health stats" [_thread_blocked, id=5864, stack(0x000000c214b00000,0x000000c214c00000)]
  0x0000029a254c3000 JavaThread "Incoming local TCP Connector on port 59883" [_thread_in_native, id=21512, stack(0x000000c216100000,0x000000c216200000)]
  0x0000029a25784800 JavaThread "Daemon periodic checks" [_thread_blocked, id=27832, stack(0x000000c216200000,0x000000c216300000)]
  0x0000029a25602800 JavaThread "Daemon" [_thread_blocked, id=24452, stack(0x000000c216300000,0x000000c216400000)]
  0x0000029a251e4800 JavaThread "Handler for socket connection from /127.0.0.1:59883 to /127.0.0.1:59885" [_thread_in_native, id=20048, stack(0x000000c216400000,0x000000c216500000)]
  0x0000029a24879800 JavaThread "Cancel handler" [_thread_blocked, id=22000, stack(0x000000c216500000,0x000000c216600000)]
  0x0000029a25eee000 JavaThread "Daemon worker" [_thread_blocked, id=18804, stack(0x000000c216600000,0x000000c216700000)]
  0x0000029a25eee800 JavaThread "Asynchronous log dispatcher for DefaultDaemonConnection: socket connection from /127.0.0.1:59883 to /127.0.0.1:59885" [_thread_blocked, id=27904, stack(0x000000c216700000,0x000000c216800000)]
  0x0000029a266bb000 JavaThread "Daemon client event forwarder" [_thread_blocked, id=8184, stack(0x000000c216900000,0x000000c216a00000)]
  0x0000029a245f2800 JavaThread "Cache worker for journal cache (C:\Users\Hp gaming\.gradle\caches\journal-1)" [_thread_blocked, id=20988, stack(0x000000c217000000,0x000000c217100000)]
  0x0000029a245f0000 JavaThread "File lock request listener" [_thread_in_native, id=28392, stack(0x000000c217100000,0x000000c217200000)]
  0x0000029a245f1000 JavaThread "Cache worker for file hash cache (C:\Users\Hp gaming\.gradle\caches\7.5.1\fileHashes)" [_thread_blocked, id=20004, stack(0x000000c217200000,0x000000c217300000)]
  0x0000029a245f2000 JavaThread "File watcher server" daemon [_thread_in_native, id=11016, stack(0x000000c217400000,0x000000c217500000)]
  0x0000029a26715000 JavaThread "File watcher consumer" daemon [_thread_blocked, id=16524, stack(0x000000c217500000,0x000000c217600000)]
  0x0000029a26716000 JavaThread "Cache worker for checksums cache (C:\Users\Hp gaming\Desktop\hibeeappm\Hibbe-Mobile-App\android\.gradle\7.5.1\checksums)" [_thread_blocked, id=17680, stack(0x000000c217600000,0x000000c217700000)]
  0x0000029a2671a000 JavaThread "Cache worker for cache directory md-rule (C:\Users\Hp gaming\.gradle\caches\7.5.1\md-rule)" [_thread_blocked, id=18164, stack(0x000000c217700000,0x000000c217800000)]
  0x0000029a26719000 JavaThread "Cache worker for file content cache (C:\Users\Hp gaming\.gradle\caches\7.5.1\fileContent)" [_thread_blocked, id=21756, stack(0x000000c217800000,0x000000c217900000)]
  0x0000029a26717800 JavaThread "Cache worker for file hash cache (C:\Users\Hp gaming\Desktop\hibeeappm\Hibbe-Mobile-App\android\.gradle\7.5.1\fileHashes)" [_thread_blocked, id=15252, stack(0x000000c217900000,0x000000c217a00000)]
  0x0000029a26717000 JavaThread "Cache worker for cache directory md-supplier (C:\Users\Hp gaming\.gradle\caches\7.5.1\md-supplier)" [_thread_blocked, id=22988, stack(0x000000c217a00000,0x000000c217b00000)]
  0x0000029a26714800 JavaThread "Cache worker for execution history cache (C:\Users\Hp gaming\.gradle\caches\7.5.1\executionHistory)" [_thread_blocked, id=8252, stack(0x000000c217b00000,0x000000c217c00000)]
  0x0000029a2671b800 JavaThread "jar transforms" [_thread_blocked, id=22892, stack(0x000000c217c00000,0x000000c217d00000)]
  0x0000029a2671d800 JavaThread "jar transforms Thread 2" [_thread_blocked, id=24840, stack(0x000000c217d00000,0x000000c217e00000)]
  0x0000029a2671e000 JavaThread "jar transforms Thread 3" [_thread_blocked, id=24472, stack(0x000000c217e00000,0x000000c217f00000)]
  0x0000029a2671c800 JavaThread "jar transforms Thread 4" [_thread_blocked, id=27876, stack(0x000000c217f00000,0x000000c218000000)]
  0x0000029a26718800 JavaThread "Cache worker for kotlin-dsl (C:\Users\Hp gaming\.gradle\caches\7.5.1\kotlin-dsl)" [_thread_blocked, id=25784, stack(0x000000c214c00000,0x000000c214d00000)]
  0x0000029a2671f000 JavaThread "jar transforms Thread 5" [_thread_blocked, id=18052, stack(0x000000c216800000,0x000000c216900000)]
  0x0000029a26722000 JavaThread "jar transforms Thread 6" [_thread_blocked, id=12176, stack(0x000000c218100000,0x000000c218200000)]
  0x0000029a26721800 JavaThread "Cache worker for dependencies-accessors (C:\Users\Hp gaming\Desktop\hibeeappm\Hibbe-Mobile-App\android\.gradle\7.5.1\dependencies-accessors)" [_thread_blocked, id=25536, stack(0x000000c218200000,0x000000c218300000)]
  0x0000029a26723000 JavaThread "Cache worker for Build Output Cleanup Cache (C:\Users\Hp gaming\Desktop\hibeeappm\Hibbe-Mobile-App\node_modules\react-native-gradle-plugin\.gradle\buildOutputCleanup)" [_thread_blocked, id=28008, stack(0x000000c218300000,0x000000c218400000)]
  0x0000029a27154000 JavaThread "jar transforms Thread 7" [_thread_blocked, id=8492, stack(0x000000c218400000,0x000000c218500000)]
  0x0000029a27159800 JavaThread "Unconstrained build operations" [_thread_blocked, id=3104, stack(0x000000c218500000,0x000000c218600000)]
  0x0000029a27158800 JavaThread "Unconstrained build operations Thread 2" [_thread_blocked, id=13368, stack(0x000000c218600000,0x000000c218700000)]
  0x0000029a2715a800 JavaThread "Unconstrained build operations Thread 3" [_thread_blocked, id=26764, stack(0x000000c218700000,0x000000c218800000)]
  0x0000029a27158000 JavaThread "Unconstrained build operations Thread 4" [_thread_blocked, id=17700, stack(0x000000c218800000,0x000000c218900000)]
  0x0000029a27154800 JavaThread "Unconstrained build operations Thread 5" [_thread_blocked, id=21488, stack(0x000000c218900000,0x000000c218a00000)]
  0x0000029a27155800 JavaThread "Unconstrained build operations Thread 6" [_thread_blocked, id=20080, stack(0x000000c218a00000,0x000000c218b00000)]
  0x0000029a2715b000 JavaThread "Unconstrained build operations Thread 7" [_thread_blocked, id=20760, stack(0x000000c218b00000,0x000000c218c00000)]
  0x0000029a2715c000 JavaThread "Unconstrained build operations Thread 8" [_thread_blocked, id=10980, stack(0x000000c218c00000,0x000000c218d00000)]
  0x0000029a27156000 JavaThread "Unconstrained build operations Thread 9" [_thread_blocked, id=14988, stack(0x000000c218d00000,0x000000c218e00000)]
  0x0000029a2715c800 JavaThread "Unconstrained build operations Thread 10" [_thread_blocked, id=24196, stack(0x000000c218e00000,0x000000c218f00000)]
  0x0000029a27157000 JavaThread "Unconstrained build operations Thread 11" [_thread_blocked, id=28628, stack(0x000000c218f00000,0x000000c219000000)]
  0x0000029a2715d800 JavaThread "Unconstrained build operations Thread 12" [_thread_blocked, id=27996, stack(0x000000c219000000,0x000000c219100000)]
  0x0000029a2715f000 JavaThread "Unconstrained build operations Thread 13" [_thread_blocked, id=10216, stack(0x000000c219100000,0x000000c219200000)]
  0x0000029a2715e800 JavaThread "Unconstrained build operations Thread 14" [_thread_blocked, id=2316, stack(0x000000c219200000,0x000000c219300000)]
  0x0000029a27161000 JavaThread "Unconstrained build operations Thread 15" [_thread_blocked, id=17256, stack(0x000000c219300000,0x000000c219400000)]
  0x0000029a27162800 JavaThread "Unconstrained build operations Thread 16" [_thread_blocked, id=13428, stack(0x000000c219400000,0x000000c219500000)]
  0x0000029a27160000 JavaThread "Unconstrained build operations Thread 17" [_thread_blocked, id=19088, stack(0x000000c219500000,0x000000c219600000)]
  0x0000029a27161800 JavaThread "Unconstrained build operations Thread 18" [_thread_blocked, id=22664, stack(0x000000c219600000,0x000000c219700000)]
  0x0000029a287bb800 JavaThread "Unconstrained build operations Thread 19" [_thread_blocked, id=5804, stack(0x000000c219700000,0x000000c219800000)]
  0x0000029a287bc800 JavaThread "Unconstrained build operations Thread 20" [_thread_blocked, id=2828, stack(0x000000c219800000,0x000000c219900000)]
  0x0000029a287be000 JavaThread "Unconstrained build operations Thread 21" [_thread_blocked, id=22224, stack(0x000000c219900000,0x000000c219a00000)]
  0x0000029a287ba000 JavaThread "Unconstrained build operations Thread 22" [_thread_blocked, id=864, stack(0x000000c219a00000,0x000000c219b00000)]
  0x0000029a287bd800 JavaThread "Unconstrained build operations Thread 23" [_thread_blocked, id=17056, stack(0x000000c219b00000,0x000000c219c00000)]
  0x0000029a287bb000 JavaThread "Unconstrained build operations Thread 24" [_thread_blocked, id=28512, stack(0x000000c219c00000,0x000000c219d00000)]
  0x0000029a287bf000 JavaThread "Unconstrained build operations Thread 25" [_thread_blocked, id=5344, stack(0x000000c219d00000,0x000000c219e00000)]
  0x0000029a287b9800 JavaThread "Unconstrained build operations Thread 26" [_thread_blocked, id=23152, stack(0x000000c219e00000,0x000000c219f00000)]
  0x0000029a287c2800 JavaThread "Unconstrained build operations Thread 27" [_thread_blocked, id=27268, stack(0x000000c219f00000,0x000000c21a000000)]
  0x0000029a287c0000 JavaThread "Unconstrained build operations Thread 28" [_thread_blocked, id=14872, stack(0x000000c21a000000,0x000000c21a100000)]
  0x0000029a287c6800 JavaThread "Unconstrained build operations Thread 29" [_thread_blocked, id=17952, stack(0x000000c21a100000,0x000000c21a200000)]
  0x0000029a287c4800 JavaThread "Unconstrained build operations Thread 30" [_thread_blocked, id=20556, stack(0x000000c21a200000,0x000000c21a300000)]
  0x0000029a287c4000 JavaThread "Unconstrained build operations Thread 31" [_thread_blocked, id=10320, stack(0x000000c21a300000,0x000000c21a400000)]
  0x0000029a287c0800 JavaThread "Unconstrained build operations Thread 32" [_thread_blocked, id=19284, stack(0x000000c21a400000,0x000000c21a500000)]
  0x0000029a287c1800 JavaThread "Unconstrained build operations Thread 33" [_thread_blocked, id=20108, stack(0x000000c21a500000,0x000000c21a600000)]
  0x0000029a287c5800 JavaThread "jar transforms Thread 8" [_thread_blocked, id=9876, stack(0x000000c21a600000,0x000000c21a700000)]
  0x0000029a287c8000 JavaThread "build event listener" [_thread_blocked, id=25908, stack(0x000000c21a700000,0x000000c21a800000)]
  0x0000029a287c3000 JavaThread "Memory manager" [_thread_blocked, id=23596, stack(0x000000c21a800000,0x000000c21a900000)]
  0x0000029a287c7000 JavaThread "Cache worker for Build Output Cleanup Cache (C:\Users\Hp gaming\Desktop\hibeeappm\Hibbe-Mobile-App\android\.gradle\buildOutputCleanup)" [_thread_blocked, id=24544, stack(0x000000c214d00000,0x000000c214e00000)]
  0x0000029a29ece800 JavaThread "Execution worker" [_thread_blocked, id=7004, stack(0x000000c21aa00000,0x000000c21ab00000)]
  0x0000029a29ecc000 JavaThread "Execution worker Thread 2" [_thread_blocked, id=18912, stack(0x000000c21ab00000,0x000000c21ac00000)]
  0x0000029a29ecb000 JavaThread "Execution worker Thread 3" [_thread_blocked, id=22948, stack(0x000000c21ac00000,0x000000c21ad00000)]
  0x0000029a29ecc800 JavaThread "Execution worker Thread 4" [_thread_blocked, id=29128, stack(0x000000c21ad00000,0x000000c21ae00000)]
  0x0000029a29ecf000 JavaThread "Execution worker Thread 5" [_thread_blocked, id=7336, stack(0x000000c21ae00000,0x000000c21af00000)]
  0x0000029a29ecd800 JavaThread "Execution worker Thread 6" [_thread_blocked, id=4316, stack(0x000000c21af00000,0x000000c21b000000)]
  0x0000029a29ed0000 JavaThread "Execution worker Thread 7" [_thread_blocked, id=17040, stack(0x000000c21b000000,0x000000c21b100000)]
  0x0000029a29eca800 JavaThread "Cache worker for execution history cache (C:\Users\Hp gaming\Desktop\hibeeappm\Hibbe-Mobile-App\node_modules\react-native-gradle-plugin\.gradle\7.5.1\executionHistory)" [_thread_blocked, id=25912, stack(0x000000c21b100000,0x000000c21b200000)]
  0x0000029a29ed1000 JavaThread "Unconstrained build operations Thread 34" [_thread_blocked, id=30300, stack(0x000000c21b200000,0x000000c21b300000)]
  0x0000029a2a487000 JavaThread "Unconstrained build operations Thread 35" [_thread_blocked, id=30284, stack(0x000000c21b300000,0x000000c21b400000)]
  0x0000029a2a489800 JavaThread "Unconstrained build operations Thread 36" [_thread_blocked, id=29016, stack(0x000000c21b400000,0x000000c21b500000)]
  0x0000029a2a486000 JavaThread "Unconstrained build operations Thread 37" [_thread_blocked, id=30236, stack(0x000000c21b500000,0x000000c21b600000)]
  0x0000029a2a48c800 JavaThread "Unconstrained build operations Thread 38" [_thread_blocked, id=21692, stack(0x000000c21b600000,0x000000c21b700000)]
  0x0000029a2a48a800 JavaThread "Unconstrained build operations Thread 39" [_thread_blocked, id=27080, stack(0x000000c21b700000,0x000000c21b800000)]
  0x0000029a2a48d800 JavaThread "Unconstrained build operations Thread 40" [_thread_blocked, id=1604, stack(0x000000c21b800000,0x000000c21b900000)]
  0x0000029a2a48c000 JavaThread "Unconstrained build operations Thread 41" [_thread_blocked, id=30372, stack(0x000000c21b900000,0x000000c21ba00000)]
  0x0000029a2a488000 JavaThread "Unconstrained build operations Thread 42" [_thread_blocked, id=19136, stack(0x000000c21ba00000,0x000000c21bb00000)]
  0x0000029a2a48e800 JavaThread "Unconstrained build operations Thread 43" [_thread_blocked, id=17608, stack(0x000000c21bb00000,0x000000c21bc00000)]
  0x0000029a2a48b000 JavaThread "Unconstrained build operations Thread 44" [_thread_blocked, id=16404, stack(0x000000c21bc00000,0x000000c21bd00000)]
  0x0000029a2a488800 JavaThread "Unconstrained build operations Thread 45" [_thread_blocked, id=29252, stack(0x000000c21bd00000,0x000000c21be00000)]
  0x0000029a2a48f000 JavaThread "Unconstrained build operations Thread 46" [_thread_blocked, id=26648, stack(0x000000c21be00000,0x000000c21bf00000)]
  0x0000029a2a490000 JavaThread "Unconstrained build operations Thread 47" [_thread_blocked, id=22756, stack(0x000000c21bf00000,0x000000c21c000000)]
  0x0000029a2a495000 JavaThread "Unconstrained build operations Thread 48" [_thread_blocked, id=26320, stack(0x000000c21c000000,0x000000c21c100000)]
  0x0000029a2a492800 JavaThread "Unconstrained build operations Thread 49" [_thread_blocked, id=30456, stack(0x000000c21c100000,0x000000c21c200000)]
  0x0000029a2a491000 JavaThread "Unconstrained build operations Thread 50" [_thread_blocked, id=30460, stack(0x000000c21c200000,0x000000c21c300000)]
  0x0000029a2a494000 JavaThread "Unconstrained build operations Thread 51" [_thread_blocked, id=30464, stack(0x000000c21c300000,0x000000c21c400000)]
  0x0000029a2a493800 JavaThread "Unconstrained build operations Thread 52" [_thread_blocked, id=30452, stack(0x000000c21c400000,0x000000c21c500000)]
  0x0000029a2a491800 JavaThread "Unconstrained build operations Thread 53" [_thread_blocked, id=30496, stack(0x000000c21c500000,0x000000c21c600000)]
  0x0000029a25dd0000 JavaThread "Unconstrained build operations Thread 54" [_thread_blocked, id=30500, stack(0x000000c21c600000,0x000000c21c700000)]
  0x0000029a25dcd800 JavaThread "Unconstrained build operations Thread 55" [_thread_blocked, id=20976, stack(0x000000c21c700000,0x000000c21c800000)]
  0x0000029a25dcf000 JavaThread "Unconstrained build operations Thread 56" [_thread_blocked, id=16156, stack(0x000000c21c800000,0x000000c21c900000)]
  0x0000029a25dcc000 JavaThread "Unconstrained build operations Thread 57" [_thread_blocked, id=20008, stack(0x000000c21c900000,0x000000c21ca00000)]
  0x0000029a25dd0800 JavaThread "Unconstrained build operations Thread 58" [_thread_blocked, id=4264, stack(0x000000c21ca00000,0x000000c21cb00000)]
  0x0000029a25dd2800 JavaThread "Unconstrained build operations Thread 59" [_thread_blocked, id=16748, stack(0x000000c21cb00000,0x000000c21cc00000)]
  0x0000029a25dce800 JavaThread "Unconstrained build operations Thread 60" [_thread_blocked, id=19328, stack(0x000000c21cc00000,0x000000c21cd00000)]
  0x0000029a25dd1800 JavaThread "Unconstrained build operations Thread 61" [_thread_blocked, id=10392, stack(0x000000c21cd00000,0x000000c21ce00000)]
  0x0000029a25dcc800 JavaThread "Unconstrained build operations Thread 62" [_thread_blocked, id=19312, stack(0x000000c21ce00000,0x000000c21cf00000)]
  0x0000029a25dd5000 JavaThread "Unconstrained build operations Thread 63" [_thread_blocked, id=24572, stack(0x000000c21cf00000,0x000000c21d000000)]
  0x0000029a25dd7000 JavaThread "Unconstrained build operations Thread 64" [_thread_blocked, id=20184, stack(0x000000c21d000000,0x000000c21d100000)]
  0x0000029a25dd8000 JavaThread "Unconstrained build operations Thread 65" [_thread_blocked, id=20272, stack(0x000000c21d100000,0x000000c21d200000)]
  0x0000029a25dd9000 JavaThread "Unconstrained build operations Thread 66" [_thread_blocked, id=30336, stack(0x000000c21d200000,0x000000c21d300000)]
  0x0000029a25dd5800 JavaThread "Unconstrained build operations Thread 67" [_thread_blocked, id=30344, stack(0x000000c21d300000,0x000000c21d400000)]
  0x0000029a25dd6800 JavaThread "Unconstrained build operations Thread 68" [_thread_blocked, id=30348, stack(0x000000c21d400000,0x000000c21d500000)]
  0x0000029a25dd3000 JavaThread "Unconstrained build operations Thread 69" [_thread_blocked, id=30352, stack(0x000000c21d500000,0x000000c21d600000)]
  0x0000029a25dd9800 JavaThread "Unconstrained build operations Thread 70" [_thread_blocked, id=30356, stack(0x000000c21d600000,0x000000c21d700000)]
  0x0000029a25dd4000 JavaThread "Unconstrained build operations Thread 71" [_thread_blocked, id=30340, stack(0x000000c21d700000,0x000000c21d800000)]
  0x0000029a25dda800 JavaThread "Unconstrained build operations Thread 72" [_thread_blocked, id=30332, stack(0x000000c21d800000,0x000000c21d900000)]
  0x0000029a27331800 JavaThread "Unconstrained build operations Thread 73" [_thread_blocked, id=30324, stack(0x000000c21d900000,0x000000c21da00000)]
  0x0000029a27333800 JavaThread "Unconstrained build operations Thread 74" [_thread_blocked, id=30320, stack(0x000000c21da00000,0x000000c21db00000)]
  0x0000029a27335000 JavaThread "Unconstrained build operations Thread 75" [_thread_blocked, id=30268, stack(0x000000c21db00000,0x000000c21dc00000)]
  0x0000029a2732f800 JavaThread "Unconstrained build operations Thread 76" [_thread_blocked, id=30328, stack(0x000000c21dc00000,0x000000c21dd00000)]
  0x0000029a27334000 JavaThread "Unconstrained build operations Thread 77" [_thread_blocked, id=30312, stack(0x000000c21dd00000,0x000000c21de00000)]
  0x0000029a27336000 JavaThread "Unconstrained build operations Thread 78" [_thread_blocked, id=30308, stack(0x000000c21de00000,0x000000c21df00000)]
  0x0000029a27332800 JavaThread "Unconstrained build operations Thread 79" [_thread_blocked, id=30316, stack(0x000000c21df00000,0x000000c21e000000)]
  0x0000029a27330000 JavaThread "Unconstrained build operations Thread 80" [_thread_blocked, id=30304, stack(0x000000c21e000000,0x000000c21e100000)]
  0x0000029a26720000 JavaThread "File lock release action executor Thread 5" [_thread_blocked, id=27040, stack(0x000000c218000000,0x000000c218100000)]
  0x0000029a26720800 JavaThread "File lock release action executor Thread 6" [_thread_blocked, id=33348, stack(0x000000c21a900000,0x000000c21aa00000)]

Other Threads:
=>0x0000029a23bbf000 VMThread "VM Thread" [stack: 0x000000c215400000,0x000000c215500000] [id=25548]
  0x0000029a246bb800 WatcherThread [stack: 0x000000c215e00000,0x000000c215f00000] [id=2152]
  0x0000029a04acc800 GCTaskThread "GC Thread#0" [stack: 0x000000c214f00000,0x000000c215000000] [id=13600]
  0x0000029a2557e800 GCTaskThread "GC Thread#1" [stack: 0x000000c215f00000,0x000000c216000000] [id=4532]
  0x0000029a2495c800 GCTaskThread "GC Thread#2" [stack: 0x000000c216000000,0x000000c216100000] [id=24764]
  0x0000029a2487e000 GCTaskThread "GC Thread#3" [stack: 0x000000c216a00000,0x000000c216b00000] [id=5860]
  0x0000029a24640800 GCTaskThread "GC Thread#4" [stack: 0x000000c216b00000,0x000000c216c00000] [id=23936]
  0x0000029a25529800 GCTaskThread "GC Thread#5" [stack: 0x000000c216c00000,0x000000c216d00000] [id=20032]
  0x0000029a24a1e000 GCTaskThread "GC Thread#6" [stack: 0x000000c216d00000,0x000000c216e00000] [id=15136]
  0x0000029a24a1e800 GCTaskThread "GC Thread#7" [stack: 0x000000c216e00000,0x000000c216f00000] [id=19320]
  0x0000029a04afd800 ConcurrentGCThread "G1 Main Marker" [stack: 0x000000c215000000,0x000000c215100000] [id=3600]
  0x0000029a04afe800 ConcurrentGCThread "G1 Conc#0" [stack: 0x000000c215100000,0x000000c215200000] [id=23956]
  0x0000029a26ee6000 ConcurrentGCThread "G1 Conc#1" [stack: 0x000000c217300000,0x000000c217400000] [id=18904]
  0x0000029a04b7e000 ConcurrentGCThread "G1 Refine#0" [stack: 0x000000c215200000,0x000000c215300000] [id=22608]
  0x0000029a2586e800 ConcurrentGCThread "G1 Refine#1" [stack: 0x000000c216f00000,0x000000c217000000] [id=20148]
  0x0000029a23a30800 ConcurrentGCThread "G1 Young RemSet Sampling" [stack: 0x000000c215300000,0x000000c215400000] [id=23796]

Threads with active compile tasks:
C2 CompilerThread0  1169534 15523       4       org.gradle.internal.graph.CachingDirectedGraphWalker::doSearch (659 bytes)

VM state:at safepoint (normal execution)

VM Mutex/Monitor currently owned by a thread:  ([mutex/lock_event])
[0x0000029a04aae0a0] Threads_lock - owner thread: 0x0000029a23bbf000
[0x0000029a04aae6d0] Heap_lock - owner thread: 0x0000029a25eee000

Heap address: 0x0000000080000000, size: 2048 MB, Compressed Oops mode: 32-bit
Narrow klass base: 0x0000000000000000, Narrow klass shift: 3
Compressed class space size: 528482304 Address: 0x0000000100000000

Heap:
 garbage-first heap   total 253952K, used 184544K [0x0000000080000000, 0x0000000100000000)
  region size 1024K, 2 young (2048K), 2 survivors (2048K)
 Metaspace       used 114887K, capacity 119399K, committed 119688K, reserved 620544K
  class space    used 14955K, capacity 16725K, committed 16768K, reserved 516096K
Heap Regions: E=young(eden), S=young(survivor), O=old, HS=humongous(starts), HC=humongous(continues), CS=collection set, F=free, A=archive, TAMS=top-at-mark-start (previous, next)
|   0|0x0000000080000000, 0x0000000080100000, 0x0000000080100000|100%| O|  |TAMS 0x0000000080100000, 0x0000000080000000| Untracked 
|   1|0x0000000080100000, 0x0000000080200000, 0x0000000080200000|100%| O|  |TAMS 0x0000000080200000, 0x0000000080100000| Complete 
|   2|0x0000000080200000, 0x0000000080300000, 0x0000000080300000|100%| O|  |TAMS 0x0000000080300000, 0x0000000080200000| Untracked 
|   3|0x0000000080300000, 0x0000000080400000, 0x0000000080400000|100%|HS|  |TAMS 0x0000000080400000, 0x0000000080300000| Complete 
|   4|0x0000000080400000, 0x0000000080500000, 0x0000000080500000|100%|HC|  |TAMS 0x0000000080500000, 0x0000000080400000| Complete 
|   5|0x0000000080500000, 0x0000000080600000, 0x0000000080600000|100%|HC|  |TAMS 0x0000000080600000, 0x0000000080500000| Complete 
|   6|0x0000000080600000, 0x0000000080700000, 0x0000000080700000|100%| O|  |TAMS 0x0000000080700000, 0x0000000080600000| Complete 
|   7|0x0000000080700000, 0x0000000080800000, 0x0000000080800000|100%| O|  |TAMS 0x0000000080800000, 0x0000000080700000| Untracked 
|   8|0x0000000080800000, 0x0000000080900000, 0x0000000080900000|100%| O|  |TAMS 0x0000000080900000, 0x0000000080800000| Untracked 
|   9|0x0000000080900000, 0x0000000080a00000, 0x0000000080a00000|100%| O|  |TAMS 0x0000000080a00000, 0x0000000080900000| Complete 
|  10|0x0000000080a00000, 0x0000000080b00000, 0x0000000080b00000|100%| O|  |TAMS 0x0000000080b00000, 0x0000000080a00000| Untracked 
|  11|0x0000000080b00000, 0x0000000080c00000, 0x0000000080c00000|100%| O|  |TAMS 0x0000000080c00000, 0x0000000080b00000| Untracked 
|  12|0x0000000080c00000, 0x0000000080d00000, 0x0000000080d00000|100%| O|  |TAMS 0x0000000080d00000, 0x0000000080c00000| Complete 
|  13|0x0000000080d00000, 0x0000000080e00000, 0x0000000080e00000|100%| O|  |TAMS 0x0000000080e00000, 0x0000000080d00000| Untracked 
|  14|0x0000000080e00000, 0x0000000080f00000, 0x0000000080f00000|100%| O|  |TAMS 0x0000000080f00000, 0x0000000080e00000| Untracked 
|  15|0x0000000080f00000, 0x0000000081000000, 0x0000000081000000|100%| O|  |TAMS 0x0000000081000000, 0x0000000080f00000| Untracked 
|  16|0x0000000081000000, 0x0000000081100000, 0x0000000081100000|100%| O|  |TAMS 0x0000000081100000, 0x0000000081000000| Untracked 
|  17|0x0000000081100000, 0x0000000081200000, 0x0000000081200000|100%|HS|  |TAMS 0x0000000081200000, 0x0000000081100000| Complete 
|  18|0x0000000081200000, 0x0000000081300000, 0x0000000081300000|100%| O|  |TAMS 0x0000000081300000, 0x0000000081200000| Untracked 
|  19|0x0000000081300000, 0x0000000081400000, 0x0000000081400000|100%| O|  |TAMS 0x0000000081400000, 0x0000000081300000| Untracked 
|  20|0x0000000081400000, 0x0000000081500000, 0x0000000081500000|100%| O|  |TAMS 0x0000000081500000, 0x0000000081400000| Untracked 
|  21|0x0000000081500000, 0x0000000081600000, 0x0000000081600000|100%| O|  |TAMS 0x0000000081600000, 0x0000000081500000| Complete 
|  22|0x0000000081600000, 0x0000000081700000, 0x0000000081700000|100%| O|  |TAMS 0x0000000081700000, 0x0000000081600000| Untracked 
|  23|0x0000000081700000, 0x0000000081800000, 0x0000000081800000|100%| O|  |TAMS 0x0000000081800000, 0x0000000081700000| Untracked 
|  24|0x0000000081800000, 0x0000000081900000, 0x0000000081900000|100%| O|  |TAMS 0x0000000081900000, 0x0000000081800000| Untracked 
|  25|0x0000000081900000, 0x0000000081a00000, 0x0000000081a00000|100%| O|  |TAMS 0x0000000081a00000, 0x0000000081900000| Untracked 
|  26|0x0000000081a00000, 0x0000000081b00000, 0x0000000081b00000|100%| O|  |TAMS 0x0000000081b00000, 0x0000000081a00000| Complete 
|  27|0x0000000081b00000, 0x0000000081c00000, 0x0000000081c00000|100%|HS|  |TAMS 0x0000000081c00000, 0x0000000081b00000| Complete 
|  28|0x0000000081c00000, 0x0000000081d00000, 0x0000000081d00000|100%|HC|  |TAMS 0x0000000081d00000, 0x0000000081c00000| Complete 
|  29|0x0000000081d00000, 0x0000000081e00000, 0x0000000081e00000|100%|HC|  |TAMS 0x0000000081e00000, 0x0000000081d00000| Complete 
|  30|0x0000000081e00000, 0x0000000081f00000, 0x0000000081f00000|100%| O|  |TAMS 0x0000000081f00000, 0x0000000081e00000| Untracked 
|  31|0x0000000081f00000, 0x0000000082000000, 0x0000000082000000|100%| O|  |TAMS 0x0000000082000000, 0x0000000081f00000| Untracked 
|  32|0x0000000082000000, 0x0000000082100000, 0x0000000082100000|100%| O|  |TAMS 0x0000000082100000, 0x0000000082000000| Untracked 
|  33|0x0000000082100000, 0x0000000082200000, 0x0000000082200000|100%| O|  |TAMS 0x0000000082200000, 0x0000000082100000| Untracked 
|  34|0x0000000082200000, 0x0000000082300000, 0x0000000082300000|100%| O|  |TAMS 0x0000000082300000, 0x0000000082200000| Complete 
|  35|0x0000000082300000, 0x0000000082400000, 0x0000000082400000|100%| O|  |TAMS 0x0000000082400000, 0x0000000082300000| Complete 
|  36|0x0000000082400000, 0x0000000082500000, 0x0000000082500000|100%| O|  |TAMS 0x0000000082500000, 0x0000000082400000| Untracked 
|  37|0x0000000082500000, 0x0000000082600000, 0x0000000082600000|100%| O|  |TAMS 0x0000000082600000, 0x0000000082500000| Untracked 
|  38|0x0000000082600000, 0x0000000082700000, 0x0000000082700000|100%| O|  |TAMS 0x0000000082700000, 0x0000000082600000| Untracked 
|  39|0x0000000082700000, 0x0000000082800000, 0x0000000082800000|100%| O|  |TAMS 0x0000000082800000, 0x0000000082700000| Untracked 
|  40|0x0000000082800000, 0x0000000082900000, 0x0000000082900000|100%| O|  |TAMS 0x0000000082900000, 0x0000000082800000| Untracked 
|  41|0x0000000082900000, 0x0000000082a00000, 0x0000000082a00000|100%| O|  |TAMS 0x0000000082a00000, 0x0000000082900000| Complete 
|  42|0x0000000082a00000, 0x0000000082b00000, 0x0000000082b00000|100%|HS|  |TAMS 0x0000000082b00000, 0x0000000082a00000| Complete 
|  43|0x0000000082b00000, 0x0000000082c00000, 0x0000000082c00000|100%|HS|  |TAMS 0x0000000082c00000, 0x0000000082b00000| Complete 
|  44|0x0000000082c00000, 0x0000000082d00000, 0x0000000082d00000|100%| O|  |TAMS 0x0000000082d00000, 0x0000000082c00000| Untracked 
|  45|0x0000000082d00000, 0x0000000082e00000, 0x0000000082e00000|100%| O|  |TAMS 0x0000000082e00000, 0x0000000082d00000| Untracked 
|  46|0x0000000082e00000, 0x0000000082f00000, 0x0000000082f00000|100%| O|  |TAMS 0x0000000082f00000, 0x0000000082e00000| Untracked 
|  47|0x0000000082f00000, 0x0000000083000000, 0x0000000083000000|100%| O|  |TAMS 0x0000000083000000, 0x0000000082f00000| Untracked 
|  48|0x0000000083000000, 0x0000000083100000, 0x0000000083100000|100%| O|  |TAMS 0x0000000083100000, 0x0000000083000000| Untracked 
|  49|0x0000000083100000, 0x0000000083200000, 0x0000000083200000|100%| O|  |TAMS 0x0000000083200000, 0x0000000083100000| Complete 
|  50|0x0000000083200000, 0x0000000083300000, 0x0000000083300000|100%| O|  |TAMS 0x0000000083300000, 0x0000000083200000| Untracked 
|  51|0x0000000083300000, 0x0000000083400000, 0x0000000083400000|100%| O|  |TAMS 0x0000000083400000, 0x0000000083300000| Untracked 
|  52|0x0000000083400000, 0x0000000083500000, 0x0000000083500000|100%| O|  |TAMS 0x0000000083500000, 0x0000000083400000| Untracked 
|  53|0x0000000083500000, 0x0000000083600000, 0x0000000083600000|100%| O|  |TAMS 0x0000000083600000, 0x0000000083500000| Untracked 
|  54|0x0000000083600000, 0x0000000083700000, 0x0000000083700000|100%| O|  |TAMS 0x0000000083700000, 0x0000000083600000| Complete 
|  55|0x0000000083700000, 0x0000000083800000, 0x0000000083800000|100%| O|  |TAMS 0x0000000083800000, 0x0000000083700000| Untracked 
|  56|0x0000000083800000, 0x0000000083900000, 0x0000000083900000|100%| O|  |TAMS 0x0000000083900000, 0x0000000083800000| Untracked 
|  57|0x0000000083900000, 0x0000000083a00000, 0x0000000083a00000|100%| O|  |TAMS 0x0000000083a00000, 0x0000000083900000| Complete 
|  58|0x0000000083a00000, 0x0000000083b00000, 0x0000000083b00000|100%| O|  |TAMS 0x0000000083b00000, 0x0000000083a00000| Untracked 
|  59|0x0000000083b00000, 0x0000000083c00000, 0x0000000083c00000|100%| O|  |TAMS 0x0000000083c00000, 0x0000000083b00000| Untracked 
|  60|0x0000000083c00000, 0x0000000083d00000, 0x0000000083d00000|100%| O|  |TAMS 0x0000000083d00000, 0x0000000083c00000| Untracked 
|  61|0x0000000083d00000, 0x0000000083e00000, 0x0000000083e00000|100%| O|  |TAMS 0x0000000083e00000, 0x0000000083d00000| Complete 
|  62|0x0000000083e00000, 0x0000000083f00000, 0x0000000083f00000|100%| O|  |TAMS 0x0000000083f00000, 0x0000000083e00000| Complete 
|  63|0x0000000083f00000, 0x0000000084000000, 0x0000000084000000|100%| O|  |TAMS 0x0000000084000000, 0x0000000083f00000| Complete 
|  64|0x0000000084000000, 0x0000000084100000, 0x0000000084100000|100%| O|  |TAMS 0x0000000084100000, 0x0000000084000000| Complete 
|  65|0x0000000084100000, 0x0000000084200000, 0x0000000084200000|100%| O|  |TAMS 0x0000000084200000, 0x0000000084100000| Untracked 
|  66|0x0000000084200000, 0x0000000084300000, 0x0000000084300000|100%| O|  |TAMS 0x0000000084300000, 0x0000000084200000| Complete 
|  67|0x0000000084300000, 0x0000000084400000, 0x0000000084400000|100%| O|  |TAMS 0x0000000084400000, 0x0000000084300000| Untracked 
|  68|0x0000000084400000, 0x0000000084500000, 0x0000000084500000|100%| O|  |TAMS 0x0000000084500000, 0x0000000084400000| Untracked 
|  69|0x0000000084500000, 0x0000000084600000, 0x0000000084600000|100%| O|  |TAMS 0x0000000084600000, 0x0000000084500000| Untracked 
|  70|0x0000000084600000, 0x0000000084700000, 0x0000000084700000|100%| O|  |TAMS 0x0000000084700000, 0x0000000084600000| Untracked 
|  71|0x0000000084700000, 0x0000000084800000, 0x0000000084800000|100%| O|  |TAMS 0x0000000084800000, 0x0000000084700000| Untracked 
|  72|0x0000000084800000, 0x0000000084900000, 0x0000000084900000|100%| O|  |TAMS 0x0000000084900000, 0x0000000084800000| Untracked 
|  73|0x0000000084900000, 0x0000000084a00000, 0x0000000084a00000|100%| O|  |TAMS 0x0000000084a00000, 0x0000000084900000| Untracked 
|  74|0x0000000084a00000, 0x0000000084b00000, 0x0000000084b00000|100%| O|  |TAMS 0x0000000084b00000, 0x0000000084a00000| Untracked 
|  75|0x0000000084b00000, 0x0000000084c00000, 0x0000000084c00000|100%| O|  |TAMS 0x0000000084c00000, 0x0000000084b00000| Untracked 
|  76|0x0000000084c00000, 0x0000000084d00000, 0x0000000084d00000|100%|HS|  |TAMS 0x0000000084d00000, 0x0000000084c00000| Complete 
|  77|0x0000000084d00000, 0x0000000084e00000, 0x0000000084e00000|100%|HC|  |TAMS 0x0000000084e00000, 0x0000000084d00000| Complete 
|  78|0x0000000084e00000, 0x0000000084f00000, 0x0000000084f00000|100%|HS|  |TAMS 0x0000000084f00000, 0x0000000084e00000| Complete 
|  79|0x0000000084f00000, 0x0000000085000000, 0x0000000085000000|100%|HC|  |TAMS 0x0000000085000000, 0x0000000084f00000| Complete 
|  80|0x0000000085000000, 0x0000000085100000, 0x0000000085100000|100%|HC|  |TAMS 0x0000000085100000, 0x0000000085000000| Complete 
|  81|0x0000000085100000, 0x0000000085200000, 0x0000000085200000|100%|HC|  |TAMS 0x0000000085200000, 0x0000000085100000| Complete 
|  82|0x0000000085200000, 0x0000000085300000, 0x0000000085300000|100%| O|  |TAMS 0x0000000085300000, 0x0000000085200000| Complete 
|  83|0x0000000085300000, 0x0000000085400000, 0x0000000085400000|100%| O|  |TAMS 0x0000000085400000, 0x0000000085300000| Complete 
|  84|0x0000000085400000, 0x0000000085500000, 0x0000000085500000|100%| O|  |TAMS 0x0000000085500000, 0x0000000085400000| Untracked 
|  85|0x0000000085500000, 0x0000000085600000, 0x0000000085600000|100%| O|  |TAMS 0x0000000085600000, 0x0000000085500000| Untracked 
|  86|0x0000000085600000, 0x0000000085700000, 0x0000000085700000|100%| O|  |TAMS 0x0000000085700000, 0x0000000085600000| Untracked 
|  87|0x0000000085700000, 0x0000000085800000, 0x0000000085800000|100%| O|  |TAMS 0x0000000085800000, 0x0000000085700000| Untracked 
|  88|0x0000000085800000, 0x0000000085900000, 0x0000000085900000|100%| O|  |TAMS 0x0000000085900000, 0x0000000085800000| Untracked 
|  89|0x0000000085900000, 0x0000000085a00000, 0x0000000085a00000|100%| O|  |TAMS 0x0000000085a00000, 0x0000000085900000| Untracked 
|  90|0x0000000085a00000, 0x0000000085b00000, 0x0000000085b00000|100%| O|  |TAMS 0x0000000085b00000, 0x0000000085a00000| Untracked 
|  91|0x0000000085b00000, 0x0000000085c00000, 0x0000000085c00000|100%|HS|  |TAMS 0x0000000085c00000, 0x0000000085b00000| Complete 
|  92|0x0000000085c00000, 0x0000000085d00000, 0x0000000085d00000|100%| O|  |TAMS 0x0000000085d00000, 0x0000000085c00000| Untracked 
|  93|0x0000000085d00000, 0x0000000085e00000, 0x0000000085e00000|100%|HS|  |TAMS 0x0000000085e00000, 0x0000000085d00000| Complete 
|  94|0x0000000085e00000, 0x0000000085f00000, 0x0000000085f00000|100%|HC|  |TAMS 0x0000000085f00000, 0x0000000085e00000| Complete 
|  95|0x0000000085f00000, 0x0000000086000000, 0x0000000086000000|100%|HS|  |TAMS 0x0000000086000000, 0x0000000085f00000| Complete 
|  96|0x0000000086000000, 0x0000000086100000, 0x0000000086100000|100%|HS|  |TAMS 0x0000000086100000, 0x0000000086000000| Complete 
|  97|0x0000000086100000, 0x0000000086200000, 0x0000000086200000|100%| O|  |TAMS 0x0000000086200000, 0x0000000086100000| Untracked 
|  98|0x0000000086200000, 0x0000000086300000, 0x0000000086300000|100%| O|  |TAMS 0x0000000086300000, 0x0000000086200000| Complete 
|  99|0x0000000086300000, 0x0000000086400000, 0x0000000086400000|100%| O|  |TAMS 0x0000000086400000, 0x0000000086300000| Complete 
| 100|0x0000000086400000, 0x0000000086500000, 0x0000000086500000|100%| O|  |TAMS 0x0000000086500000, 0x0000000086400000| Untracked 
| 101|0x0000000086500000, 0x0000000086600000, 0x0000000086600000|100%| O|  |TAMS 0x0000000086600000, 0x0000000086500000| Complete 
| 102|0x0000000086600000, 0x0000000086700000, 0x0000000086700000|100%| O|  |TAMS 0x0000000086700000, 0x0000000086600000| Complete 
| 103|0x0000000086700000, 0x0000000086800000, 0x0000000086800000|100%| O|  |TAMS 0x0000000086800000, 0x0000000086700000| Complete 
| 104|0x0000000086800000, 0x0000000086900000, 0x0000000086900000|100%| O|  |TAMS 0x0000000086900000, 0x0000000086800000| Complete 
| 105|0x0000000086900000, 0x0000000086a00000, 0x0000000086a00000|100%| O|  |TAMS 0x0000000086a00000, 0x0000000086900000| Untracked 
| 106|0x0000000086a00000, 0x0000000086b00000, 0x0000000086b00000|100%| O|  |TAMS 0x0000000086b00000, 0x0000000086a00000| Complete 
| 107|0x0000000086b00000, 0x0000000086c00000, 0x0000000086c00000|100%| O|  |TAMS 0x0000000086c00000, 0x0000000086b00000| Complete 
| 108|0x0000000086c00000, 0x0000000086d00000, 0x0000000086d00000|100%|HS|  |TAMS 0x0000000086d00000, 0x0000000086c00000| Complete 
| 109|0x0000000086d00000, 0x0000000086e00000, 0x0000000086e00000|100%|HS|  |TAMS 0x0000000086e00000, 0x0000000086d00000| Complete 
| 110|0x0000000086e00000, 0x0000000086f00000, 0x0000000086f00000|100%|HC|  |TAMS 0x0000000086f00000, 0x0000000086e00000| Complete 
| 111|0x0000000086f00000, 0x0000000087000000, 0x0000000087000000|100%|HC|  |TAMS 0x0000000087000000, 0x0000000086f00000| Complete 
| 112|0x0000000087000000, 0x0000000087100000, 0x0000000087100000|100%| O|  |TAMS 0x0000000087100000, 0x0000000087000000| Untracked 
| 113|0x0000000087100000, 0x0000000087200000, 0x0000000087200000|100%| O|  |TAMS 0x0000000087200000, 0x0000000087100000| Untracked 
| 114|0x0000000087200000, 0x0000000087300000, 0x0000000087300000|100%| O|  |TAMS 0x0000000087300000, 0x0000000087200000| Untracked 
| 115|0x0000000087300000, 0x0000000087400000, 0x0000000087400000|100%| O|  |TAMS 0x0000000087400000, 0x0000000087300000| Untracked 
| 116|0x0000000087400000, 0x0000000087500000, 0x0000000087500000|100%|HS|  |TAMS 0x0000000087500000, 0x0000000087400000| Complete 
| 117|0x0000000087500000, 0x0000000087600000, 0x0000000087600000|100%|HC|  |TAMS 0x0000000087600000, 0x0000000087500000| Complete 
| 118|0x0000000087600000, 0x0000000087700000, 0x0000000087700000|100%| O|  |TAMS 0x0000000087700000, 0x0000000087600000| Untracked 
| 119|0x0000000087700000, 0x0000000087800000, 0x0000000087800000|100%| O|  |TAMS 0x0000000087800000, 0x0000000087700000| Untracked 
| 120|0x0000000087800000, 0x0000000087900000, 0x0000000087900000|100%| O|  |TAMS 0x0000000087900000, 0x0000000087800000| Untracked 
| 121|0x0000000087900000, 0x0000000087a00000, 0x0000000087a00000|100%| O|  |TAMS 0x0000000087a00000, 0x0000000087900000| Complete 
| 122|0x0000000087a00000, 0x0000000087b00000, 0x0000000087b00000|100%| O|  |TAMS 0x0000000087b00000, 0x0000000087a00000| Complete 
| 123|0x0000000087b00000, 0x0000000087c00000, 0x0000000087c00000|100%|HS|  |TAMS 0x0000000087c00000, 0x0000000087b00000| Complete 
| 124|0x0000000087c00000, 0x0000000087d00000, 0x0000000087d00000|100%| O|  |TAMS 0x0000000087d00000, 0x0000000087c00000| Untracked 
| 125|0x0000000087d00000, 0x0000000087e00000, 0x0000000087e00000|100%| O|  |TAMS 0x0000000087e00000, 0x0000000087d00000| Complete 
| 126|0x0000000087e00000, 0x0000000087f00000, 0x0000000087f00000|100%|HS|  |TAMS 0x0000000087f00000, 0x0000000087e00000| Complete 
| 127|0x0000000087f00000, 0x0000000088000000, 0x0000000088000000|100%| O|  |TAMS 0x0000000088000000, 0x0000000087f00000| Complete 
| 128|0x0000000088000000, 0x0000000088100000, 0x0000000088100000|100%| O|  |TAMS 0x0000000088100000, 0x0000000088000000| Complete 
| 129|0x0000000088100000, 0x0000000088200000, 0x0000000088200000|100%| O|  |TAMS 0x0000000088200000, 0x0000000088100000| Untracked 
| 130|0x0000000088200000, 0x0000000088300000, 0x0000000088300000|100%| O|  |TAMS 0x0000000088200000, 0x0000000088200000| Untracked 
| 131|0x0000000088300000, 0x0000000088400000, 0x0000000088400000|100%| O|  |TAMS 0x0000000088400000, 0x0000000088300000| Untracked 
| 132|0x0000000088400000, 0x0000000088500000, 0x0000000088500000|100%| O|  |TAMS 0x0000000088500000, 0x0000000088400000| Untracked 
| 133|0x0000000088500000, 0x0000000088600000, 0x0000000088600000|100%| O|  |TAMS 0x0000000088600000, 0x0000000088500000| Untracked 
| 134|0x0000000088600000, 0x0000000088700000, 0x0000000088700000|100%| O|  |TAMS 0x0000000088700000, 0x0000000088600000| Untracked 
| 135|0x0000000088700000, 0x0000000088800000, 0x0000000088800000|100%| O|  |TAMS 0x0000000088800000, 0x0000000088700000| Untracked 
| 136|0x0000000088800000, 0x0000000088900000, 0x0000000088900000|100%|HS|  |TAMS 0x0000000088900000, 0x0000000088800000| Complete 
| 137|0x0000000088900000, 0x0000000088a00000, 0x0000000088a00000|100%|HC|  |TAMS 0x0000000088a00000, 0x0000000088900000| Complete 
| 138|0x0000000088a00000, 0x0000000088b00000, 0x0000000088b00000|100%|HC|  |TAMS 0x0000000088b00000, 0x0000000088a00000| Complete 
| 139|0x0000000088b00000, 0x0000000088c00000, 0x0000000088c00000|100%| O|  |TAMS 0x0000000088c00000, 0x0000000088b00000| Untracked 
| 140|0x0000000088c00000, 0x0000000088d00000, 0x0000000088d00000|100%| O|  |TAMS 0x0000000088d00000, 0x0000000088c00000| Complete 
| 141|0x0000000088d00000, 0x0000000088e00000, 0x0000000088e00000|100%| O|  |TAMS 0x0000000088e00000, 0x0000000088d00000| Untracked 
| 142|0x0000000088e00000, 0x0000000088f00000, 0x0000000088f00000|100%| O|  |TAMS 0x0000000088f00000, 0x0000000088e00000| Complete 
| 143|0x0000000088f00000, 0x0000000089000000, 0x0000000089000000|100%| O|  |TAMS 0x0000000089000000, 0x0000000088f00000| Untracked 
| 144|0x0000000089000000, 0x0000000089100000, 0x0000000089100000|100%| O|  |TAMS 0x0000000089100000, 0x0000000089000000| Untracked 
| 145|0x0000000089100000, 0x0000000089200000, 0x0000000089200000|100%| O|  |TAMS 0x0000000089200000, 0x0000000089100000| Complete 
| 146|0x0000000089200000, 0x0000000089300000, 0x0000000089300000|100%| O|  |TAMS 0x0000000089300000, 0x0000000089200000| Untracked 
| 147|0x0000000089300000, 0x0000000089400000, 0x0000000089400000|100%|HS|  |TAMS 0x0000000089400000, 0x0000000089300000| Complete 
| 148|0x0000000089400000, 0x0000000089500000, 0x0000000089500000|100%| O|  |TAMS 0x0000000089500000, 0x0000000089400000| Untracked 
| 149|0x0000000089500000, 0x0000000089600000, 0x0000000089600000|100%| O|  |TAMS 0x0000000089600000, 0x0000000089500000| Untracked 
| 150|0x0000000089600000, 0x0000000089700000, 0x0000000089700000|100%| O|  |TAMS 0x0000000089700000, 0x0000000089600000| Untracked 
| 151|0x0000000089700000, 0x0000000089800000, 0x0000000089800000|100%| O|  |TAMS 0x0000000089800000, 0x0000000089700000| Untracked 
| 152|0x0000000089800000, 0x0000000089900000, 0x0000000089900000|100%| O|  |TAMS 0x0000000089900000, 0x0000000089800000| Untracked 
| 153|0x0000000089900000, 0x0000000089a00000, 0x0000000089a00000|100%| O|  |TAMS 0x0000000089a00000, 0x0000000089900000| Untracked 
| 154|0x0000000089a00000, 0x0000000089b00000, 0x0000000089b00000|100%| O|  |TAMS 0x0000000089b00000, 0x0000000089a00000| Untracked 
| 155|0x0000000089b00000, 0x0000000089c00000, 0x0000000089c00000|100%| O|  |TAMS 0x0000000089c00000, 0x0000000089b00000| Untracked 
| 156|0x0000000089c00000, 0x0000000089c00000, 0x0000000089d00000|  0%| F|  |TAMS 0x0000000089c00000, 0x0000000089c00000| Untracked 
| 157|0x0000000089d00000, 0x0000000089e00000, 0x0000000089e00000|100%| O|  |TAMS 0x0000000089e00000, 0x0000000089d00000| Complete 
| 158|0x0000000089e00000, 0x0000000089f00000, 0x0000000089f00000|100%| O|  |TAMS 0x0000000089f00000, 0x0000000089e00000| Untracked 
| 159|0x0000000089f00000, 0x000000008a000000, 0x000000008a000000|100%| O|  |TAMS 0x000000008a000000, 0x0000000089f00000| Complete 
| 160|0x000000008a000000, 0x000000008a100000, 0x000000008a100000|100%| O|  |TAMS 0x000000008a100000, 0x000000008a000000| Untracked 
| 161|0x000000008a100000, 0x000000008a200000, 0x000000008a200000|100%| O|  |TAMS 0x000000008a200000, 0x000000008a100000| Complete 
| 162|0x000000008a200000, 0x000000008a300000, 0x000000008a300000|100%| O|  |TAMS 0x000000008a300000, 0x000000008a200000| Untracked 
| 163|0x000000008a300000, 0x000000008a400000, 0x000000008a400000|100%| O|  |TAMS 0x000000008a400000, 0x000000008a300000| Untracked 
| 164|0x000000008a400000, 0x000000008a500000, 0x000000008a500000|100%| O|  |TAMS 0x000000008a500000, 0x000000008a400000| Untracked 
| 165|0x000000008a500000, 0x000000008a600000, 0x000000008a600000|100%| O|  |TAMS 0x000000008a600000, 0x000000008a500000| Complete 
| 166|0x000000008a600000, 0x000000008a700000, 0x000000008a700000|100%| O|  |TAMS 0x000000008a700000, 0x000000008a600000| Complete 
| 167|0x000000008a700000, 0x000000008a800000, 0x000000008a800000|100%| O|  |TAMS 0x000000008a800000, 0x000000008a700000| Complete 
| 168|0x000000008a800000, 0x000000008a900000, 0x000000008a900000|100%| O|  |TAMS 0x000000008a8a5a00, 0x000000008a800000| Untracked 
| 169|0x000000008a900000, 0x000000008aa00000, 0x000000008aa00000|100%| O|  |TAMS 0x000000008aa00000, 0x000000008a900000| Untracked 
| 170|0x000000008aa00000, 0x000000008ab00000, 0x000000008ab00000|100%| O|  |TAMS 0x000000008ab00000, 0x000000008aa00000| Complete 
| 171|0x000000008ab00000, 0x000000008ac00000, 0x000000008ac00000|100%| O|  |TAMS 0x000000008ac00000, 0x000000008ab00000| Untracked 
| 172|0x000000008ac00000, 0x000000008ad00000, 0x000000008ad00000|100%| O|  |TAMS 0x000000008ad00000, 0x000000008ac00000| Complete 
| 173|0x000000008ad00000, 0x000000008ae00000, 0x000000008ae00000|100%| O|  |TAMS 0x000000008ae00000, 0x000000008ad00000| Complete 
| 174|0x000000008ae00000, 0x000000008af00000, 0x000000008af00000|100%| O|  |TAMS 0x000000008af00000, 0x000000008ae00000| Untracked 
| 175|0x000000008af00000, 0x000000008b000000, 0x000000008b000000|100%| O|  |TAMS 0x000000008b000000, 0x000000008af00000| Untracked 
| 176|0x000000008b000000, 0x000000008b100000, 0x000000008b100000|100%| O|  |TAMS 0x000000008b100000, 0x000000008b000000| Untracked 
| 177|0x000000008b100000, 0x000000008b200000, 0x000000008b200000|100%| O|  |TAMS 0x000000008b200000, 0x000000008b100000| Untracked 
| 178|0x000000008b200000, 0x000000008b300000, 0x000000008b300000|100%| O|  |TAMS 0x000000008b200000, 0x000000008b200000| Untracked 
| 179|0x000000008b300000, 0x000000008b351200, 0x000000008b400000| 31%| O|  |TAMS 0x000000008b300000, 0x000000008b300000| Untracked 
| 180|0x000000008b400000, 0x000000008b400000, 0x000000008b500000|  0%| F|  |TAMS 0x000000008b400000, 0x000000008b400000| Untracked 
| 181|0x000000008b500000, 0x000000008b500000, 0x000000008b600000|  0%| F|  |TAMS 0x000000008b500000, 0x000000008b500000| Untracked 
| 182|0x000000008b600000, 0x000000008b600000, 0x000000008b700000|  0%| F|  |TAMS 0x000000008b600000, 0x000000008b600000| Untracked 
| 183|0x000000008b700000, 0x000000008b700000, 0x000000008b800000|  0%| F|  |TAMS 0x000000008b700000, 0x000000008b700000| Untracked 
| 184|0x000000008b800000, 0x000000008b800000, 0x000000008b900000|  0%| F|  |TAMS 0x000000008b800000, 0x000000008b800000| Untracked 
| 185|0x000000008b900000, 0x000000008b900000, 0x000000008ba00000|  0%| F|  |TAMS 0x000000008b900000, 0x000000008b900000| Untracked 
| 186|0x000000008ba00000, 0x000000008ba00000, 0x000000008bb00000|  0%| F|  |TAMS 0x000000008ba00000, 0x000000008ba00000| Untracked 
| 187|0x000000008bb00000, 0x000000008bb00000, 0x000000008bc00000|  0%| F|  |TAMS 0x000000008bb00000, 0x000000008bb00000| Untracked 
| 188|0x000000008bc00000, 0x000000008bc00000, 0x000000008bd00000|  0%| F|  |TAMS 0x000000008bc00000, 0x000000008bc00000| Untracked 
| 189|0x000000008bd00000, 0x000000008bd00000, 0x000000008be00000|  0%| F|  |TAMS 0x000000008bd00000, 0x000000008bd00000| Untracked 
| 190|0x000000008be00000, 0x000000008be00000, 0x000000008bf00000|  0%| F|  |TAMS 0x000000008be00000, 0x000000008be00000| Untracked 
| 191|0x000000008bf00000, 0x000000008bf00000, 0x000000008c000000|  0%| F|  |TAMS 0x000000008bf00000, 0x000000008bf00000| Untracked 
| 192|0x000000008c000000, 0x000000008c000000, 0x000000008c100000|  0%| F|  |TAMS 0x000000008c000000, 0x000000008c000000| Untracked 
| 193|0x000000008c100000, 0x000000008c100000, 0x000000008c200000|  0%| F|  |TAMS 0x000000008c100000, 0x000000008c100000| Untracked 
| 194|0x000000008c200000, 0x000000008c2e70e0, 0x000000008c300000| 90%| S|CS|TAMS 0x000000008c200000, 0x000000008c200000| Complete 
| 195|0x000000008c300000, 0x000000008c400000, 0x000000008c400000|100%| S|CS|TAMS 0x000000008c300000, 0x000000008c300000| Complete 
| 196|0x000000008c400000, 0x000000008c400000, 0x000000008c500000|  0%| F|  |TAMS 0x000000008c400000, 0x000000008c400000| Untracked 
| 197|0x000000008c500000, 0x000000008c500000, 0x000000008c600000|  0%| F|  |TAMS 0x000000008c500000, 0x000000008c500000| Untracked 
| 198|0x000000008c600000, 0x000000008c600000, 0x000000008c700000|  0%| F|  |TAMS 0x000000008c600000, 0x000000008c600000| Untracked 
| 199|0x000000008c700000, 0x000000008c700000, 0x000000008c800000|  0%| F|  |TAMS 0x000000008c700000, 0x000000008c700000| Untracked 
| 200|0x000000008c800000, 0x000000008c800000, 0x000000008c900000|  0%| F|  |TAMS 0x000000008c800000, 0x000000008c800000| Untracked 
| 201|0x000000008c900000, 0x000000008c900000, 0x000000008ca00000|  0%| F|  |TAMS 0x000000008c900000, 0x000000008c900000| Untracked 
| 202|0x000000008ca00000, 0x000000008ca00000, 0x000000008cb00000|  0%| F|  |TAMS 0x000000008ca00000, 0x000000008ca00000| Untracked 
| 203|0x000000008cb00000, 0x000000008cb00000, 0x000000008cc00000|  0%| F|  |TAMS 0x000000008cb00000, 0x000000008cb00000| Untracked 
| 204|0x000000008cc00000, 0x000000008cc00000, 0x000000008cd00000|  0%| F|  |TAMS 0x000000008cc00000, 0x000000008cc00000| Untracked 
| 205|0x000000008cd00000, 0x000000008cd00000, 0x000000008ce00000|  0%| F|  |TAMS 0x000000008cd00000, 0x000000008cd00000| Untracked 

Card table byte_map: [0x0000029a1c950000,0x0000029a1cd50000] _byte_map_base: 0x0000029a1c550000

Marking Bits (Prev, Next): (CMBitMap*) 0x0000029a04af4b10, (CMBitMap*) 0x0000029a04af4ad8
 Prev Bits: [0x0000029a1f150000, 0x0000029a21150000)
 Next Bits: [0x0000029a1d150000, 0x0000029a1f150000)

Polling page: 0x0000029a029f0000

Metaspace:

Usage:
  Non-class:    100.27 MB capacity,    97.59 MB ( 97%) used,     2.31 MB (  2%) free+waste,   372.50 KB ( <1%) overhead. 
      Class:     16.33 MB capacity,    14.60 MB ( 89%) used,     1.56 MB ( 10%) free+waste,   173.69 KB (  1%) overhead. 
       Both:    116.60 MB capacity,   112.19 MB ( 96%) used,     3.87 MB (  3%) free+waste,   546.19 KB ( <1%) overhead. 

Virtual space:
  Non-class space:      102.00 MB reserved,     100.51 MB ( 99%) committed 
      Class space:      504.00 MB reserved,      16.38 MB (  3%) committed 
             Both:      606.00 MB reserved,     116.88 MB ( 19%) committed 

Chunk freelists:
   Non-Class:  0 bytes
       Class:  11.00 KB
        Both:  11.00 KB

MaxMetaspaceSize: 512.00 MB
CompressedClassSpaceSize: 504.00 MB
Initial GC threshold: 20.80 MB
Current GC threshold: 193.35 MB
CDS: off

CodeHeap 'non-profiled nmethods': size=120000Kb used=10667Kb max_used=10667Kb free=109332Kb
 bounds [0x0000029a14cf0000, 0x0000029a15760000, 0x0000029a1c220000]
CodeHeap 'profiled nmethods': size=120000Kb used=35072Kb max_used=35072Kb free=84927Kb
 bounds [0x0000029a0d7c0000, 0x0000029a0fa10000, 0x0000029a14cf0000]
CodeHeap 'non-nmethods': size=5760Kb used=2431Kb max_used=2477Kb free=3328Kb
 bounds [0x0000029a0d220000, 0x0000029a0d4a0000, 0x0000029a0d7c0000]
 total_blobs=16271 nmethods=15308 adapters=874
 compilation: enabled
              stopped_count=0, restarted_count=0
 full_count=0

Compilation events (20 events):
Event: 1169.328 Thread 0x0000029a23bec000 15606       2       java.util.TreeMap$NavigableSubMap::<init> (98 bytes)
Event: 1169.329 Thread 0x0000029a23bec000 nmethod 15606 0x0000029a0f9fb090 code [0x0000029a0f9fb2c0, 0x0000029a0f9fb8e8]
Event: 1169.329 Thread 0x0000029a23bec000 15607       2       org.gradle.api.tasks.util.PatternSet::getExcludeSpecs (19 bytes)
Event: 1169.330 Thread 0x0000029a23bec000 nmethod 15607 0x0000029a0f9fbb90 code [0x0000029a0f9fbd80, 0x0000029a0f9fc068]
Event: 1169.330 Thread 0x0000029a23bec000 15608       2       org.gradle.api.tasks.util.PatternSet::getIncludeSpecs (19 bytes)
Event: 1169.330 Thread 0x0000029a23bec000 nmethod 15608 0x0000029a0f9fc190 code [0x0000029a0f9fc380, 0x0000029a0f9fc668]
Event: 1169.357 Thread 0x0000029a23bec000 15609       2       org.gradle.api.internal.file.pattern.PatternStepFactory::getStep (300 bytes)
Event: 1169.360 Thread 0x0000029a23bec000 nmethod 15609 0x0000029a0f9fc790 code [0x0000029a0f9fcae0, 0x0000029a0f9fdfc8]
Event: 1169.360 Thread 0x0000029a23bec000 15610       2       org.gradle.api.internal.file.pattern.FixedStepPathMatcher::<init> (55 bytes)
Event: 1169.361 Thread 0x0000029a23bec000 nmethod 15610 0x0000029a0f9fec10 code [0x0000029a0f9fede0, 0x0000029a0f9ff048]
Event: 1169.361 Thread 0x0000029a23bec000 15611       1       org.gradle.api.internal.tasks.StaticValue::call (5 bytes)
Event: 1169.361 Thread 0x0000029a23bec000 nmethod 15611 0x0000029a1575ac10 code [0x0000029a1575adc0, 0x0000029a1575ae78]
Event: 1169.362 Thread 0x0000029a23bec000 15612       2       org.gradle.api.internal.file.CompositeFileTree::<init> (5 bytes)
Event: 1169.362 Thread 0x0000029a23bec000 nmethod 15612 0x0000029a0f9ff190 code [0x0000029a0f9ff340, 0x0000029a0f9ff498]
Event: 1169.367 Thread 0x0000029a23bec000 15613       2       kotlin.jvm.internal.CallableReference::<init> (32 bytes)
Event: 1169.367 Thread 0x0000029a23bec000 nmethod 15613 0x0000029a0f9ff510 code [0x0000029a0f9ff6c0, 0x0000029a0f9ff938]
Event: 1169.368 Thread 0x0000029a23bec000 15614       2       org.gradle.api.internal.file.pattern.PatternMatcher::<init> (5 bytes)
Event: 1169.368 Thread 0x0000029a23bec000 nmethod 15614 0x0000029a0f9ffa10 code [0x0000029a0f9ffbc0, 0x0000029a0f9ffcb8]
Event: 1169.374 Thread 0x0000029a23bec000 15615   !   2       com.sun.proxy.$Proxy67::annotationType (29 bytes)
Event: 1169.374 Thread 0x0000029a23bec000 nmethod 15615 0x0000029a0f9ffd90 code [0x0000029a0f9fff60, 0x0000029a0fa001b8]

GC Heap History (20 events):
Event: 1166.201 GC heap after
{Heap after GC invocations=125 (full 0):
 garbage-first heap   total 210944K, used 179249K [0x0000000080000000, 0x0000000100000000)
  region size 1024K, 2 young (2048K), 2 survivors (2048K)
 Metaspace       used 112196K, capacity 116702K, committed 116744K, reserved 618496K
  class space    used 14655K, capacity 16378K, committed 16384K, reserved 516096K
}
Event: 1166.349 GC heap before
{Heap before GC invocations=125 (full 0):
 garbage-first heap   total 210944K, used 187441K [0x0000000080000000, 0x0000000100000000)
  region size 1024K, 10 young (10240K), 2 survivors (2048K)
 Metaspace       used 112233K, capacity 116766K, committed 117000K, reserved 618496K
  class space    used 14655K, capacity 16378K, committed 16384K, reserved 516096K
}
Event: 1166.363 GC heap after
{Heap after GC invocations=126 (full 0):
 garbage-first heap   total 210944K, used 177817K [0x0000000080000000, 0x0000000100000000)
  region size 1024K, 2 young (2048K), 2 survivors (2048K)
 Metaspace       used 112233K, capacity 116766K, committed 117000K, reserved 618496K
  class space    used 14655K, capacity 16378K, committed 16384K, reserved 516096K
}
Event: 1166.595 GC heap before
{Heap before GC invocations=126 (full 0):
 garbage-first heap   total 210944K, used 186009K [0x0000000080000000, 0x0000000100000000)
  region size 1024K, 10 young (10240K), 2 survivors (2048K)
 Metaspace       used 112401K, capacity 116974K, committed 117000K, reserved 618496K
  class space    used 14676K, capacity 16381K, committed 16384K, reserved 516096K
}
Event: 1166.600 GC heap after
{Heap after GC invocations=127 (full 0):
 garbage-first heap   total 210944K, used 178787K [0x0000000080000000, 0x0000000100000000)
  region size 1024K, 2 young (2048K), 2 survivors (2048K)
 Metaspace       used 112401K, capacity 116974K, committed 117000K, reserved 618496K
  class space    used 14676K, capacity 16381K, committed 16384K, reserved 516096K
}
Event: 1166.787 GC heap before
{Heap before GC invocations=127 (full 0):
 garbage-first heap   total 210944K, used 186979K [0x0000000080000000, 0x0000000100000000)
  region size 1024K, 10 young (10240K), 2 survivors (2048K)
 Metaspace       used 112590K, capacity 117151K, committed 117384K, reserved 618496K
  class space    used 14695K, capacity 16418K, committed 16512K, reserved 516096K
}
Event: 1166.793 GC heap after
{Heap after GC invocations=128 (full 0):
 garbage-first heap   total 210944K, used 180179K [0x0000000080000000, 0x0000000100000000)
  region size 1024K, 2 young (2048K), 2 survivors (2048K)
 Metaspace       used 112590K, capacity 117151K, committed 117384K, reserved 618496K
  class space    used 14695K, capacity 16418K, committed 16512K, reserved 516096K
}
Event: 1166.950 GC heap before
{Heap before GC invocations=128 (full 0):
 garbage-first heap   total 210944K, used 188371K [0x0000000080000000, 0x0000000100000000)
  region size 1024K, 10 young (10240K), 2 survivors (2048K)
 Metaspace       used 112612K, capacity 117157K, committed 117384K, reserved 618496K
  class space    used 14696K, capacity 16419K, committed 16512K, reserved 516096K
}
Event: 1166.958 GC heap after
{Heap after GC invocations=129 (full 0):
 garbage-first heap   total 210944K, used 181189K [0x0000000080000000, 0x0000000100000000)
  region size 1024K, 2 young (2048K), 2 survivors (2048K)
 Metaspace       used 112612K, capacity 117157K, committed 117384K, reserved 618496K
  class space    used 14696K, capacity 16419K, committed 16512K, reserved 516096K
}
Event: 1167.632 GC heap before
{Heap before GC invocations=130 (full 0):
 garbage-first heap   total 210944K, used 189381K [0x0000000080000000, 0x0000000100000000)
  region size 1024K, 10 young (10240K), 2 survivors (2048K)
 Metaspace       used 113162K, capacity 117675K, committed 117896K, reserved 618496K
  class space    used 14755K, capacity 16484K, committed 16512K, reserved 516096K
}
Event: 1167.635 GC heap after
{Heap after GC invocations=131 (full 0):
 garbage-first heap   total 210944K, used 181457K [0x0000000080000000, 0x0000000100000000)
  region size 1024K, 2 young (2048K), 2 survivors (2048K)
 Metaspace       used 113162K, capacity 117675K, committed 117896K, reserved 618496K
  class space    used 14755K, capacity 16484K, committed 16512K, reserved 516096K
}
Event: 1167.921 GC heap before
{Heap before GC invocations=131 (full 0):
 garbage-first heap   total 210944K, used 189649K [0x0000000080000000, 0x0000000100000000)
  region size 1024K, 10 young (10240K), 2 survivors (2048K)
 Metaspace       used 113516K, capacity 117982K, committed 118280K, reserved 618496K
  class space    used 14787K, capacity 16519K, committed 16640K, reserved 516096K
}
Event: 1167.935 GC heap after
{Heap after GC invocations=132 (full 0):
 garbage-first heap   total 210944K, used 182029K [0x0000000080000000, 0x0000000100000000)
  region size 1024K, 2 young (2048K), 2 survivors (2048K)
 Metaspace       used 113516K, capacity 117982K, committed 118280K, reserved 618496K
  class space    used 14787K, capacity 16519K, committed 16640K, reserved 516096K
}
Event: 1168.387 GC heap before
{Heap before GC invocations=132 (full 0):
 garbage-first heap   total 210944K, used 190221K [0x0000000080000000, 0x0000000100000000)
  region size 1024K, 10 young (10240K), 2 survivors (2048K)
 Metaspace       used 114022K, capacity 118529K, committed 118792K, reserved 618496K
  class space    used 14858K, capacity 16615K, committed 16640K, reserved 516096K
}
Event: 1168.392 GC heap after
{Heap after GC invocations=133 (full 0):
 garbage-first heap   total 210944K, used 182306K [0x0000000080000000, 0x0000000100000000)
  region size 1024K, 2 young (2048K), 2 survivors (2048K)
 Metaspace       used 114022K, capacity 118529K, committed 118792K, reserved 618496K
  class space    used 14858K, capacity 16615K, committed 16640K, reserved 516096K
}
Event: 1168.866 GC heap before
{Heap before GC invocations=133 (full 0):
 garbage-first heap   total 210944K, used 190498K [0x0000000080000000, 0x0000000100000000)
  region size 1024K, 10 young (10240K), 2 survivors (2048K)
 Metaspace       used 114407K, capacity 118900K, committed 119176K, reserved 620544K
  class space    used 14894K, capacity 16650K, committed 16768K, reserved 516096K
}
Event: 1168.873 GC heap after
{Heap after GC invocations=134 (full 0):
 garbage-first heap   total 210944K, used 183183K [0x0000000080000000, 0x0000000100000000)
  region size 1024K, 2 young (2048K), 2 survivors (2048K)
 Metaspace       used 114407K, capacity 118900K, committed 119176K, reserved 620544K
  class space    used 14894K, capacity 16650K, committed 16768K, reserved 516096K
}
Event: 1169.155 GC heap before
{Heap before GC invocations=135 (full 0):
 garbage-first heap   total 210944K, used 191375K [0x0000000080000000, 0x0000000100000000)
  region size 1024K, 10 young (10240K), 2 survivors (2048K)
 Metaspace       used 114766K, capacity 119366K, committed 119432K, reserved 620544K
  class space    used 14944K, capacity 16717K, committed 16768K, reserved 516096K
}
Event: 1169.164 GC heap after
{Heap after GC invocations=136 (full 0):
 garbage-first heap   total 210944K, used 183554K [0x0000000080000000, 0x0000000100000000)
  region size 1024K, 2 young (2048K), 2 survivors (2048K)
 Metaspace       used 114766K, capacity 119366K, committed 119432K, reserved 620544K
  class space    used 14944K, capacity 16717K, committed 16768K, reserved 516096K
}
Event: 1169.382 GC heap before
{Heap before GC invocations=136 (full 0):
 garbage-first heap   total 210944K, used 190722K [0x0000000080000000, 0x0000000100000000)
  region size 1024K, 10 young (10240K), 2 survivors (2048K)
 Metaspace       used 114887K, capacity 119399K, committed 119688K, reserved 620544K
  class space    used 14955K, capacity 16725K, committed 16768K, reserved 516096K
}

Deoptimization events (20 events):
Event: 1163.708 Thread 0x0000029a25eee000 Uncommon trap: trap_request=0xffffffbe fr.pc=0x0000029a156ced80 relative=0x0000000000000500
Event: 1163.708 Thread 0x0000029a25eee000 Uncommon trap: reason=profile_predicate action=maybe_recompile pc=0x0000029a156ced80 method=org.gradle.internal.Actions$CompositeAction.execute(Ljava/lang/Object;)V @ 16 c2
Event: 1163.708 Thread 0x0000029a25eee000 DEOPT PACKING pc=0x0000029a156ced80 sp=0x000000c2166f9280
Event: 1163.708 Thread 0x0000029a25eee000 DEOPT UNPACKING pc=0x0000029a0d26a1af sp=0x000000c2166f9240 mode 2
Event: 1163.708 Thread 0x0000029a25eee000 Uncommon trap: trap_request=0xffffffbe fr.pc=0x0000029a156cb850 relative=0x00000000000002f0
Event: 1163.708 Thread 0x0000029a25eee000 Uncommon trap: reason=profile_predicate action=maybe_recompile pc=0x0000029a156cb850 method=org.gradle.internal.Actions$CompositeAction.execute(Ljava/lang/Object;)V @ 10 c2
Event: 1163.708 Thread 0x0000029a25eee000 DEOPT PACKING pc=0x0000029a156cb850 sp=0x000000c2166f9280
Event: 1163.708 Thread 0x0000029a25eee000 DEOPT UNPACKING pc=0x0000029a0d26a1af sp=0x000000c2166f9248 mode 2
Event: 1163.709 Thread 0x0000029a25eee000 Uncommon trap: trap_request=0xffffffbe fr.pc=0x0000029a156cb850 relative=0x00000000000002f0
Event: 1163.709 Thread 0x0000029a25eee000 Uncommon trap: reason=profile_predicate action=maybe_recompile pc=0x0000029a156cb850 method=org.gradle.internal.Actions$CompositeAction.execute(Ljava/lang/Object;)V @ 10 c2
Event: 1163.709 Thread 0x0000029a25eee000 DEOPT PACKING pc=0x0000029a156cb850 sp=0x000000c2166f9260
Event: 1163.709 Thread 0x0000029a25eee000 DEOPT UNPACKING pc=0x0000029a0d26a1af sp=0x000000c2166f9238 mode 2
Event: 1166.204 Thread 0x0000029a25eee000 Uncommon trap: trap_request=0xffffffdc fr.pc=0x0000029a1572090c relative=0x00000000000003ac
Event: 1166.204 Thread 0x0000029a25eee000 Uncommon trap: reason=class_check action=make_not_entrant pc=0x0000029a1572090c method=com.google.common.collect.Platform.copy([Ljava/lang/Object;II[Ljava/lang/Object;)[Ljava/lang/Object; @ 7 c2
Event: 1166.204 Thread 0x0000029a25eee000 DEOPT PACKING pc=0x0000029a1572090c sp=0x000000c2166f91a0
Event: 1166.204 Thread 0x0000029a25eee000 DEOPT UNPACKING pc=0x0000029a0d26a1af sp=0x000000c2166f90c0 mode 2
Event: 1166.220 Thread 0x0000029a25eee000 DEOPT PACKING pc=0x0000029a0f802e64 sp=0x000000c2166f95a0
Event: 1166.220 Thread 0x0000029a25eee000 DEOPT UNPACKING pc=0x0000029a0d26a95e sp=0x000000c2166f8b98 mode 0
Event: 1168.803 Thread 0x0000029a25eee000 DEOPT PACKING pc=0x0000029a0f694cc4 sp=0x000000c2166f5580
Event: 1168.803 Thread 0x0000029a25eee000 DEOPT UNPACKING pc=0x0000029a0d26a95e sp=0x000000c2166f4b20 mode 0

Classes redefined (0 events):
No events

Internal exceptions (20 events):
Event: 1150.277 Thread 0x0000029a25eee000 Exception <a 'java/lang/ClassNotFoundException'{0x000000008caf0630}: build_93cj1x16e3939jr061amq0faoCustomizer> (0x000000008caf0630) thrown at [./src/hotspot/share/classfile/systemDictionary.cpp, line 230]
Event: 1151.052 Thread 0x0000029a25eee000 Exception <a 'java/lang/ClassNotFoundException'{0x000000008c83e898}: build_93cj1x16e3939jr061amq0faoBeanInfo> (0x000000008c83e898) thrown at [./src/hotspot/share/classfile/systemDictionary.cpp, line 230]
Event: 1151.053 Thread 0x0000029a25eee000 Exception <a 'java/lang/ClassNotFoundException'{0x000000008c84a898}: build_93cj1x16e3939jr061amq0faoCustomizer> (0x000000008c84a898) thrown at [./src/hotspot/share/classfile/systemDictionary.cpp, line 230]
Event: 1151.072 Thread 0x0000029a25eee000 Exception <a 'java/lang/ClassNotFoundException'{0x000000008c7bea40}: build_93cj1x16e3939jr061amq0fao$_run_closure1BeanInfo> (0x000000008c7bea40) thrown at [./src/hotspot/share/classfile/systemDictionary.cpp, line 230]
Event: 1151.073 Thread 0x0000029a25eee000 Exception <a 'java/lang/ClassNotFoundException'{0x000000008c7ce6f8}: build_93cj1x16e3939jr061amq0fao$_run_closure1Customizer> (0x000000008c7ce6f8) thrown at [./src/hotspot/share/classfile/systemDictionary.cpp, line 230]
Event: 1151.117 Thread 0x0000029a25eee000 Exception <a 'java/lang/NoClassDefFoundError'{0x000000008c41c540}: org/jetbrains/kotlin/gradle/plugin/KotlinBasePluginWrapper> (0x000000008c41c540) thrown at [./src/hotspot/share/oops/constantPool.cpp, line 775]
Event: 1151.134 Thread 0x0000029a25eee000 Implicit null exception at 0x0000029a15400579 to 0x0000029a15400cd4
Event: 1151.874 Thread 0x0000029a25eee000 Exception <a 'java/lang/NullPointerException'{0x000000008cb08c80}> (0x000000008cb08c80) thrown at [./src/hotspot/share/interpreter/linkResolver.cpp, line 1440]
Event: 1152.064 Thread 0x0000029a25eee000 Implicit null exception at 0x0000029a152b26ec to 0x0000029a152b48f4
Event: 1152.511 Thread 0x0000029a25eee000 Exception <a 'sun/nio/fs/WindowsException'{0x000000008c8aa4b8}> (0x000000008c8aa4b8) thrown at [./src/hotspot/share/prims/jni.cpp, line 617]
Event: 1152.515 Thread 0x0000029a25eee000 Exception <a 'sun/nio/fs/WindowsException'{0x000000008c8ab840}> (0x000000008c8ab840) thrown at [./src/hotspot/share/prims/jni.cpp, line 617]
Event: 1152.515 Thread 0x0000029a25eee000 Exception <a 'sun/nio/fs/WindowsException'{0x000000008c8acc18}> (0x000000008c8acc18) thrown at [./src/hotspot/share/prims/jni.cpp, line 617]
Event: 1152.515 Thread 0x0000029a25eee000 Exception <a 'sun/nio/fs/WindowsException'{0x000000008c8adff0}> (0x000000008c8adff0) thrown at [./src/hotspot/share/prims/jni.cpp, line 617]
Event: 1153.103 Thread 0x0000029a23bd9000 Implicit null exception at 0x0000029a153484ad to 0x0000029a15348bf4
Event: 1153.263 Thread 0x0000029a25eee000 Implicit null exception at 0x0000029a156443b0 to 0x0000029a15644470
Event: 1153.374 Thread 0x0000029a25eee000 Implicit null exception at 0x0000029a15646587 to 0x0000029a15646667
Event: 1153.412 Thread 0x0000029a25eee000 Implicit null exception at 0x0000029a1564828f to 0x0000029a15648988
Event: 1153.479 Thread 0x0000029a25eee000 Implicit null exception at 0x0000029a1564de40 to 0x0000029a1564def4
Event: 1158.111 Thread 0x0000029a25eee000 Implicit null exception at 0x0000029a151fbc94 to 0x0000029a151fc268
Event: 1163.079 Thread 0x0000029a25eee000 Exception <a 'java/lang/NoSuchMethodError'{0x000000008caf9570}: 'int java.lang.invoke.DirectMethodHandle$Holder.invokeStatic(java.lang.Object, int, int, java.lang.Object)'> (0x000000008caf9570) thrown at [./src/hotspot/share/interpreter/linkResolver.cpp, line 773]

Events (20 events):
Event: 1168.392 Executing VM operation: G1CollectForAllocation done
Event: 1168.722 Executing VM operation: CGC_Operation
Event: 1168.756 Executing VM operation: CGC_Operation done
Event: 1168.857 Executing VM operation: G1CollectForAllocation
Event: 1168.873 Executing VM operation: G1CollectForAllocation done
Event: 1168.948 Executing VM operation: CGC_Operation
Event: 1168.950 Executing VM operation: CGC_Operation done
Event: 1169.155 Executing VM operation: G1CollectForAllocation
Event: 1169.164 Executing VM operation: G1CollectForAllocation done
Event: 1169.194 loading class com/android/build/gradle/tasks/ShaderCompile$WorkAction$Params
Event: 1169.194 loading class com/android/build/gradle/tasks/ShaderCompile$WorkAction$Params done
Event: 1169.195 loading class com/android/build/gradle/internal/profile/ProfileAwareWorkAction$Parameters
Event: 1169.195 loading class com/android/build/gradle/internal/profile/ProfileAwareWorkAction$Parameters done
Event: 1169.217 loading class org/gradle/api/internal/provider/ValueSupplier$ExternalValueProducer
Event: 1169.217 loading class org/gradle/api/internal/provider/ValueSupplier$ExternalValueProducer done
Event: 1169.310 loading class com/android/build/api/variant/impl/FlatSourceDirectoriesImpl$getAsFileTrees$1$1$1
Event: 1169.310 loading class com/android/build/api/variant/impl/FlatSourceDirectoriesImpl$getAsFileTrees$1$1$1 done
Event: 1169.320 loading class com/android/build/api/variant/impl/FileBasedDirectoryEntryImpl$asFileTree$1$1
Event: 1169.320 loading class com/android/build/api/variant/impl/FileBasedDirectoryEntryImpl$asFileTree$1$1 done
Event: 1169.381 Executing VM operation: G1CollectForAllocation


Dynamic libraries:
0x00007ff755f40000 - 0x00007ff755f4d000 	C:\Program Files\Microsoft\jdk-11.0.18.10-hotspot\bin\java.exe
0x00007ffa50dd0000 - 0x00007ffa50fe4000 	C:\WINDOWS\SYSTEM32\ntdll.dll
0x00007ffa4f1d0000 - 0x00007ffa4f292000 	C:\WINDOWS\System32\KERNEL32.DLL
0x00007ffa4e380000 - 0x00007ffa4e71c000 	C:\WINDOWS\System32\KERNELBASE.dll
0x00007ffa4e840000 - 0x00007ffa4e951000 	C:\WINDOWS\System32\ucrtbase.dll
0x00007ffa278d0000 - 0x00007ffa278e7000 	C:\Program Files\Microsoft\jdk-11.0.18.10-hotspot\bin\jli.dll
0x00007ffa27250000 - 0x00007ffa27265000 	C:\Program Files\Microsoft\jdk-11.0.18.10-hotspot\bin\VCRUNTIME140.dll
0x00007ffa507b0000 - 0x00007ffa5095b000 	C:\WINDOWS\System32\USER32.dll
0x00007ffa4e350000 - 0x00007ffa4e376000 	C:\WINDOWS\System32\win32u.dll
0x00007ffa4f8e0000 - 0x00007ffa4f909000 	C:\WINDOWS\System32\GDI32.dll
0x00007ffa4e720000 - 0x00007ffa4e833000 	C:\WINDOWS\System32\gdi32full.dll
0x00007ffa4eb40000 - 0x00007ffa4ebda000 	C:\WINDOWS\System32\msvcp_win.dll
0x00007ffa2bcd0000 - 0x00007ffa2bf5e000 	C:\WINDOWS\WinSxS\amd64_microsoft.windows.common-controls_6595b64144ccf1df_6.0.22621.608_none_a9444ca7c10bb01d\COMCTL32.dll
0x00007ffa50b80000 - 0x00007ffa50c27000 	C:\WINDOWS\System32\msvcrt.dll
0x00007ffa50770000 - 0x00007ffa507a1000 	C:\WINDOWS\System32\IMM32.DLL
0x00007ff9fa240000 - 0x00007ff9fa2db000 	C:\Program Files\Microsoft\jdk-11.0.18.10-hotspot\bin\msvcp140.dll
0x00007ff9c7820000 - 0x00007ff9c83b2000 	C:\Program Files\Microsoft\jdk-11.0.18.10-hotspot\bin\server\jvm.dll
0x00007ffa50ad0000 - 0x00007ffa50b7e000 	C:\WINDOWS\System32\ADVAPI32.dll
0x00007ffa4ed30000 - 0x00007ffa4edd4000 	C:\WINDOWS\System32\sechost.dll
0x00007ffa4ec10000 - 0x00007ffa4ed27000 	C:\WINDOWS\System32\RPCRT4.dll
0x00007ffa4f910000 - 0x00007ffa4f918000 	C:\WINDOWS\System32\PSAPI.DLL
0x00007ffa28c10000 - 0x00007ffa28c19000 	C:\WINDOWS\SYSTEM32\WSOCK32.dll
0x00007ffa4efd0000 - 0x00007ffa4f041000 	C:\WINDOWS\System32\WS2_32.dll
0x00007ffa46d60000 - 0x00007ffa46d94000 	C:\WINDOWS\SYSTEM32\WINMM.dll
0x00007ffa4be20000 - 0x00007ffa4be2a000 	C:\WINDOWS\SYSTEM32\VERSION.dll
0x00007ffa4d2c0000 - 0x00007ffa4d2d8000 	C:\WINDOWS\SYSTEM32\kernel.appcore.dll
0x00007ffa28bd0000 - 0x00007ffa28be0000 	C:\Program Files\Microsoft\jdk-11.0.18.10-hotspot\bin\verify.dll
0x00007ffa48e50000 - 0x00007ffa4907e000 	C:\WINDOWS\SYSTEM32\DBGHELP.DLL
0x00007ffa4f550000 - 0x00007ffa4f8d9000 	C:\WINDOWS\System32\combase.dll
0x00007ffa50960000 - 0x00007ffa50a37000 	C:\WINDOWS\System32\OLEAUT32.dll
0x00007ffa30020000 - 0x00007ffa30052000 	C:\WINDOWS\SYSTEM32\dbgcore.DLL
0x00007ffa4e210000 - 0x00007ffa4e28b000 	C:\WINDOWS\System32\bcryptPrimitives.dll
0x00007ffa13970000 - 0x00007ffa13998000 	C:\Program Files\Microsoft\jdk-11.0.18.10-hotspot\bin\java.dll
0x00007ffa28270000 - 0x00007ffa2827a000 	C:\Program Files\Microsoft\jdk-11.0.18.10-hotspot\bin\jimage.dll
0x00007ffa26520000 - 0x00007ffa26538000 	C:\Program Files\Microsoft\jdk-11.0.18.10-hotspot\bin\zip.dll
0x00007ffa4f920000 - 0x00007ffa50110000 	C:\WINDOWS\System32\SHELL32.dll
0x00007ffa4c1e0000 - 0x00007ffa4caad000 	C:\WINDOWS\SYSTEM32\windows.storage.dll
0x00007ffa4c090000 - 0x00007ffa4c1ce000 	C:\WINDOWS\SYSTEM32\wintypes.dll
0x00007ffa4f050000 - 0x00007ffa4f141000 	C:\WINDOWS\System32\SHCORE.dll
0x00007ffa50d30000 - 0x00007ffa50d8e000 	C:\WINDOWS\System32\shlwapi.dll
0x00007ffa4e140000 - 0x00007ffa4e161000 	C:\WINDOWS\SYSTEM32\profapi.dll
0x00007ffa1dcf0000 - 0x00007ffa1dd09000 	C:\Program Files\Microsoft\jdk-11.0.18.10-hotspot\bin\net.dll
0x00007ffa45700000 - 0x00007ffa45837000 	C:\WINDOWS\SYSTEM32\WINHTTP.dll
0x00007ffa4d780000 - 0x00007ffa4d7e9000 	C:\WINDOWS\system32\mswsock.dll
0x00007ffa13640000 - 0x00007ffa13653000 	C:\Program Files\Microsoft\jdk-11.0.18.10-hotspot\bin\nio.dll
0x00007ffa0d500000 - 0x00007ffa0d527000 	C:\Users\Hp gaming\.gradle\native\e1d6ef7f7dcc3fd88c89a11ec53ec762bb8ba0a96d01ffa2cd45eb1d1d8dd5c5\windows-amd64\native-platform.dll
0x00007ff9d32c0000 - 0x00007ff9d3404000 	C:\Users\Hp gaming\.gradle\native\0d407fdbe67a94daf76414ababcb853783967236a71b16ec16e742cd7a986fd3\windows-amd64\native-platform-file-events.dll
0x00007ffa27fb0000 - 0x00007ffa27fb9000 	C:\Program Files\Microsoft\jdk-11.0.18.10-hotspot\bin\management.dll
0x00007ffa27ed0000 - 0x00007ffa27edb000 	C:\Program Files\Microsoft\jdk-11.0.18.10-hotspot\bin\management_ext.dll
0x00007ffa4da10000 - 0x00007ffa4da2b000 	C:\WINDOWS\SYSTEM32\CRYPTSP.dll
0x00007ffa4d280000 - 0x00007ffa4d2b5000 	C:\WINDOWS\system32\rsaenh.dll
0x00007ffa4d850000 - 0x00007ffa4d878000 	C:\WINDOWS\SYSTEM32\USERENV.dll
0x00007ffa4dbe0000 - 0x00007ffa4dc08000 	C:\WINDOWS\SYSTEM32\bcrypt.dll
0x00007ffa4da00000 - 0x00007ffa4da0c000 	C:\WINDOWS\SYSTEM32\CRYPTBASE.dll
0x00007ffa4cd70000 - 0x00007ffa4cd9d000 	C:\WINDOWS\SYSTEM32\IPHLPAPI.DLL
0x00007ffa4efc0000 - 0x00007ffa4efc9000 	C:\WINDOWS\System32\NSI.dll
0x00007ffa456e0000 - 0x00007ffa456f9000 	C:\WINDOWS\SYSTEM32\dhcpcsvc6.DLL
0x00007ffa456c0000 - 0x00007ffa456df000 	C:\WINDOWS\SYSTEM32\dhcpcsvc.DLL
0x00007ffa4cde0000 - 0x00007ffa4ced3000 	C:\WINDOWS\SYSTEM32\DNSAPI.dll

dbghelp: loaded successfully - version: 4.0.5 - missing functions: none
symbol engine: initialized successfully - sym options: 0x614 - pdb path: .;C:\Program Files\Microsoft\jdk-11.0.18.10-hotspot\bin;C:\WINDOWS\SYSTEM32;C:\WINDOWS\WinSxS\amd64_microsoft.windows.common-controls_6595b64144ccf1df_6.0.22621.608_none_a9444ca7c10bb01d;C:\Program Files\Microsoft\jdk-11.0.18.10-hotspot\bin\server;C:\Users\Hp gaming\.gradle\native\e1d6ef7f7dcc3fd88c89a11ec53ec762bb8ba0a96d01ffa2cd45eb1d1d8dd5c5\windows-amd64;C:\Users\Hp gaming\.gradle\native\0d407fdbe67a94daf76414ababcb853783967236a71b16ec16e742cd7a986fd3\windows-amd64

VM Arguments:
jvm_args: -XX:MaxMetaspaceSize=512m --add-opens=java.base/java.util=ALL-UNNAMED --add-opens=java.base/java.lang=ALL-UNNAMED --add-opens=java.base/java.lang.invoke=ALL-UNNAMED --add-opens=java.base/java.util=ALL-UNNAMED --add-opens=java.prefs/java.util.prefs=ALL-UNNAMED --add-opens=java.prefs/java.util.prefs=ALL-UNNAMED --add-opens=java.base/java.nio.charset=ALL-UNNAMED --add-opens=java.base/java.net=ALL-UNNAMED --add-opens=java.base/java.util.concurrent.atomic=ALL-UNNAMED -Xmx2048m -Dfile.encoding=windows-1252 -Duser.country=IN -Duser.language=en -Duser.variant 
java_command: org.gradle.launcher.daemon.bootstrap.GradleDaemon 7.5.1
java_class_path (initial): C:\Users\Hp gaming\.gradle\wrapper\dists\gradle-7.5.1-all\1ehga6e77gqps5uk2kc5kf1vc\gradle-7.5.1\lib\gradle-launcher-7.5.1.jar
Launcher Type: SUN_STANDARD

[Global flags]
     intx CICompilerCount                          = 4                                         {product} {ergonomic}
   size_t CompressedClassSpaceSize                 = 528482304                                 {product} {ergonomic}
     uint ConcGCThreads                            = 2                                         {product} {ergonomic}
     uint G1ConcRefinementThreads                  = 8                                         {product} {ergonomic}
   size_t G1HeapRegionSize                         = 1048576                                   {product} {ergonomic}
    uintx GCDrainStackTargetSize                   = 64                                        {product} {ergonomic}
   size_t InitialHeapSize                          = 132120576                                 {product} {ergonomic}
   size_t MarkStackSize                            = 4194304                                   {product} {ergonomic}
   size_t MaxHeapSize                              = 2147483648                                {product} {command line}
   size_t MaxMetaspaceSize                         = 536870912                                 {product} {command line}
   size_t MaxNewSize                               = 1287651328                                {product} {ergonomic}
   size_t MinHeapDeltaBytes                        = 1048576                                   {product} {ergonomic}
    uintx NonNMethodCodeHeapSize                   = 5836300                                {pd product} {ergonomic}
    uintx NonProfiledCodeHeapSize                  = 122910970                              {pd product} {ergonomic}
    uintx ProfiledCodeHeapSize                     = 122910970                              {pd product} {ergonomic}
    uintx ReservedCodeCacheSize                    = 251658240                              {pd product} {ergonomic}
     bool SegmentedCodeCache                       = true                                      {product} {ergonomic}
     bool UseCompressedClassPointers               = true                                 {lp64_product} {ergonomic}
     bool UseCompressedOops                        = true                                 {lp64_product} {ergonomic}
     bool UseG1GC                                  = true                                      {product} {ergonomic}
     bool UseLargePagesIndividualAllocation        = false                                  {pd product} {ergonomic}

Logging:
Log output configuration:
 #0: stdout all=warning uptime,level,tags
 #1: stderr all=off uptime,level,tags

Environment Variables:
JAVA_HOME=C:\Program Files\Microsoft\jdk-11.0.18.10-hotspot\
CLASSPATH=C:\Users\Hp gaming\Desktop\hibeeappm\Hibbe-Mobile-App\android\\gradle\wrapper\gradle-wrapper.jar
PATH=C:\Users\Hp gaming\Desktop\hibeeappm\Hibbe-Mobile-App\android\node_modules\.bin;C:\Users\Hp gaming\Desktop\hibeeappm\Hibbe-Mobile-App\node_modules\.bin;C:\Users\Hp gaming\Desktop\hibeeappm\node_modules\.bin;C:\Users\Hp gaming\Desktop\node_modules\.bin;C:\Users\Hp gaming\node_modules\.bin;C:\Users\node_modules\.bin;C:\node_modules\.bin;C:\Program Files\nodejs;C:\Users\Hp gaming\Desktop\hibeeappm\Hibbe-Mobile-App\node_modules\.bin;C:\Users\Hp gaming\Desktop\hibeeappm\Hibbe-Mobile-App\node_modules\.bin;C:\Users\Hp gaming\Desktop\hibeeappm\node_modules\.bin;C:\Users\Hp gaming\Desktop\node_modules\.bin;C:\Users\Hp gaming\node_modules\.bin;C:\Users\node_modules\.bin;C:\node_modules\.bin;C:\Users\Hp gaming\Desktop\hibeeappm\Hibbe-Mobile-App\node_modules\npm\node_modules\@npmcli\run-script\lib\node-gyp-bin;C:\Users\Hp gaming\Desktop\hibeeappm\Hibbe-Mobile-App\node_modules\.bin;C:\Users\Hp gaming\Desktop\hibeeappm\node_modules\.bin;C:\Users\Hp gaming\Desktop\node_modules\.bin;C:\Users\Hp gaming\node_modules\.bin;C:\Users\node_modules\.bin;C:\node_modules\.bin;C:\Program Files\nodejs;C:\Users\Hp gaming\Desktop\hibeeappm\Hibbe-Mobile-App\node_modules\.bin;C:\Users\Hp gaming\Desktop\hibeeappm\node_modules\.bin;C:\Users\Hp gaming\Desktop\node_modules\.bin;C:\Users\Hp gaming\node_modules\.bin;C:\Users\node_modules\.bin;C:\node_modules\.bin;C:\Users\Hp gaming\AppData\Roaming\npm\node_modules\npm\node_modules\@npmcli\run-script\lib\node-gyp-bin;C:\Program Files\Microsoft\jdk-11.0.18.10-hotspot\bin;C:\Program Files\Common Files\Oracle\Java\javapath;C:\WINDOWS\system32;C:\WINDOWS;C:\WINDOWS\System32\Wbem;C:\WINDOWS\System32\WindowsPowerShell\v1.0\;C:\WINDOWS\System32\OpenSSH\;C:\Program Files\Java\jdk-18.0.1.1\bin;C:\Program Files\Git\cmd;C:\ProgramData\chocolatey\bin;C:\Program Files\nodejs\;C:\Users\Hp gaming\AppData\Local\Programs\Microsoft VS Code\bin;C:\Program Files\heroku\bin;C:\Program Files\heroku\bin;C:\Users\Hp gaming\AppData\Roaming\npm;C:\Users\Hp gaming\AppData\Local\
USERNAME=Hp gaming
LANG=en_US.UTF-8
OS=Windows_NT
PROCESSOR_IDENTIFIER=Intel64 Family 6 Model 158 Stepping 10, GenuineIntel
TMP=C:\WINDOWS\TEMP
TEMP=C:\Users\HPGAMI~1\AppData\Local\Temp



---------------  S Y S T E M  ---------------

OS: Windows 11 , 64 bit Build 22621 (10.0.22621.1485)
OS uptime: 7 days 7:41 hours
Hyper-V role detected

CPU:total 8 (initial active 8) (4 cores per cpu, 2 threads per core) family 6 model 158 stepping 10 microcode 0xea, cmov, cx8, fxsr, mmx, sse, sse2, sse3, ssse3, sse4.1, sse4.2, popcnt, avx, avx2, aes, clmul, erms, 3dnowpref, lzcnt, ht, tsc, tscinvbit, bmi1, bmi2, adx, fma

Memory: 4k page, system-wide physical 8033M (12M free)
TotalPageFile size 32609M (AvailPageFile size 24M)
current process WorkingSet (physical memory assigned to process): 343M, peak: 355M
current process commit charge ("private bytes"): 576M, peak: 617M

vm_info: OpenJDK 64-Bit Server VM (11.0.18+10-LTS) for windows-amd64 JRE (11.0.18+10-LTS), built on Jan 18 2023 15:56:47 by "MicrosoftCorporation" with MS VC++ 15.9 (VS2017)

END.
